<?xml version="1.0" encoding="UTF-8"?>
<testsuites name="Beta_1" time="94.389" tests="13" failures="0" errors="0">
   <testsuite name="Beta_1" tests="13" failures="0" errors="0" time="94.389" skipped="0" timestamp="2022-07-12 23:32:53" hostname="DzhohaAl - ON34C03261455.cihs.ad.gov.on.ca" id="Test Suites/Beta_1">
      <properties>
         <property name="deviceName" value=""/>
         <property name="devicePlatform" value=""/>
         <property name="logFolder" value="C:\\Users\\DzhohaAl\\Katalon Studio\\CMS_automation\\Reports\\20220712_233242\\Beta_1\\20220712_233242"/>
         <property name="logFiles" value="C:\\Users\\DzhohaAl\\Katalon Studio\\CMS_automation\\Reports\\20220712_233242\\Beta_1\\20220712_233242\\execution0.log"/>
         <property name="attachments" value=""/>
         <property name="hostName" value="DzhohaAl - ON34C03261455.cihs.ad.gov.on.ca"/>
         <property name="os" value="Windows 10 64bit"/>
         <property name="katalonVersion" value="8.3.5.208"/>
         <property name="browser" value="Chrome 103.0.5060.114"/>
         <property name="hostAddress" value="192.168.0.18"/>
         <property name="sessionId" value="3da07a860697edf67e880af0ec59050c"/>
         <property name="seleniumVersion" value="3.141.59"/>
         <property name="proxyInformation" value="ProxyInformation { proxyOption=NO_PROXY, proxyServerType=HTTP, username=, password=********, proxyServerAddress=, proxyServerPort=0, executionList=&quot;&quot;, isApplyToDesiredCapabilities=true }"/>
         <property name="platform" value="Windows 10"/>
      </properties>
      <testcase name="Test Cases/01_CPO Approved Courses Tab" time="9.347" classname="Test Cases/01_CPO Approved Courses Tab" status="PASSED">
         <system-out><![CDATA[2022-07-12 23:32:53 - [TEST_CASE][PASSED] - Test Cases/01_CPO Approved Courses Tab: Test Cases/01_CPO Approved Courses Tab

2022-07-12 23:32:53 - [TEST_STEP][PASSED] - openBrowser(""): Browser is opened with url: ''

2022-07-12 23:32:54 - [MESSAGE][INFO] - Starting 'Chrome' driver

2022-07-12 23:32:54 - [MESSAGE][INFO] - Action delay is set to 0 milliseconds

2022-07-12 23:32:56 - [MESSAGE][PASSED] - Browser is opened with url: ''

2022-07-12 23:32:56 - [TEST_STEP][PASSED] - maximizeWindow(): Current window maximized

2022-07-12 23:32:56 - [MESSAGE][PASSED] - Current window maximized

2022-07-12 23:32:56 - [TEST_STEP][PASSED] - navigateToUrl("https://intra.stage.apps.labour.gov.on.ca/public-portal-qa/#/marketplace/course-search"): Navigate to 'https://intra.stage.apps.labour.gov.on.ca/public-portal-qa/#/marketplace/course-search' successfully

2022-07-12 23:32:58 - [MESSAGE][PASSED] - Navigate to 'https://intra.stage.apps.labour.gov.on.ca/public-portal-qa/#/marketplace/course-search' successfully

2022-07-12 23:32:58 - [TEST_STEP][PASSED] - verifyElementPresent(findTestObject("Object Repository/Page_PublicPortal/li_CPO Approved Courses"), 0): Object 'Object Repository/Page_PublicPortal/li_CPO Approved Courses' is present

2022-07-12 23:32:58 - [MESSAGE][WARNING] - Timeout '0' is invalid. Using default page load timeout: '30'

2022-07-12 23:32:59 - [MESSAGE][PASSED] - Object 'Object Repository/Page_PublicPortal/li_CPO Approved Courses' is present

2022-07-12 23:32:59 - [TEST_STEP][PASSED] - verifyElementClickable(findTestObject("Object Repository/Page_PublicPortal/li_CPO Approved Courses")): Object 'Object Repository/Page_PublicPortal/li_CPO Approved Courses' is clickable

2022-07-12 23:33:00 - [MESSAGE][PASSED] - Object 'Object Repository/Page_PublicPortal/li_CPO Approved Courses' is clickable

2022-07-12 23:33:00 - [TEST_STEP][PASSED] - click(findTestObject("Object Repository/Page_PublicPortal/li_Training Eligibility")): Object: 'Object Repository/Page_PublicPortal/li_Training Eligibility' is clicked on

2022-07-12 23:33:00 - [MESSAGE][PASSED] - Object: 'Object Repository/Page_PublicPortal/li_Training Eligibility' is clicked on

2022-07-12 23:33:00 - [TEST_STEP][PASSED] - click(findTestObject("Object Repository/Page_PublicPortal/li_CPO Approved Courses")): Object: 'Object Repository/Page_PublicPortal/li_CPO Approved Courses' is clicked on

2022-07-12 23:33:01 - [MESSAGE][PASSED] - Object: 'Object Repository/Page_PublicPortal/li_CPO Approved Courses' is clicked on

2022-07-12 23:33:01 - [TEST_STEP][PASSED] - verifyElementText(findTestObject("Object Repository/Page_PublicPortal/li_CPO Approved Courses"), "CPO Approved Courses"): Actual text and expected text of test object 'Object Repository/Page_PublicPortal/li_CPO Approved Courses' are matched.

2022-07-12 23:33:01 - [MESSAGE][PASSED] - Actual text and expected text of test object 'Object Repository/Page_PublicPortal/li_CPO Approved Courses' are matched.

2022-07-12 23:33:01 - [TEST_STEP][PASSED] - closeBrowser(): Browser is closed

2022-07-12 23:33:02 - [MESSAGE][PASSED] - Browser is closed]]></system-out>
         <system-err><![CDATA[]]></system-err>
      </testcase>
      <testcase name="Test Cases/02_Approved Courses Search by Date Range" time="6.658" classname="Test Cases/02_Approved Courses Search by Date Range" status="PASSED">
         <system-out><![CDATA[2022-07-12 23:33:02 - [TEST_CASE][PASSED] - Test Cases/02_Approved Courses Search by Date Range: Test Cases/02_Approved Courses Search by Date Range

2022-07-12 23:33:03 - [TEST_STEP][PASSED] - openBrowser(""): Browser is opened with url: ''

2022-07-12 23:33:03 - [MESSAGE][INFO] - Starting 'Chrome' driver

2022-07-12 23:33:03 - [MESSAGE][INFO] - Action delay is set to 0 milliseconds

2022-07-12 23:33:04 - [MESSAGE][PASSED] - Browser is opened with url: ''

2022-07-12 23:33:04 - [TEST_STEP][PASSED] - maximizeWindow(): Current window maximized

2022-07-12 23:33:04 - [MESSAGE][PASSED] - Current window maximized

2022-07-12 23:33:04 - [TEST_STEP][PASSED] - navigateToUrl("https://intra.stage.apps.labour.gov.on.ca/public-portal-qa/#/marketplace/course-search"): Navigate to 'https://intra.stage.apps.labour.gov.on.ca/public-portal-qa/#/marketplace/course-search' successfully

2022-07-12 23:33:05 - [MESSAGE][PASSED] - Navigate to 'https://intra.stage.apps.labour.gov.on.ca/public-portal-qa/#/marketplace/course-search' successfully

2022-07-12 23:33:05 - [TEST_STEP][PASSED] - verifyElementPresent(findTestObject("Object Repository/Page_PublicPortal/li_CPO Approved Courses"), 0): Object 'Object Repository/Page_PublicPortal/li_CPO Approved Courses' is present

2022-07-12 23:33:05 - [MESSAGE][WARNING] - Timeout '0' is invalid. Using default page load timeout: '30'

2022-07-12 23:33:06 - [MESSAGE][PASSED] - Object 'Object Repository/Page_PublicPortal/li_CPO Approved Courses' is present

2022-07-12 23:33:06 - [TEST_STEP][PASSED] - verifyElementClickable(findTestObject("Object Repository/Page_PublicPortal/li_CPO Approved Courses")): Object 'Object Repository/Page_PublicPortal/li_CPO Approved Courses' is clickable

2022-07-12 23:33:06 - [MESSAGE][PASSED] - Object 'Object Repository/Page_PublicPortal/li_CPO Approved Courses' is clickable

2022-07-12 23:33:06 - [TEST_STEP][PASSED] - click(findTestObject("Object Repository/Page_PublicPortal/li_Training Eligibility")): Object: 'Object Repository/Page_PublicPortal/li_Training Eligibility' is clicked on

2022-07-12 23:33:07 - [MESSAGE][PASSED] - Object: 'Object Repository/Page_PublicPortal/li_Training Eligibility' is clicked on

2022-07-12 23:33:07 - [TEST_STEP][PASSED] - click(findTestObject("Object Repository/Page_PublicPortal/li_CPO Approved Courses")): Object: 'Object Repository/Page_PublicPortal/li_CPO Approved Courses' is clicked on

2022-07-12 23:33:08 - [MESSAGE][PASSED] - Object: 'Object Repository/Page_PublicPortal/li_CPO Approved Courses' is clicked on

2022-07-12 23:33:08 - [TEST_STEP][PASSED] - verifyElementText(findTestObject("Object Repository/Page_PublicPortal/li_CPO Approved Courses"), "CPO Approved Courses"): Actual text and expected text of test object 'Object Repository/Page_PublicPortal/li_CPO Approved Courses' are matched.

2022-07-12 23:33:08 - [MESSAGE][PASSED] - Actual text and expected text of test object 'Object Repository/Page_PublicPortal/li_CPO Approved Courses' are matched.

2022-07-12 23:33:08 - [TEST_STEP][PASSED] - closeBrowser(): Browser is closed

2022-07-12 23:33:09 - [MESSAGE][PASSED] - Browser is closed]]></system-out>
         <system-err><![CDATA[]]></system-err>
      </testcase>
      <testcase name="Test Cases/03_Approved Courses Search by Training Type" time="7.756" classname="Test Cases/03_Approved Courses Search by Training Type" status="PASSED">
         <system-out><![CDATA[2022-07-12 23:33:09 - [TEST_CASE][PASSED] - Test Cases/03_Approved Courses Search by Training Type: Test Cases/03_Approved Courses Search by Training Type

2022-07-12 23:33:09 - [TEST_STEP][PASSED] - openBrowser(""): Browser is opened with url: ''

2022-07-12 23:33:09 - [MESSAGE][INFO] - Starting 'Chrome' driver

2022-07-12 23:33:09 - [MESSAGE][INFO] - Action delay is set to 0 milliseconds

2022-07-12 23:33:10 - [MESSAGE][PASSED] - Browser is opened with url: ''

2022-07-12 23:33:10 - [TEST_STEP][PASSED] - maximizeWindow(): Current window maximized

2022-07-12 23:33:11 - [MESSAGE][PASSED] - Current window maximized

2022-07-12 23:33:11 - [TEST_STEP][PASSED] - navigateToUrl("https://intra.stage.apps.labour.gov.on.ca/public-portal-qa/#/marketplace/course-search"): Navigate to 'https://intra.stage.apps.labour.gov.on.ca/public-portal-qa/#/marketplace/course-search' successfully

2022-07-12 23:33:12 - [MESSAGE][PASSED] - Navigate to 'https://intra.stage.apps.labour.gov.on.ca/public-portal-qa/#/marketplace/course-search' successfully

2022-07-12 23:33:12 - [TEST_STEP][PASSED] - verifyElementText(findTestObject("Object Repository/Page_PublicPortal/mat-label_Training type"), "Training type"): Actual text and expected text of test object 'Object Repository/Page_PublicPortal/mat-label_Training type' are matched.

2022-07-12 23:33:13 - [MESSAGE][PASSED] - Actual text and expected text of test object 'Object Repository/Page_PublicPortal/mat-label_Training type' are matched.

2022-07-12 23:33:13 - [TEST_STEP][PASSED] - verifyElementText(findTestObject("Object Repository/Page_PublicPortal/button_All"), "All"): Actual text and expected text of test object 'Object Repository/Page_PublicPortal/button_All' are matched.

2022-07-12 23:33:13 - [MESSAGE][PASSED] - Actual text and expected text of test object 'Object Repository/Page_PublicPortal/button_All' are matched.

2022-07-12 23:33:13 - [TEST_STEP][PASSED] - verifyElementText(findTestObject("Object Repository/Page_PublicPortal/button_Blended"), "Blended"): Actual text and expected text of test object 'Object Repository/Page_PublicPortal/button_Blended' are matched.

2022-07-12 23:33:14 - [MESSAGE][PASSED] - Actual text and expected text of test object 'Object Repository/Page_PublicPortal/button_Blended' are matched.

2022-07-12 23:33:14 - [TEST_STEP][PASSED] - verifyElementText(findTestObject("Object Repository/Page_PublicPortal/button_Distance"), "Distance"): Actual text and expected text of test object 'Object Repository/Page_PublicPortal/button_Distance' are matched.

2022-07-12 23:33:14 - [MESSAGE][PASSED] - Actual text and expected text of test object 'Object Repository/Page_PublicPortal/button_Distance' are matched.

2022-07-12 23:33:14 - [TEST_STEP][PASSED] - verifyElementText(findTestObject("Object Repository/Page_PublicPortal/button_eLearning"), "eLearning"): Actual text and expected text of test object 'Object Repository/Page_PublicPortal/button_eLearning' are matched.

2022-07-12 23:33:14 - [MESSAGE][PASSED] - Actual text and expected text of test object 'Object Repository/Page_PublicPortal/button_eLearning' are matched.

2022-07-12 23:33:14 - [TEST_STEP][PASSED] - verifyElementText(findTestObject("Object Repository/Page_PublicPortal/button_In-Class"), "In-Class"): Actual text and expected text of test object 'Object Repository/Page_PublicPortal/button_In-Class' are matched.

2022-07-12 23:33:15 - [MESSAGE][PASSED] - Actual text and expected text of test object 'Object Repository/Page_PublicPortal/button_In-Class' are matched.

2022-07-12 23:33:15 - [TEST_STEP][PASSED] - click(findTestObject("Object Repository/Page_PublicPortal/button_Search")): Object: 'Object Repository/Page_PublicPortal/button_Search' is clicked on

2022-07-12 23:33:15 - [MESSAGE][PASSED] - Object: 'Object Repository/Page_PublicPortal/button_Search' is clicked on

2022-07-12 23:33:15 - [TEST_STEP][PASSED] - verifyElementPresent(findTestObject("Object Repository/Page_PublicPortal/span_Showing 7 course advertisements"), 0): Object 'Object Repository/Page_PublicPortal/span_Showing 7 course advertisements' is present

2022-07-12 23:33:15 - [MESSAGE][WARNING] - Timeout '0' is invalid. Using default page load timeout: '30'

2022-07-12 23:33:16 - [MESSAGE][PASSED] - Object 'Object Repository/Page_PublicPortal/span_Showing 7 course advertisements' is present

2022-07-12 23:33:16 - [TEST_STEP][PASSED] - closeBrowser(): Browser is closed

2022-07-12 23:33:17 - [MESSAGE][PASSED] - Browser is closed]]></system-out>
         <system-err><![CDATA[]]></system-err>
      </testcase>
      <testcase name="Test Cases/04_Approved Courses Search by Training Program" time="6.319" classname="Test Cases/04_Approved Courses Search by Training Program" status="PASSED">
         <system-out><![CDATA[2022-07-12 23:33:17 - [TEST_CASE][PASSED] - Test Cases/04_Approved Courses Search by Training Program: Test Cases/04_Approved Courses Search by Training Program

2022-07-12 23:33:17 - [TEST_STEP][PASSED] - openBrowser(""): Browser is opened with url: ''

2022-07-12 23:33:17 - [MESSAGE][INFO] - Starting 'Chrome' driver

2022-07-12 23:33:17 - [MESSAGE][INFO] - Action delay is set to 0 milliseconds

2022-07-12 23:33:18 - [MESSAGE][PASSED] - Browser is opened with url: ''

2022-07-12 23:33:18 - [TEST_STEP][PASSED] - maximizeWindow(): Current window maximized

2022-07-12 23:33:18 - [MESSAGE][PASSED] - Current window maximized

2022-07-12 23:33:18 - [TEST_STEP][PASSED] - navigateToUrl("https://intra.stage.apps.labour.gov.on.ca/public-portal-qa/#/marketplace/course-search"): Navigate to 'https://intra.stage.apps.labour.gov.on.ca/public-portal-qa/#/marketplace/course-search' successfully

2022-07-12 23:33:20 - [MESSAGE][PASSED] - Navigate to 'https://intra.stage.apps.labour.gov.on.ca/public-portal-qa/#/marketplace/course-search' successfully

2022-07-12 23:33:20 - [TEST_STEP][PASSED] - verifyElementPresent(findTestObject("Object Repository/Page_PublicPortal/li_CPO Approved Courses"), 0): Object 'Object Repository/Page_PublicPortal/li_CPO Approved Courses' is present

2022-07-12 23:33:20 - [MESSAGE][WARNING] - Timeout '0' is invalid. Using default page load timeout: '30'

2022-07-12 23:33:20 - [MESSAGE][PASSED] - Object 'Object Repository/Page_PublicPortal/li_CPO Approved Courses' is present

2022-07-12 23:33:20 - [TEST_STEP][PASSED] - verifyElementClickable(findTestObject("Object Repository/Page_PublicPortal/li_CPO Approved Courses")): Object 'Object Repository/Page_PublicPortal/li_CPO Approved Courses' is clickable

2022-07-12 23:33:21 - [MESSAGE][PASSED] - Object 'Object Repository/Page_PublicPortal/li_CPO Approved Courses' is clickable

2022-07-12 23:33:21 - [TEST_STEP][PASSED] - click(findTestObject("Object Repository/Page_PublicPortal/li_Training Eligibility")): Object: 'Object Repository/Page_PublicPortal/li_Training Eligibility' is clicked on

2022-07-12 23:33:21 - [MESSAGE][PASSED] - Object: 'Object Repository/Page_PublicPortal/li_Training Eligibility' is clicked on

2022-07-12 23:33:21 - [TEST_STEP][PASSED] - click(findTestObject("Object Repository/Page_PublicPortal/li_CPO Approved Courses")): Object: 'Object Repository/Page_PublicPortal/li_CPO Approved Courses' is clicked on

2022-07-12 23:33:22 - [MESSAGE][PASSED] - Object: 'Object Repository/Page_PublicPortal/li_CPO Approved Courses' is clicked on

2022-07-12 23:33:22 - [TEST_STEP][PASSED] - verifyElementText(findTestObject("Object Repository/Page_PublicPortal/li_CPO Approved Courses"), "CPO Approved Courses"): Actual text and expected text of test object 'Object Repository/Page_PublicPortal/li_CPO Approved Courses' are matched.

2022-07-12 23:33:22 - [MESSAGE][PASSED] - Actual text and expected text of test object 'Object Repository/Page_PublicPortal/li_CPO Approved Courses' are matched.

2022-07-12 23:33:22 - [TEST_STEP][PASSED] - closeBrowser(): Browser is closed

2022-07-12 23:33:23 - [MESSAGE][PASSED] - Browser is closed]]></system-out>
         <system-err><![CDATA[]]></system-err>
      </testcase>
      <testcase name="Test Cases/05_Approved Courses Search by Training Provider Name" time="6.725" classname="Test Cases/05_Approved Courses Search by Training Provider Name" status="PASSED">
         <system-out><![CDATA[2022-07-12 23:33:23 - [TEST_CASE][PASSED] - Test Cases/05_Approved Courses Search by Training Provider Name: Test Cases/05_Approved Courses Search by Training Provider Name

2022-07-12 23:33:23 - [TEST_STEP][PASSED] - openBrowser(""): Browser is opened with url: ''

2022-07-12 23:33:23 - [MESSAGE][INFO] - Starting 'Chrome' driver

2022-07-12 23:33:23 - [MESSAGE][INFO] - Action delay is set to 0 milliseconds

2022-07-12 23:33:25 - [MESSAGE][PASSED] - Browser is opened with url: ''

2022-07-12 23:33:25 - [TEST_STEP][PASSED] - maximizeWindow(): Current window maximized

2022-07-12 23:33:25 - [MESSAGE][PASSED] - Current window maximized

2022-07-12 23:33:25 - [TEST_STEP][PASSED] - navigateToUrl("https://intra.stage.apps.labour.gov.on.ca/public-portal-qa/#/marketplace/course-search"): Navigate to 'https://intra.stage.apps.labour.gov.on.ca/public-portal-qa/#/marketplace/course-search' successfully

2022-07-12 23:33:26 - [MESSAGE][PASSED] - Navigate to 'https://intra.stage.apps.labour.gov.on.ca/public-portal-qa/#/marketplace/course-search' successfully

2022-07-12 23:33:26 - [TEST_STEP][PASSED] - verifyElementPresent(findTestObject("Object Repository/Page_PublicPortal/li_CPO Approved Courses"), 0): Object 'Object Repository/Page_PublicPortal/li_CPO Approved Courses' is present

2022-07-12 23:33:26 - [MESSAGE][WARNING] - Timeout '0' is invalid. Using default page load timeout: '30'

2022-07-12 23:33:27 - [MESSAGE][PASSED] - Object 'Object Repository/Page_PublicPortal/li_CPO Approved Courses' is present

2022-07-12 23:33:27 - [TEST_STEP][PASSED] - verifyElementClickable(findTestObject("Object Repository/Page_PublicPortal/li_CPO Approved Courses")): Object 'Object Repository/Page_PublicPortal/li_CPO Approved Courses' is clickable

2022-07-12 23:33:27 - [MESSAGE][PASSED] - Object 'Object Repository/Page_PublicPortal/li_CPO Approved Courses' is clickable

2022-07-12 23:33:27 - [TEST_STEP][PASSED] - click(findTestObject("Object Repository/Page_PublicPortal/li_Training Eligibility")): Object: 'Object Repository/Page_PublicPortal/li_Training Eligibility' is clicked on

2022-07-12 23:33:28 - [MESSAGE][PASSED] - Object: 'Object Repository/Page_PublicPortal/li_Training Eligibility' is clicked on

2022-07-12 23:33:28 - [TEST_STEP][PASSED] - click(findTestObject("Object Repository/Page_PublicPortal/li_CPO Approved Courses")): Object: 'Object Repository/Page_PublicPortal/li_CPO Approved Courses' is clicked on

2022-07-12 23:33:28 - [MESSAGE][PASSED] - Object: 'Object Repository/Page_PublicPortal/li_CPO Approved Courses' is clicked on

2022-07-12 23:33:28 - [TEST_STEP][PASSED] - verifyElementText(findTestObject("Object Repository/Page_PublicPortal/li_CPO Approved Courses"), "CPO Approved Courses"): Actual text and expected text of test object 'Object Repository/Page_PublicPortal/li_CPO Approved Courses' are matched.

2022-07-12 23:33:29 - [MESSAGE][PASSED] - Actual text and expected text of test object 'Object Repository/Page_PublicPortal/li_CPO Approved Courses' are matched.

2022-07-12 23:33:29 - [TEST_STEP][PASSED] - closeBrowser(): Browser is closed

2022-07-12 23:33:30 - [MESSAGE][PASSED] - Browser is closed]]></system-out>
         <system-err><![CDATA[]]></system-err>
      </testcase>
      <testcase name="Test Cases/06_Approved Courses Search Results - Sorting" time="7.01" classname="Test Cases/06_Approved Courses Search Results - Sorting" status="PASSED">
         <system-out><![CDATA[2022-07-12 23:33:30 - [TEST_CASE][PASSED] - Test Cases/06_Approved Courses Search Results - Sorting: Test Cases/06_Approved Courses Search Results - Sorting

2022-07-12 23:33:30 - [TEST_STEP][PASSED] - openBrowser(""): Browser is opened with url: ''

2022-07-12 23:33:30 - [MESSAGE][INFO] - Starting 'Chrome' driver

2022-07-12 23:33:30 - [MESSAGE][INFO] - Action delay is set to 0 milliseconds

2022-07-12 23:33:31 - [MESSAGE][PASSED] - Browser is opened with url: ''

2022-07-12 23:33:31 - [TEST_STEP][PASSED] - maximizeWindow(): Current window maximized

2022-07-12 23:33:31 - [MESSAGE][PASSED] - Current window maximized

2022-07-12 23:33:31 - [TEST_STEP][PASSED] - navigateToUrl("https://intra.stage.apps.labour.gov.on.ca/public-portal-qa/#/marketplace/course-search"): Navigate to 'https://intra.stage.apps.labour.gov.on.ca/public-portal-qa/#/marketplace/course-search' successfully

2022-07-12 23:33:33 - [MESSAGE][PASSED] - Navigate to 'https://intra.stage.apps.labour.gov.on.ca/public-portal-qa/#/marketplace/course-search' successfully

2022-07-12 23:33:33 - [TEST_STEP][PASSED] - verifyElementPresent(findTestObject("Object Repository/Page_PublicPortal/li_CPO Approved Courses"), 0): Object 'Object Repository/Page_PublicPortal/li_CPO Approved Courses' is present

2022-07-12 23:33:33 - [MESSAGE][WARNING] - Timeout '0' is invalid. Using default page load timeout: '30'

2022-07-12 23:33:34 - [MESSAGE][PASSED] - Object 'Object Repository/Page_PublicPortal/li_CPO Approved Courses' is present

2022-07-12 23:33:34 - [TEST_STEP][PASSED] - verifyElementClickable(findTestObject("Object Repository/Page_PublicPortal/li_CPO Approved Courses")): Object 'Object Repository/Page_PublicPortal/li_CPO Approved Courses' is clickable

2022-07-12 23:33:34 - [MESSAGE][PASSED] - Object 'Object Repository/Page_PublicPortal/li_CPO Approved Courses' is clickable

2022-07-12 23:33:34 - [TEST_STEP][PASSED] - click(findTestObject("Object Repository/Page_PublicPortal/li_Training Eligibility")): Object: 'Object Repository/Page_PublicPortal/li_Training Eligibility' is clicked on

2022-07-12 23:33:35 - [MESSAGE][PASSED] - Object: 'Object Repository/Page_PublicPortal/li_Training Eligibility' is clicked on

2022-07-12 23:33:35 - [TEST_STEP][PASSED] - click(findTestObject("Object Repository/Page_PublicPortal/li_CPO Approved Courses")): Object: 'Object Repository/Page_PublicPortal/li_CPO Approved Courses' is clicked on

2022-07-12 23:33:35 - [MESSAGE][PASSED] - Object: 'Object Repository/Page_PublicPortal/li_CPO Approved Courses' is clicked on

2022-07-12 23:33:35 - [TEST_STEP][PASSED] - verifyElementText(findTestObject("Object Repository/Page_PublicPortal/li_CPO Approved Courses"), "CPO Approved Courses"): Actual text and expected text of test object 'Object Repository/Page_PublicPortal/li_CPO Approved Courses' are matched.

2022-07-12 23:33:36 - [MESSAGE][PASSED] - Actual text and expected text of test object 'Object Repository/Page_PublicPortal/li_CPO Approved Courses' are matched.

2022-07-12 23:33:36 - [TEST_STEP][PASSED] - closeBrowser(): Browser is closed

2022-07-12 23:33:37 - [MESSAGE][PASSED] - Browser is closed]]></system-out>
         <system-err><![CDATA[]]></system-err>
      </testcase>
      <testcase name="Test Cases/07_Approved Courses Search by Listings with Course Fee" time="6.992" classname="Test Cases/07_Approved Courses Search by Listings with Course Fee" status="PASSED">
         <system-out><![CDATA[2022-07-12 23:33:37 - [TEST_CASE][PASSED] - Test Cases/07_Approved Courses Search by Listings with Course Fee: Test Cases/07_Approved Courses Search by Listings with Course Fee

2022-07-12 23:33:37 - [TEST_STEP][PASSED] - openBrowser(""): Browser is opened with url: ''

2022-07-12 23:33:37 - [MESSAGE][INFO] - Starting 'Chrome' driver

2022-07-12 23:33:37 - [MESSAGE][INFO] - Action delay is set to 0 milliseconds

2022-07-12 23:33:38 - [MESSAGE][PASSED] - Browser is opened with url: ''

2022-07-12 23:33:38 - [TEST_STEP][PASSED] - maximizeWindow(): Current window maximized

2022-07-12 23:33:38 - [MESSAGE][PASSED] - Current window maximized

2022-07-12 23:33:38 - [TEST_STEP][PASSED] - navigateToUrl("https://intra.stage.apps.labour.gov.on.ca/public-portal-qa/#/marketplace/course-search"): Navigate to 'https://intra.stage.apps.labour.gov.on.ca/public-portal-qa/#/marketplace/course-search' successfully

2022-07-12 23:33:40 - [MESSAGE][PASSED] - Navigate to 'https://intra.stage.apps.labour.gov.on.ca/public-portal-qa/#/marketplace/course-search' successfully

2022-07-12 23:33:40 - [TEST_STEP][PASSED] - verifyElementPresent(findTestObject("Object Repository/Page_PublicPortal/li_CPO Approved Courses"), 0): Object 'Object Repository/Page_PublicPortal/li_CPO Approved Courses' is present

2022-07-12 23:33:40 - [MESSAGE][WARNING] - Timeout '0' is invalid. Using default page load timeout: '30'

2022-07-12 23:33:41 - [MESSAGE][PASSED] - Object 'Object Repository/Page_PublicPortal/li_CPO Approved Courses' is present

2022-07-12 23:33:41 - [TEST_STEP][PASSED] - verifyElementClickable(findTestObject("Object Repository/Page_PublicPortal/li_CPO Approved Courses")): Object 'Object Repository/Page_PublicPortal/li_CPO Approved Courses' is clickable

2022-07-12 23:33:41 - [MESSAGE][PASSED] - Object 'Object Repository/Page_PublicPortal/li_CPO Approved Courses' is clickable

2022-07-12 23:33:41 - [TEST_STEP][PASSED] - click(findTestObject("Object Repository/Page_PublicPortal/li_Training Eligibility")): Object: 'Object Repository/Page_PublicPortal/li_Training Eligibility' is clicked on

2022-07-12 23:33:42 - [MESSAGE][PASSED] - Object: 'Object Repository/Page_PublicPortal/li_Training Eligibility' is clicked on

2022-07-12 23:33:42 - [TEST_STEP][PASSED] - click(findTestObject("Object Repository/Page_PublicPortal/li_CPO Approved Courses")): Object: 'Object Repository/Page_PublicPortal/li_CPO Approved Courses' is clicked on

2022-07-12 23:33:42 - [MESSAGE][PASSED] - Object: 'Object Repository/Page_PublicPortal/li_CPO Approved Courses' is clicked on

2022-07-12 23:33:42 - [TEST_STEP][PASSED] - verifyElementText(findTestObject("Object Repository/Page_PublicPortal/li_CPO Approved Courses"), "CPO Approved Courses"): Actual text and expected text of test object 'Object Repository/Page_PublicPortal/li_CPO Approved Courses' are matched.

2022-07-12 23:33:43 - [MESSAGE][PASSED] - Actual text and expected text of test object 'Object Repository/Page_PublicPortal/li_CPO Approved Courses' are matched.

2022-07-12 23:33:43 - [TEST_STEP][PASSED] - closeBrowser(): Browser is closed

2022-07-12 23:33:44 - [MESSAGE][PASSED] - Browser is closed]]></system-out>
         <system-err><![CDATA[]]></system-err>
      </testcase>
      <testcase name="Test Cases/08_Approved Courses Search by Listings with Weekend Classes" time="7.241" classname="Test Cases/08_Approved Courses Search by Listings with Weekend Classes" status="PASSED">
         <system-out><![CDATA[2022-07-12 23:33:44 - [TEST_CASE][PASSED] - Test Cases/08_Approved Courses Search by Listings with Weekend Classes: Test Cases/08_Approved Courses Search by Listings with Weekend Classes

2022-07-12 23:33:44 - [TEST_STEP][PASSED] - openBrowser(""): Browser is opened with url: ''

2022-07-12 23:33:44 - [MESSAGE][INFO] - Starting 'Chrome' driver

2022-07-12 23:33:44 - [MESSAGE][INFO] - Action delay is set to 0 milliseconds

2022-07-12 23:33:45 - [MESSAGE][PASSED] - Browser is opened with url: ''

2022-07-12 23:33:45 - [TEST_STEP][PASSED] - maximizeWindow(): Current window maximized

2022-07-12 23:33:46 - [MESSAGE][PASSED] - Current window maximized

2022-07-12 23:33:46 - [TEST_STEP][PASSED] - navigateToUrl("https://intra.stage.apps.labour.gov.on.ca/public-portal-qa/#/marketplace/course-search"): Navigate to 'https://intra.stage.apps.labour.gov.on.ca/public-portal-qa/#/marketplace/course-search' successfully

2022-07-12 23:33:47 - [MESSAGE][PASSED] - Navigate to 'https://intra.stage.apps.labour.gov.on.ca/public-portal-qa/#/marketplace/course-search' successfully

2022-07-12 23:33:47 - [TEST_STEP][PASSED] - verifyElementPresent(findTestObject("Object Repository/Page_PublicPortal/li_CPO Approved Courses"), 0): Object 'Object Repository/Page_PublicPortal/li_CPO Approved Courses' is present

2022-07-12 23:33:47 - [MESSAGE][WARNING] - Timeout '0' is invalid. Using default page load timeout: '30'

2022-07-12 23:33:48 - [MESSAGE][PASSED] - Object 'Object Repository/Page_PublicPortal/li_CPO Approved Courses' is present

2022-07-12 23:33:48 - [TEST_STEP][PASSED] - verifyElementClickable(findTestObject("Object Repository/Page_PublicPortal/li_CPO Approved Courses")): Object 'Object Repository/Page_PublicPortal/li_CPO Approved Courses' is clickable

2022-07-12 23:33:48 - [MESSAGE][PASSED] - Object 'Object Repository/Page_PublicPortal/li_CPO Approved Courses' is clickable

2022-07-12 23:33:48 - [TEST_STEP][PASSED] - click(findTestObject("Object Repository/Page_PublicPortal/li_Training Eligibility")): Object: 'Object Repository/Page_PublicPortal/li_Training Eligibility' is clicked on

2022-07-12 23:33:49 - [MESSAGE][PASSED] - Object: 'Object Repository/Page_PublicPortal/li_Training Eligibility' is clicked on

2022-07-12 23:33:49 - [TEST_STEP][PASSED] - click(findTestObject("Object Repository/Page_PublicPortal/li_CPO Approved Courses")): Object: 'Object Repository/Page_PublicPortal/li_CPO Approved Courses' is clicked on

2022-07-12 23:33:50 - [MESSAGE][PASSED] - Object: 'Object Repository/Page_PublicPortal/li_CPO Approved Courses' is clicked on

2022-07-12 23:33:50 - [TEST_STEP][PASSED] - verifyElementText(findTestObject("Object Repository/Page_PublicPortal/li_CPO Approved Courses"), "CPO Approved Courses"): Actual text and expected text of test object 'Object Repository/Page_PublicPortal/li_CPO Approved Courses' are matched.

2022-07-12 23:33:50 - [MESSAGE][PASSED] - Actual text and expected text of test object 'Object Repository/Page_PublicPortal/li_CPO Approved Courses' are matched.

2022-07-12 23:33:50 - [TEST_STEP][PASSED] - closeBrowser(): Browser is closed

2022-07-12 23:33:51 - [MESSAGE][PASSED] - Browser is closed]]></system-out>
         <system-err><![CDATA[]]></system-err>
      </testcase>
      <testcase name="Test Cases/09_Approved Courses Reset Search Filters" time="7.142" classname="Test Cases/09_Approved Courses Reset Search Filters" status="PASSED">
         <system-out><![CDATA[2022-07-12 23:33:51 - [TEST_CASE][PASSED] - Test Cases/09_Approved Courses Reset Search Filters: Test Cases/09_Approved Courses Reset Search Filters

2022-07-12 23:33:51 - [TEST_STEP][PASSED] - openBrowser(""): Browser is opened with url: ''

2022-07-12 23:33:51 - [MESSAGE][INFO] - Starting 'Chrome' driver

2022-07-12 23:33:51 - [MESSAGE][INFO] - Action delay is set to 0 milliseconds

2022-07-12 23:33:53 - [MESSAGE][PASSED] - Browser is opened with url: ''

2022-07-12 23:33:53 - [TEST_STEP][PASSED] - maximizeWindow(): Current window maximized

2022-07-12 23:33:53 - [MESSAGE][PASSED] - Current window maximized

2022-07-12 23:33:53 - [TEST_STEP][PASSED] - navigateToUrl("https://intra.stage.apps.labour.gov.on.ca/public-portal-qa/#/marketplace/course-search"): Navigate to 'https://intra.stage.apps.labour.gov.on.ca/public-portal-qa/#/marketplace/course-search' successfully

2022-07-12 23:33:55 - [MESSAGE][PASSED] - Navigate to 'https://intra.stage.apps.labour.gov.on.ca/public-portal-qa/#/marketplace/course-search' successfully

2022-07-12 23:33:55 - [TEST_STEP][PASSED] - verifyElementPresent(findTestObject("Object Repository/Page_PublicPortal/li_CPO Approved Courses"), 0): Object 'Object Repository/Page_PublicPortal/li_CPO Approved Courses' is present

2022-07-12 23:33:55 - [MESSAGE][WARNING] - Timeout '0' is invalid. Using default page load timeout: '30'

2022-07-12 23:33:55 - [MESSAGE][PASSED] - Object 'Object Repository/Page_PublicPortal/li_CPO Approved Courses' is present

2022-07-12 23:33:55 - [TEST_STEP][PASSED] - verifyElementClickable(findTestObject("Object Repository/Page_PublicPortal/li_CPO Approved Courses")): Object 'Object Repository/Page_PublicPortal/li_CPO Approved Courses' is clickable

2022-07-12 23:33:56 - [MESSAGE][PASSED] - Object 'Object Repository/Page_PublicPortal/li_CPO Approved Courses' is clickable

2022-07-12 23:33:56 - [TEST_STEP][PASSED] - click(findTestObject("Object Repository/Page_PublicPortal/li_Training Eligibility")): Object: 'Object Repository/Page_PublicPortal/li_Training Eligibility' is clicked on

2022-07-12 23:33:56 - [MESSAGE][PASSED] - Object: 'Object Repository/Page_PublicPortal/li_Training Eligibility' is clicked on

2022-07-12 23:33:56 - [TEST_STEP][PASSED] - click(findTestObject("Object Repository/Page_PublicPortal/li_CPO Approved Courses")): Object: 'Object Repository/Page_PublicPortal/li_CPO Approved Courses' is clicked on

2022-07-12 23:33:57 - [MESSAGE][PASSED] - Object: 'Object Repository/Page_PublicPortal/li_CPO Approved Courses' is clicked on

2022-07-12 23:33:57 - [TEST_STEP][PASSED] - verifyElementText(findTestObject("Object Repository/Page_PublicPortal/li_CPO Approved Courses"), "CPO Approved Courses"): Actual text and expected text of test object 'Object Repository/Page_PublicPortal/li_CPO Approved Courses' are matched.

2022-07-12 23:33:57 - [MESSAGE][PASSED] - Actual text and expected text of test object 'Object Repository/Page_PublicPortal/li_CPO Approved Courses' are matched.

2022-07-12 23:33:57 - [TEST_STEP][PASSED] - closeBrowser(): Browser is closed

2022-07-12 23:33:58 - [MESSAGE][PASSED] - Browser is closed]]></system-out>
         <system-err><![CDATA[]]></system-err>
      </testcase>
      <testcase name="Test Cases/10_Training Eligibility Tab" time="7.348" classname="Test Cases/10_Training Eligibility Tab" status="PASSED">
         <system-out><![CDATA[2022-07-12 23:33:58 - [TEST_CASE][PASSED] - Test Cases/10_Training Eligibility Tab: Test Cases/10_Training Eligibility Tab

2022-07-12 23:33:59 - [TEST_STEP][PASSED] - openBrowser(""): Browser is opened with url: ''

2022-07-12 23:33:59 - [MESSAGE][INFO] - Starting 'Chrome' driver

2022-07-12 23:33:59 - [MESSAGE][INFO] - Action delay is set to 0 milliseconds

2022-07-12 23:34:00 - [MESSAGE][PASSED] - Browser is opened with url: ''

2022-07-12 23:34:00 - [TEST_STEP][PASSED] - maximizeWindow(): Current window maximized

2022-07-12 23:34:00 - [MESSAGE][PASSED] - Current window maximized

2022-07-12 23:34:00 - [TEST_STEP][PASSED] - navigateToUrl("https://intra.stage.apps.labour.gov.on.ca/public-portal-qa/#/marketplace/course-search"): Navigate to 'https://intra.stage.apps.labour.gov.on.ca/public-portal-qa/#/marketplace/course-search' successfully

2022-07-12 23:34:02 - [MESSAGE][PASSED] - Navigate to 'https://intra.stage.apps.labour.gov.on.ca/public-portal-qa/#/marketplace/course-search' successfully

2022-07-12 23:34:02 - [TEST_STEP][PASSED] - verifyElementPresent(findTestObject("Object Repository/Page_PublicPortal/li_CPO Approved Courses"), 0): Object 'Object Repository/Page_PublicPortal/li_CPO Approved Courses' is present

2022-07-12 23:34:02 - [MESSAGE][WARNING] - Timeout '0' is invalid. Using default page load timeout: '30'

2022-07-12 23:34:02 - [MESSAGE][PASSED] - Object 'Object Repository/Page_PublicPortal/li_CPO Approved Courses' is present

2022-07-12 23:34:02 - [TEST_STEP][PASSED] - verifyElementClickable(findTestObject("Object Repository/Page_PublicPortal/li_CPO Approved Courses")): Object 'Object Repository/Page_PublicPortal/li_CPO Approved Courses' is clickable

2022-07-12 23:34:03 - [MESSAGE][PASSED] - Object 'Object Repository/Page_PublicPortal/li_CPO Approved Courses' is clickable

2022-07-12 23:34:03 - [TEST_STEP][PASSED] - click(findTestObject("Object Repository/Page_PublicPortal/li_Training Eligibility")): Object: 'Object Repository/Page_PublicPortal/li_Training Eligibility' is clicked on

2022-07-12 23:34:03 - [MESSAGE][PASSED] - Object: 'Object Repository/Page_PublicPortal/li_Training Eligibility' is clicked on

2022-07-12 23:34:03 - [TEST_STEP][PASSED] - click(findTestObject("Object Repository/Page_PublicPortal/li_CPO Approved Courses")): Object: 'Object Repository/Page_PublicPortal/li_CPO Approved Courses' is clicked on

2022-07-12 23:34:04 - [MESSAGE][PASSED] - Object: 'Object Repository/Page_PublicPortal/li_CPO Approved Courses' is clicked on

2022-07-12 23:34:04 - [TEST_STEP][PASSED] - verifyElementText(findTestObject("Object Repository/Page_PublicPortal/li_CPO Approved Courses"), "CPO Approved Courses"): Actual text and expected text of test object 'Object Repository/Page_PublicPortal/li_CPO Approved Courses' are matched.

2022-07-12 23:34:05 - [MESSAGE][PASSED] - Actual text and expected text of test object 'Object Repository/Page_PublicPortal/li_CPO Approved Courses' are matched.

2022-07-12 23:34:05 - [TEST_STEP][PASSED] - closeBrowser(): Browser is closed

2022-07-12 23:34:05 - [MESSAGE][PASSED] - Browser is closed]]></system-out>
         <system-err><![CDATA[]]></system-err>
      </testcase>
      <testcase name="Test Cases/11_Generic Page Header Component" time="7.066" classname="Test Cases/11_Generic Page Header Component" status="PASSED">
         <system-out><![CDATA[2022-07-12 23:34:05 - [TEST_CASE][PASSED] - Test Cases/11_Generic Page Header Component: Test Cases/11_Generic Page Header Component

2022-07-12 23:34:06 - [TEST_STEP][PASSED] - openBrowser(""): Browser is opened with url: ''

2022-07-12 23:34:06 - [MESSAGE][INFO] - Starting 'Chrome' driver

2022-07-12 23:34:06 - [MESSAGE][INFO] - Action delay is set to 0 milliseconds

2022-07-12 23:34:07 - [MESSAGE][PASSED] - Browser is opened with url: ''

2022-07-12 23:34:07 - [TEST_STEP][PASSED] - maximizeWindow(): Current window maximized

2022-07-12 23:34:07 - [MESSAGE][PASSED] - Current window maximized

2022-07-12 23:34:07 - [TEST_STEP][PASSED] - navigateToUrl("https://intra.stage.apps.labour.gov.on.ca/public-portal-qa/#/marketplace/course-search"): Navigate to 'https://intra.stage.apps.labour.gov.on.ca/public-portal-qa/#/marketplace/course-search' successfully

2022-07-12 23:34:09 - [MESSAGE][PASSED] - Navigate to 'https://intra.stage.apps.labour.gov.on.ca/public-portal-qa/#/marketplace/course-search' successfully

2022-07-12 23:34:09 - [TEST_STEP][PASSED] - verifyElementPresent(findTestObject("Object Repository/Page_PublicPortal/li_CPO Approved Courses"), 0): Object 'Object Repository/Page_PublicPortal/li_CPO Approved Courses' is present

2022-07-12 23:34:09 - [MESSAGE][WARNING] - Timeout '0' is invalid. Using default page load timeout: '30'

2022-07-12 23:34:10 - [MESSAGE][PASSED] - Object 'Object Repository/Page_PublicPortal/li_CPO Approved Courses' is present

2022-07-12 23:34:10 - [TEST_STEP][PASSED] - verifyElementClickable(findTestObject("Object Repository/Page_PublicPortal/li_CPO Approved Courses")): Object 'Object Repository/Page_PublicPortal/li_CPO Approved Courses' is clickable

2022-07-12 23:34:10 - [MESSAGE][PASSED] - Object 'Object Repository/Page_PublicPortal/li_CPO Approved Courses' is clickable

2022-07-12 23:34:10 - [TEST_STEP][PASSED] - click(findTestObject("Object Repository/Page_PublicPortal/li_Training Eligibility")): Object: 'Object Repository/Page_PublicPortal/li_Training Eligibility' is clicked on

2022-07-12 23:34:11 - [MESSAGE][PASSED] - Object: 'Object Repository/Page_PublicPortal/li_Training Eligibility' is clicked on

2022-07-12 23:34:11 - [TEST_STEP][PASSED] - click(findTestObject("Object Repository/Page_PublicPortal/li_CPO Approved Courses")): Object: 'Object Repository/Page_PublicPortal/li_CPO Approved Courses' is clicked on

2022-07-12 23:34:11 - [MESSAGE][PASSED] - Object: 'Object Repository/Page_PublicPortal/li_CPO Approved Courses' is clicked on

2022-07-12 23:34:11 - [TEST_STEP][PASSED] - verifyElementText(findTestObject("Object Repository/Page_PublicPortal/li_CPO Approved Courses"), "CPO Approved Courses"): Actual text and expected text of test object 'Object Repository/Page_PublicPortal/li_CPO Approved Courses' are matched.

2022-07-12 23:34:12 - [MESSAGE][PASSED] - Actual text and expected text of test object 'Object Repository/Page_PublicPortal/li_CPO Approved Courses' are matched.

2022-07-12 23:34:12 - [TEST_STEP][PASSED] - closeBrowser(): Browser is closed

2022-07-12 23:34:13 - [MESSAGE][PASSED] - Browser is closed]]></system-out>
         <system-err><![CDATA[]]></system-err>
      </testcase>
      <testcase name="Test Cases/12_Generic Validation Message Component" time="7.188" classname="Test Cases/12_Generic Validation Message Component" status="PASSED">
         <system-out><![CDATA[2022-07-12 23:34:13 - [TEST_CASE][PASSED] - Test Cases/12_Generic Validation Message Component: Test Cases/12_Generic Validation Message Component

2022-07-12 23:34:13 - [TEST_STEP][PASSED] - openBrowser(""): Browser is opened with url: ''

2022-07-12 23:34:13 - [MESSAGE][INFO] - Starting 'Chrome' driver

2022-07-12 23:34:13 - [MESSAGE][INFO] - Action delay is set to 0 milliseconds

2022-07-12 23:34:14 - [MESSAGE][PASSED] - Browser is opened with url: ''

2022-07-12 23:34:14 - [TEST_STEP][PASSED] - maximizeWindow(): Current window maximized

2022-07-12 23:34:15 - [MESSAGE][PASSED] - Current window maximized

2022-07-12 23:34:15 - [TEST_STEP][PASSED] - navigateToUrl("https://intra.stage.apps.labour.gov.on.ca/public-portal-qa/#/marketplace/course-search"): Navigate to 'https://intra.stage.apps.labour.gov.on.ca/public-portal-qa/#/marketplace/course-search' successfully

2022-07-12 23:34:16 - [MESSAGE][PASSED] - Navigate to 'https://intra.stage.apps.labour.gov.on.ca/public-portal-qa/#/marketplace/course-search' successfully

2022-07-12 23:34:16 - [TEST_STEP][PASSED] - verifyElementPresent(findTestObject("Object Repository/Page_PublicPortal/li_CPO Approved Courses"), 0): Object 'Object Repository/Page_PublicPortal/li_CPO Approved Courses' is present

2022-07-12 23:34:16 - [MESSAGE][WARNING] - Timeout '0' is invalid. Using default page load timeout: '30'

2022-07-12 23:34:17 - [MESSAGE][PASSED] - Object 'Object Repository/Page_PublicPortal/li_CPO Approved Courses' is present

2022-07-12 23:34:17 - [TEST_STEP][PASSED] - verifyElementClickable(findTestObject("Object Repository/Page_PublicPortal/li_CPO Approved Courses")): Object 'Object Repository/Page_PublicPortal/li_CPO Approved Courses' is clickable

2022-07-12 23:34:17 - [MESSAGE][PASSED] - Object 'Object Repository/Page_PublicPortal/li_CPO Approved Courses' is clickable

2022-07-12 23:34:17 - [TEST_STEP][PASSED] - click(findTestObject("Object Repository/Page_PublicPortal/li_Training Eligibility")): Object: 'Object Repository/Page_PublicPortal/li_Training Eligibility' is clicked on

2022-07-12 23:34:18 - [MESSAGE][PASSED] - Object: 'Object Repository/Page_PublicPortal/li_Training Eligibility' is clicked on

2022-07-12 23:34:18 - [TEST_STEP][PASSED] - click(findTestObject("Object Repository/Page_PublicPortal/li_CPO Approved Courses")): Object: 'Object Repository/Page_PublicPortal/li_CPO Approved Courses' is clicked on

2022-07-12 23:34:18 - [MESSAGE][PASSED] - Object: 'Object Repository/Page_PublicPortal/li_CPO Approved Courses' is clicked on

2022-07-12 23:34:18 - [TEST_STEP][PASSED] - verifyElementText(findTestObject("Object Repository/Page_PublicPortal/li_CPO Approved Courses"), "CPO Approved Courses"): Actual text and expected text of test object 'Object Repository/Page_PublicPortal/li_CPO Approved Courses' are matched.

2022-07-12 23:34:19 - [MESSAGE][PASSED] - Actual text and expected text of test object 'Object Repository/Page_PublicPortal/li_CPO Approved Courses' are matched.

2022-07-12 23:34:19 - [TEST_STEP][PASSED] - closeBrowser(): Browser is closed

2022-07-12 23:34:20 - [MESSAGE][PASSED] - Browser is closed]]></system-out>
         <system-err><![CDATA[]]></system-err>
      </testcase>
      <testcase name="Test Cases/13_Approved Courses Search by Total Seats" time="7.157" classname="Test Cases/13_Approved Courses Search by Total Seats" status="PASSED">
         <system-out><![CDATA[2022-07-12 23:34:20 - [TEST_CASE][PASSED] - Test Cases/13_Approved Courses Search by Total Seats: Test Cases/13_Approved Courses Search by Total Seats

2022-07-12 23:34:20 - [TEST_STEP][PASSED] - openBrowser(""): Browser is opened with url: ''

2022-07-12 23:34:20 - [MESSAGE][INFO] - Starting 'Chrome' driver

2022-07-12 23:34:20 - [MESSAGE][INFO] - Action delay is set to 0 milliseconds

2022-07-12 23:34:22 - [MESSAGE][PASSED] - Browser is opened with url: ''

2022-07-12 23:34:22 - [TEST_STEP][PASSED] - maximizeWindow(): Current window maximized

2022-07-12 23:34:22 - [MESSAGE][PASSED] - Current window maximized

2022-07-12 23:34:22 - [TEST_STEP][PASSED] - navigateToUrl("https://intra.stage.apps.labour.gov.on.ca/public-portal-qa/#/marketplace/course-search"): Navigate to 'https://intra.stage.apps.labour.gov.on.ca/public-portal-qa/#/marketplace/course-search' successfully

2022-07-12 23:34:23 - [MESSAGE][PASSED] - Navigate to 'https://intra.stage.apps.labour.gov.on.ca/public-portal-qa/#/marketplace/course-search' successfully

2022-07-12 23:34:23 - [TEST_STEP][PASSED] - verifyElementPresent(findTestObject("Object Repository/Page_PublicPortal/li_CPO Approved Courses"), 0): Object 'Object Repository/Page_PublicPortal/li_CPO Approved Courses' is present

2022-07-12 23:34:23 - [MESSAGE][WARNING] - Timeout '0' is invalid. Using default page load timeout: '30'

2022-07-12 23:34:24 - [MESSAGE][PASSED] - Object 'Object Repository/Page_PublicPortal/li_CPO Approved Courses' is present

2022-07-12 23:34:24 - [TEST_STEP][PASSED] - verifyElementClickable(findTestObject("Object Repository/Page_PublicPortal/li_CPO Approved Courses")): Object 'Object Repository/Page_PublicPortal/li_CPO Approved Courses' is clickable

2022-07-12 23:34:24 - [MESSAGE][PASSED] - Object 'Object Repository/Page_PublicPortal/li_CPO Approved Courses' is clickable

2022-07-12 23:34:24 - [TEST_STEP][PASSED] - click(findTestObject("Object Repository/Page_PublicPortal/li_Training Eligibility")): Object: 'Object Repository/Page_PublicPortal/li_Training Eligibility' is clicked on

2022-07-12 23:34:25 - [MESSAGE][PASSED] - Object: 'Object Repository/Page_PublicPortal/li_Training Eligibility' is clicked on

2022-07-12 23:34:25 - [TEST_STEP][PASSED] - click(findTestObject("Object Repository/Page_PublicPortal/li_CPO Approved Courses")): Object: 'Object Repository/Page_PublicPortal/li_CPO Approved Courses' is clicked on

2022-07-12 23:34:26 - [MESSAGE][PASSED] - Object: 'Object Repository/Page_PublicPortal/li_CPO Approved Courses' is clicked on

2022-07-12 23:34:26 - [TEST_STEP][PASSED] - verifyElementText(findTestObject("Object Repository/Page_PublicPortal/li_CPO Approved Courses"), "CPO Approved Courses"): Actual text and expected text of test object 'Object Repository/Page_PublicPortal/li_CPO Approved Courses' are matched.

2022-07-12 23:34:26 - [MESSAGE][PASSED] - Actual text and expected text of test object 'Object Repository/Page_PublicPortal/li_CPO Approved Courses' are matched.

2022-07-12 23:34:26 - [TEST_STEP][PASSED] - closeBrowser(): Browser is closed

2022-07-12 23:34:27 - [MESSAGE][PASSED] - Browser is closed]]></system-out>
         <system-err><![CDATA[]]></system-err>
      </testcase>
      <system-out><![CDATA[2022-07-12 23:32:53 - [TEST_SUITE][PASSED] - Beta_1: Test Cases/13_Approved Courses Search by Total Seats]]></system-out>
      <system-err><![CDATA[]]></system-err>
   </testsuite>
</testsuites>
