<?xml version="1.0" encoding="UTF-8"?>
<testsuites name="Beta_4" time="262.948" tests="23" failures="0" errors="0">
   <testsuite name="Beta_4" tests="23" failures="0" errors="0" time="262.948" skipped="0" timestamp="2022-07-12 23:36:44" hostname="DzhohaAl - ON34C03261455.cihs.ad.gov.on.ca" id="Test Suites/Beta_4">
      <properties>
         <property name="deviceName" value=""/>
         <property name="devicePlatform" value=""/>
         <property name="logFolder" value="C:\\Users\\DzhohaAl\\Katalon Studio\\CMS_automation\\Reports\\20220712_233553\\Beta_4\\20220712_233615"/>
         <property name="logFiles" value="C:\\Users\\DzhohaAl\\Katalon Studio\\CMS_automation\\Reports\\20220712_233553\\Beta_4\\20220712_233615\\execution0.log"/>
         <property name="attachments" value=""/>
         <property name="hostName" value="DzhohaAl - ON34C03261455.cihs.ad.gov.on.ca"/>
         <property name="os" value="Windows 10 64bit"/>
         <property name="katalonVersion" value="8.3.5.208"/>
         <property name="browser" value="Chrome 103.0.5060.114"/>
         <property name="hostAddress" value="192.168.0.18"/>
         <property name="sessionId" value="0eb277cce3aff296d2dcc1e6efa8ccba"/>
         <property name="seleniumVersion" value="3.141.59"/>
         <property name="proxyInformation" value="ProxyInformation { proxyOption=NO_PROXY, proxyServerType=HTTP, username=, password=********, proxyServerAddress=, proxyServerPort=0, executionList=&quot;&quot;, isApplyToDesiredCapabilities=true }"/>
         <property name="platform" value="Windows 10"/>
      </properties>
      <testcase name="Test Cases/60_Approved Training Providers Tab" time="17.605" classname="Test Cases/60_Approved Training Providers Tab" status="PASSED">
         <system-out><![CDATA[2022-07-12 23:36:45 - [TEST_CASE][PASSED] - Test Cases/60_Approved Training Providers Tab: Test Cases/60_Approved Training Providers Tab

2022-07-12 23:36:46 - [TEST_STEP][PASSED] - openBrowser(""): Browser is opened with url: ''

2022-07-12 23:36:48 - [MESSAGE][INFO] - Starting 'Chrome' driver

2022-07-12 23:36:48 - [MESSAGE][INFO] - Action delay is set to 0 milliseconds

2022-07-12 23:36:54 - [MESSAGE][PASSED] - Browser is opened with url: ''

2022-07-12 23:36:54 - [TEST_STEP][PASSED] - maximizeWindow(): Current window maximized

2022-07-12 23:36:55 - [MESSAGE][PASSED] - Current window maximized

2022-07-12 23:36:55 - [TEST_STEP][PASSED] - navigateToUrl("https://intra.stage.apps.labour.gov.on.ca/public-portal-qa/#/marketplace/course-search"): Navigate to 'https://intra.stage.apps.labour.gov.on.ca/public-portal-qa/#/marketplace/course-search' successfully

2022-07-12 23:36:57 - [MESSAGE][PASSED] - Navigate to 'https://intra.stage.apps.labour.gov.on.ca/public-portal-qa/#/marketplace/course-search' successfully

2022-07-12 23:36:57 - [TEST_STEP][PASSED] - verifyElementPresent(findTestObject("Object Repository/Page_PublicPortal/li_CPO Approved Courses"), 0): Object 'Object Repository/Page_PublicPortal/li_CPO Approved Courses' is present

2022-07-12 23:36:58 - [MESSAGE][WARNING] - Timeout '0' is invalid. Using default page load timeout: '30'

2022-07-12 23:36:58 - [MESSAGE][PASSED] - Object 'Object Repository/Page_PublicPortal/li_CPO Approved Courses' is present

2022-07-12 23:36:58 - [TEST_STEP][PASSED] - verifyElementClickable(findTestObject("Object Repository/Page_PublicPortal/li_CPO Approved Courses")): Object 'Object Repository/Page_PublicPortal/li_CPO Approved Courses' is clickable

2022-07-12 23:36:59 - [MESSAGE][PASSED] - Object 'Object Repository/Page_PublicPortal/li_CPO Approved Courses' is clickable

2022-07-12 23:36:59 - [TEST_STEP][PASSED] - click(findTestObject("Object Repository/Page_PublicPortal/li_Training Eligibility")): Object: 'Object Repository/Page_PublicPortal/li_Training Eligibility' is clicked on

2022-07-12 23:37:00 - [MESSAGE][PASSED] - Object: 'Object Repository/Page_PublicPortal/li_Training Eligibility' is clicked on

2022-07-12 23:37:00 - [TEST_STEP][PASSED] - click(findTestObject("Object Repository/Page_PublicPortal/li_CPO Approved Courses")): Object: 'Object Repository/Page_PublicPortal/li_CPO Approved Courses' is clicked on

2022-07-12 23:37:01 - [MESSAGE][PASSED] - Object: 'Object Repository/Page_PublicPortal/li_CPO Approved Courses' is clicked on

2022-07-12 23:37:01 - [TEST_STEP][PASSED] - verifyElementText(findTestObject("Object Repository/Page_PublicPortal/li_CPO Approved Courses"), "CPO Approved Courses"): Actual text and expected text of test object 'Object Repository/Page_PublicPortal/li_CPO Approved Courses' are matched.

2022-07-12 23:37:01 - [MESSAGE][PASSED] - Actual text and expected text of test object 'Object Repository/Page_PublicPortal/li_CPO Approved Courses' are matched.

2022-07-12 23:37:01 - [TEST_STEP][PASSED] - closeBrowser(): Browser is closed

2022-07-12 23:37:02 - [MESSAGE][PASSED] - Browser is closed]]></system-out>
         <system-err><![CDATA[]]></system-err>
      </testcase>
      <testcase name="Test Cases/61_Approved Training Providers Search by Training Provider" time="11.6" classname="Test Cases/61_Approved Training Providers Search by Training Provider" status="PASSED">
         <system-out><![CDATA[2022-07-12 23:37:02 - [TEST_CASE][PASSED] - Test Cases/61_Approved Training Providers Search by Training Provider: Test Cases/61_Approved Training Providers Search by Training Provider

2022-07-12 23:37:04 - [TEST_STEP][PASSED] - openBrowser(""): Browser is opened with url: ''

2022-07-12 23:37:04 - [MESSAGE][INFO] - Starting 'Chrome' driver

2022-07-12 23:37:04 - [MESSAGE][INFO] - Action delay is set to 0 milliseconds

2022-07-12 23:37:06 - [MESSAGE][PASSED] - Browser is opened with url: ''

2022-07-12 23:37:06 - [TEST_STEP][PASSED] - maximizeWindow(): Current window maximized

2022-07-12 23:37:06 - [MESSAGE][PASSED] - Current window maximized

2022-07-12 23:37:06 - [TEST_STEP][PASSED] - navigateToUrl("https://intra.stage.apps.labour.gov.on.ca/public-portal-qa/#/marketplace/course-search"): Navigate to 'https://intra.stage.apps.labour.gov.on.ca/public-portal-qa/#/marketplace/course-search' successfully

2022-07-12 23:37:09 - [MESSAGE][PASSED] - Navigate to 'https://intra.stage.apps.labour.gov.on.ca/public-portal-qa/#/marketplace/course-search' successfully

2022-07-12 23:37:09 - [TEST_STEP][PASSED] - verifyElementPresent(findTestObject("Object Repository/Page_PublicPortal/li_CPO Approved Courses"), 0): Object 'Object Repository/Page_PublicPortal/li_CPO Approved Courses' is present

2022-07-12 23:37:09 - [MESSAGE][WARNING] - Timeout '0' is invalid. Using default page load timeout: '30'

2022-07-12 23:37:10 - [MESSAGE][PASSED] - Object 'Object Repository/Page_PublicPortal/li_CPO Approved Courses' is present

2022-07-12 23:37:10 - [TEST_STEP][PASSED] - verifyElementClickable(findTestObject("Object Repository/Page_PublicPortal/li_CPO Approved Courses")): Object 'Object Repository/Page_PublicPortal/li_CPO Approved Courses' is clickable

2022-07-12 23:37:11 - [MESSAGE][PASSED] - Object 'Object Repository/Page_PublicPortal/li_CPO Approved Courses' is clickable

2022-07-12 23:37:11 - [TEST_STEP][PASSED] - click(findTestObject("Object Repository/Page_PublicPortal/li_Training Eligibility")): Object: 'Object Repository/Page_PublicPortal/li_Training Eligibility' is clicked on

2022-07-12 23:37:11 - [MESSAGE][PASSED] - Object: 'Object Repository/Page_PublicPortal/li_Training Eligibility' is clicked on

2022-07-12 23:37:11 - [TEST_STEP][PASSED] - click(findTestObject("Object Repository/Page_PublicPortal/li_CPO Approved Courses")): Object: 'Object Repository/Page_PublicPortal/li_CPO Approved Courses' is clicked on

2022-07-12 23:37:12 - [MESSAGE][PASSED] - Object: 'Object Repository/Page_PublicPortal/li_CPO Approved Courses' is clicked on

2022-07-12 23:37:12 - [TEST_STEP][PASSED] - verifyElementText(findTestObject("Object Repository/Page_PublicPortal/li_CPO Approved Courses"), "CPO Approved Courses"): Actual text and expected text of test object 'Object Repository/Page_PublicPortal/li_CPO Approved Courses' are matched.

2022-07-12 23:37:13 - [MESSAGE][PASSED] - Actual text and expected text of test object 'Object Repository/Page_PublicPortal/li_CPO Approved Courses' are matched.

2022-07-12 23:37:13 - [TEST_STEP][PASSED] - closeBrowser(): Browser is closed

2022-07-12 23:37:14 - [MESSAGE][PASSED] - Browser is closed]]></system-out>
         <system-err><![CDATA[]]></system-err>
      </testcase>
      <testcase name="Test Cases/62_Approved Training Providers Search by Training Program" time="10.938" classname="Test Cases/62_Approved Training Providers Search by Training Program" status="PASSED">
         <system-out><![CDATA[2022-07-12 23:37:14 - [TEST_CASE][PASSED] - Test Cases/62_Approved Training Providers Search by Training Program: Test Cases/62_Approved Training Providers Search by Training Program

2022-07-12 23:37:15 - [TEST_STEP][PASSED] - openBrowser(""): Browser is opened with url: ''

2022-07-12 23:37:15 - [MESSAGE][INFO] - Starting 'Chrome' driver

2022-07-12 23:37:15 - [MESSAGE][INFO] - Action delay is set to 0 milliseconds

2022-07-12 23:37:17 - [MESSAGE][PASSED] - Browser is opened with url: ''

2022-07-12 23:37:17 - [TEST_STEP][PASSED] - maximizeWindow(): Current window maximized

2022-07-12 23:37:17 - [MESSAGE][PASSED] - Current window maximized

2022-07-12 23:37:17 - [TEST_STEP][PASSED] - navigateToUrl("https://intra.stage.apps.labour.gov.on.ca/public-portal-qa/#/marketplace/course-search"): Navigate to 'https://intra.stage.apps.labour.gov.on.ca/public-portal-qa/#/marketplace/course-search' successfully

2022-07-12 23:37:20 - [MESSAGE][PASSED] - Navigate to 'https://intra.stage.apps.labour.gov.on.ca/public-portal-qa/#/marketplace/course-search' successfully

2022-07-12 23:37:20 - [TEST_STEP][PASSED] - verifyElementPresent(findTestObject("Object Repository/Page_PublicPortal/li_CPO Approved Courses"), 0): Object 'Object Repository/Page_PublicPortal/li_CPO Approved Courses' is present

2022-07-12 23:37:20 - [MESSAGE][WARNING] - Timeout '0' is invalid. Using default page load timeout: '30'

2022-07-12 23:37:20 - [MESSAGE][PASSED] - Object 'Object Repository/Page_PublicPortal/li_CPO Approved Courses' is present

2022-07-12 23:37:20 - [TEST_STEP][PASSED] - verifyElementClickable(findTestObject("Object Repository/Page_PublicPortal/li_CPO Approved Courses")): Object 'Object Repository/Page_PublicPortal/li_CPO Approved Courses' is clickable

2022-07-12 23:37:21 - [MESSAGE][PASSED] - Object 'Object Repository/Page_PublicPortal/li_CPO Approved Courses' is clickable

2022-07-12 23:37:21 - [TEST_STEP][PASSED] - click(findTestObject("Object Repository/Page_PublicPortal/li_Training Eligibility")): Object: 'Object Repository/Page_PublicPortal/li_Training Eligibility' is clicked on

2022-07-12 23:37:23 - [MESSAGE][PASSED] - Object: 'Object Repository/Page_PublicPortal/li_Training Eligibility' is clicked on

2022-07-12 23:37:23 - [TEST_STEP][PASSED] - click(findTestObject("Object Repository/Page_PublicPortal/li_CPO Approved Courses")): Object: 'Object Repository/Page_PublicPortal/li_CPO Approved Courses' is clicked on

2022-07-12 23:37:23 - [MESSAGE][PASSED] - Object: 'Object Repository/Page_PublicPortal/li_CPO Approved Courses' is clicked on

2022-07-12 23:37:23 - [TEST_STEP][PASSED] - verifyElementText(findTestObject("Object Repository/Page_PublicPortal/li_CPO Approved Courses"), "CPO Approved Courses"): Actual text and expected text of test object 'Object Repository/Page_PublicPortal/li_CPO Approved Courses' are matched.

2022-07-12 23:37:24 - [MESSAGE][PASSED] - Actual text and expected text of test object 'Object Repository/Page_PublicPortal/li_CPO Approved Courses' are matched.

2022-07-12 23:37:24 - [TEST_STEP][PASSED] - closeBrowser(): Browser is closed

2022-07-12 23:37:25 - [MESSAGE][PASSED] - Browser is closed]]></system-out>
         <system-err><![CDATA[]]></system-err>
      </testcase>
      <testcase name="Test Cases/63_Approved Training Providers Search by Training Type" time="10.042" classname="Test Cases/63_Approved Training Providers Search by Training Type" status="PASSED">
         <system-out><![CDATA[2022-07-12 23:37:25 - [TEST_CASE][PASSED] - Test Cases/63_Approved Training Providers Search by Training Type: Test Cases/63_Approved Training Providers Search by Training Type

2022-07-12 23:37:26 - [TEST_STEP][PASSED] - openBrowser(""): Browser is opened with url: ''

2022-07-12 23:37:26 - [MESSAGE][INFO] - Starting 'Chrome' driver

2022-07-12 23:37:26 - [MESSAGE][INFO] - Action delay is set to 0 milliseconds

2022-07-12 23:37:27 - [MESSAGE][PASSED] - Browser is opened with url: ''

2022-07-12 23:37:27 - [TEST_STEP][PASSED] - maximizeWindow(): Current window maximized

2022-07-12 23:37:28 - [MESSAGE][PASSED] - Current window maximized

2022-07-12 23:37:28 - [TEST_STEP][PASSED] - navigateToUrl("https://intra.stage.apps.labour.gov.on.ca/public-portal-qa/#/marketplace/course-search"): Navigate to 'https://intra.stage.apps.labour.gov.on.ca/public-portal-qa/#/marketplace/course-search' successfully

2022-07-12 23:37:31 - [MESSAGE][PASSED] - Navigate to 'https://intra.stage.apps.labour.gov.on.ca/public-portal-qa/#/marketplace/course-search' successfully

2022-07-12 23:37:31 - [TEST_STEP][PASSED] - verifyElementPresent(findTestObject("Object Repository/Page_PublicPortal/li_CPO Approved Courses"), 0): Object 'Object Repository/Page_PublicPortal/li_CPO Approved Courses' is present

2022-07-12 23:37:31 - [MESSAGE][WARNING] - Timeout '0' is invalid. Using default page load timeout: '30'

2022-07-12 23:37:32 - [MESSAGE][PASSED] - Object 'Object Repository/Page_PublicPortal/li_CPO Approved Courses' is present

2022-07-12 23:37:32 - [TEST_STEP][PASSED] - verifyElementClickable(findTestObject("Object Repository/Page_PublicPortal/li_CPO Approved Courses")): Object 'Object Repository/Page_PublicPortal/li_CPO Approved Courses' is clickable

2022-07-12 23:37:32 - [MESSAGE][PASSED] - Object 'Object Repository/Page_PublicPortal/li_CPO Approved Courses' is clickable

2022-07-12 23:37:32 - [TEST_STEP][PASSED] - click(findTestObject("Object Repository/Page_PublicPortal/li_Training Eligibility")): Object: 'Object Repository/Page_PublicPortal/li_Training Eligibility' is clicked on

2022-07-12 23:37:33 - [MESSAGE][PASSED] - Object: 'Object Repository/Page_PublicPortal/li_Training Eligibility' is clicked on

2022-07-12 23:37:33 - [TEST_STEP][PASSED] - click(findTestObject("Object Repository/Page_PublicPortal/li_CPO Approved Courses")): Object: 'Object Repository/Page_PublicPortal/li_CPO Approved Courses' is clicked on

2022-07-12 23:37:34 - [MESSAGE][PASSED] - Object: 'Object Repository/Page_PublicPortal/li_CPO Approved Courses' is clicked on

2022-07-12 23:37:34 - [TEST_STEP][PASSED] - verifyElementText(findTestObject("Object Repository/Page_PublicPortal/li_CPO Approved Courses"), "CPO Approved Courses"): Actual text and expected text of test object 'Object Repository/Page_PublicPortal/li_CPO Approved Courses' are matched.

2022-07-12 23:37:34 - [MESSAGE][PASSED] - Actual text and expected text of test object 'Object Repository/Page_PublicPortal/li_CPO Approved Courses' are matched.

2022-07-12 23:37:34 - [TEST_STEP][PASSED] - closeBrowser(): Browser is closed

2022-07-12 23:37:35 - [MESSAGE][PASSED] - Browser is closed]]></system-out>
         <system-err><![CDATA[]]></system-err>
      </testcase>
      <testcase name="Test Cases/64_Approved Training Providers Search by Approval Status" time="11.669" classname="Test Cases/64_Approved Training Providers Search by Approval Status" status="PASSED">
         <system-out><![CDATA[2022-07-12 23:37:35 - [TEST_CASE][PASSED] - Test Cases/64_Approved Training Providers Search by Approval Status: Test Cases/64_Approved Training Providers Search by Approval Status

2022-07-12 23:37:37 - [TEST_STEP][PASSED] - openBrowser(""): Browser is opened with url: ''

2022-07-12 23:37:37 - [MESSAGE][INFO] - Starting 'Chrome' driver

2022-07-12 23:37:37 - [MESSAGE][INFO] - Action delay is set to 0 milliseconds

2022-07-12 23:37:39 - [MESSAGE][PASSED] - Browser is opened with url: ''

2022-07-12 23:37:39 - [TEST_STEP][PASSED] - maximizeWindow(): Current window maximized

2022-07-12 23:37:39 - [MESSAGE][PASSED] - Current window maximized

2022-07-12 23:37:39 - [TEST_STEP][PASSED] - navigateToUrl("https://intra.stage.apps.labour.gov.on.ca/public-portal-qa/#/marketplace/course-search"): Navigate to 'https://intra.stage.apps.labour.gov.on.ca/public-portal-qa/#/marketplace/course-search' successfully

2022-07-12 23:37:42 - [MESSAGE][PASSED] - Navigate to 'https://intra.stage.apps.labour.gov.on.ca/public-portal-qa/#/marketplace/course-search' successfully

2022-07-12 23:37:42 - [TEST_STEP][PASSED] - verifyElementPresent(findTestObject("Object Repository/Page_PublicPortal/li_CPO Approved Courses"), 0): Object 'Object Repository/Page_PublicPortal/li_CPO Approved Courses' is present

2022-07-12 23:37:42 - [MESSAGE][WARNING] - Timeout '0' is invalid. Using default page load timeout: '30'

2022-07-12 23:37:43 - [MESSAGE][PASSED] - Object 'Object Repository/Page_PublicPortal/li_CPO Approved Courses' is present

2022-07-12 23:37:43 - [TEST_STEP][PASSED] - verifyElementClickable(findTestObject("Object Repository/Page_PublicPortal/li_CPO Approved Courses")): Object 'Object Repository/Page_PublicPortal/li_CPO Approved Courses' is clickable

2022-07-12 23:37:44 - [MESSAGE][PASSED] - Object 'Object Repository/Page_PublicPortal/li_CPO Approved Courses' is clickable

2022-07-12 23:37:44 - [TEST_STEP][PASSED] - click(findTestObject("Object Repository/Page_PublicPortal/li_Training Eligibility")): Object: 'Object Repository/Page_PublicPortal/li_Training Eligibility' is clicked on

2022-07-12 23:37:44 - [MESSAGE][PASSED] - Object: 'Object Repository/Page_PublicPortal/li_Training Eligibility' is clicked on

2022-07-12 23:37:44 - [TEST_STEP][PASSED] - click(findTestObject("Object Repository/Page_PublicPortal/li_CPO Approved Courses")): Object: 'Object Repository/Page_PublicPortal/li_CPO Approved Courses' is clicked on

2022-07-12 23:37:45 - [MESSAGE][PASSED] - Object: 'Object Repository/Page_PublicPortal/li_CPO Approved Courses' is clicked on

2022-07-12 23:37:45 - [TEST_STEP][PASSED] - verifyElementText(findTestObject("Object Repository/Page_PublicPortal/li_CPO Approved Courses"), "CPO Approved Courses"): Actual text and expected text of test object 'Object Repository/Page_PublicPortal/li_CPO Approved Courses' are matched.

2022-07-12 23:37:46 - [MESSAGE][PASSED] - Actual text and expected text of test object 'Object Repository/Page_PublicPortal/li_CPO Approved Courses' are matched.

2022-07-12 23:37:46 - [TEST_STEP][PASSED] - closeBrowser(): Browser is closed

2022-07-12 23:37:47 - [MESSAGE][PASSED] - Browser is closed]]></system-out>
         <system-err><![CDATA[]]></system-err>
      </testcase>
      <testcase name="Test Cases/65_Approved Training Providers Reset Search Filters" time="13.5" classname="Test Cases/65_Approved Training Providers Reset Search Filters" status="PASSED">
         <system-out><![CDATA[2022-07-12 23:37:47 - [TEST_CASE][PASSED] - Test Cases/65_Approved Training Providers Reset Search Filters: Test Cases/65_Approved Training Providers Reset Search Filters

2022-07-12 23:37:48 - [TEST_STEP][PASSED] - openBrowser(""): Browser is opened with url: ''

2022-07-12 23:37:48 - [MESSAGE][INFO] - Starting 'Chrome' driver

2022-07-12 23:37:48 - [MESSAGE][INFO] - Action delay is set to 0 milliseconds

2022-07-12 23:37:51 - [MESSAGE][PASSED] - Browser is opened with url: ''

2022-07-12 23:37:51 - [TEST_STEP][PASSED] - maximizeWindow(): Current window maximized

2022-07-12 23:37:51 - [MESSAGE][PASSED] - Current window maximized

2022-07-12 23:37:51 - [TEST_STEP][PASSED] - navigateToUrl("https://intra.stage.apps.labour.gov.on.ca/public-portal-qa/#/marketplace/course-search"): Navigate to 'https://intra.stage.apps.labour.gov.on.ca/public-portal-qa/#/marketplace/course-search' successfully

2022-07-12 23:37:55 - [MESSAGE][PASSED] - Navigate to 'https://intra.stage.apps.labour.gov.on.ca/public-portal-qa/#/marketplace/course-search' successfully

2022-07-12 23:37:55 - [TEST_STEP][PASSED] - verifyElementPresent(findTestObject("Object Repository/Page_PublicPortal/li_CPO Approved Courses"), 0): Object 'Object Repository/Page_PublicPortal/li_CPO Approved Courses' is present

2022-07-12 23:37:56 - [MESSAGE][WARNING] - Timeout '0' is invalid. Using default page load timeout: '30'

2022-07-12 23:37:57 - [MESSAGE][PASSED] - Object 'Object Repository/Page_PublicPortal/li_CPO Approved Courses' is present

2022-07-12 23:37:57 - [TEST_STEP][PASSED] - verifyElementClickable(findTestObject("Object Repository/Page_PublicPortal/li_CPO Approved Courses")): Object 'Object Repository/Page_PublicPortal/li_CPO Approved Courses' is clickable

2022-07-12 23:37:57 - [MESSAGE][PASSED] - Object 'Object Repository/Page_PublicPortal/li_CPO Approved Courses' is clickable

2022-07-12 23:37:57 - [TEST_STEP][PASSED] - click(findTestObject("Object Repository/Page_PublicPortal/li_Training Eligibility")): Object: 'Object Repository/Page_PublicPortal/li_Training Eligibility' is clicked on

2022-07-12 23:37:58 - [MESSAGE][PASSED] - Object: 'Object Repository/Page_PublicPortal/li_Training Eligibility' is clicked on

2022-07-12 23:37:58 - [TEST_STEP][PASSED] - click(findTestObject("Object Repository/Page_PublicPortal/li_CPO Approved Courses")): Object: 'Object Repository/Page_PublicPortal/li_CPO Approved Courses' is clicked on

2022-07-12 23:37:59 - [MESSAGE][PASSED] - Object: 'Object Repository/Page_PublicPortal/li_CPO Approved Courses' is clicked on

2022-07-12 23:37:59 - [TEST_STEP][PASSED] - verifyElementText(findTestObject("Object Repository/Page_PublicPortal/li_CPO Approved Courses"), "CPO Approved Courses"): Actual text and expected text of test object 'Object Repository/Page_PublicPortal/li_CPO Approved Courses' are matched.

2022-07-12 23:37:59 - [MESSAGE][PASSED] - Actual text and expected text of test object 'Object Repository/Page_PublicPortal/li_CPO Approved Courses' are matched.

2022-07-12 23:37:59 - [TEST_STEP][PASSED] - closeBrowser(): Browser is closed

2022-07-12 23:38:00 - [MESSAGE][PASSED] - Browser is closed]]></system-out>
         <system-err><![CDATA[]]></system-err>
      </testcase>
      <testcase name="Test Cases/66_Approved Training Providers Basic Search Result" time="11.039" classname="Test Cases/66_Approved Training Providers Basic Search Result" status="PASSED">
         <system-out><![CDATA[2022-07-12 23:38:00 - [TEST_CASE][PASSED] - Test Cases/66_Approved Training Providers Basic Search Result: Test Cases/66_Approved Training Providers Basic Search Result

2022-07-12 23:38:01 - [TEST_STEP][PASSED] - openBrowser(""): Browser is opened with url: ''

2022-07-12 23:38:01 - [MESSAGE][INFO] - Starting 'Chrome' driver

2022-07-12 23:38:01 - [MESSAGE][INFO] - Action delay is set to 0 milliseconds

2022-07-12 23:38:04 - [MESSAGE][PASSED] - Browser is opened with url: ''

2022-07-12 23:38:04 - [TEST_STEP][PASSED] - maximizeWindow(): Current window maximized

2022-07-12 23:38:04 - [MESSAGE][PASSED] - Current window maximized

2022-07-12 23:38:04 - [TEST_STEP][PASSED] - navigateToUrl("https://intra.stage.apps.labour.gov.on.ca/public-portal-qa/#/marketplace/course-search"): Navigate to 'https://intra.stage.apps.labour.gov.on.ca/public-portal-qa/#/marketplace/course-search' successfully

2022-07-12 23:38:07 - [MESSAGE][PASSED] - Navigate to 'https://intra.stage.apps.labour.gov.on.ca/public-portal-qa/#/marketplace/course-search' successfully

2022-07-12 23:38:07 - [TEST_STEP][PASSED] - verifyElementPresent(findTestObject("Object Repository/Page_PublicPortal/li_CPO Approved Courses"), 0): Object 'Object Repository/Page_PublicPortal/li_CPO Approved Courses' is present

2022-07-12 23:38:07 - [MESSAGE][WARNING] - Timeout '0' is invalid. Using default page load timeout: '30'

2022-07-12 23:38:08 - [MESSAGE][PASSED] - Object 'Object Repository/Page_PublicPortal/li_CPO Approved Courses' is present

2022-07-12 23:38:08 - [TEST_STEP][PASSED] - verifyElementClickable(findTestObject("Object Repository/Page_PublicPortal/li_CPO Approved Courses")): Object 'Object Repository/Page_PublicPortal/li_CPO Approved Courses' is clickable

2022-07-12 23:38:09 - [MESSAGE][PASSED] - Object 'Object Repository/Page_PublicPortal/li_CPO Approved Courses' is clickable

2022-07-12 23:38:09 - [TEST_STEP][PASSED] - click(findTestObject("Object Repository/Page_PublicPortal/li_Training Eligibility")): Object: 'Object Repository/Page_PublicPortal/li_Training Eligibility' is clicked on

2022-07-12 23:38:09 - [MESSAGE][PASSED] - Object: 'Object Repository/Page_PublicPortal/li_Training Eligibility' is clicked on

2022-07-12 23:38:09 - [TEST_STEP][PASSED] - click(findTestObject("Object Repository/Page_PublicPortal/li_CPO Approved Courses")): Object: 'Object Repository/Page_PublicPortal/li_CPO Approved Courses' is clicked on

2022-07-12 23:38:10 - [MESSAGE][PASSED] - Object: 'Object Repository/Page_PublicPortal/li_CPO Approved Courses' is clicked on

2022-07-12 23:38:10 - [TEST_STEP][PASSED] - verifyElementText(findTestObject("Object Repository/Page_PublicPortal/li_CPO Approved Courses"), "CPO Approved Courses"): Actual text and expected text of test object 'Object Repository/Page_PublicPortal/li_CPO Approved Courses' are matched.

2022-07-12 23:38:11 - [MESSAGE][PASSED] - Actual text and expected text of test object 'Object Repository/Page_PublicPortal/li_CPO Approved Courses' are matched.

2022-07-12 23:38:11 - [TEST_STEP][PASSED] - closeBrowser(): Browser is closed

2022-07-12 23:38:11 - [MESSAGE][PASSED] - Browser is closed]]></system-out>
         <system-err><![CDATA[]]></system-err>
      </testcase>
      <testcase name="Test Cases/67_Approved Training Providers View Storefront" time="12.277" classname="Test Cases/67_Approved Training Providers View Storefront" status="PASSED">
         <system-out><![CDATA[2022-07-12 23:38:11 - [TEST_CASE][PASSED] - Test Cases/67_Approved Training Providers View Storefront: Test Cases/67_Approved Training Providers View Storefront

2022-07-12 23:38:12 - [TEST_STEP][PASSED] - openBrowser(""): Browser is opened with url: ''

2022-07-12 23:38:12 - [MESSAGE][INFO] - Starting 'Chrome' driver

2022-07-12 23:38:12 - [MESSAGE][INFO] - Action delay is set to 0 milliseconds

2022-07-12 23:38:15 - [MESSAGE][PASSED] - Browser is opened with url: ''

2022-07-12 23:38:15 - [TEST_STEP][PASSED] - maximizeWindow(): Current window maximized

2022-07-12 23:38:15 - [MESSAGE][PASSED] - Current window maximized

2022-07-12 23:38:15 - [TEST_STEP][PASSED] - navigateToUrl("https://intra.stage.apps.labour.gov.on.ca/public-portal-qa/#/marketplace/course-search"): Navigate to 'https://intra.stage.apps.labour.gov.on.ca/public-portal-qa/#/marketplace/course-search' successfully

2022-07-12 23:38:19 - [MESSAGE][PASSED] - Navigate to 'https://intra.stage.apps.labour.gov.on.ca/public-portal-qa/#/marketplace/course-search' successfully

2022-07-12 23:38:19 - [TEST_STEP][PASSED] - verifyElementPresent(findTestObject("Object Repository/Page_PublicPortal/li_CPO Approved Courses"), 0): Object 'Object Repository/Page_PublicPortal/li_CPO Approved Courses' is present

2022-07-12 23:38:19 - [MESSAGE][WARNING] - Timeout '0' is invalid. Using default page load timeout: '30'

2022-07-12 23:38:20 - [MESSAGE][PASSED] - Object 'Object Repository/Page_PublicPortal/li_CPO Approved Courses' is present

2022-07-12 23:38:20 - [TEST_STEP][PASSED] - verifyElementClickable(findTestObject("Object Repository/Page_PublicPortal/li_CPO Approved Courses")): Object 'Object Repository/Page_PublicPortal/li_CPO Approved Courses' is clickable

2022-07-12 23:38:21 - [MESSAGE][PASSED] - Object 'Object Repository/Page_PublicPortal/li_CPO Approved Courses' is clickable

2022-07-12 23:38:21 - [TEST_STEP][PASSED] - click(findTestObject("Object Repository/Page_PublicPortal/li_Training Eligibility")): Object: 'Object Repository/Page_PublicPortal/li_Training Eligibility' is clicked on

2022-07-12 23:38:22 - [MESSAGE][PASSED] - Object: 'Object Repository/Page_PublicPortal/li_Training Eligibility' is clicked on

2022-07-12 23:38:22 - [TEST_STEP][PASSED] - click(findTestObject("Object Repository/Page_PublicPortal/li_CPO Approved Courses")): Object: 'Object Repository/Page_PublicPortal/li_CPO Approved Courses' is clicked on

2022-07-12 23:38:22 - [MESSAGE][PASSED] - Object: 'Object Repository/Page_PublicPortal/li_CPO Approved Courses' is clicked on

2022-07-12 23:38:22 - [TEST_STEP][PASSED] - verifyElementText(findTestObject("Object Repository/Page_PublicPortal/li_CPO Approved Courses"), "CPO Approved Courses"): Actual text and expected text of test object 'Object Repository/Page_PublicPortal/li_CPO Approved Courses' are matched.

2022-07-12 23:38:23 - [MESSAGE][PASSED] - Actual text and expected text of test object 'Object Repository/Page_PublicPortal/li_CPO Approved Courses' are matched.

2022-07-12 23:38:23 - [TEST_STEP][PASSED] - closeBrowser(): Browser is closed

2022-07-12 23:38:24 - [MESSAGE][PASSED] - Browser is closed]]></system-out>
         <system-err><![CDATA[]]></system-err>
      </testcase>
      <testcase name="Test Cases/68_Approved Training Providers Expandable Search Result" time="11.305" classname="Test Cases/68_Approved Training Providers Expandable Search Result" status="PASSED">
         <system-out><![CDATA[2022-07-12 23:38:24 - [TEST_CASE][PASSED] - Test Cases/68_Approved Training Providers Expandable Search Result: Test Cases/68_Approved Training Providers Expandable Search Result

2022-07-12 23:38:25 - [TEST_STEP][PASSED] - openBrowser(""): Browser is opened with url: ''

2022-07-12 23:38:25 - [MESSAGE][INFO] - Starting 'Chrome' driver

2022-07-12 23:38:25 - [MESSAGE][INFO] - Action delay is set to 0 milliseconds

2022-07-12 23:38:27 - [MESSAGE][PASSED] - Browser is opened with url: ''

2022-07-12 23:38:27 - [TEST_STEP][PASSED] - maximizeWindow(): Current window maximized

2022-07-12 23:38:27 - [MESSAGE][PASSED] - Current window maximized

2022-07-12 23:38:27 - [TEST_STEP][PASSED] - navigateToUrl("https://intra.stage.apps.labour.gov.on.ca/public-portal-qa/#/marketplace/course-search"): Navigate to 'https://intra.stage.apps.labour.gov.on.ca/public-portal-qa/#/marketplace/course-search' successfully

2022-07-12 23:38:30 - [MESSAGE][PASSED] - Navigate to 'https://intra.stage.apps.labour.gov.on.ca/public-portal-qa/#/marketplace/course-search' successfully

2022-07-12 23:38:30 - [TEST_STEP][PASSED] - verifyElementPresent(findTestObject("Object Repository/Page_PublicPortal/li_CPO Approved Courses"), 0): Object 'Object Repository/Page_PublicPortal/li_CPO Approved Courses' is present

2022-07-12 23:38:30 - [MESSAGE][WARNING] - Timeout '0' is invalid. Using default page load timeout: '30'

2022-07-12 23:38:32 - [MESSAGE][PASSED] - Object 'Object Repository/Page_PublicPortal/li_CPO Approved Courses' is present

2022-07-12 23:38:32 - [TEST_STEP][PASSED] - verifyElementClickable(findTestObject("Object Repository/Page_PublicPortal/li_CPO Approved Courses")): Object 'Object Repository/Page_PublicPortal/li_CPO Approved Courses' is clickable

2022-07-12 23:38:32 - [MESSAGE][PASSED] - Object 'Object Repository/Page_PublicPortal/li_CPO Approved Courses' is clickable

2022-07-12 23:38:32 - [TEST_STEP][PASSED] - click(findTestObject("Object Repository/Page_PublicPortal/li_Training Eligibility")): Object: 'Object Repository/Page_PublicPortal/li_Training Eligibility' is clicked on

2022-07-12 23:38:33 - [MESSAGE][PASSED] - Object: 'Object Repository/Page_PublicPortal/li_Training Eligibility' is clicked on

2022-07-12 23:38:33 - [TEST_STEP][PASSED] - click(findTestObject("Object Repository/Page_PublicPortal/li_CPO Approved Courses")): Object: 'Object Repository/Page_PublicPortal/li_CPO Approved Courses' is clicked on

2022-07-12 23:38:34 - [MESSAGE][PASSED] - Object: 'Object Repository/Page_PublicPortal/li_CPO Approved Courses' is clicked on

2022-07-12 23:38:34 - [TEST_STEP][PASSED] - verifyElementText(findTestObject("Object Repository/Page_PublicPortal/li_CPO Approved Courses"), "CPO Approved Courses"): Actual text and expected text of test object 'Object Repository/Page_PublicPortal/li_CPO Approved Courses' are matched.

2022-07-12 23:38:34 - [MESSAGE][PASSED] - Actual text and expected text of test object 'Object Repository/Page_PublicPortal/li_CPO Approved Courses' are matched.

2022-07-12 23:38:34 - [TEST_STEP][PASSED] - closeBrowser(): Browser is closed

2022-07-12 23:38:35 - [MESSAGE][PASSED] - Browser is closed]]></system-out>
         <system-err><![CDATA[]]></system-err>
      </testcase>
      <testcase name="Test Cases/69_Training Provider Tab Check worker eligibility Sidebar" time="12.539" classname="Test Cases/69_Training Provider Tab Check worker eligibility Sidebar" status="PASSED">
         <system-out><![CDATA[2022-07-12 23:38:35 - [TEST_CASE][PASSED] - Test Cases/69_Training Provider Tab Check worker eligibility Sidebar: Test Cases/69_Training Provider Tab Check worker eligibility Sidebar

2022-07-12 23:38:37 - [TEST_STEP][PASSED] - openBrowser(""): Browser is opened with url: ''

2022-07-12 23:38:37 - [MESSAGE][INFO] - Starting 'Chrome' driver

2022-07-12 23:38:37 - [MESSAGE][INFO] - Action delay is set to 0 milliseconds

2022-07-12 23:38:38 - [MESSAGE][PASSED] - Browser is opened with url: ''

2022-07-12 23:38:38 - [TEST_STEP][PASSED] - maximizeWindow(): Current window maximized

2022-07-12 23:38:39 - [MESSAGE][PASSED] - Current window maximized

2022-07-12 23:38:39 - [TEST_STEP][PASSED] - navigateToUrl("https://intra.stage.apps.labour.gov.on.ca/public-portal-qa/#/marketplace/course-search"): Navigate to 'https://intra.stage.apps.labour.gov.on.ca/public-portal-qa/#/marketplace/course-search' successfully

2022-07-12 23:38:42 - [MESSAGE][PASSED] - Navigate to 'https://intra.stage.apps.labour.gov.on.ca/public-portal-qa/#/marketplace/course-search' successfully

2022-07-12 23:38:42 - [TEST_STEP][PASSED] - verifyElementPresent(findTestObject("Object Repository/Page_PublicPortal/li_CPO Approved Courses"), 0): Object 'Object Repository/Page_PublicPortal/li_CPO Approved Courses' is present

2022-07-12 23:38:42 - [MESSAGE][WARNING] - Timeout '0' is invalid. Using default page load timeout: '30'

2022-07-12 23:38:44 - [MESSAGE][PASSED] - Object 'Object Repository/Page_PublicPortal/li_CPO Approved Courses' is present

2022-07-12 23:38:44 - [TEST_STEP][PASSED] - verifyElementClickable(findTestObject("Object Repository/Page_PublicPortal/li_CPO Approved Courses")): Object 'Object Repository/Page_PublicPortal/li_CPO Approved Courses' is clickable

2022-07-12 23:38:44 - [MESSAGE][PASSED] - Object 'Object Repository/Page_PublicPortal/li_CPO Approved Courses' is clickable

2022-07-12 23:38:44 - [TEST_STEP][PASSED] - click(findTestObject("Object Repository/Page_PublicPortal/li_Training Eligibility")): Object: 'Object Repository/Page_PublicPortal/li_Training Eligibility' is clicked on

2022-07-12 23:38:45 - [MESSAGE][PASSED] - Object: 'Object Repository/Page_PublicPortal/li_Training Eligibility' is clicked on

2022-07-12 23:38:45 - [TEST_STEP][PASSED] - click(findTestObject("Object Repository/Page_PublicPortal/li_CPO Approved Courses")): Object: 'Object Repository/Page_PublicPortal/li_CPO Approved Courses' is clicked on

2022-07-12 23:38:46 - [MESSAGE][PASSED] - Object: 'Object Repository/Page_PublicPortal/li_CPO Approved Courses' is clicked on

2022-07-12 23:38:46 - [TEST_STEP][PASSED] - verifyElementText(findTestObject("Object Repository/Page_PublicPortal/li_CPO Approved Courses"), "CPO Approved Courses"): Actual text and expected text of test object 'Object Repository/Page_PublicPortal/li_CPO Approved Courses' are matched.

2022-07-12 23:38:47 - [MESSAGE][PASSED] - Actual text and expected text of test object 'Object Repository/Page_PublicPortal/li_CPO Approved Courses' are matched.

2022-07-12 23:38:47 - [TEST_STEP][PASSED] - closeBrowser(): Browser is closed

2022-07-12 23:38:47 - [MESSAGE][PASSED] - Browser is closed]]></system-out>
         <system-err><![CDATA[]]></system-err>
      </testcase>
      <testcase name="Test Cases/70_Training Provider Tab Training Delivery Formats Sidebar" time="11.847" classname="Test Cases/70_Training Provider Tab Training Delivery Formats Sidebar" status="PASSED">
         <system-out><![CDATA[2022-07-12 23:38:47 - [TEST_CASE][PASSED] - Test Cases/70_Training Provider Tab Training Delivery Formats Sidebar: Test Cases/70_Training Provider Tab Training Delivery Formats Sidebar

2022-07-12 23:38:49 - [TEST_STEP][PASSED] - openBrowser(""): Browser is opened with url: ''

2022-07-12 23:38:49 - [MESSAGE][INFO] - Starting 'Chrome' driver

2022-07-12 23:38:49 - [MESSAGE][INFO] - Action delay is set to 0 milliseconds

2022-07-12 23:38:51 - [MESSAGE][PASSED] - Browser is opened with url: ''

2022-07-12 23:38:51 - [TEST_STEP][PASSED] - maximizeWindow(): Current window maximized

2022-07-12 23:38:51 - [MESSAGE][PASSED] - Current window maximized

2022-07-12 23:38:51 - [TEST_STEP][PASSED] - navigateToUrl("https://intra.stage.apps.labour.gov.on.ca/public-portal-qa/#/marketplace/course-search"): Navigate to 'https://intra.stage.apps.labour.gov.on.ca/public-portal-qa/#/marketplace/course-search' successfully

2022-07-12 23:38:54 - [MESSAGE][PASSED] - Navigate to 'https://intra.stage.apps.labour.gov.on.ca/public-portal-qa/#/marketplace/course-search' successfully

2022-07-12 23:38:54 - [TEST_STEP][PASSED] - verifyElementPresent(findTestObject("Object Repository/Page_PublicPortal/li_CPO Approved Courses"), 0): Object 'Object Repository/Page_PublicPortal/li_CPO Approved Courses' is present

2022-07-12 23:38:54 - [MESSAGE][WARNING] - Timeout '0' is invalid. Using default page load timeout: '30'

2022-07-12 23:38:55 - [MESSAGE][PASSED] - Object 'Object Repository/Page_PublicPortal/li_CPO Approved Courses' is present

2022-07-12 23:38:55 - [TEST_STEP][PASSED] - verifyElementClickable(findTestObject("Object Repository/Page_PublicPortal/li_CPO Approved Courses")): Object 'Object Repository/Page_PublicPortal/li_CPO Approved Courses' is clickable

2022-07-12 23:38:56 - [MESSAGE][PASSED] - Object 'Object Repository/Page_PublicPortal/li_CPO Approved Courses' is clickable

2022-07-12 23:38:56 - [TEST_STEP][PASSED] - click(findTestObject("Object Repository/Page_PublicPortal/li_Training Eligibility")): Object: 'Object Repository/Page_PublicPortal/li_Training Eligibility' is clicked on

2022-07-12 23:38:57 - [MESSAGE][PASSED] - Object: 'Object Repository/Page_PublicPortal/li_Training Eligibility' is clicked on

2022-07-12 23:38:57 - [TEST_STEP][PASSED] - click(findTestObject("Object Repository/Page_PublicPortal/li_CPO Approved Courses")): Object: 'Object Repository/Page_PublicPortal/li_CPO Approved Courses' is clicked on

2022-07-12 23:38:58 - [MESSAGE][PASSED] - Object: 'Object Repository/Page_PublicPortal/li_CPO Approved Courses' is clicked on

2022-07-12 23:38:58 - [TEST_STEP][PASSED] - verifyElementText(findTestObject("Object Repository/Page_PublicPortal/li_CPO Approved Courses"), "CPO Approved Courses"): Actual text and expected text of test object 'Object Repository/Page_PublicPortal/li_CPO Approved Courses' are matched.

2022-07-12 23:38:58 - [MESSAGE][PASSED] - Actual text and expected text of test object 'Object Repository/Page_PublicPortal/li_CPO Approved Courses' are matched.

2022-07-12 23:38:58 - [TEST_STEP][PASSED] - closeBrowser(): Browser is closed

2022-07-12 23:38:59 - [MESSAGE][PASSED] - Browser is closed]]></system-out>
         <system-err><![CDATA[]]></system-err>
      </testcase>
      <testcase name="Test Cases/71_Training Provider Tab Providers support to SOSE program Sidebar" time="12.814" classname="Test Cases/71_Training Provider Tab Providers support to SOSE program Sidebar" status="PASSED">
         <system-out><![CDATA[2022-07-12 23:38:59 - [TEST_CASE][PASSED] - Test Cases/71_Training Provider Tab Providers support to SOSE program Sidebar: Test Cases/71_Training Provider Tab Providers support to SOSE program Sidebar

2022-07-12 23:39:00 - [TEST_STEP][PASSED] - openBrowser(""): Browser is opened with url: ''

2022-07-12 23:39:00 - [MESSAGE][INFO] - Starting 'Chrome' driver

2022-07-12 23:39:00 - [MESSAGE][INFO] - Action delay is set to 0 milliseconds

2022-07-12 23:39:03 - [MESSAGE][PASSED] - Browser is opened with url: ''

2022-07-12 23:39:03 - [TEST_STEP][PASSED] - maximizeWindow(): Current window maximized

2022-07-12 23:39:03 - [MESSAGE][PASSED] - Current window maximized

2022-07-12 23:39:03 - [TEST_STEP][PASSED] - navigateToUrl("https://intra.stage.apps.labour.gov.on.ca/public-portal-qa/#/marketplace/course-search"): Navigate to 'https://intra.stage.apps.labour.gov.on.ca/public-portal-qa/#/marketplace/course-search' successfully

2022-07-12 23:39:05 - [MESSAGE][PASSED] - Navigate to 'https://intra.stage.apps.labour.gov.on.ca/public-portal-qa/#/marketplace/course-search' successfully

2022-07-12 23:39:05 - [TEST_STEP][PASSED] - verifyElementPresent(findTestObject("Object Repository/Page_PublicPortal/li_CPO Approved Courses"), 0): Object 'Object Repository/Page_PublicPortal/li_CPO Approved Courses' is present

2022-07-12 23:39:06 - [MESSAGE][WARNING] - Timeout '0' is invalid. Using default page load timeout: '30'

2022-07-12 23:39:07 - [MESSAGE][PASSED] - Object 'Object Repository/Page_PublicPortal/li_CPO Approved Courses' is present

2022-07-12 23:39:07 - [TEST_STEP][PASSED] - verifyElementClickable(findTestObject("Object Repository/Page_PublicPortal/li_CPO Approved Courses")): Object 'Object Repository/Page_PublicPortal/li_CPO Approved Courses' is clickable

2022-07-12 23:39:08 - [MESSAGE][PASSED] - Object 'Object Repository/Page_PublicPortal/li_CPO Approved Courses' is clickable

2022-07-12 23:39:08 - [TEST_STEP][PASSED] - click(findTestObject("Object Repository/Page_PublicPortal/li_Training Eligibility")): Object: 'Object Repository/Page_PublicPortal/li_Training Eligibility' is clicked on

2022-07-12 23:39:09 - [MESSAGE][PASSED] - Object: 'Object Repository/Page_PublicPortal/li_Training Eligibility' is clicked on

2022-07-12 23:39:09 - [TEST_STEP][PASSED] - click(findTestObject("Object Repository/Page_PublicPortal/li_CPO Approved Courses")): Object: 'Object Repository/Page_PublicPortal/li_CPO Approved Courses' is clicked on

2022-07-12 23:39:10 - [MESSAGE][PASSED] - Object: 'Object Repository/Page_PublicPortal/li_CPO Approved Courses' is clicked on

2022-07-12 23:39:10 - [TEST_STEP][PASSED] - verifyElementText(findTestObject("Object Repository/Page_PublicPortal/li_CPO Approved Courses"), "CPO Approved Courses"): Actual text and expected text of test object 'Object Repository/Page_PublicPortal/li_CPO Approved Courses' are matched.

2022-07-12 23:39:11 - [MESSAGE][PASSED] - Actual text and expected text of test object 'Object Repository/Page_PublicPortal/li_CPO Approved Courses' are matched.

2022-07-12 23:39:11 - [TEST_STEP][PASSED] - closeBrowser(): Browser is closed

2022-07-12 23:39:12 - [MESSAGE][PASSED] - Browser is closed]]></system-out>
         <system-err><![CDATA[]]></system-err>
      </testcase>
      <testcase name="Test Cases/72_TP Onboarding Application to Create an Account Page Step 1 Icon" time="12.081" classname="Test Cases/72_TP Onboarding Application to Create an Account Page Step 1 Icon" status="PASSED">
         <system-out><![CDATA[2022-07-12 23:39:12 - [TEST_CASE][PASSED] - Test Cases/72_TP Onboarding Application to Create an Account Page Step 1 Icon: Test Cases/72_TP Onboarding Application to Create an Account Page Step 1 Icon

2022-07-12 23:39:14 - [TEST_STEP][PASSED] - openBrowser(""): Browser is opened with url: ''

2022-07-12 23:39:14 - [MESSAGE][INFO] - Starting 'Chrome' driver

2022-07-12 23:39:14 - [MESSAGE][INFO] - Action delay is set to 0 milliseconds

2022-07-12 23:39:16 - [MESSAGE][PASSED] - Browser is opened with url: ''

2022-07-12 23:39:16 - [TEST_STEP][PASSED] - maximizeWindow(): Current window maximized

2022-07-12 23:39:17 - [MESSAGE][PASSED] - Current window maximized

2022-07-12 23:39:17 - [TEST_STEP][PASSED] - navigateToUrl("https://intra.stage.apps.labour.gov.on.ca/public-portal-qa/#/marketplace/course-search"): Navigate to 'https://intra.stage.apps.labour.gov.on.ca/public-portal-qa/#/marketplace/course-search' successfully

2022-07-12 23:39:20 - [MESSAGE][PASSED] - Navigate to 'https://intra.stage.apps.labour.gov.on.ca/public-portal-qa/#/marketplace/course-search' successfully

2022-07-12 23:39:20 - [TEST_STEP][PASSED] - verifyElementPresent(findTestObject("Object Repository/Page_PublicPortal/li_CPO Approved Courses"), 0): Object 'Object Repository/Page_PublicPortal/li_CPO Approved Courses' is present

2022-07-12 23:39:20 - [MESSAGE][WARNING] - Timeout '0' is invalid. Using default page load timeout: '30'

2022-07-12 23:39:21 - [MESSAGE][PASSED] - Object 'Object Repository/Page_PublicPortal/li_CPO Approved Courses' is present

2022-07-12 23:39:21 - [TEST_STEP][PASSED] - verifyElementClickable(findTestObject("Object Repository/Page_PublicPortal/li_CPO Approved Courses")): Object 'Object Repository/Page_PublicPortal/li_CPO Approved Courses' is clickable

2022-07-12 23:39:21 - [MESSAGE][PASSED] - Object 'Object Repository/Page_PublicPortal/li_CPO Approved Courses' is clickable

2022-07-12 23:39:21 - [TEST_STEP][PASSED] - click(findTestObject("Object Repository/Page_PublicPortal/li_Training Eligibility")): Object: 'Object Repository/Page_PublicPortal/li_Training Eligibility' is clicked on

2022-07-12 23:39:22 - [MESSAGE][PASSED] - Object: 'Object Repository/Page_PublicPortal/li_Training Eligibility' is clicked on

2022-07-12 23:39:22 - [TEST_STEP][PASSED] - click(findTestObject("Object Repository/Page_PublicPortal/li_CPO Approved Courses")): Object: 'Object Repository/Page_PublicPortal/li_CPO Approved Courses' is clicked on

2022-07-12 23:39:23 - [MESSAGE][PASSED] - Object: 'Object Repository/Page_PublicPortal/li_CPO Approved Courses' is clicked on

2022-07-12 23:39:23 - [TEST_STEP][PASSED] - verifyElementText(findTestObject("Object Repository/Page_PublicPortal/li_CPO Approved Courses"), "CPO Approved Courses"): Actual text and expected text of test object 'Object Repository/Page_PublicPortal/li_CPO Approved Courses' are matched.

2022-07-12 23:39:23 - [MESSAGE][PASSED] - Actual text and expected text of test object 'Object Repository/Page_PublicPortal/li_CPO Approved Courses' are matched.

2022-07-12 23:39:23 - [TEST_STEP][PASSED] - closeBrowser(): Browser is closed

2022-07-12 23:39:24 - [MESSAGE][PASSED] - Browser is closed]]></system-out>
         <system-err><![CDATA[]]></system-err>
      </testcase>
      <testcase name="Test Cases/74_TP Onboarding Applicant Contact Information Section" time="9.864" classname="Test Cases/74_TP Onboarding Applicant Contact Information Section" status="PASSED">
         <system-out><![CDATA[2022-07-12 23:39:24 - [TEST_CASE][PASSED] - Test Cases/74_TP Onboarding Applicant Contact Information Section: Test Cases/74_TP Onboarding Applicant Contact Information Section

2022-07-12 23:39:26 - [TEST_STEP][PASSED] - openBrowser(""): Browser is opened with url: ''

2022-07-12 23:39:26 - [MESSAGE][INFO] - Starting 'Chrome' driver

2022-07-12 23:39:26 - [MESSAGE][INFO] - Action delay is set to 0 milliseconds

2022-07-12 23:39:27 - [MESSAGE][PASSED] - Browser is opened with url: ''

2022-07-12 23:39:27 - [TEST_STEP][PASSED] - maximizeWindow(): Current window maximized

2022-07-12 23:39:27 - [MESSAGE][PASSED] - Current window maximized

2022-07-12 23:39:27 - [TEST_STEP][PASSED] - navigateToUrl("https://intra.stage.apps.labour.gov.on.ca/public-portal-qa/#/marketplace/course-search"): Navigate to 'https://intra.stage.apps.labour.gov.on.ca/public-portal-qa/#/marketplace/course-search' successfully

2022-07-12 23:39:30 - [MESSAGE][PASSED] - Navigate to 'https://intra.stage.apps.labour.gov.on.ca/public-portal-qa/#/marketplace/course-search' successfully

2022-07-12 23:39:30 - [TEST_STEP][PASSED] - verifyElementPresent(findTestObject("Object Repository/Page_PublicPortal/li_CPO Approved Courses"), 0): Object 'Object Repository/Page_PublicPortal/li_CPO Approved Courses' is present

2022-07-12 23:39:30 - [MESSAGE][WARNING] - Timeout '0' is invalid. Using default page load timeout: '30'

2022-07-12 23:39:31 - [MESSAGE][PASSED] - Object 'Object Repository/Page_PublicPortal/li_CPO Approved Courses' is present

2022-07-12 23:39:31 - [TEST_STEP][PASSED] - verifyElementClickable(findTestObject("Object Repository/Page_PublicPortal/li_CPO Approved Courses")): Object 'Object Repository/Page_PublicPortal/li_CPO Approved Courses' is clickable

2022-07-12 23:39:31 - [MESSAGE][PASSED] - Object 'Object Repository/Page_PublicPortal/li_CPO Approved Courses' is clickable

2022-07-12 23:39:31 - [TEST_STEP][PASSED] - click(findTestObject("Object Repository/Page_PublicPortal/li_Training Eligibility")): Object: 'Object Repository/Page_PublicPortal/li_Training Eligibility' is clicked on

2022-07-12 23:39:32 - [MESSAGE][PASSED] - Object: 'Object Repository/Page_PublicPortal/li_Training Eligibility' is clicked on

2022-07-12 23:39:32 - [TEST_STEP][PASSED] - click(findTestObject("Object Repository/Page_PublicPortal/li_CPO Approved Courses")): Object: 'Object Repository/Page_PublicPortal/li_CPO Approved Courses' is clicked on

2022-07-12 23:39:33 - [MESSAGE][PASSED] - Object: 'Object Repository/Page_PublicPortal/li_CPO Approved Courses' is clicked on

2022-07-12 23:39:33 - [TEST_STEP][PASSED] - verifyElementText(findTestObject("Object Repository/Page_PublicPortal/li_CPO Approved Courses"), "CPO Approved Courses"): Actual text and expected text of test object 'Object Repository/Page_PublicPortal/li_CPO Approved Courses' are matched.

2022-07-12 23:39:33 - [MESSAGE][PASSED] - Actual text and expected text of test object 'Object Repository/Page_PublicPortal/li_CPO Approved Courses' are matched.

2022-07-12 23:39:33 - [TEST_STEP][PASSED] - closeBrowser(): Browser is closed

2022-07-12 23:39:34 - [MESSAGE][PASSED] - Browser is closed]]></system-out>
         <system-err><![CDATA[]]></system-err>
      </testcase>
      <testcase name="Test Cases/73_TP Onboarding Designated Signing Authority Question" time="10.247" classname="Test Cases/73_TP Onboarding Designated Signing Authority Question" status="PASSED">
         <system-out><![CDATA[2022-07-12 23:39:34 - [TEST_CASE][PASSED] - Test Cases/73_TP Onboarding Designated Signing Authority Question: Test Cases/73_TP Onboarding Designated Signing Authority Question

2022-07-12 23:39:35 - [TEST_STEP][PASSED] - openBrowser(""): Browser is opened with url: ''

2022-07-12 23:39:35 - [MESSAGE][INFO] - Starting 'Chrome' driver

2022-07-12 23:39:35 - [MESSAGE][INFO] - Action delay is set to 0 milliseconds

2022-07-12 23:39:37 - [MESSAGE][PASSED] - Browser is opened with url: ''

2022-07-12 23:39:37 - [TEST_STEP][PASSED] - maximizeWindow(): Current window maximized

2022-07-12 23:39:37 - [MESSAGE][PASSED] - Current window maximized

2022-07-12 23:39:37 - [TEST_STEP][PASSED] - navigateToUrl("https://intra.stage.apps.labour.gov.on.ca/public-portal-qa/#/marketplace/course-search"): Navigate to 'https://intra.stage.apps.labour.gov.on.ca/public-portal-qa/#/marketplace/course-search' successfully

2022-07-12 23:39:40 - [MESSAGE][PASSED] - Navigate to 'https://intra.stage.apps.labour.gov.on.ca/public-portal-qa/#/marketplace/course-search' successfully

2022-07-12 23:39:40 - [TEST_STEP][PASSED] - verifyElementPresent(findTestObject("Object Repository/Page_PublicPortal/li_CPO Approved Courses"), 0): Object 'Object Repository/Page_PublicPortal/li_CPO Approved Courses' is present

2022-07-12 23:39:40 - [MESSAGE][WARNING] - Timeout '0' is invalid. Using default page load timeout: '30'

2022-07-12 23:39:41 - [MESSAGE][PASSED] - Object 'Object Repository/Page_PublicPortal/li_CPO Approved Courses' is present

2022-07-12 23:39:41 - [TEST_STEP][PASSED] - verifyElementClickable(findTestObject("Object Repository/Page_PublicPortal/li_CPO Approved Courses")): Object 'Object Repository/Page_PublicPortal/li_CPO Approved Courses' is clickable

2022-07-12 23:39:41 - [MESSAGE][PASSED] - Object 'Object Repository/Page_PublicPortal/li_CPO Approved Courses' is clickable

2022-07-12 23:39:41 - [TEST_STEP][PASSED] - click(findTestObject("Object Repository/Page_PublicPortal/li_Training Eligibility")): Object: 'Object Repository/Page_PublicPortal/li_Training Eligibility' is clicked on

2022-07-12 23:39:42 - [MESSAGE][PASSED] - Object: 'Object Repository/Page_PublicPortal/li_Training Eligibility' is clicked on

2022-07-12 23:39:42 - [TEST_STEP][PASSED] - click(findTestObject("Object Repository/Page_PublicPortal/li_CPO Approved Courses")): Object: 'Object Repository/Page_PublicPortal/li_CPO Approved Courses' is clicked on

2022-07-12 23:39:43 - [MESSAGE][PASSED] - Object: 'Object Repository/Page_PublicPortal/li_CPO Approved Courses' is clicked on

2022-07-12 23:39:43 - [TEST_STEP][PASSED] - verifyElementText(findTestObject("Object Repository/Page_PublicPortal/li_CPO Approved Courses"), "CPO Approved Courses"): Actual text and expected text of test object 'Object Repository/Page_PublicPortal/li_CPO Approved Courses' are matched.

2022-07-12 23:39:44 - [MESSAGE][PASSED] - Actual text and expected text of test object 'Object Repository/Page_PublicPortal/li_CPO Approved Courses' are matched.

2022-07-12 23:39:44 - [TEST_STEP][PASSED] - closeBrowser(): Browser is closed

2022-07-12 23:39:44 - [MESSAGE][PASSED] - Browser is closed]]></system-out>
         <system-err><![CDATA[]]></system-err>
      </testcase>
      <testcase name="Test Cases/75_TP Onboarding Add Alternate Signing Authority" time="9.666" classname="Test Cases/75_TP Onboarding Add Alternate Signing Authority" status="PASSED">
         <system-out><![CDATA[2022-07-12 23:39:44 - [TEST_CASE][PASSED] - Test Cases/75_TP Onboarding Add Alternate Signing Authority: Test Cases/75_TP Onboarding Add Alternate Signing Authority

2022-07-12 23:39:46 - [TEST_STEP][PASSED] - openBrowser(""): Browser is opened with url: ''

2022-07-12 23:39:46 - [MESSAGE][INFO] - Starting 'Chrome' driver

2022-07-12 23:39:46 - [MESSAGE][INFO] - Action delay is set to 0 milliseconds

2022-07-12 23:39:47 - [MESSAGE][PASSED] - Browser is opened with url: ''

2022-07-12 23:39:47 - [TEST_STEP][PASSED] - maximizeWindow(): Current window maximized

2022-07-12 23:39:47 - [MESSAGE][PASSED] - Current window maximized

2022-07-12 23:39:47 - [TEST_STEP][PASSED] - navigateToUrl("https://intra.stage.apps.labour.gov.on.ca/public-portal-qa/#/marketplace/course-search"): Navigate to 'https://intra.stage.apps.labour.gov.on.ca/public-portal-qa/#/marketplace/course-search' successfully

2022-07-12 23:39:50 - [MESSAGE][PASSED] - Navigate to 'https://intra.stage.apps.labour.gov.on.ca/public-portal-qa/#/marketplace/course-search' successfully

2022-07-12 23:39:50 - [TEST_STEP][PASSED] - verifyElementPresent(findTestObject("Object Repository/Page_PublicPortal/li_CPO Approved Courses"), 0): Object 'Object Repository/Page_PublicPortal/li_CPO Approved Courses' is present

2022-07-12 23:39:50 - [MESSAGE][WARNING] - Timeout '0' is invalid. Using default page load timeout: '30'

2022-07-12 23:39:51 - [MESSAGE][PASSED] - Object 'Object Repository/Page_PublicPortal/li_CPO Approved Courses' is present

2022-07-12 23:39:51 - [TEST_STEP][PASSED] - verifyElementClickable(findTestObject("Object Repository/Page_PublicPortal/li_CPO Approved Courses")): Object 'Object Repository/Page_PublicPortal/li_CPO Approved Courses' is clickable

2022-07-12 23:39:51 - [MESSAGE][PASSED] - Object 'Object Repository/Page_PublicPortal/li_CPO Approved Courses' is clickable

2022-07-12 23:39:51 - [TEST_STEP][PASSED] - click(findTestObject("Object Repository/Page_PublicPortal/li_Training Eligibility")): Object: 'Object Repository/Page_PublicPortal/li_Training Eligibility' is clicked on

2022-07-12 23:39:52 - [MESSAGE][PASSED] - Object: 'Object Repository/Page_PublicPortal/li_Training Eligibility' is clicked on

2022-07-12 23:39:52 - [TEST_STEP][PASSED] - click(findTestObject("Object Repository/Page_PublicPortal/li_CPO Approved Courses")): Object: 'Object Repository/Page_PublicPortal/li_CPO Approved Courses' is clicked on

2022-07-12 23:39:53 - [MESSAGE][PASSED] - Object: 'Object Repository/Page_PublicPortal/li_CPO Approved Courses' is clicked on

2022-07-12 23:39:53 - [TEST_STEP][PASSED] - verifyElementText(findTestObject("Object Repository/Page_PublicPortal/li_CPO Approved Courses"), "CPO Approved Courses"): Actual text and expected text of test object 'Object Repository/Page_PublicPortal/li_CPO Approved Courses' are matched.

2022-07-12 23:39:53 - [MESSAGE][PASSED] - Actual text and expected text of test object 'Object Repository/Page_PublicPortal/li_CPO Approved Courses' are matched.

2022-07-12 23:39:53 - [TEST_STEP][PASSED] - closeBrowser(): Browser is closed

2022-07-12 23:39:54 - [MESSAGE][PASSED] - Browser is closed]]></system-out>
         <system-err><![CDATA[]]></system-err>
      </testcase>
      <testcase name="Test Cases/76_TP Onboarding Add Designated Signing Authority Information" time="9.589" classname="Test Cases/76_TP Onboarding Add Designated Signing Authority Information" status="PASSED">
         <system-out><![CDATA[2022-07-12 23:39:54 - [TEST_CASE][PASSED] - Test Cases/76_TP Onboarding Add Designated Signing Authority Information: Test Cases/76_TP Onboarding Add Designated Signing Authority Information

2022-07-12 23:39:56 - [TEST_STEP][PASSED] - openBrowser(""): Browser is opened with url: ''

2022-07-12 23:39:56 - [MESSAGE][INFO] - Starting 'Chrome' driver

2022-07-12 23:39:56 - [MESSAGE][INFO] - Action delay is set to 0 milliseconds

2022-07-12 23:39:57 - [MESSAGE][PASSED] - Browser is opened with url: ''

2022-07-12 23:39:57 - [TEST_STEP][PASSED] - maximizeWindow(): Current window maximized

2022-07-12 23:39:57 - [MESSAGE][PASSED] - Current window maximized

2022-07-12 23:39:57 - [TEST_STEP][PASSED] - navigateToUrl("https://intra.stage.apps.labour.gov.on.ca/public-portal-qa/#/marketplace/course-search"): Navigate to 'https://intra.stage.apps.labour.gov.on.ca/public-portal-qa/#/marketplace/course-search' successfully

2022-07-12 23:40:00 - [MESSAGE][PASSED] - Navigate to 'https://intra.stage.apps.labour.gov.on.ca/public-portal-qa/#/marketplace/course-search' successfully

2022-07-12 23:40:00 - [TEST_STEP][PASSED] - verifyElementPresent(findTestObject("Object Repository/Page_PublicPortal/li_CPO Approved Courses"), 0): Object 'Object Repository/Page_PublicPortal/li_CPO Approved Courses' is present

2022-07-12 23:40:00 - [MESSAGE][WARNING] - Timeout '0' is invalid. Using default page load timeout: '30'

2022-07-12 23:40:01 - [MESSAGE][PASSED] - Object 'Object Repository/Page_PublicPortal/li_CPO Approved Courses' is present

2022-07-12 23:40:01 - [TEST_STEP][PASSED] - verifyElementClickable(findTestObject("Object Repository/Page_PublicPortal/li_CPO Approved Courses")): Object 'Object Repository/Page_PublicPortal/li_CPO Approved Courses' is clickable

2022-07-12 23:40:01 - [MESSAGE][PASSED] - Object 'Object Repository/Page_PublicPortal/li_CPO Approved Courses' is clickable

2022-07-12 23:40:01 - [TEST_STEP][PASSED] - click(findTestObject("Object Repository/Page_PublicPortal/li_Training Eligibility")): Object: 'Object Repository/Page_PublicPortal/li_Training Eligibility' is clicked on

2022-07-12 23:40:02 - [MESSAGE][PASSED] - Object: 'Object Repository/Page_PublicPortal/li_Training Eligibility' is clicked on

2022-07-12 23:40:02 - [TEST_STEP][PASSED] - click(findTestObject("Object Repository/Page_PublicPortal/li_CPO Approved Courses")): Object: 'Object Repository/Page_PublicPortal/li_CPO Approved Courses' is clicked on

2022-07-12 23:40:02 - [MESSAGE][PASSED] - Object: 'Object Repository/Page_PublicPortal/li_CPO Approved Courses' is clicked on

2022-07-12 23:40:02 - [TEST_STEP][PASSED] - verifyElementText(findTestObject("Object Repository/Page_PublicPortal/li_CPO Approved Courses"), "CPO Approved Courses"): Actual text and expected text of test object 'Object Repository/Page_PublicPortal/li_CPO Approved Courses' are matched.

2022-07-12 23:40:03 - [MESSAGE][PASSED] - Actual text and expected text of test object 'Object Repository/Page_PublicPortal/li_CPO Approved Courses' are matched.

2022-07-12 23:40:03 - [TEST_STEP][PASSED] - closeBrowser(): Browser is closed

2022-07-12 23:40:04 - [MESSAGE][PASSED] - Browser is closed]]></system-out>
         <system-err><![CDATA[]]></system-err>
      </testcase>
      <testcase name="Test Cases/77_TP Onboarding Applicant Business Information Section" time="9.847" classname="Test Cases/77_TP Onboarding Applicant Business Information Section" status="PASSED">
         <system-out><![CDATA[2022-07-12 23:40:04 - [TEST_CASE][PASSED] - Test Cases/77_TP Onboarding Applicant Business Information Section: Test Cases/77_TP Onboarding Applicant Business Information Section

2022-07-12 23:40:05 - [TEST_STEP][PASSED] - openBrowser(""): Browser is opened with url: ''

2022-07-12 23:40:05 - [MESSAGE][INFO] - Starting 'Chrome' driver

2022-07-12 23:40:05 - [MESSAGE][INFO] - Action delay is set to 0 milliseconds

2022-07-12 23:40:06 - [MESSAGE][PASSED] - Browser is opened with url: ''

2022-07-12 23:40:06 - [TEST_STEP][PASSED] - maximizeWindow(): Current window maximized

2022-07-12 23:40:07 - [MESSAGE][PASSED] - Current window maximized

2022-07-12 23:40:07 - [TEST_STEP][PASSED] - navigateToUrl("https://intra.stage.apps.labour.gov.on.ca/public-portal-qa/#/marketplace/course-search"): Navigate to 'https://intra.stage.apps.labour.gov.on.ca/public-portal-qa/#/marketplace/course-search' successfully

2022-07-12 23:40:09 - [MESSAGE][PASSED] - Navigate to 'https://intra.stage.apps.labour.gov.on.ca/public-portal-qa/#/marketplace/course-search' successfully

2022-07-12 23:40:09 - [TEST_STEP][PASSED] - verifyElementPresent(findTestObject("Object Repository/Page_PublicPortal/li_CPO Approved Courses"), 0): Object 'Object Repository/Page_PublicPortal/li_CPO Approved Courses' is present

2022-07-12 23:40:09 - [MESSAGE][WARNING] - Timeout '0' is invalid. Using default page load timeout: '30'

2022-07-12 23:40:10 - [MESSAGE][PASSED] - Object 'Object Repository/Page_PublicPortal/li_CPO Approved Courses' is present

2022-07-12 23:40:10 - [TEST_STEP][PASSED] - verifyElementClickable(findTestObject("Object Repository/Page_PublicPortal/li_CPO Approved Courses")): Object 'Object Repository/Page_PublicPortal/li_CPO Approved Courses' is clickable

2022-07-12 23:40:10 - [MESSAGE][PASSED] - Object 'Object Repository/Page_PublicPortal/li_CPO Approved Courses' is clickable

2022-07-12 23:40:10 - [TEST_STEP][PASSED] - click(findTestObject("Object Repository/Page_PublicPortal/li_Training Eligibility")): Object: 'Object Repository/Page_PublicPortal/li_Training Eligibility' is clicked on

2022-07-12 23:40:11 - [MESSAGE][PASSED] - Object: 'Object Repository/Page_PublicPortal/li_Training Eligibility' is clicked on

2022-07-12 23:40:11 - [TEST_STEP][PASSED] - click(findTestObject("Object Repository/Page_PublicPortal/li_CPO Approved Courses")): Object: 'Object Repository/Page_PublicPortal/li_CPO Approved Courses' is clicked on

2022-07-12 23:40:12 - [MESSAGE][PASSED] - Object: 'Object Repository/Page_PublicPortal/li_CPO Approved Courses' is clicked on

2022-07-12 23:40:12 - [TEST_STEP][PASSED] - verifyElementText(findTestObject("Object Repository/Page_PublicPortal/li_CPO Approved Courses"), "CPO Approved Courses"): Actual text and expected text of test object 'Object Repository/Page_PublicPortal/li_CPO Approved Courses' are matched.

2022-07-12 23:40:13 - [MESSAGE][PASSED] - Actual text and expected text of test object 'Object Repository/Page_PublicPortal/li_CPO Approved Courses' are matched.

2022-07-12 23:40:13 - [TEST_STEP][PASSED] - closeBrowser(): Browser is closed

2022-07-12 23:40:14 - [MESSAGE][PASSED] - Browser is closed]]></system-out>
         <system-err><![CDATA[]]></system-err>
      </testcase>
      <testcase name="Test Cases/78_TP Onboarding Training Delivery Information Section" time="9.971" classname="Test Cases/78_TP Onboarding Training Delivery Information Section" status="PASSED">
         <system-out><![CDATA[2022-07-12 23:40:14 - [TEST_CASE][PASSED] - Test Cases/78_TP Onboarding Training Delivery Information Section: Test Cases/78_TP Onboarding Training Delivery Information Section

2022-07-12 23:40:15 - [TEST_STEP][PASSED] - openBrowser(""): Browser is opened with url: ''

2022-07-12 23:40:15 - [MESSAGE][INFO] - Starting 'Chrome' driver

2022-07-12 23:40:15 - [MESSAGE][INFO] - Action delay is set to 0 milliseconds

2022-07-12 23:40:17 - [MESSAGE][PASSED] - Browser is opened with url: ''

2022-07-12 23:40:17 - [TEST_STEP][PASSED] - maximizeWindow(): Current window maximized

2022-07-12 23:40:17 - [MESSAGE][PASSED] - Current window maximized

2022-07-12 23:40:17 - [TEST_STEP][PASSED] - navigateToUrl("https://intra.stage.apps.labour.gov.on.ca/public-portal-qa/#/marketplace/course-search"): Navigate to 'https://intra.stage.apps.labour.gov.on.ca/public-portal-qa/#/marketplace/course-search' successfully

2022-07-12 23:40:19 - [MESSAGE][PASSED] - Navigate to 'https://intra.stage.apps.labour.gov.on.ca/public-portal-qa/#/marketplace/course-search' successfully

2022-07-12 23:40:19 - [TEST_STEP][PASSED] - verifyElementPresent(findTestObject("Object Repository/Page_PublicPortal/li_CPO Approved Courses"), 0): Object 'Object Repository/Page_PublicPortal/li_CPO Approved Courses' is present

2022-07-12 23:40:19 - [MESSAGE][WARNING] - Timeout '0' is invalid. Using default page load timeout: '30'

2022-07-12 23:40:20 - [MESSAGE][PASSED] - Object 'Object Repository/Page_PublicPortal/li_CPO Approved Courses' is present

2022-07-12 23:40:20 - [TEST_STEP][PASSED] - verifyElementClickable(findTestObject("Object Repository/Page_PublicPortal/li_CPO Approved Courses")): Object 'Object Repository/Page_PublicPortal/li_CPO Approved Courses' is clickable

2022-07-12 23:40:20 - [MESSAGE][PASSED] - Object 'Object Repository/Page_PublicPortal/li_CPO Approved Courses' is clickable

2022-07-12 23:40:20 - [TEST_STEP][PASSED] - click(findTestObject("Object Repository/Page_PublicPortal/li_Training Eligibility")): Object: 'Object Repository/Page_PublicPortal/li_Training Eligibility' is clicked on

2022-07-12 23:40:21 - [MESSAGE][PASSED] - Object: 'Object Repository/Page_PublicPortal/li_Training Eligibility' is clicked on

2022-07-12 23:40:21 - [TEST_STEP][PASSED] - click(findTestObject("Object Repository/Page_PublicPortal/li_CPO Approved Courses")): Object: 'Object Repository/Page_PublicPortal/li_CPO Approved Courses' is clicked on

2022-07-12 23:40:22 - [MESSAGE][PASSED] - Object: 'Object Repository/Page_PublicPortal/li_CPO Approved Courses' is clicked on

2022-07-12 23:40:22 - [TEST_STEP][PASSED] - verifyElementText(findTestObject("Object Repository/Page_PublicPortal/li_CPO Approved Courses"), "CPO Approved Courses"): Actual text and expected text of test object 'Object Repository/Page_PublicPortal/li_CPO Approved Courses' are matched.

2022-07-12 23:40:23 - [MESSAGE][PASSED] - Actual text and expected text of test object 'Object Repository/Page_PublicPortal/li_CPO Approved Courses' are matched.

2022-07-12 23:40:23 - [TEST_STEP][PASSED] - closeBrowser(): Browser is closed

2022-07-12 23:40:24 - [MESSAGE][PASSED] - Browser is closed]]></system-out>
         <system-err><![CDATA[]]></system-err>
      </testcase>
      <testcase name="Test Cases/79_TP Onboarding Other MLTSD Programs Section" time="9.822" classname="Test Cases/79_TP Onboarding Other MLTSD Programs Section" status="PASSED">
         <system-out><![CDATA[2022-07-12 23:40:24 - [TEST_CASE][PASSED] - Test Cases/79_TP Onboarding Other MLTSD Programs Section: Test Cases/79_TP Onboarding Other MLTSD Programs Section

2022-07-12 23:40:25 - [TEST_STEP][PASSED] - openBrowser(""): Browser is opened with url: ''

2022-07-12 23:40:25 - [MESSAGE][INFO] - Starting 'Chrome' driver

2022-07-12 23:40:25 - [MESSAGE][INFO] - Action delay is set to 0 milliseconds

2022-07-12 23:40:27 - [MESSAGE][PASSED] - Browser is opened with url: ''

2022-07-12 23:40:27 - [TEST_STEP][PASSED] - maximizeWindow(): Current window maximized

2022-07-12 23:40:27 - [MESSAGE][PASSED] - Current window maximized

2022-07-12 23:40:27 - [TEST_STEP][PASSED] - navigateToUrl("https://intra.stage.apps.labour.gov.on.ca/public-portal-qa/#/marketplace/course-search"): Navigate to 'https://intra.stage.apps.labour.gov.on.ca/public-portal-qa/#/marketplace/course-search' successfully

2022-07-12 23:40:29 - [MESSAGE][PASSED] - Navigate to 'https://intra.stage.apps.labour.gov.on.ca/public-portal-qa/#/marketplace/course-search' successfully

2022-07-12 23:40:29 - [TEST_STEP][PASSED] - verifyElementPresent(findTestObject("Object Repository/Page_PublicPortal/li_CPO Approved Courses"), 0): Object 'Object Repository/Page_PublicPortal/li_CPO Approved Courses' is present

2022-07-12 23:40:29 - [MESSAGE][WARNING] - Timeout '0' is invalid. Using default page load timeout: '30'

2022-07-12 23:40:30 - [MESSAGE][PASSED] - Object 'Object Repository/Page_PublicPortal/li_CPO Approved Courses' is present

2022-07-12 23:40:30 - [TEST_STEP][PASSED] - verifyElementClickable(findTestObject("Object Repository/Page_PublicPortal/li_CPO Approved Courses")): Object 'Object Repository/Page_PublicPortal/li_CPO Approved Courses' is clickable

2022-07-12 23:40:30 - [MESSAGE][PASSED] - Object 'Object Repository/Page_PublicPortal/li_CPO Approved Courses' is clickable

2022-07-12 23:40:30 - [TEST_STEP][PASSED] - click(findTestObject("Object Repository/Page_PublicPortal/li_Training Eligibility")): Object: 'Object Repository/Page_PublicPortal/li_Training Eligibility' is clicked on

2022-07-12 23:40:31 - [MESSAGE][PASSED] - Object: 'Object Repository/Page_PublicPortal/li_Training Eligibility' is clicked on

2022-07-12 23:40:31 - [TEST_STEP][PASSED] - click(findTestObject("Object Repository/Page_PublicPortal/li_CPO Approved Courses")): Object: 'Object Repository/Page_PublicPortal/li_CPO Approved Courses' is clicked on

2022-07-12 23:40:32 - [MESSAGE][PASSED] - Object: 'Object Repository/Page_PublicPortal/li_CPO Approved Courses' is clicked on

2022-07-12 23:40:32 - [TEST_STEP][PASSED] - verifyElementText(findTestObject("Object Repository/Page_PublicPortal/li_CPO Approved Courses"), "CPO Approved Courses"): Actual text and expected text of test object 'Object Repository/Page_PublicPortal/li_CPO Approved Courses' are matched.

2022-07-12 23:40:33 - [MESSAGE][PASSED] - Actual text and expected text of test object 'Object Repository/Page_PublicPortal/li_CPO Approved Courses' are matched.

2022-07-12 23:40:33 - [TEST_STEP][PASSED] - closeBrowser(): Browser is closed

2022-07-12 23:40:33 - [MESSAGE][PASSED] - Browser is closed]]></system-out>
         <system-err><![CDATA[]]></system-err>
      </testcase>
      <testcase name="Test Cases/80_TP Onboarding Add a Team Member Section" time="11.175" classname="Test Cases/80_TP Onboarding Add a Team Member Section" status="PASSED">
         <system-out><![CDATA[2022-07-12 23:40:33 - [TEST_CASE][PASSED] - Test Cases/80_TP Onboarding Add a Team Member Section: Test Cases/80_TP Onboarding Add a Team Member Section

2022-07-12 23:40:34 - [TEST_STEP][PASSED] - openBrowser(""): Browser is opened with url: ''

2022-07-12 23:40:34 - [MESSAGE][INFO] - Starting 'Chrome' driver

2022-07-12 23:40:34 - [MESSAGE][INFO] - Action delay is set to 0 milliseconds

2022-07-12 23:40:36 - [MESSAGE][PASSED] - Browser is opened with url: ''

2022-07-12 23:40:36 - [TEST_STEP][PASSED] - maximizeWindow(): Current window maximized

2022-07-12 23:40:37 - [MESSAGE][PASSED] - Current window maximized

2022-07-12 23:40:37 - [TEST_STEP][PASSED] - navigateToUrl("https://intra.stage.apps.labour.gov.on.ca/public-portal-qa/#/marketplace/course-search"): Navigate to 'https://intra.stage.apps.labour.gov.on.ca/public-portal-qa/#/marketplace/course-search' successfully

2022-07-12 23:40:40 - [MESSAGE][PASSED] - Navigate to 'https://intra.stage.apps.labour.gov.on.ca/public-portal-qa/#/marketplace/course-search' successfully

2022-07-12 23:40:40 - [TEST_STEP][PASSED] - verifyElementPresent(findTestObject("Object Repository/Page_PublicPortal/li_CPO Approved Courses"), 0): Object 'Object Repository/Page_PublicPortal/li_CPO Approved Courses' is present

2022-07-12 23:40:41 - [MESSAGE][WARNING] - Timeout '0' is invalid. Using default page load timeout: '30'

2022-07-12 23:40:41 - [MESSAGE][PASSED] - Object 'Object Repository/Page_PublicPortal/li_CPO Approved Courses' is present

2022-07-12 23:40:41 - [TEST_STEP][PASSED] - verifyElementClickable(findTestObject("Object Repository/Page_PublicPortal/li_CPO Approved Courses")): Object 'Object Repository/Page_PublicPortal/li_CPO Approved Courses' is clickable

2022-07-12 23:40:42 - [MESSAGE][PASSED] - Object 'Object Repository/Page_PublicPortal/li_CPO Approved Courses' is clickable

2022-07-12 23:40:42 - [TEST_STEP][PASSED] - click(findTestObject("Object Repository/Page_PublicPortal/li_Training Eligibility")): Object: 'Object Repository/Page_PublicPortal/li_Training Eligibility' is clicked on

2022-07-12 23:40:43 - [MESSAGE][PASSED] - Object: 'Object Repository/Page_PublicPortal/li_Training Eligibility' is clicked on

2022-07-12 23:40:43 - [TEST_STEP][PASSED] - click(findTestObject("Object Repository/Page_PublicPortal/li_CPO Approved Courses")): Object: 'Object Repository/Page_PublicPortal/li_CPO Approved Courses' is clicked on

2022-07-12 23:40:43 - [MESSAGE][PASSED] - Object: 'Object Repository/Page_PublicPortal/li_CPO Approved Courses' is clicked on

2022-07-12 23:40:43 - [TEST_STEP][PASSED] - verifyElementText(findTestObject("Object Repository/Page_PublicPortal/li_CPO Approved Courses"), "CPO Approved Courses"): Actual text and expected text of test object 'Object Repository/Page_PublicPortal/li_CPO Approved Courses' are matched.

2022-07-12 23:40:44 - [MESSAGE][PASSED] - Actual text and expected text of test object 'Object Repository/Page_PublicPortal/li_CPO Approved Courses' are matched.

2022-07-12 23:40:44 - [TEST_STEP][PASSED] - closeBrowser(): Browser is closed

2022-07-12 23:40:45 - [MESSAGE][PASSED] - Browser is closed]]></system-out>
         <system-err><![CDATA[]]></system-err>
      </testcase>
      <testcase name="Test Cases/81_TP Onboarding Preview" time="11.037" classname="Test Cases/81_TP Onboarding Preview" status="PASSED">
         <system-out><![CDATA[2022-07-12 23:40:45 - [TEST_CASE][PASSED] - Test Cases/81_TP Onboarding Preview: Test Cases/81_TP Onboarding Preview

2022-07-12 23:40:46 - [TEST_STEP][PASSED] - openBrowser(""): Browser is opened with url: ''

2022-07-12 23:40:46 - [MESSAGE][INFO] - Starting 'Chrome' driver

2022-07-12 23:40:46 - [MESSAGE][INFO] - Action delay is set to 0 milliseconds

2022-07-12 23:40:47 - [MESSAGE][PASSED] - Browser is opened with url: ''

2022-07-12 23:40:47 - [TEST_STEP][PASSED] - maximizeWindow(): Current window maximized

2022-07-12 23:40:47 - [MESSAGE][PASSED] - Current window maximized

2022-07-12 23:40:47 - [TEST_STEP][PASSED] - navigateToUrl("https://intra.stage.apps.labour.gov.on.ca/public-portal-qa/#/marketplace/course-search"): Navigate to 'https://intra.stage.apps.labour.gov.on.ca/public-portal-qa/#/marketplace/course-search' successfully

2022-07-12 23:40:51 - [MESSAGE][PASSED] - Navigate to 'https://intra.stage.apps.labour.gov.on.ca/public-portal-qa/#/marketplace/course-search' successfully

2022-07-12 23:40:51 - [TEST_STEP][PASSED] - verifyElementPresent(findTestObject("Object Repository/Page_PublicPortal/li_CPO Approved Courses"), 0): Object 'Object Repository/Page_PublicPortal/li_CPO Approved Courses' is present

2022-07-12 23:40:51 - [MESSAGE][WARNING] - Timeout '0' is invalid. Using default page load timeout: '30'

2022-07-12 23:40:52 - [MESSAGE][PASSED] - Object 'Object Repository/Page_PublicPortal/li_CPO Approved Courses' is present

2022-07-12 23:40:52 - [TEST_STEP][PASSED] - verifyElementClickable(findTestObject("Object Repository/Page_PublicPortal/li_CPO Approved Courses")): Object 'Object Repository/Page_PublicPortal/li_CPO Approved Courses' is clickable

2022-07-12 23:40:53 - [MESSAGE][PASSED] - Object 'Object Repository/Page_PublicPortal/li_CPO Approved Courses' is clickable

2022-07-12 23:40:53 - [TEST_STEP][PASSED] - click(findTestObject("Object Repository/Page_PublicPortal/li_Training Eligibility")): Object: 'Object Repository/Page_PublicPortal/li_Training Eligibility' is clicked on

2022-07-12 23:40:53 - [MESSAGE][PASSED] - Object: 'Object Repository/Page_PublicPortal/li_Training Eligibility' is clicked on

2022-07-12 23:40:53 - [TEST_STEP][PASSED] - click(findTestObject("Object Repository/Page_PublicPortal/li_CPO Approved Courses")): Object: 'Object Repository/Page_PublicPortal/li_CPO Approved Courses' is clicked on

2022-07-12 23:40:54 - [MESSAGE][PASSED] - Object: 'Object Repository/Page_PublicPortal/li_CPO Approved Courses' is clicked on

2022-07-12 23:40:54 - [TEST_STEP][PASSED] - verifyElementText(findTestObject("Object Repository/Page_PublicPortal/li_CPO Approved Courses"), "CPO Approved Courses"): Actual text and expected text of test object 'Object Repository/Page_PublicPortal/li_CPO Approved Courses' are matched.

2022-07-12 23:40:55 - [MESSAGE][PASSED] - Actual text and expected text of test object 'Object Repository/Page_PublicPortal/li_CPO Approved Courses' are matched.

2022-07-12 23:40:55 - [TEST_STEP][PASSED] - closeBrowser(): Browser is closed

2022-07-12 23:40:56 - [MESSAGE][PASSED] - Browser is closed]]></system-out>
         <system-err><![CDATA[]]></system-err>
      </testcase>
      <testcase name="Test Cases/82_Safety Prevention Landing Page Home Tab Find a Provider" time="11.133" classname="Test Cases/82_Safety Prevention Landing Page Home Tab Find a Provider" status="PASSED">
         <system-out><![CDATA[2022-07-12 23:40:56 - [TEST_CASE][PASSED] - Test Cases/82_Safety Prevention Landing Page Home Tab Find a Provider: Test Cases/82_Safety Prevention Landing Page Home Tab Find a Provider

2022-07-12 23:40:57 - [TEST_STEP][PASSED] - openBrowser(""): Browser is opened with url: ''

2022-07-12 23:40:57 - [MESSAGE][INFO] - Starting 'Chrome' driver

2022-07-12 23:40:57 - [MESSAGE][INFO] - Action delay is set to 0 milliseconds

2022-07-12 23:40:59 - [MESSAGE][PASSED] - Browser is opened with url: ''

2022-07-12 23:40:59 - [TEST_STEP][PASSED] - maximizeWindow(): Current window maximized

2022-07-12 23:40:59 - [MESSAGE][PASSED] - Current window maximized

2022-07-12 23:40:59 - [TEST_STEP][PASSED] - navigateToUrl("https://intra.stage.apps.labour.gov.on.ca/public-portal-qa/#/marketplace/course-search"): Navigate to 'https://intra.stage.apps.labour.gov.on.ca/public-portal-qa/#/marketplace/course-search' successfully

2022-07-12 23:41:03 - [MESSAGE][PASSED] - Navigate to 'https://intra.stage.apps.labour.gov.on.ca/public-portal-qa/#/marketplace/course-search' successfully

2022-07-12 23:41:03 - [TEST_STEP][PASSED] - verifyElementPresent(findTestObject("Object Repository/Page_PublicPortal/li_CPO Approved Courses"), 0): Object 'Object Repository/Page_PublicPortal/li_CPO Approved Courses' is present

2022-07-12 23:41:03 - [MESSAGE][WARNING] - Timeout '0' is invalid. Using default page load timeout: '30'

2022-07-12 23:41:04 - [MESSAGE][PASSED] - Object 'Object Repository/Page_PublicPortal/li_CPO Approved Courses' is present

2022-07-12 23:41:04 - [TEST_STEP][PASSED] - verifyElementClickable(findTestObject("Object Repository/Page_PublicPortal/li_CPO Approved Courses")): Object 'Object Repository/Page_PublicPortal/li_CPO Approved Courses' is clickable

2022-07-12 23:41:04 - [MESSAGE][PASSED] - Object 'Object Repository/Page_PublicPortal/li_CPO Approved Courses' is clickable

2022-07-12 23:41:04 - [TEST_STEP][PASSED] - click(findTestObject("Object Repository/Page_PublicPortal/li_Training Eligibility")): Object: 'Object Repository/Page_PublicPortal/li_Training Eligibility' is clicked on

2022-07-12 23:41:05 - [MESSAGE][PASSED] - Object: 'Object Repository/Page_PublicPortal/li_Training Eligibility' is clicked on

2022-07-12 23:41:05 - [TEST_STEP][PASSED] - click(findTestObject("Object Repository/Page_PublicPortal/li_CPO Approved Courses")): Object: 'Object Repository/Page_PublicPortal/li_CPO Approved Courses' is clicked on

2022-07-12 23:41:05 - [MESSAGE][PASSED] - Object: 'Object Repository/Page_PublicPortal/li_CPO Approved Courses' is clicked on

2022-07-12 23:41:05 - [TEST_STEP][PASSED] - verifyElementText(findTestObject("Object Repository/Page_PublicPortal/li_CPO Approved Courses"), "CPO Approved Courses"): Actual text and expected text of test object 'Object Repository/Page_PublicPortal/li_CPO Approved Courses' are matched.

2022-07-12 23:41:06 - [MESSAGE][PASSED] - Actual text and expected text of test object 'Object Repository/Page_PublicPortal/li_CPO Approved Courses' are matched.

2022-07-12 23:41:06 - [TEST_STEP][PASSED] - closeBrowser(): Browser is closed

2022-07-12 23:41:07 - [MESSAGE][PASSED] - Browser is closed]]></system-out>
         <system-err><![CDATA[]]></system-err>
      </testcase>
      <system-out><![CDATA[2022-07-12 23:36:44 - [TEST_SUITE][PASSED] - Beta_4: Test Cases/82_Safety Prevention Landing Page Home Tab Find a Provider]]></system-out>
      <system-err><![CDATA[]]></system-err>
   </testsuite>
</testsuites>
