<?xml version="1.0" encoding="UTF-8"?>
<testsuites name="CMS_full_regression" time="319.733" tests="112" failures="0" errors="0">
   <testsuite name="Beta_1" tests="13" failures="0" errors="0" time="166.028" skipped="0" timestamp="2022-07-12 23:36:32" hostname="DzhohaAl - ON34C03261455.cihs.ad.gov.on.ca" id="Test Suites/Beta_1">
      <properties>
         <property name="deviceName" value=""/>
         <property name="devicePlatform" value=""/>
         <property name="logFolder" value="C:\\Users\\DzhohaAl\\Katalon Studio\\CMS_automation\\Reports\\20220712_233553\\Beta_1\\20220712_233558"/>
         <property name="logFiles" value="C:\\Users\\DzhohaAl\\Katalon Studio\\CMS_automation\\Reports\\20220712_233553\\Beta_1\\20220712_233558\\execution0.log"/>
         <property name="attachments" value=""/>
         <property name="hostName" value="DzhohaAl - ON34C03261455.cihs.ad.gov.on.ca"/>
         <property name="os" value="Windows 10 64bit"/>
         <property name="katalonVersion" value="8.3.5.208"/>
         <property name="browser" value="Chrome 103.0.5060.114"/>
         <property name="hostAddress" value="192.168.0.18"/>
         <property name="sessionId" value="4146a71b75a4d6407b5ec83916da7a16"/>
         <property name="seleniumVersion" value="3.141.59"/>
         <property name="proxyInformation" value="ProxyInformation { proxyOption=NO_PROXY, proxyServerType=HTTP, username=, password=********, proxyServerAddress=, proxyServerPort=0, executionList=&quot;&quot;, isApplyToDesiredCapabilities=true }"/>
         <property name="platform" value="Windows 10"/>
      </properties>
      <testcase name="Test Cases/01_CPO Approved Courses Tab" time="14.62" classname="Test Cases/01_CPO Approved Courses Tab" status="PASSED">
         <system-out><![CDATA[2022-07-12 23:36:32 - [TEST_CASE][PASSED] - Test Cases/01_CPO Approved Courses Tab: Test Cases/01_CPO Approved Courses Tab

2022-07-12 23:36:33 - [TEST_STEP][PASSED] - openBrowser(""): Browser is opened with url: ''

2022-07-12 23:36:33 - [MESSAGE][INFO] - Starting 'Chrome' driver

2022-07-12 23:36:33 - [MESSAGE][INFO] - Action delay is set to 0 milliseconds

2022-07-12 23:36:37 - [MESSAGE][PASSED] - Browser is opened with url: ''

2022-07-12 23:36:37 - [TEST_STEP][PASSED] - maximizeWindow(): Current window maximized

2022-07-12 23:36:38 - [MESSAGE][PASSED] - Current window maximized

2022-07-12 23:36:38 - [TEST_STEP][PASSED] - navigateToUrl("https://intra.stage.apps.labour.gov.on.ca/public-portal-qa/#/marketplace/course-search"): Navigate to 'https://intra.stage.apps.labour.gov.on.ca/public-portal-qa/#/marketplace/course-search' successfully

2022-07-12 23:36:40 - [MESSAGE][PASSED] - Navigate to 'https://intra.stage.apps.labour.gov.on.ca/public-portal-qa/#/marketplace/course-search' successfully

2022-07-12 23:36:40 - [TEST_STEP][PASSED] - verifyElementPresent(findTestObject("Object Repository/Page_PublicPortal/li_CPO Approved Courses"), 0): Object 'Object Repository/Page_PublicPortal/li_CPO Approved Courses' is present

2022-07-12 23:36:41 - [MESSAGE][WARNING] - Timeout '0' is invalid. Using default page load timeout: '30'

2022-07-12 23:36:42 - [MESSAGE][PASSED] - Object 'Object Repository/Page_PublicPortal/li_CPO Approved Courses' is present

2022-07-12 23:36:42 - [TEST_STEP][PASSED] - verifyElementClickable(findTestObject("Object Repository/Page_PublicPortal/li_CPO Approved Courses")): Object 'Object Repository/Page_PublicPortal/li_CPO Approved Courses' is clickable

2022-07-12 23:36:43 - [MESSAGE][PASSED] - Object 'Object Repository/Page_PublicPortal/li_CPO Approved Courses' is clickable

2022-07-12 23:36:43 - [TEST_STEP][PASSED] - click(findTestObject("Object Repository/Page_PublicPortal/li_Training Eligibility")): Object: 'Object Repository/Page_PublicPortal/li_Training Eligibility' is clicked on

2022-07-12 23:36:44 - [MESSAGE][PASSED] - Object: 'Object Repository/Page_PublicPortal/li_Training Eligibility' is clicked on

2022-07-12 23:36:44 - [TEST_STEP][PASSED] - click(findTestObject("Object Repository/Page_PublicPortal/li_CPO Approved Courses")): Object: 'Object Repository/Page_PublicPortal/li_CPO Approved Courses' is clicked on

2022-07-12 23:36:45 - [MESSAGE][PASSED] - Object: 'Object Repository/Page_PublicPortal/li_CPO Approved Courses' is clicked on

2022-07-12 23:36:45 - [TEST_STEP][PASSED] - verifyElementText(findTestObject("Object Repository/Page_PublicPortal/li_CPO Approved Courses"), "CPO Approved Courses"): Actual text and expected text of test object 'Object Repository/Page_PublicPortal/li_CPO Approved Courses' are matched.

2022-07-12 23:36:46 - [MESSAGE][PASSED] - Actual text and expected text of test object 'Object Repository/Page_PublicPortal/li_CPO Approved Courses' are matched.

2022-07-12 23:36:46 - [TEST_STEP][PASSED] - closeBrowser(): Browser is closed

2022-07-12 23:36:47 - [MESSAGE][PASSED] - Browser is closed]]></system-out>
         <system-err><![CDATA[]]></system-err>
      </testcase>
      <testcase name="Test Cases/02_Approved Courses Search by Date Range" time="14.569" classname="Test Cases/02_Approved Courses Search by Date Range" status="PASSED">
         <system-out><![CDATA[2022-07-12 23:36:47 - [TEST_CASE][PASSED] - Test Cases/02_Approved Courses Search by Date Range: Test Cases/02_Approved Courses Search by Date Range

2022-07-12 23:36:49 - [TEST_STEP][PASSED] - openBrowser(""): Browser is opened with url: ''

2022-07-12 23:36:49 - [MESSAGE][INFO] - Starting 'Chrome' driver

2022-07-12 23:36:49 - [MESSAGE][INFO] - Action delay is set to 0 milliseconds

2022-07-12 23:36:51 - [MESSAGE][PASSED] - Browser is opened with url: ''

2022-07-12 23:36:51 - [TEST_STEP][PASSED] - maximizeWindow(): Current window maximized

2022-07-12 23:36:52 - [MESSAGE][PASSED] - Current window maximized

2022-07-12 23:36:52 - [TEST_STEP][PASSED] - navigateToUrl("https://intra.stage.apps.labour.gov.on.ca/public-portal-qa/#/marketplace/course-search"): Navigate to 'https://intra.stage.apps.labour.gov.on.ca/public-portal-qa/#/marketplace/course-search' successfully

2022-07-12 23:36:55 - [MESSAGE][PASSED] - Navigate to 'https://intra.stage.apps.labour.gov.on.ca/public-portal-qa/#/marketplace/course-search' successfully

2022-07-12 23:36:55 - [TEST_STEP][PASSED] - verifyElementPresent(findTestObject("Object Repository/Page_PublicPortal/li_CPO Approved Courses"), 0): Object 'Object Repository/Page_PublicPortal/li_CPO Approved Courses' is present

2022-07-12 23:36:55 - [MESSAGE][WARNING] - Timeout '0' is invalid. Using default page load timeout: '30'

2022-07-12 23:36:56 - [MESSAGE][PASSED] - Object 'Object Repository/Page_PublicPortal/li_CPO Approved Courses' is present

2022-07-12 23:36:56 - [TEST_STEP][PASSED] - verifyElementClickable(findTestObject("Object Repository/Page_PublicPortal/li_CPO Approved Courses")): Object 'Object Repository/Page_PublicPortal/li_CPO Approved Courses' is clickable

2022-07-12 23:36:57 - [MESSAGE][PASSED] - Object 'Object Repository/Page_PublicPortal/li_CPO Approved Courses' is clickable

2022-07-12 23:36:57 - [TEST_STEP][PASSED] - click(findTestObject("Object Repository/Page_PublicPortal/li_Training Eligibility")): Object: 'Object Repository/Page_PublicPortal/li_Training Eligibility' is clicked on

2022-07-12 23:36:59 - [MESSAGE][PASSED] - Object: 'Object Repository/Page_PublicPortal/li_Training Eligibility' is clicked on

2022-07-12 23:36:59 - [TEST_STEP][PASSED] - click(findTestObject("Object Repository/Page_PublicPortal/li_CPO Approved Courses")): Object: 'Object Repository/Page_PublicPortal/li_CPO Approved Courses' is clicked on

2022-07-12 23:36:59 - [MESSAGE][PASSED] - Object: 'Object Repository/Page_PublicPortal/li_CPO Approved Courses' is clicked on

2022-07-12 23:36:59 - [TEST_STEP][PASSED] - verifyElementText(findTestObject("Object Repository/Page_PublicPortal/li_CPO Approved Courses"), "CPO Approved Courses"): Actual text and expected text of test object 'Object Repository/Page_PublicPortal/li_CPO Approved Courses' are matched.

2022-07-12 23:37:00 - [MESSAGE][PASSED] - Actual text and expected text of test object 'Object Repository/Page_PublicPortal/li_CPO Approved Courses' are matched.

2022-07-12 23:37:00 - [TEST_STEP][PASSED] - closeBrowser(): Browser is closed

2022-07-12 23:37:01 - [MESSAGE][PASSED] - Browser is closed]]></system-out>
         <system-err><![CDATA[]]></system-err>
      </testcase>
      <testcase name="Test Cases/03_Approved Courses Search by Training Type" time="14.585" classname="Test Cases/03_Approved Courses Search by Training Type" status="PASSED">
         <system-out><![CDATA[2022-07-12 23:37:01 - [TEST_CASE][PASSED] - Test Cases/03_Approved Courses Search by Training Type: Test Cases/03_Approved Courses Search by Training Type

2022-07-12 23:37:03 - [TEST_STEP][PASSED] - openBrowser(""): Browser is opened with url: ''

2022-07-12 23:37:03 - [MESSAGE][INFO] - Starting 'Chrome' driver

2022-07-12 23:37:03 - [MESSAGE][INFO] - Action delay is set to 0 milliseconds

2022-07-12 23:37:05 - [MESSAGE][PASSED] - Browser is opened with url: ''

2022-07-12 23:37:05 - [TEST_STEP][PASSED] - maximizeWindow(): Current window maximized

2022-07-12 23:37:05 - [MESSAGE][PASSED] - Current window maximized

2022-07-12 23:37:05 - [TEST_STEP][PASSED] - navigateToUrl("https://intra.stage.apps.labour.gov.on.ca/public-portal-qa/#/marketplace/course-search"): Navigate to 'https://intra.stage.apps.labour.gov.on.ca/public-portal-qa/#/marketplace/course-search' successfully

2022-07-12 23:37:09 - [MESSAGE][PASSED] - Navigate to 'https://intra.stage.apps.labour.gov.on.ca/public-portal-qa/#/marketplace/course-search' successfully

2022-07-12 23:37:09 - [TEST_STEP][PASSED] - verifyElementText(findTestObject("Object Repository/Page_PublicPortal/mat-label_Training type"), "Training type"): Actual text and expected text of test object 'Object Repository/Page_PublicPortal/mat-label_Training type' are matched.

2022-07-12 23:37:10 - [MESSAGE][PASSED] - Actual text and expected text of test object 'Object Repository/Page_PublicPortal/mat-label_Training type' are matched.

2022-07-12 23:37:10 - [TEST_STEP][PASSED] - verifyElementText(findTestObject("Object Repository/Page_PublicPortal/button_All"), "All"): Actual text and expected text of test object 'Object Repository/Page_PublicPortal/button_All' are matched.

2022-07-12 23:37:11 - [MESSAGE][PASSED] - Actual text and expected text of test object 'Object Repository/Page_PublicPortal/button_All' are matched.

2022-07-12 23:37:11 - [TEST_STEP][PASSED] - verifyElementText(findTestObject("Object Repository/Page_PublicPortal/button_Blended"), "Blended"): Actual text and expected text of test object 'Object Repository/Page_PublicPortal/button_Blended' are matched.

2022-07-12 23:37:11 - [MESSAGE][PASSED] - Actual text and expected text of test object 'Object Repository/Page_PublicPortal/button_Blended' are matched.

2022-07-12 23:37:11 - [TEST_STEP][PASSED] - verifyElementText(findTestObject("Object Repository/Page_PublicPortal/button_Distance"), "Distance"): Actual text and expected text of test object 'Object Repository/Page_PublicPortal/button_Distance' are matched.

2022-07-12 23:37:12 - [MESSAGE][PASSED] - Actual text and expected text of test object 'Object Repository/Page_PublicPortal/button_Distance' are matched.

2022-07-12 23:37:12 - [TEST_STEP][PASSED] - verifyElementText(findTestObject("Object Repository/Page_PublicPortal/button_eLearning"), "eLearning"): Actual text and expected text of test object 'Object Repository/Page_PublicPortal/button_eLearning' are matched.

2022-07-12 23:37:12 - [MESSAGE][PASSED] - Actual text and expected text of test object 'Object Repository/Page_PublicPortal/button_eLearning' are matched.

2022-07-12 23:37:12 - [TEST_STEP][PASSED] - verifyElementText(findTestObject("Object Repository/Page_PublicPortal/button_In-Class"), "In-Class"): Actual text and expected text of test object 'Object Repository/Page_PublicPortal/button_In-Class' are matched.

2022-07-12 23:37:13 - [MESSAGE][PASSED] - Actual text and expected text of test object 'Object Repository/Page_PublicPortal/button_In-Class' are matched.

2022-07-12 23:37:13 - [TEST_STEP][PASSED] - click(findTestObject("Object Repository/Page_PublicPortal/button_Search")): Object: 'Object Repository/Page_PublicPortal/button_Search' is clicked on

2022-07-12 23:37:14 - [MESSAGE][PASSED] - Object: 'Object Repository/Page_PublicPortal/button_Search' is clicked on

2022-07-12 23:37:14 - [TEST_STEP][PASSED] - verifyElementPresent(findTestObject("Object Repository/Page_PublicPortal/span_Showing 7 course advertisements"), 0): Object 'Object Repository/Page_PublicPortal/span_Showing 7 course advertisements' is present

2022-07-12 23:37:14 - [MESSAGE][WARNING] - Timeout '0' is invalid. Using default page load timeout: '30'

2022-07-12 23:37:15 - [MESSAGE][PASSED] - Object 'Object Repository/Page_PublicPortal/span_Showing 7 course advertisements' is present

2022-07-12 23:37:15 - [TEST_STEP][PASSED] - closeBrowser(): Browser is closed

2022-07-12 23:37:16 - [MESSAGE][PASSED] - Browser is closed]]></system-out>
         <system-err><![CDATA[]]></system-err>
      </testcase>
      <testcase name="Test Cases/04_Approved Courses Search by Training Program" time="10.714" classname="Test Cases/04_Approved Courses Search by Training Program" status="PASSED">
         <system-out><![CDATA[2022-07-12 23:37:16 - [TEST_CASE][PASSED] - Test Cases/04_Approved Courses Search by Training Program: Test Cases/04_Approved Courses Search by Training Program

2022-07-12 23:37:18 - [TEST_STEP][PASSED] - openBrowser(""): Browser is opened with url: ''

2022-07-12 23:37:18 - [MESSAGE][INFO] - Starting 'Chrome' driver

2022-07-12 23:37:18 - [MESSAGE][INFO] - Action delay is set to 0 milliseconds

2022-07-12 23:37:19 - [MESSAGE][PASSED] - Browser is opened with url: ''

2022-07-12 23:37:19 - [TEST_STEP][PASSED] - maximizeWindow(): Current window maximized

2022-07-12 23:37:19 - [MESSAGE][PASSED] - Current window maximized

2022-07-12 23:37:19 - [TEST_STEP][PASSED] - navigateToUrl("https://intra.stage.apps.labour.gov.on.ca/public-portal-qa/#/marketplace/course-search"): Navigate to 'https://intra.stage.apps.labour.gov.on.ca/public-portal-qa/#/marketplace/course-search' successfully

2022-07-12 23:37:22 - [MESSAGE][PASSED] - Navigate to 'https://intra.stage.apps.labour.gov.on.ca/public-portal-qa/#/marketplace/course-search' successfully

2022-07-12 23:37:22 - [TEST_STEP][PASSED] - verifyElementPresent(findTestObject("Object Repository/Page_PublicPortal/li_CPO Approved Courses"), 0): Object 'Object Repository/Page_PublicPortal/li_CPO Approved Courses' is present

2022-07-12 23:37:23 - [MESSAGE][WARNING] - Timeout '0' is invalid. Using default page load timeout: '30'

2022-07-12 23:37:23 - [MESSAGE][PASSED] - Object 'Object Repository/Page_PublicPortal/li_CPO Approved Courses' is present

2022-07-12 23:37:23 - [TEST_STEP][PASSED] - verifyElementClickable(findTestObject("Object Repository/Page_PublicPortal/li_CPO Approved Courses")): Object 'Object Repository/Page_PublicPortal/li_CPO Approved Courses' is clickable

2022-07-12 23:37:24 - [MESSAGE][PASSED] - Object 'Object Repository/Page_PublicPortal/li_CPO Approved Courses' is clickable

2022-07-12 23:37:24 - [TEST_STEP][PASSED] - click(findTestObject("Object Repository/Page_PublicPortal/li_Training Eligibility")): Object: 'Object Repository/Page_PublicPortal/li_Training Eligibility' is clicked on

2022-07-12 23:37:25 - [MESSAGE][PASSED] - Object: 'Object Repository/Page_PublicPortal/li_Training Eligibility' is clicked on

2022-07-12 23:37:25 - [TEST_STEP][PASSED] - click(findTestObject("Object Repository/Page_PublicPortal/li_CPO Approved Courses")): Object: 'Object Repository/Page_PublicPortal/li_CPO Approved Courses' is clicked on

2022-07-12 23:37:25 - [MESSAGE][PASSED] - Object: 'Object Repository/Page_PublicPortal/li_CPO Approved Courses' is clicked on

2022-07-12 23:37:25 - [TEST_STEP][PASSED] - verifyElementText(findTestObject("Object Repository/Page_PublicPortal/li_CPO Approved Courses"), "CPO Approved Courses"): Actual text and expected text of test object 'Object Repository/Page_PublicPortal/li_CPO Approved Courses' are matched.

2022-07-12 23:37:26 - [MESSAGE][PASSED] - Actual text and expected text of test object 'Object Repository/Page_PublicPortal/li_CPO Approved Courses' are matched.

2022-07-12 23:37:26 - [TEST_STEP][PASSED] - closeBrowser(): Browser is closed

2022-07-12 23:37:27 - [MESSAGE][PASSED] - Browser is closed]]></system-out>
         <system-err><![CDATA[]]></system-err>
      </testcase>
      <testcase name="Test Cases/05_Approved Courses Search by Training Provider Name" time="11.994" classname="Test Cases/05_Approved Courses Search by Training Provider Name" status="PASSED">
         <system-out><![CDATA[2022-07-12 23:37:27 - [TEST_CASE][PASSED] - Test Cases/05_Approved Courses Search by Training Provider Name: Test Cases/05_Approved Courses Search by Training Provider Name

2022-07-12 23:37:29 - [TEST_STEP][PASSED] - openBrowser(""): Browser is opened with url: ''

2022-07-12 23:37:29 - [MESSAGE][INFO] - Starting 'Chrome' driver

2022-07-12 23:37:29 - [MESSAGE][INFO] - Action delay is set to 0 milliseconds

2022-07-12 23:37:30 - [MESSAGE][PASSED] - Browser is opened with url: ''

2022-07-12 23:37:30 - [TEST_STEP][PASSED] - maximizeWindow(): Current window maximized

2022-07-12 23:37:30 - [MESSAGE][PASSED] - Current window maximized

2022-07-12 23:37:30 - [TEST_STEP][PASSED] - navigateToUrl("https://intra.stage.apps.labour.gov.on.ca/public-portal-qa/#/marketplace/course-search"): Navigate to 'https://intra.stage.apps.labour.gov.on.ca/public-portal-qa/#/marketplace/course-search' successfully

2022-07-12 23:37:33 - [MESSAGE][PASSED] - Navigate to 'https://intra.stage.apps.labour.gov.on.ca/public-portal-qa/#/marketplace/course-search' successfully

2022-07-12 23:37:33 - [TEST_STEP][PASSED] - verifyElementPresent(findTestObject("Object Repository/Page_PublicPortal/li_CPO Approved Courses"), 0): Object 'Object Repository/Page_PublicPortal/li_CPO Approved Courses' is present

2022-07-12 23:37:33 - [MESSAGE][WARNING] - Timeout '0' is invalid. Using default page load timeout: '30'

2022-07-12 23:37:34 - [MESSAGE][PASSED] - Object 'Object Repository/Page_PublicPortal/li_CPO Approved Courses' is present

2022-07-12 23:37:34 - [TEST_STEP][PASSED] - verifyElementClickable(findTestObject("Object Repository/Page_PublicPortal/li_CPO Approved Courses")): Object 'Object Repository/Page_PublicPortal/li_CPO Approved Courses' is clickable

2022-07-12 23:37:35 - [MESSAGE][PASSED] - Object 'Object Repository/Page_PublicPortal/li_CPO Approved Courses' is clickable

2022-07-12 23:37:35 - [TEST_STEP][PASSED] - click(findTestObject("Object Repository/Page_PublicPortal/li_Training Eligibility")): Object: 'Object Repository/Page_PublicPortal/li_Training Eligibility' is clicked on

2022-07-12 23:37:35 - [MESSAGE][PASSED] - Object: 'Object Repository/Page_PublicPortal/li_Training Eligibility' is clicked on

2022-07-12 23:37:35 - [TEST_STEP][PASSED] - click(findTestObject("Object Repository/Page_PublicPortal/li_CPO Approved Courses")): Object: 'Object Repository/Page_PublicPortal/li_CPO Approved Courses' is clicked on

2022-07-12 23:37:37 - [MESSAGE][PASSED] - Object: 'Object Repository/Page_PublicPortal/li_CPO Approved Courses' is clicked on

2022-07-12 23:37:37 - [TEST_STEP][PASSED] - verifyElementText(findTestObject("Object Repository/Page_PublicPortal/li_CPO Approved Courses"), "CPO Approved Courses"): Actual text and expected text of test object 'Object Repository/Page_PublicPortal/li_CPO Approved Courses' are matched.

2022-07-12 23:37:38 - [MESSAGE][PASSED] - Actual text and expected text of test object 'Object Repository/Page_PublicPortal/li_CPO Approved Courses' are matched.

2022-07-12 23:37:38 - [TEST_STEP][PASSED] - closeBrowser(): Browser is closed

2022-07-12 23:37:39 - [MESSAGE][PASSED] - Browser is closed]]></system-out>
         <system-err><![CDATA[]]></system-err>
      </testcase>
      <testcase name="Test Cases/06_Approved Courses Search Results - Sorting" time="10.522" classname="Test Cases/06_Approved Courses Search Results - Sorting" status="PASSED">
         <system-out><![CDATA[2022-07-12 23:37:39 - [TEST_CASE][PASSED] - Test Cases/06_Approved Courses Search Results - Sorting: Test Cases/06_Approved Courses Search Results - Sorting

2022-07-12 23:37:40 - [TEST_STEP][PASSED] - openBrowser(""): Browser is opened with url: ''

2022-07-12 23:37:40 - [MESSAGE][INFO] - Starting 'Chrome' driver

2022-07-12 23:37:40 - [MESSAGE][INFO] - Action delay is set to 0 milliseconds

2022-07-12 23:37:42 - [MESSAGE][PASSED] - Browser is opened with url: ''

2022-07-12 23:37:42 - [TEST_STEP][PASSED] - maximizeWindow(): Current window maximized

2022-07-12 23:37:42 - [MESSAGE][PASSED] - Current window maximized

2022-07-12 23:37:42 - [TEST_STEP][PASSED] - navigateToUrl("https://intra.stage.apps.labour.gov.on.ca/public-portal-qa/#/marketplace/course-search"): Navigate to 'https://intra.stage.apps.labour.gov.on.ca/public-portal-qa/#/marketplace/course-search' successfully

2022-07-12 23:37:45 - [MESSAGE][PASSED] - Navigate to 'https://intra.stage.apps.labour.gov.on.ca/public-portal-qa/#/marketplace/course-search' successfully

2022-07-12 23:37:45 - [TEST_STEP][PASSED] - verifyElementPresent(findTestObject("Object Repository/Page_PublicPortal/li_CPO Approved Courses"), 0): Object 'Object Repository/Page_PublicPortal/li_CPO Approved Courses' is present

2022-07-12 23:37:45 - [MESSAGE][WARNING] - Timeout '0' is invalid. Using default page load timeout: '30'

2022-07-12 23:37:46 - [MESSAGE][PASSED] - Object 'Object Repository/Page_PublicPortal/li_CPO Approved Courses' is present

2022-07-12 23:37:46 - [TEST_STEP][PASSED] - verifyElementClickable(findTestObject("Object Repository/Page_PublicPortal/li_CPO Approved Courses")): Object 'Object Repository/Page_PublicPortal/li_CPO Approved Courses' is clickable

2022-07-12 23:37:46 - [MESSAGE][PASSED] - Object 'Object Repository/Page_PublicPortal/li_CPO Approved Courses' is clickable

2022-07-12 23:37:46 - [TEST_STEP][PASSED] - click(findTestObject("Object Repository/Page_PublicPortal/li_Training Eligibility")): Object: 'Object Repository/Page_PublicPortal/li_Training Eligibility' is clicked on

2022-07-12 23:37:47 - [MESSAGE][PASSED] - Object: 'Object Repository/Page_PublicPortal/li_Training Eligibility' is clicked on

2022-07-12 23:37:47 - [TEST_STEP][PASSED] - click(findTestObject("Object Repository/Page_PublicPortal/li_CPO Approved Courses")): Object: 'Object Repository/Page_PublicPortal/li_CPO Approved Courses' is clicked on

2022-07-12 23:37:48 - [MESSAGE][PASSED] - Object: 'Object Repository/Page_PublicPortal/li_CPO Approved Courses' is clicked on

2022-07-12 23:37:48 - [TEST_STEP][PASSED] - verifyElementText(findTestObject("Object Repository/Page_PublicPortal/li_CPO Approved Courses"), "CPO Approved Courses"): Actual text and expected text of test object 'Object Repository/Page_PublicPortal/li_CPO Approved Courses' are matched.

2022-07-12 23:37:48 - [MESSAGE][PASSED] - Actual text and expected text of test object 'Object Repository/Page_PublicPortal/li_CPO Approved Courses' are matched.

2022-07-12 23:37:48 - [TEST_STEP][PASSED] - closeBrowser(): Browser is closed

2022-07-12 23:37:49 - [MESSAGE][PASSED] - Browser is closed]]></system-out>
         <system-err><![CDATA[]]></system-err>
      </testcase>
      <testcase name="Test Cases/07_Approved Courses Search by Listings with Course Fee" time="12.222" classname="Test Cases/07_Approved Courses Search by Listings with Course Fee" status="PASSED">
         <system-out><![CDATA[2022-07-12 23:37:49 - [TEST_CASE][PASSED] - Test Cases/07_Approved Courses Search by Listings with Course Fee: Test Cases/07_Approved Courses Search by Listings with Course Fee

2022-07-12 23:37:51 - [TEST_STEP][PASSED] - openBrowser(""): Browser is opened with url: ''

2022-07-12 23:37:51 - [MESSAGE][INFO] - Starting 'Chrome' driver

2022-07-12 23:37:51 - [MESSAGE][INFO] - Action delay is set to 0 milliseconds

2022-07-12 23:37:53 - [MESSAGE][PASSED] - Browser is opened with url: ''

2022-07-12 23:37:53 - [TEST_STEP][PASSED] - maximizeWindow(): Current window maximized

2022-07-12 23:37:53 - [MESSAGE][PASSED] - Current window maximized

2022-07-12 23:37:53 - [TEST_STEP][PASSED] - navigateToUrl("https://intra.stage.apps.labour.gov.on.ca/public-portal-qa/#/marketplace/course-search"): Navigate to 'https://intra.stage.apps.labour.gov.on.ca/public-portal-qa/#/marketplace/course-search' successfully

2022-07-12 23:37:57 - [MESSAGE][PASSED] - Navigate to 'https://intra.stage.apps.labour.gov.on.ca/public-portal-qa/#/marketplace/course-search' successfully

2022-07-12 23:37:57 - [TEST_STEP][PASSED] - verifyElementPresent(findTestObject("Object Repository/Page_PublicPortal/li_CPO Approved Courses"), 0): Object 'Object Repository/Page_PublicPortal/li_CPO Approved Courses' is present

2022-07-12 23:37:57 - [MESSAGE][WARNING] - Timeout '0' is invalid. Using default page load timeout: '30'

2022-07-12 23:37:58 - [MESSAGE][PASSED] - Object 'Object Repository/Page_PublicPortal/li_CPO Approved Courses' is present

2022-07-12 23:37:58 - [TEST_STEP][PASSED] - verifyElementClickable(findTestObject("Object Repository/Page_PublicPortal/li_CPO Approved Courses")): Object 'Object Repository/Page_PublicPortal/li_CPO Approved Courses' is clickable

2022-07-12 23:37:58 - [MESSAGE][PASSED] - Object 'Object Repository/Page_PublicPortal/li_CPO Approved Courses' is clickable

2022-07-12 23:37:58 - [TEST_STEP][PASSED] - click(findTestObject("Object Repository/Page_PublicPortal/li_Training Eligibility")): Object: 'Object Repository/Page_PublicPortal/li_Training Eligibility' is clicked on

2022-07-12 23:37:59 - [MESSAGE][PASSED] - Object: 'Object Repository/Page_PublicPortal/li_Training Eligibility' is clicked on

2022-07-12 23:37:59 - [TEST_STEP][PASSED] - click(findTestObject("Object Repository/Page_PublicPortal/li_CPO Approved Courses")): Object: 'Object Repository/Page_PublicPortal/li_CPO Approved Courses' is clicked on

2022-07-12 23:38:00 - [MESSAGE][PASSED] - Object: 'Object Repository/Page_PublicPortal/li_CPO Approved Courses' is clicked on

2022-07-12 23:38:00 - [TEST_STEP][PASSED] - verifyElementText(findTestObject("Object Repository/Page_PublicPortal/li_CPO Approved Courses"), "CPO Approved Courses"): Actual text and expected text of test object 'Object Repository/Page_PublicPortal/li_CPO Approved Courses' are matched.

2022-07-12 23:38:01 - [MESSAGE][PASSED] - Actual text and expected text of test object 'Object Repository/Page_PublicPortal/li_CPO Approved Courses' are matched.

2022-07-12 23:38:01 - [TEST_STEP][PASSED] - closeBrowser(): Browser is closed

2022-07-12 23:38:01 - [MESSAGE][PASSED] - Browser is closed]]></system-out>
         <system-err><![CDATA[]]></system-err>
      </testcase>
      <testcase name="Test Cases/08_Approved Courses Search by Listings with Weekend Classes" time="15.227" classname="Test Cases/08_Approved Courses Search by Listings with Weekend Classes" status="PASSED">
         <system-out><![CDATA[2022-07-12 23:38:01 - [TEST_CASE][PASSED] - Test Cases/08_Approved Courses Search by Listings with Weekend Classes: Test Cases/08_Approved Courses Search by Listings with Weekend Classes

2022-07-12 23:38:03 - [TEST_STEP][PASSED] - openBrowser(""): Browser is opened with url: ''

2022-07-12 23:38:03 - [MESSAGE][INFO] - Starting 'Chrome' driver

2022-07-12 23:38:03 - [MESSAGE][INFO] - Action delay is set to 0 milliseconds

2022-07-12 23:38:05 - [MESSAGE][PASSED] - Browser is opened with url: ''

2022-07-12 23:38:05 - [TEST_STEP][PASSED] - maximizeWindow(): Current window maximized

2022-07-12 23:38:05 - [MESSAGE][PASSED] - Current window maximized

2022-07-12 23:38:05 - [TEST_STEP][PASSED] - navigateToUrl("https://intra.stage.apps.labour.gov.on.ca/public-portal-qa/#/marketplace/course-search"): Navigate to 'https://intra.stage.apps.labour.gov.on.ca/public-portal-qa/#/marketplace/course-search' successfully

2022-07-12 23:38:11 - [MESSAGE][PASSED] - Navigate to 'https://intra.stage.apps.labour.gov.on.ca/public-portal-qa/#/marketplace/course-search' successfully

2022-07-12 23:38:11 - [TEST_STEP][PASSED] - verifyElementPresent(findTestObject("Object Repository/Page_PublicPortal/li_CPO Approved Courses"), 0): Object 'Object Repository/Page_PublicPortal/li_CPO Approved Courses' is present

2022-07-12 23:38:11 - [MESSAGE][WARNING] - Timeout '0' is invalid. Using default page load timeout: '30'

2022-07-12 23:38:12 - [MESSAGE][PASSED] - Object 'Object Repository/Page_PublicPortal/li_CPO Approved Courses' is present

2022-07-12 23:38:12 - [TEST_STEP][PASSED] - verifyElementClickable(findTestObject("Object Repository/Page_PublicPortal/li_CPO Approved Courses")): Object 'Object Repository/Page_PublicPortal/li_CPO Approved Courses' is clickable

2022-07-12 23:38:13 - [MESSAGE][PASSED] - Object 'Object Repository/Page_PublicPortal/li_CPO Approved Courses' is clickable

2022-07-12 23:38:13 - [TEST_STEP][PASSED] - click(findTestObject("Object Repository/Page_PublicPortal/li_Training Eligibility")): Object: 'Object Repository/Page_PublicPortal/li_Training Eligibility' is clicked on

2022-07-12 23:38:14 - [MESSAGE][PASSED] - Object: 'Object Repository/Page_PublicPortal/li_Training Eligibility' is clicked on

2022-07-12 23:38:14 - [TEST_STEP][PASSED] - click(findTestObject("Object Repository/Page_PublicPortal/li_CPO Approved Courses")): Object: 'Object Repository/Page_PublicPortal/li_CPO Approved Courses' is clicked on

2022-07-12 23:38:15 - [MESSAGE][PASSED] - Object: 'Object Repository/Page_PublicPortal/li_CPO Approved Courses' is clicked on

2022-07-12 23:38:15 - [TEST_STEP][PASSED] - verifyElementText(findTestObject("Object Repository/Page_PublicPortal/li_CPO Approved Courses"), "CPO Approved Courses"): Actual text and expected text of test object 'Object Repository/Page_PublicPortal/li_CPO Approved Courses' are matched.

2022-07-12 23:38:16 - [MESSAGE][PASSED] - Actual text and expected text of test object 'Object Repository/Page_PublicPortal/li_CPO Approved Courses' are matched.

2022-07-12 23:38:16 - [TEST_STEP][PASSED] - closeBrowser(): Browser is closed

2022-07-12 23:38:17 - [MESSAGE][PASSED] - Browser is closed]]></system-out>
         <system-err><![CDATA[]]></system-err>
      </testcase>
      <testcase name="Test Cases/09_Approved Courses Reset Search Filters" time="11.934" classname="Test Cases/09_Approved Courses Reset Search Filters" status="PASSED">
         <system-out><![CDATA[2022-07-12 23:38:17 - [TEST_CASE][PASSED] - Test Cases/09_Approved Courses Reset Search Filters: Test Cases/09_Approved Courses Reset Search Filters

2022-07-12 23:38:18 - [TEST_STEP][PASSED] - openBrowser(""): Browser is opened with url: ''

2022-07-12 23:38:18 - [MESSAGE][INFO] - Starting 'Chrome' driver

2022-07-12 23:38:18 - [MESSAGE][INFO] - Action delay is set to 0 milliseconds

2022-07-12 23:38:20 - [MESSAGE][PASSED] - Browser is opened with url: ''

2022-07-12 23:38:20 - [TEST_STEP][PASSED] - maximizeWindow(): Current window maximized

2022-07-12 23:38:20 - [MESSAGE][PASSED] - Current window maximized

2022-07-12 23:38:20 - [TEST_STEP][PASSED] - navigateToUrl("https://intra.stage.apps.labour.gov.on.ca/public-portal-qa/#/marketplace/course-search"): Navigate to 'https://intra.stage.apps.labour.gov.on.ca/public-portal-qa/#/marketplace/course-search' successfully

2022-07-12 23:38:23 - [MESSAGE][PASSED] - Navigate to 'https://intra.stage.apps.labour.gov.on.ca/public-portal-qa/#/marketplace/course-search' successfully

2022-07-12 23:38:23 - [TEST_STEP][PASSED] - verifyElementPresent(findTestObject("Object Repository/Page_PublicPortal/li_CPO Approved Courses"), 0): Object 'Object Repository/Page_PublicPortal/li_CPO Approved Courses' is present

2022-07-12 23:38:23 - [MESSAGE][WARNING] - Timeout '0' is invalid. Using default page load timeout: '30'

2022-07-12 23:38:24 - [MESSAGE][PASSED] - Object 'Object Repository/Page_PublicPortal/li_CPO Approved Courses' is present

2022-07-12 23:38:24 - [TEST_STEP][PASSED] - verifyElementClickable(findTestObject("Object Repository/Page_PublicPortal/li_CPO Approved Courses")): Object 'Object Repository/Page_PublicPortal/li_CPO Approved Courses' is clickable

2022-07-12 23:38:25 - [MESSAGE][PASSED] - Object 'Object Repository/Page_PublicPortal/li_CPO Approved Courses' is clickable

2022-07-12 23:38:25 - [TEST_STEP][PASSED] - click(findTestObject("Object Repository/Page_PublicPortal/li_Training Eligibility")): Object: 'Object Repository/Page_PublicPortal/li_Training Eligibility' is clicked on

2022-07-12 23:38:25 - [MESSAGE][PASSED] - Object: 'Object Repository/Page_PublicPortal/li_Training Eligibility' is clicked on

2022-07-12 23:38:25 - [TEST_STEP][PASSED] - click(findTestObject("Object Repository/Page_PublicPortal/li_CPO Approved Courses")): Object: 'Object Repository/Page_PublicPortal/li_CPO Approved Courses' is clicked on

2022-07-12 23:38:27 - [MESSAGE][PASSED] - Object: 'Object Repository/Page_PublicPortal/li_CPO Approved Courses' is clicked on

2022-07-12 23:38:27 - [TEST_STEP][PASSED] - verifyElementText(findTestObject("Object Repository/Page_PublicPortal/li_CPO Approved Courses"), "CPO Approved Courses"): Actual text and expected text of test object 'Object Repository/Page_PublicPortal/li_CPO Approved Courses' are matched.

2022-07-12 23:38:28 - [MESSAGE][PASSED] - Actual text and expected text of test object 'Object Repository/Page_PublicPortal/li_CPO Approved Courses' are matched.

2022-07-12 23:38:28 - [TEST_STEP][PASSED] - closeBrowser(): Browser is closed

2022-07-12 23:38:29 - [MESSAGE][PASSED] - Browser is closed]]></system-out>
         <system-err><![CDATA[]]></system-err>
      </testcase>
      <testcase name="Test Cases/10_Training Eligibility Tab" time="11.863" classname="Test Cases/10_Training Eligibility Tab" status="PASSED">
         <system-out><![CDATA[2022-07-12 23:38:29 - [TEST_CASE][PASSED] - Test Cases/10_Training Eligibility Tab: Test Cases/10_Training Eligibility Tab

2022-07-12 23:38:30 - [TEST_STEP][PASSED] - openBrowser(""): Browser is opened with url: ''

2022-07-12 23:38:30 - [MESSAGE][INFO] - Starting 'Chrome' driver

2022-07-12 23:38:30 - [MESSAGE][INFO] - Action delay is set to 0 milliseconds

2022-07-12 23:38:32 - [MESSAGE][PASSED] - Browser is opened with url: ''

2022-07-12 23:38:32 - [TEST_STEP][PASSED] - maximizeWindow(): Current window maximized

2022-07-12 23:38:32 - [MESSAGE][PASSED] - Current window maximized

2022-07-12 23:38:32 - [TEST_STEP][PASSED] - navigateToUrl("https://intra.stage.apps.labour.gov.on.ca/public-portal-qa/#/marketplace/course-search"): Navigate to 'https://intra.stage.apps.labour.gov.on.ca/public-portal-qa/#/marketplace/course-search' successfully

2022-07-12 23:38:35 - [MESSAGE][PASSED] - Navigate to 'https://intra.stage.apps.labour.gov.on.ca/public-portal-qa/#/marketplace/course-search' successfully

2022-07-12 23:38:35 - [TEST_STEP][PASSED] - verifyElementPresent(findTestObject("Object Repository/Page_PublicPortal/li_CPO Approved Courses"), 0): Object 'Object Repository/Page_PublicPortal/li_CPO Approved Courses' is present

2022-07-12 23:38:35 - [MESSAGE][WARNING] - Timeout '0' is invalid. Using default page load timeout: '30'

2022-07-12 23:38:36 - [MESSAGE][PASSED] - Object 'Object Repository/Page_PublicPortal/li_CPO Approved Courses' is present

2022-07-12 23:38:36 - [TEST_STEP][PASSED] - verifyElementClickable(findTestObject("Object Repository/Page_PublicPortal/li_CPO Approved Courses")): Object 'Object Repository/Page_PublicPortal/li_CPO Approved Courses' is clickable

2022-07-12 23:38:37 - [MESSAGE][PASSED] - Object 'Object Repository/Page_PublicPortal/li_CPO Approved Courses' is clickable

2022-07-12 23:38:37 - [TEST_STEP][PASSED] - click(findTestObject("Object Repository/Page_PublicPortal/li_Training Eligibility")): Object: 'Object Repository/Page_PublicPortal/li_Training Eligibility' is clicked on

2022-07-12 23:38:37 - [MESSAGE][PASSED] - Object: 'Object Repository/Page_PublicPortal/li_Training Eligibility' is clicked on

2022-07-12 23:38:37 - [TEST_STEP][PASSED] - click(findTestObject("Object Repository/Page_PublicPortal/li_CPO Approved Courses")): Object: 'Object Repository/Page_PublicPortal/li_CPO Approved Courses' is clicked on

2022-07-12 23:38:38 - [MESSAGE][PASSED] - Object: 'Object Repository/Page_PublicPortal/li_CPO Approved Courses' is clicked on

2022-07-12 23:38:38 - [TEST_STEP][PASSED] - verifyElementText(findTestObject("Object Repository/Page_PublicPortal/li_CPO Approved Courses"), "CPO Approved Courses"): Actual text and expected text of test object 'Object Repository/Page_PublicPortal/li_CPO Approved Courses' are matched.

2022-07-12 23:38:39 - [MESSAGE][PASSED] - Actual text and expected text of test object 'Object Repository/Page_PublicPortal/li_CPO Approved Courses' are matched.

2022-07-12 23:38:39 - [TEST_STEP][PASSED] - closeBrowser(): Browser is closed

2022-07-12 23:38:40 - [MESSAGE][PASSED] - Browser is closed]]></system-out>
         <system-err><![CDATA[]]></system-err>
      </testcase>
      <testcase name="Test Cases/11_Generic Page Header Component" time="11.813" classname="Test Cases/11_Generic Page Header Component" status="PASSED">
         <system-out><![CDATA[2022-07-12 23:38:40 - [TEST_CASE][PASSED] - Test Cases/11_Generic Page Header Component: Test Cases/11_Generic Page Header Component

2022-07-12 23:38:41 - [TEST_STEP][PASSED] - openBrowser(""): Browser is opened with url: ''

2022-07-12 23:38:41 - [MESSAGE][INFO] - Starting 'Chrome' driver

2022-07-12 23:38:41 - [MESSAGE][INFO] - Action delay is set to 0 milliseconds

2022-07-12 23:38:43 - [MESSAGE][PASSED] - Browser is opened with url: ''

2022-07-12 23:38:43 - [TEST_STEP][PASSED] - maximizeWindow(): Current window maximized

2022-07-12 23:38:44 - [MESSAGE][PASSED] - Current window maximized

2022-07-12 23:38:44 - [TEST_STEP][PASSED] - navigateToUrl("https://intra.stage.apps.labour.gov.on.ca/public-portal-qa/#/marketplace/course-search"): Navigate to 'https://intra.stage.apps.labour.gov.on.ca/public-portal-qa/#/marketplace/course-search' successfully

2022-07-12 23:38:47 - [MESSAGE][PASSED] - Navigate to 'https://intra.stage.apps.labour.gov.on.ca/public-portal-qa/#/marketplace/course-search' successfully

2022-07-12 23:38:47 - [TEST_STEP][PASSED] - verifyElementPresent(findTestObject("Object Repository/Page_PublicPortal/li_CPO Approved Courses"), 0): Object 'Object Repository/Page_PublicPortal/li_CPO Approved Courses' is present

2022-07-12 23:38:47 - [MESSAGE][WARNING] - Timeout '0' is invalid. Using default page load timeout: '30'

2022-07-12 23:38:48 - [MESSAGE][PASSED] - Object 'Object Repository/Page_PublicPortal/li_CPO Approved Courses' is present

2022-07-12 23:38:48 - [TEST_STEP][PASSED] - verifyElementClickable(findTestObject("Object Repository/Page_PublicPortal/li_CPO Approved Courses")): Object 'Object Repository/Page_PublicPortal/li_CPO Approved Courses' is clickable

2022-07-12 23:38:48 - [MESSAGE][PASSED] - Object 'Object Repository/Page_PublicPortal/li_CPO Approved Courses' is clickable

2022-07-12 23:38:48 - [TEST_STEP][PASSED] - click(findTestObject("Object Repository/Page_PublicPortal/li_Training Eligibility")): Object: 'Object Repository/Page_PublicPortal/li_Training Eligibility' is clicked on

2022-07-12 23:38:49 - [MESSAGE][PASSED] - Object: 'Object Repository/Page_PublicPortal/li_Training Eligibility' is clicked on

2022-07-12 23:38:49 - [TEST_STEP][PASSED] - click(findTestObject("Object Repository/Page_PublicPortal/li_CPO Approved Courses")): Object: 'Object Repository/Page_PublicPortal/li_CPO Approved Courses' is clicked on

2022-07-12 23:38:51 - [MESSAGE][PASSED] - Object: 'Object Repository/Page_PublicPortal/li_CPO Approved Courses' is clicked on

2022-07-12 23:38:51 - [TEST_STEP][PASSED] - verifyElementText(findTestObject("Object Repository/Page_PublicPortal/li_CPO Approved Courses"), "CPO Approved Courses"): Actual text and expected text of test object 'Object Repository/Page_PublicPortal/li_CPO Approved Courses' are matched.

2022-07-12 23:38:51 - [MESSAGE][PASSED] - Actual text and expected text of test object 'Object Repository/Page_PublicPortal/li_CPO Approved Courses' are matched.

2022-07-12 23:38:51 - [TEST_STEP][PASSED] - closeBrowser(): Browser is closed

2022-07-12 23:38:52 - [MESSAGE][PASSED] - Browser is closed]]></system-out>
         <system-err><![CDATA[]]></system-err>
      </testcase>
      <testcase name="Test Cases/12_Generic Validation Message Component" time="12.315" classname="Test Cases/12_Generic Validation Message Component" status="PASSED">
         <system-out><![CDATA[2022-07-12 23:38:52 - [TEST_CASE][PASSED] - Test Cases/12_Generic Validation Message Component: Test Cases/12_Generic Validation Message Component

2022-07-12 23:38:53 - [TEST_STEP][PASSED] - openBrowser(""): Browser is opened with url: ''

2022-07-12 23:38:53 - [MESSAGE][INFO] - Starting 'Chrome' driver

2022-07-12 23:38:53 - [MESSAGE][INFO] - Action delay is set to 0 milliseconds

2022-07-12 23:38:55 - [MESSAGE][PASSED] - Browser is opened with url: ''

2022-07-12 23:38:55 - [TEST_STEP][PASSED] - maximizeWindow(): Current window maximized

2022-07-12 23:38:55 - [MESSAGE][PASSED] - Current window maximized

2022-07-12 23:38:55 - [TEST_STEP][PASSED] - navigateToUrl("https://intra.stage.apps.labour.gov.on.ca/public-portal-qa/#/marketplace/course-search"): Navigate to 'https://intra.stage.apps.labour.gov.on.ca/public-portal-qa/#/marketplace/course-search' successfully

2022-07-12 23:38:59 - [MESSAGE][PASSED] - Navigate to 'https://intra.stage.apps.labour.gov.on.ca/public-portal-qa/#/marketplace/course-search' successfully

2022-07-12 23:38:59 - [TEST_STEP][PASSED] - verifyElementPresent(findTestObject("Object Repository/Page_PublicPortal/li_CPO Approved Courses"), 0): Object 'Object Repository/Page_PublicPortal/li_CPO Approved Courses' is present

2022-07-12 23:38:59 - [MESSAGE][WARNING] - Timeout '0' is invalid. Using default page load timeout: '30'

2022-07-12 23:39:00 - [MESSAGE][PASSED] - Object 'Object Repository/Page_PublicPortal/li_CPO Approved Courses' is present

2022-07-12 23:39:00 - [TEST_STEP][PASSED] - verifyElementClickable(findTestObject("Object Repository/Page_PublicPortal/li_CPO Approved Courses")): Object 'Object Repository/Page_PublicPortal/li_CPO Approved Courses' is clickable

2022-07-12 23:39:01 - [MESSAGE][PASSED] - Object 'Object Repository/Page_PublicPortal/li_CPO Approved Courses' is clickable

2022-07-12 23:39:01 - [TEST_STEP][PASSED] - click(findTestObject("Object Repository/Page_PublicPortal/li_Training Eligibility")): Object: 'Object Repository/Page_PublicPortal/li_Training Eligibility' is clicked on

2022-07-12 23:39:02 - [MESSAGE][PASSED] - Object: 'Object Repository/Page_PublicPortal/li_Training Eligibility' is clicked on

2022-07-12 23:39:02 - [TEST_STEP][PASSED] - click(findTestObject("Object Repository/Page_PublicPortal/li_CPO Approved Courses")): Object: 'Object Repository/Page_PublicPortal/li_CPO Approved Courses' is clicked on

2022-07-12 23:39:03 - [MESSAGE][PASSED] - Object: 'Object Repository/Page_PublicPortal/li_CPO Approved Courses' is clicked on

2022-07-12 23:39:03 - [TEST_STEP][PASSED] - verifyElementText(findTestObject("Object Repository/Page_PublicPortal/li_CPO Approved Courses"), "CPO Approved Courses"): Actual text and expected text of test object 'Object Repository/Page_PublicPortal/li_CPO Approved Courses' are matched.

2022-07-12 23:39:04 - [MESSAGE][PASSED] - Actual text and expected text of test object 'Object Repository/Page_PublicPortal/li_CPO Approved Courses' are matched.

2022-07-12 23:39:04 - [TEST_STEP][PASSED] - closeBrowser(): Browser is closed

2022-07-12 23:39:05 - [MESSAGE][PASSED] - Browser is closed]]></system-out>
         <system-err><![CDATA[]]></system-err>
      </testcase>
      <testcase name="Test Cases/13_Approved Courses Search by Total Seats" time="12.945" classname="Test Cases/13_Approved Courses Search by Total Seats" status="PASSED">
         <system-out><![CDATA[2022-07-12 23:39:05 - [TEST_CASE][PASSED] - Test Cases/13_Approved Courses Search by Total Seats: Test Cases/13_Approved Courses Search by Total Seats

2022-07-12 23:39:05 - [TEST_STEP][PASSED] - openBrowser(""): Browser is opened with url: ''

2022-07-12 23:39:05 - [MESSAGE][INFO] - Starting 'Chrome' driver

2022-07-12 23:39:05 - [MESSAGE][INFO] - Action delay is set to 0 milliseconds

2022-07-12 23:39:08 - [MESSAGE][PASSED] - Browser is opened with url: ''

2022-07-12 23:39:08 - [TEST_STEP][PASSED] - maximizeWindow(): Current window maximized

2022-07-12 23:39:08 - [MESSAGE][PASSED] - Current window maximized

2022-07-12 23:39:08 - [TEST_STEP][PASSED] - navigateToUrl("https://intra.stage.apps.labour.gov.on.ca/public-portal-qa/#/marketplace/course-search"): Navigate to 'https://intra.stage.apps.labour.gov.on.ca/public-portal-qa/#/marketplace/course-search' successfully

2022-07-12 23:39:11 - [MESSAGE][PASSED] - Navigate to 'https://intra.stage.apps.labour.gov.on.ca/public-portal-qa/#/marketplace/course-search' successfully

2022-07-12 23:39:11 - [TEST_STEP][PASSED] - verifyElementPresent(findTestObject("Object Repository/Page_PublicPortal/li_CPO Approved Courses"), 0): Object 'Object Repository/Page_PublicPortal/li_CPO Approved Courses' is present

2022-07-12 23:39:11 - [MESSAGE][WARNING] - Timeout '0' is invalid. Using default page load timeout: '30'

2022-07-12 23:39:13 - [MESSAGE][PASSED] - Object 'Object Repository/Page_PublicPortal/li_CPO Approved Courses' is present

2022-07-12 23:39:13 - [TEST_STEP][PASSED] - verifyElementClickable(findTestObject("Object Repository/Page_PublicPortal/li_CPO Approved Courses")): Object 'Object Repository/Page_PublicPortal/li_CPO Approved Courses' is clickable

2022-07-12 23:39:14 - [MESSAGE][PASSED] - Object 'Object Repository/Page_PublicPortal/li_CPO Approved Courses' is clickable

2022-07-12 23:39:14 - [TEST_STEP][PASSED] - click(findTestObject("Object Repository/Page_PublicPortal/li_Training Eligibility")): Object: 'Object Repository/Page_PublicPortal/li_Training Eligibility' is clicked on

2022-07-12 23:39:15 - [MESSAGE][PASSED] - Object: 'Object Repository/Page_PublicPortal/li_Training Eligibility' is clicked on

2022-07-12 23:39:15 - [TEST_STEP][PASSED] - click(findTestObject("Object Repository/Page_PublicPortal/li_CPO Approved Courses")): Object: 'Object Repository/Page_PublicPortal/li_CPO Approved Courses' is clicked on

2022-07-12 23:39:15 - [MESSAGE][PASSED] - Object: 'Object Repository/Page_PublicPortal/li_CPO Approved Courses' is clicked on

2022-07-12 23:39:15 - [TEST_STEP][PASSED] - verifyElementText(findTestObject("Object Repository/Page_PublicPortal/li_CPO Approved Courses"), "CPO Approved Courses"): Actual text and expected text of test object 'Object Repository/Page_PublicPortal/li_CPO Approved Courses' are matched.

2022-07-12 23:39:16 - [MESSAGE][PASSED] - Actual text and expected text of test object 'Object Repository/Page_PublicPortal/li_CPO Approved Courses' are matched.

2022-07-12 23:39:16 - [TEST_STEP][PASSED] - closeBrowser(): Browser is closed

2022-07-12 23:39:18 - [MESSAGE][PASSED] - Browser is closed]]></system-out>
         <system-err><![CDATA[]]></system-err>
      </testcase>
      <system-out><![CDATA[2022-07-12 23:36:32 - [TEST_SUITE][PASSED] - Beta_1: Test Cases/13_Approved Courses Search by Total Seats]]></system-out>
      <system-err><![CDATA[]]></system-err>
   </testsuite>
   <testsuite name="Beta_2" tests="23" failures="0" errors="0" time="267.007" skipped="0" timestamp="2022-07-12 23:36:35" hostname="DzhohaAl - ON34C03261455.cihs.ad.gov.on.ca" id="Test Suites/Beta_2">
      <properties>
         <property name="deviceName" value=""/>
         <property name="devicePlatform" value=""/>
         <property name="logFolder" value="C:\\Users\\DzhohaAl\\Katalon Studio\\CMS_automation\\Reports\\20220712_233553\\Beta_2\\20220712_233604"/>
         <property name="logFiles" value="C:\\Users\\DzhohaAl\\Katalon Studio\\CMS_automation\\Reports\\20220712_233553\\Beta_2\\20220712_233604\\execution0.log"/>
         <property name="attachments" value=""/>
         <property name="hostName" value="DzhohaAl - ON34C03261455.cihs.ad.gov.on.ca"/>
         <property name="os" value="Windows 10 64bit"/>
         <property name="katalonVersion" value="8.3.5.208"/>
         <property name="browser" value="Chrome 103.0.5060.114"/>
         <property name="hostAddress" value="192.168.0.18"/>
         <property name="sessionId" value="b175e5d7a70a6525028b5084ef2eef7b"/>
         <property name="seleniumVersion" value="3.141.59"/>
         <property name="proxyInformation" value="ProxyInformation { proxyOption=NO_PROXY, proxyServerType=HTTP, username=, password=********, proxyServerAddress=, proxyServerPort=0, executionList=&quot;&quot;, isApplyToDesiredCapabilities=true }"/>
         <property name="platform" value="Windows 10"/>
      </properties>
      <testcase name="Test Cases/14_Approved Courses Search by Preferred Training Location" time="18.642" classname="Test Cases/14_Approved Courses Search by Preferred Training Location" status="PASSED">
         <system-out><![CDATA[2022-07-12 23:36:35 - [TEST_CASE][PASSED] - Test Cases/14_Approved Courses Search by Preferred Training Location: Test Cases/14_Approved Courses Search by Preferred Training Location

2022-07-12 23:36:37 - [TEST_STEP][PASSED] - openBrowser(""): Browser is opened with url: ''

2022-07-12 23:36:38 - [MESSAGE][INFO] - Starting 'Chrome' driver

2022-07-12 23:36:38 - [MESSAGE][INFO] - Action delay is set to 0 milliseconds

2022-07-12 23:36:44 - [MESSAGE][PASSED] - Browser is opened with url: ''

2022-07-12 23:36:44 - [TEST_STEP][PASSED] - maximizeWindow(): Current window maximized

2022-07-12 23:36:44 - [MESSAGE][PASSED] - Current window maximized

2022-07-12 23:36:44 - [TEST_STEP][PASSED] - navigateToUrl("https://intra.stage.apps.labour.gov.on.ca/public-portal-qa/#/marketplace/course-search"): Navigate to 'https://intra.stage.apps.labour.gov.on.ca/public-portal-qa/#/marketplace/course-search' successfully

2022-07-12 23:36:46 - [MESSAGE][PASSED] - Navigate to 'https://intra.stage.apps.labour.gov.on.ca/public-portal-qa/#/marketplace/course-search' successfully

2022-07-12 23:36:46 - [TEST_STEP][PASSED] - verifyElementPresent(findTestObject("Object Repository/Page_PublicPortal/li_CPO Approved Courses"), 0): Object 'Object Repository/Page_PublicPortal/li_CPO Approved Courses' is present

2022-07-12 23:36:46 - [MESSAGE][WARNING] - Timeout '0' is invalid. Using default page load timeout: '30'

2022-07-12 23:36:48 - [MESSAGE][PASSED] - Object 'Object Repository/Page_PublicPortal/li_CPO Approved Courses' is present

2022-07-12 23:36:48 - [TEST_STEP][PASSED] - verifyElementClickable(findTestObject("Object Repository/Page_PublicPortal/li_CPO Approved Courses")): Object 'Object Repository/Page_PublicPortal/li_CPO Approved Courses' is clickable

2022-07-12 23:36:48 - [MESSAGE][PASSED] - Object 'Object Repository/Page_PublicPortal/li_CPO Approved Courses' is clickable

2022-07-12 23:36:48 - [TEST_STEP][PASSED] - click(findTestObject("Object Repository/Page_PublicPortal/li_Training Eligibility")): Object: 'Object Repository/Page_PublicPortal/li_Training Eligibility' is clicked on

2022-07-12 23:36:50 - [MESSAGE][PASSED] - Object: 'Object Repository/Page_PublicPortal/li_Training Eligibility' is clicked on

2022-07-12 23:36:50 - [TEST_STEP][PASSED] - click(findTestObject("Object Repository/Page_PublicPortal/li_CPO Approved Courses")): Object: 'Object Repository/Page_PublicPortal/li_CPO Approved Courses' is clicked on

2022-07-12 23:36:52 - [MESSAGE][PASSED] - Object: 'Object Repository/Page_PublicPortal/li_CPO Approved Courses' is clicked on

2022-07-12 23:36:52 - [TEST_STEP][PASSED] - verifyElementText(findTestObject("Object Repository/Page_PublicPortal/li_CPO Approved Courses"), "CPO Approved Courses"): Actual text and expected text of test object 'Object Repository/Page_PublicPortal/li_CPO Approved Courses' are matched.

2022-07-12 23:36:53 - [MESSAGE][PASSED] - Actual text and expected text of test object 'Object Repository/Page_PublicPortal/li_CPO Approved Courses' are matched.

2022-07-12 23:36:53 - [TEST_STEP][PASSED] - closeBrowser(): Browser is closed

2022-07-12 23:36:54 - [MESSAGE][PASSED] - Browser is closed]]></system-out>
         <system-err><![CDATA[]]></system-err>
      </testcase>
      <testcase name="Test Cases/15_Approved Courses Search by Listings with Course Fee" time="13.484" classname="Test Cases/15_Approved Courses Search by Listings with Course Fee" status="PASSED">
         <system-out><![CDATA[2022-07-12 23:36:54 - [TEST_CASE][PASSED] - Test Cases/15_Approved Courses Search by Listings with Course Fee: Test Cases/15_Approved Courses Search by Listings with Course Fee

2022-07-12 23:36:56 - [TEST_STEP][PASSED] - openBrowser(""): Browser is opened with url: ''

2022-07-12 23:36:56 - [MESSAGE][INFO] - Starting 'Chrome' driver

2022-07-12 23:36:56 - [MESSAGE][INFO] - Action delay is set to 0 milliseconds

2022-07-12 23:36:58 - [MESSAGE][PASSED] - Browser is opened with url: ''

2022-07-12 23:36:58 - [TEST_STEP][PASSED] - maximizeWindow(): Current window maximized

2022-07-12 23:36:59 - [MESSAGE][PASSED] - Current window maximized

2022-07-12 23:36:59 - [TEST_STEP][PASSED] - navigateToUrl("https://intra.stage.apps.labour.gov.on.ca/public-portal-qa/#/marketplace/course-search"): Navigate to 'https://intra.stage.apps.labour.gov.on.ca/public-portal-qa/#/marketplace/course-search' successfully

2022-07-12 23:37:02 - [MESSAGE][PASSED] - Navigate to 'https://intra.stage.apps.labour.gov.on.ca/public-portal-qa/#/marketplace/course-search' successfully

2022-07-12 23:37:02 - [TEST_STEP][PASSED] - verifyElementPresent(findTestObject("Object Repository/Page_PublicPortal/li_CPO Approved Courses"), 0): Object 'Object Repository/Page_PublicPortal/li_CPO Approved Courses' is present

2022-07-12 23:37:02 - [MESSAGE][WARNING] - Timeout '0' is invalid. Using default page load timeout: '30'

2022-07-12 23:37:03 - [MESSAGE][PASSED] - Object 'Object Repository/Page_PublicPortal/li_CPO Approved Courses' is present

2022-07-12 23:37:03 - [TEST_STEP][PASSED] - verifyElementClickable(findTestObject("Object Repository/Page_PublicPortal/li_CPO Approved Courses")): Object 'Object Repository/Page_PublicPortal/li_CPO Approved Courses' is clickable

2022-07-12 23:37:03 - [MESSAGE][PASSED] - Object 'Object Repository/Page_PublicPortal/li_CPO Approved Courses' is clickable

2022-07-12 23:37:03 - [TEST_STEP][PASSED] - click(findTestObject("Object Repository/Page_PublicPortal/li_Training Eligibility")): Object: 'Object Repository/Page_PublicPortal/li_Training Eligibility' is clicked on

2022-07-12 23:37:05 - [MESSAGE][PASSED] - Object: 'Object Repository/Page_PublicPortal/li_Training Eligibility' is clicked on

2022-07-12 23:37:05 - [TEST_STEP][PASSED] - click(findTestObject("Object Repository/Page_PublicPortal/li_CPO Approved Courses")): Object: 'Object Repository/Page_PublicPortal/li_CPO Approved Courses' is clicked on

2022-07-12 23:37:06 - [MESSAGE][PASSED] - Object: 'Object Repository/Page_PublicPortal/li_CPO Approved Courses' is clicked on

2022-07-12 23:37:06 - [TEST_STEP][PASSED] - verifyElementText(findTestObject("Object Repository/Page_PublicPortal/li_CPO Approved Courses"), "CPO Approved Courses"): Actual text and expected text of test object 'Object Repository/Page_PublicPortal/li_CPO Approved Courses' are matched.

2022-07-12 23:37:07 - [MESSAGE][PASSED] - Actual text and expected text of test object 'Object Repository/Page_PublicPortal/li_CPO Approved Courses' are matched.

2022-07-12 23:37:07 - [TEST_STEP][PASSED] - closeBrowser(): Browser is closed

2022-07-12 23:37:07 - [MESSAGE][PASSED] - Browser is closed]]></system-out>
         <system-err><![CDATA[]]></system-err>
      </testcase>
      <testcase name="Test Cases/16_Approved Courses Search by Listings with Weekend Classes" time="11.037" classname="Test Cases/16_Approved Courses Search by Listings with Weekend Classes" status="PASSED">
         <system-out><![CDATA[2022-07-12 23:37:07 - [TEST_CASE][PASSED] - Test Cases/16_Approved Courses Search by Listings with Weekend Classes: Test Cases/16_Approved Courses Search by Listings with Weekend Classes

2022-07-12 23:37:09 - [TEST_STEP][PASSED] - openBrowser(""): Browser is opened with url: ''

2022-07-12 23:37:09 - [MESSAGE][INFO] - Starting 'Chrome' driver

2022-07-12 23:37:09 - [MESSAGE][INFO] - Action delay is set to 0 milliseconds

2022-07-12 23:37:11 - [MESSAGE][PASSED] - Browser is opened with url: ''

2022-07-12 23:37:11 - [TEST_STEP][PASSED] - maximizeWindow(): Current window maximized

2022-07-12 23:37:11 - [MESSAGE][PASSED] - Current window maximized

2022-07-12 23:37:11 - [TEST_STEP][PASSED] - navigateToUrl("https://intra.stage.apps.labour.gov.on.ca/public-portal-qa/#/marketplace/course-search"): Navigate to 'https://intra.stage.apps.labour.gov.on.ca/public-portal-qa/#/marketplace/course-search' successfully

2022-07-12 23:37:13 - [MESSAGE][PASSED] - Navigate to 'https://intra.stage.apps.labour.gov.on.ca/public-portal-qa/#/marketplace/course-search' successfully

2022-07-12 23:37:13 - [TEST_STEP][PASSED] - verifyElementPresent(findTestObject("Object Repository/Page_PublicPortal/li_CPO Approved Courses"), 0): Object 'Object Repository/Page_PublicPortal/li_CPO Approved Courses' is present

2022-07-12 23:37:14 - [MESSAGE][WARNING] - Timeout '0' is invalid. Using default page load timeout: '30'

2022-07-12 23:37:14 - [MESSAGE][PASSED] - Object 'Object Repository/Page_PublicPortal/li_CPO Approved Courses' is present

2022-07-12 23:37:14 - [TEST_STEP][PASSED] - verifyElementClickable(findTestObject("Object Repository/Page_PublicPortal/li_CPO Approved Courses")): Object 'Object Repository/Page_PublicPortal/li_CPO Approved Courses' is clickable

2022-07-12 23:37:15 - [MESSAGE][PASSED] - Object 'Object Repository/Page_PublicPortal/li_CPO Approved Courses' is clickable

2022-07-12 23:37:15 - [TEST_STEP][PASSED] - click(findTestObject("Object Repository/Page_PublicPortal/li_Training Eligibility")): Object: 'Object Repository/Page_PublicPortal/li_Training Eligibility' is clicked on

2022-07-12 23:37:15 - [MESSAGE][PASSED] - Object: 'Object Repository/Page_PublicPortal/li_Training Eligibility' is clicked on

2022-07-12 23:37:15 - [TEST_STEP][PASSED] - click(findTestObject("Object Repository/Page_PublicPortal/li_CPO Approved Courses")): Object: 'Object Repository/Page_PublicPortal/li_CPO Approved Courses' is clicked on

2022-07-12 23:37:17 - [MESSAGE][PASSED] - Object: 'Object Repository/Page_PublicPortal/li_CPO Approved Courses' is clicked on

2022-07-12 23:37:17 - [TEST_STEP][PASSED] - verifyElementText(findTestObject("Object Repository/Page_PublicPortal/li_CPO Approved Courses"), "CPO Approved Courses"): Actual text and expected text of test object 'Object Repository/Page_PublicPortal/li_CPO Approved Courses' are matched.

2022-07-12 23:37:18 - [MESSAGE][PASSED] - Actual text and expected text of test object 'Object Repository/Page_PublicPortal/li_CPO Approved Courses' are matched.

2022-07-12 23:37:18 - [TEST_STEP][PASSED] - closeBrowser(): Browser is closed

2022-07-12 23:37:19 - [MESSAGE][PASSED] - Browser is closed]]></system-out>
         <system-err><![CDATA[]]></system-err>
      </testcase>
      <testcase name="Test Cases/17_Approved Courses Reset Search Filters" time="14.474" classname="Test Cases/17_Approved Courses Reset Search Filters" status="PASSED">
         <system-out><![CDATA[2022-07-12 23:37:19 - [TEST_CASE][PASSED] - Test Cases/17_Approved Courses Reset Search Filters: Test Cases/17_Approved Courses Reset Search Filters

2022-07-12 23:37:20 - [TEST_STEP][PASSED] - openBrowser(""): Browser is opened with url: ''

2022-07-12 23:37:20 - [MESSAGE][INFO] - Starting 'Chrome' driver

2022-07-12 23:37:20 - [MESSAGE][INFO] - Action delay is set to 0 milliseconds

2022-07-12 23:37:23 - [MESSAGE][PASSED] - Browser is opened with url: ''

2022-07-12 23:37:23 - [TEST_STEP][PASSED] - maximizeWindow(): Current window maximized

2022-07-12 23:37:23 - [MESSAGE][PASSED] - Current window maximized

2022-07-12 23:37:23 - [TEST_STEP][PASSED] - navigateToUrl("https://intra.stage.apps.labour.gov.on.ca/public-portal-qa/#/marketplace/course-search"): Navigate to 'https://intra.stage.apps.labour.gov.on.ca/public-portal-qa/#/marketplace/course-search' successfully

2022-07-12 23:37:27 - [MESSAGE][PASSED] - Navigate to 'https://intra.stage.apps.labour.gov.on.ca/public-portal-qa/#/marketplace/course-search' successfully

2022-07-12 23:37:27 - [TEST_STEP][PASSED] - verifyElementPresent(findTestObject("Object Repository/Page_PublicPortal/li_CPO Approved Courses"), 0): Object 'Object Repository/Page_PublicPortal/li_CPO Approved Courses' is present

2022-07-12 23:37:28 - [MESSAGE][WARNING] - Timeout '0' is invalid. Using default page load timeout: '30'

2022-07-12 23:37:29 - [MESSAGE][PASSED] - Object 'Object Repository/Page_PublicPortal/li_CPO Approved Courses' is present

2022-07-12 23:37:29 - [TEST_STEP][PASSED] - verifyElementClickable(findTestObject("Object Repository/Page_PublicPortal/li_CPO Approved Courses")): Object 'Object Repository/Page_PublicPortal/li_CPO Approved Courses' is clickable

2022-07-12 23:37:30 - [MESSAGE][PASSED] - Object 'Object Repository/Page_PublicPortal/li_CPO Approved Courses' is clickable

2022-07-12 23:37:30 - [TEST_STEP][PASSED] - click(findTestObject("Object Repository/Page_PublicPortal/li_Training Eligibility")): Object: 'Object Repository/Page_PublicPortal/li_Training Eligibility' is clicked on

2022-07-12 23:37:31 - [MESSAGE][PASSED] - Object: 'Object Repository/Page_PublicPortal/li_Training Eligibility' is clicked on

2022-07-12 23:37:31 - [TEST_STEP][PASSED] - click(findTestObject("Object Repository/Page_PublicPortal/li_CPO Approved Courses")): Object: 'Object Repository/Page_PublicPortal/li_CPO Approved Courses' is clicked on

2022-07-12 23:37:32 - [MESSAGE][PASSED] - Object: 'Object Repository/Page_PublicPortal/li_CPO Approved Courses' is clicked on

2022-07-12 23:37:32 - [TEST_STEP][PASSED] - verifyElementText(findTestObject("Object Repository/Page_PublicPortal/li_CPO Approved Courses"), "CPO Approved Courses"): Actual text and expected text of test object 'Object Repository/Page_PublicPortal/li_CPO Approved Courses' are matched.

2022-07-12 23:37:32 - [MESSAGE][PASSED] - Actual text and expected text of test object 'Object Repository/Page_PublicPortal/li_CPO Approved Courses' are matched.

2022-07-12 23:37:32 - [TEST_STEP][PASSED] - closeBrowser(): Browser is closed

2022-07-12 23:37:33 - [MESSAGE][PASSED] - Browser is closed]]></system-out>
         <system-err><![CDATA[]]></system-err>
      </testcase>
      <testcase name="Test Cases/18_Generic Page Footer Component" time="13.439" classname="Test Cases/18_Generic Page Footer Component" status="PASSED">
         <system-out><![CDATA[2022-07-12 23:37:33 - [TEST_CASE][PASSED] - Test Cases/18_Generic Page Footer Component: Test Cases/18_Generic Page Footer Component

2022-07-12 23:37:34 - [TEST_STEP][PASSED] - openBrowser(""): Browser is opened with url: ''

2022-07-12 23:37:34 - [MESSAGE][INFO] - Starting 'Chrome' driver

2022-07-12 23:37:34 - [MESSAGE][INFO] - Action delay is set to 0 milliseconds

2022-07-12 23:37:37 - [MESSAGE][PASSED] - Browser is opened with url: ''

2022-07-12 23:37:37 - [TEST_STEP][PASSED] - maximizeWindow(): Current window maximized

2022-07-12 23:37:37 - [MESSAGE][PASSED] - Current window maximized

2022-07-12 23:37:37 - [TEST_STEP][PASSED] - navigateToUrl("https://intra.stage.apps.labour.gov.on.ca/public-portal-qa/#/marketplace/course-search"): Navigate to 'https://intra.stage.apps.labour.gov.on.ca/public-portal-qa/#/marketplace/course-search' successfully

2022-07-12 23:37:41 - [MESSAGE][PASSED] - Navigate to 'https://intra.stage.apps.labour.gov.on.ca/public-portal-qa/#/marketplace/course-search' successfully

2022-07-12 23:37:41 - [TEST_STEP][PASSED] - verifyElementPresent(findTestObject("Object Repository/Page_PublicPortal/li_CPO Approved Courses"), 0): Object 'Object Repository/Page_PublicPortal/li_CPO Approved Courses' is present

2022-07-12 23:37:42 - [MESSAGE][WARNING] - Timeout '0' is invalid. Using default page load timeout: '30'

2022-07-12 23:37:43 - [MESSAGE][PASSED] - Object 'Object Repository/Page_PublicPortal/li_CPO Approved Courses' is present

2022-07-12 23:37:43 - [TEST_STEP][PASSED] - verifyElementClickable(findTestObject("Object Repository/Page_PublicPortal/li_CPO Approved Courses")): Object 'Object Repository/Page_PublicPortal/li_CPO Approved Courses' is clickable

2022-07-12 23:37:43 - [MESSAGE][PASSED] - Object 'Object Repository/Page_PublicPortal/li_CPO Approved Courses' is clickable

2022-07-12 23:37:43 - [TEST_STEP][PASSED] - click(findTestObject("Object Repository/Page_PublicPortal/li_Training Eligibility")): Object: 'Object Repository/Page_PublicPortal/li_Training Eligibility' is clicked on

2022-07-12 23:37:44 - [MESSAGE][PASSED] - Object: 'Object Repository/Page_PublicPortal/li_Training Eligibility' is clicked on

2022-07-12 23:37:44 - [TEST_STEP][PASSED] - click(findTestObject("Object Repository/Page_PublicPortal/li_CPO Approved Courses")): Object: 'Object Repository/Page_PublicPortal/li_CPO Approved Courses' is clicked on

2022-07-12 23:37:44 - [MESSAGE][PASSED] - Object: 'Object Repository/Page_PublicPortal/li_CPO Approved Courses' is clicked on

2022-07-12 23:37:44 - [TEST_STEP][PASSED] - verifyElementText(findTestObject("Object Repository/Page_PublicPortal/li_CPO Approved Courses"), "CPO Approved Courses"): Actual text and expected text of test object 'Object Repository/Page_PublicPortal/li_CPO Approved Courses' are matched.

2022-07-12 23:37:45 - [MESSAGE][PASSED] - Actual text and expected text of test object 'Object Repository/Page_PublicPortal/li_CPO Approved Courses' are matched.

2022-07-12 23:37:45 - [TEST_STEP][PASSED] - closeBrowser(): Browser is closed

2022-07-12 23:37:46 - [MESSAGE][PASSED] - Browser is closed]]></system-out>
         <system-err><![CDATA[]]></system-err>
      </testcase>
      <testcase name="Test Cases/19_Generic Feedback Component" time="12.504" classname="Test Cases/19_Generic Feedback Component" status="PASSED">
         <system-out><![CDATA[2022-07-12 23:37:46 - [TEST_CASE][PASSED] - Test Cases/19_Generic Feedback Component: Test Cases/19_Generic Feedback Component

2022-07-12 23:37:48 - [TEST_STEP][PASSED] - openBrowser(""): Browser is opened with url: ''

2022-07-12 23:37:48 - [MESSAGE][INFO] - Starting 'Chrome' driver

2022-07-12 23:37:48 - [MESSAGE][INFO] - Action delay is set to 0 milliseconds

2022-07-12 23:37:50 - [MESSAGE][PASSED] - Browser is opened with url: ''

2022-07-12 23:37:50 - [TEST_STEP][PASSED] - maximizeWindow(): Current window maximized

2022-07-12 23:37:50 - [MESSAGE][PASSED] - Current window maximized

2022-07-12 23:37:50 - [TEST_STEP][PASSED] - navigateToUrl("https://intra.stage.apps.labour.gov.on.ca/public-portal-qa/#/marketplace/course-search"): Navigate to 'https://intra.stage.apps.labour.gov.on.ca/public-portal-qa/#/marketplace/course-search' successfully

2022-07-12 23:37:55 - [MESSAGE][PASSED] - Navigate to 'https://intra.stage.apps.labour.gov.on.ca/public-portal-qa/#/marketplace/course-search' successfully

2022-07-12 23:37:55 - [TEST_STEP][PASSED] - verifyElementPresent(findTestObject("Object Repository/Page_PublicPortal/li_CPO Approved Courses"), 0): Object 'Object Repository/Page_PublicPortal/li_CPO Approved Courses' is present

2022-07-12 23:37:55 - [MESSAGE][WARNING] - Timeout '0' is invalid. Using default page load timeout: '30'

2022-07-12 23:37:55 - [MESSAGE][PASSED] - Object 'Object Repository/Page_PublicPortal/li_CPO Approved Courses' is present

2022-07-12 23:37:55 - [TEST_STEP][PASSED] - verifyElementClickable(findTestObject("Object Repository/Page_PublicPortal/li_CPO Approved Courses")): Object 'Object Repository/Page_PublicPortal/li_CPO Approved Courses' is clickable

2022-07-12 23:37:56 - [MESSAGE][PASSED] - Object 'Object Repository/Page_PublicPortal/li_CPO Approved Courses' is clickable

2022-07-12 23:37:56 - [TEST_STEP][PASSED] - click(findTestObject("Object Repository/Page_PublicPortal/li_Training Eligibility")): Object: 'Object Repository/Page_PublicPortal/li_Training Eligibility' is clicked on

2022-07-12 23:37:57 - [MESSAGE][PASSED] - Object: 'Object Repository/Page_PublicPortal/li_Training Eligibility' is clicked on

2022-07-12 23:37:57 - [TEST_STEP][PASSED] - click(findTestObject("Object Repository/Page_PublicPortal/li_CPO Approved Courses")): Object: 'Object Repository/Page_PublicPortal/li_CPO Approved Courses' is clicked on

2022-07-12 23:37:57 - [MESSAGE][PASSED] - Object: 'Object Repository/Page_PublicPortal/li_CPO Approved Courses' is clicked on

2022-07-12 23:37:57 - [TEST_STEP][PASSED] - verifyElementText(findTestObject("Object Repository/Page_PublicPortal/li_CPO Approved Courses"), "CPO Approved Courses"): Actual text and expected text of test object 'Object Repository/Page_PublicPortal/li_CPO Approved Courses' are matched.

2022-07-12 23:37:58 - [MESSAGE][PASSED] - Actual text and expected text of test object 'Object Repository/Page_PublicPortal/li_CPO Approved Courses' are matched.

2022-07-12 23:37:58 - [TEST_STEP][PASSED] - closeBrowser(): Browser is closed

2022-07-12 23:37:59 - [MESSAGE][PASSED] - Browser is closed]]></system-out>
         <system-err><![CDATA[]]></system-err>
      </testcase>
      <testcase name="Test Cases/21_Approved Courses Expandable Search Result" time="11.97" classname="Test Cases/21_Approved Courses Expandable Search Result" status="PASSED">
         <system-out><![CDATA[2022-07-12 23:37:59 - [TEST_CASE][PASSED] - Test Cases/21_Approved Courses Expandable Search Result: Test Cases/21_Approved Courses Expandable Search Result

2022-07-12 23:38:00 - [TEST_STEP][PASSED] - openBrowser(""): Browser is opened with url: ''

2022-07-12 23:38:00 - [MESSAGE][INFO] - Starting 'Chrome' driver

2022-07-12 23:38:00 - [MESSAGE][INFO] - Action delay is set to 0 milliseconds

2022-07-12 23:38:02 - [MESSAGE][PASSED] - Browser is opened with url: ''

2022-07-12 23:38:02 - [TEST_STEP][PASSED] - maximizeWindow(): Current window maximized

2022-07-12 23:38:02 - [MESSAGE][PASSED] - Current window maximized

2022-07-12 23:38:02 - [TEST_STEP][PASSED] - navigateToUrl("https://intra.stage.apps.labour.gov.on.ca/public-portal-qa/#/marketplace/course-search"): Navigate to 'https://intra.stage.apps.labour.gov.on.ca/public-portal-qa/#/marketplace/course-search' successfully

2022-07-12 23:38:06 - [MESSAGE][PASSED] - Navigate to 'https://intra.stage.apps.labour.gov.on.ca/public-portal-qa/#/marketplace/course-search' successfully

2022-07-12 23:38:06 - [TEST_STEP][PASSED] - verifyElementPresent(findTestObject("Object Repository/Page_PublicPortal/li_CPO Approved Courses"), 0): Object 'Object Repository/Page_PublicPortal/li_CPO Approved Courses' is present

2022-07-12 23:38:07 - [MESSAGE][WARNING] - Timeout '0' is invalid. Using default page load timeout: '30'

2022-07-12 23:38:08 - [MESSAGE][PASSED] - Object 'Object Repository/Page_PublicPortal/li_CPO Approved Courses' is present

2022-07-12 23:38:08 - [TEST_STEP][PASSED] - verifyElementClickable(findTestObject("Object Repository/Page_PublicPortal/li_CPO Approved Courses")): Object 'Object Repository/Page_PublicPortal/li_CPO Approved Courses' is clickable

2022-07-12 23:38:08 - [MESSAGE][PASSED] - Object 'Object Repository/Page_PublicPortal/li_CPO Approved Courses' is clickable

2022-07-12 23:38:08 - [TEST_STEP][PASSED] - click(findTestObject("Object Repository/Page_PublicPortal/li_Training Eligibility")): Object: 'Object Repository/Page_PublicPortal/li_Training Eligibility' is clicked on

2022-07-12 23:38:09 - [MESSAGE][PASSED] - Object: 'Object Repository/Page_PublicPortal/li_Training Eligibility' is clicked on

2022-07-12 23:38:09 - [TEST_STEP][PASSED] - click(findTestObject("Object Repository/Page_PublicPortal/li_CPO Approved Courses")): Object: 'Object Repository/Page_PublicPortal/li_CPO Approved Courses' is clicked on

2022-07-12 23:38:10 - [MESSAGE][PASSED] - Object: 'Object Repository/Page_PublicPortal/li_CPO Approved Courses' is clicked on

2022-07-12 23:38:10 - [TEST_STEP][PASSED] - verifyElementText(findTestObject("Object Repository/Page_PublicPortal/li_CPO Approved Courses"), "CPO Approved Courses"): Actual text and expected text of test object 'Object Repository/Page_PublicPortal/li_CPO Approved Courses' are matched.

2022-07-12 23:38:10 - [MESSAGE][PASSED] - Actual text and expected text of test object 'Object Repository/Page_PublicPortal/li_CPO Approved Courses' are matched.

2022-07-12 23:38:10 - [TEST_STEP][PASSED] - closeBrowser(): Browser is closed

2022-07-12 23:38:11 - [MESSAGE][PASSED] - Browser is closed]]></system-out>
         <system-err><![CDATA[]]></system-err>
      </testcase>
      <testcase name="Test Cases/20_Approved Courses Basic Search Result" time="12.357" classname="Test Cases/20_Approved Courses Basic Search Result" status="PASSED">
         <system-out><![CDATA[2022-07-12 23:38:11 - [TEST_CASE][PASSED] - Test Cases/20_Approved Courses Basic Search Result: Test Cases/20_Approved Courses Basic Search Result

2022-07-12 23:38:12 - [TEST_STEP][PASSED] - openBrowser(""): Browser is opened with url: ''

2022-07-12 23:38:12 - [MESSAGE][INFO] - Starting 'Chrome' driver

2022-07-12 23:38:12 - [MESSAGE][INFO] - Action delay is set to 0 milliseconds

2022-07-12 23:38:14 - [MESSAGE][PASSED] - Browser is opened with url: ''

2022-07-12 23:38:14 - [TEST_STEP][PASSED] - maximizeWindow(): Current window maximized

2022-07-12 23:38:15 - [MESSAGE][PASSED] - Current window maximized

2022-07-12 23:38:15 - [TEST_STEP][PASSED] - navigateToUrl("https://intra.stage.apps.labour.gov.on.ca/public-portal-qa/#/marketplace/course-search"): Navigate to 'https://intra.stage.apps.labour.gov.on.ca/public-portal-qa/#/marketplace/course-search' successfully

2022-07-12 23:38:18 - [MESSAGE][PASSED] - Navigate to 'https://intra.stage.apps.labour.gov.on.ca/public-portal-qa/#/marketplace/course-search' successfully

2022-07-12 23:38:18 - [TEST_STEP][PASSED] - verifyElementPresent(findTestObject("Object Repository/Page_PublicPortal/li_CPO Approved Courses"), 0): Object 'Object Repository/Page_PublicPortal/li_CPO Approved Courses' is present

2022-07-12 23:38:18 - [MESSAGE][WARNING] - Timeout '0' is invalid. Using default page load timeout: '30'

2022-07-12 23:38:19 - [MESSAGE][PASSED] - Object 'Object Repository/Page_PublicPortal/li_CPO Approved Courses' is present

2022-07-12 23:38:19 - [TEST_STEP][PASSED] - verifyElementClickable(findTestObject("Object Repository/Page_PublicPortal/li_CPO Approved Courses")): Object 'Object Repository/Page_PublicPortal/li_CPO Approved Courses' is clickable

2022-07-12 23:38:20 - [MESSAGE][PASSED] - Object 'Object Repository/Page_PublicPortal/li_CPO Approved Courses' is clickable

2022-07-12 23:38:20 - [TEST_STEP][PASSED] - click(findTestObject("Object Repository/Page_PublicPortal/li_Training Eligibility")): Object: 'Object Repository/Page_PublicPortal/li_Training Eligibility' is clicked on

2022-07-12 23:38:21 - [MESSAGE][PASSED] - Object: 'Object Repository/Page_PublicPortal/li_Training Eligibility' is clicked on

2022-07-12 23:38:21 - [TEST_STEP][PASSED] - click(findTestObject("Object Repository/Page_PublicPortal/li_CPO Approved Courses")): Object: 'Object Repository/Page_PublicPortal/li_CPO Approved Courses' is clicked on

2022-07-12 23:38:22 - [MESSAGE][PASSED] - Object: 'Object Repository/Page_PublicPortal/li_CPO Approved Courses' is clicked on

2022-07-12 23:38:22 - [TEST_STEP][PASSED] - verifyElementText(findTestObject("Object Repository/Page_PublicPortal/li_CPO Approved Courses"), "CPO Approved Courses"): Actual text and expected text of test object 'Object Repository/Page_PublicPortal/li_CPO Approved Courses' are matched.

2022-07-12 23:38:23 - [MESSAGE][PASSED] - Actual text and expected text of test object 'Object Repository/Page_PublicPortal/li_CPO Approved Courses' are matched.

2022-07-12 23:38:23 - [TEST_STEP][PASSED] - closeBrowser(): Browser is closed

2022-07-12 23:38:23 - [MESSAGE][PASSED] - Browser is closed]]></system-out>
         <system-err><![CDATA[]]></system-err>
      </testcase>
      <testcase name="Test Cases/22_Approved Courses Search Results - Display Type" time="11.924" classname="Test Cases/22_Approved Courses Search Results - Display Type" status="PASSED">
         <system-out><![CDATA[2022-07-12 23:38:23 - [TEST_CASE][PASSED] - Test Cases/22_Approved Courses Search Results - Display Type: Test Cases/22_Approved Courses Search Results - Display Type

2022-07-12 23:38:25 - [TEST_STEP][PASSED] - openBrowser(""): Browser is opened with url: ''

2022-07-12 23:38:25 - [MESSAGE][INFO] - Starting 'Chrome' driver

2022-07-12 23:38:25 - [MESSAGE][INFO] - Action delay is set to 0 milliseconds

2022-07-12 23:38:27 - [MESSAGE][PASSED] - Browser is opened with url: ''

2022-07-12 23:38:27 - [TEST_STEP][PASSED] - maximizeWindow(): Current window maximized

2022-07-12 23:38:27 - [MESSAGE][PASSED] - Current window maximized

2022-07-12 23:38:27 - [TEST_STEP][PASSED] - navigateToUrl("https://intra.stage.apps.labour.gov.on.ca/public-portal-qa/#/marketplace/course-search"): Navigate to 'https://intra.stage.apps.labour.gov.on.ca/public-portal-qa/#/marketplace/course-search' successfully

2022-07-12 23:38:30 - [MESSAGE][PASSED] - Navigate to 'https://intra.stage.apps.labour.gov.on.ca/public-portal-qa/#/marketplace/course-search' successfully

2022-07-12 23:38:30 - [TEST_STEP][PASSED] - verifyElementPresent(findTestObject("Object Repository/Page_PublicPortal/li_CPO Approved Courses"), 0): Object 'Object Repository/Page_PublicPortal/li_CPO Approved Courses' is present

2022-07-12 23:38:31 - [MESSAGE][WARNING] - Timeout '0' is invalid. Using default page load timeout: '30'

2022-07-12 23:38:32 - [MESSAGE][PASSED] - Object 'Object Repository/Page_PublicPortal/li_CPO Approved Courses' is present

2022-07-12 23:38:32 - [TEST_STEP][PASSED] - verifyElementClickable(findTestObject("Object Repository/Page_PublicPortal/li_CPO Approved Courses")): Object 'Object Repository/Page_PublicPortal/li_CPO Approved Courses' is clickable

2022-07-12 23:38:33 - [MESSAGE][PASSED] - Object 'Object Repository/Page_PublicPortal/li_CPO Approved Courses' is clickable

2022-07-12 23:38:33 - [TEST_STEP][PASSED] - click(findTestObject("Object Repository/Page_PublicPortal/li_Training Eligibility")): Object: 'Object Repository/Page_PublicPortal/li_Training Eligibility' is clicked on

2022-07-12 23:38:33 - [MESSAGE][PASSED] - Object: 'Object Repository/Page_PublicPortal/li_Training Eligibility' is clicked on

2022-07-12 23:38:33 - [TEST_STEP][PASSED] - click(findTestObject("Object Repository/Page_PublicPortal/li_CPO Approved Courses")): Object: 'Object Repository/Page_PublicPortal/li_CPO Approved Courses' is clicked on

2022-07-12 23:38:34 - [MESSAGE][PASSED] - Object: 'Object Repository/Page_PublicPortal/li_CPO Approved Courses' is clicked on

2022-07-12 23:38:34 - [TEST_STEP][PASSED] - verifyElementText(findTestObject("Object Repository/Page_PublicPortal/li_CPO Approved Courses"), "CPO Approved Courses"): Actual text and expected text of test object 'Object Repository/Page_PublicPortal/li_CPO Approved Courses' are matched.

2022-07-12 23:38:34 - [MESSAGE][PASSED] - Actual text and expected text of test object 'Object Repository/Page_PublicPortal/li_CPO Approved Courses' are matched.

2022-07-12 23:38:34 - [TEST_STEP][PASSED] - closeBrowser(): Browser is closed

2022-07-12 23:38:35 - [MESSAGE][PASSED] - Browser is closed]]></system-out>
         <system-err><![CDATA[]]></system-err>
      </testcase>
      <testcase name="Test Cases/24_Training Eligibility Step 1" time="11.379" classname="Test Cases/24_Training Eligibility Step 1" status="PASSED">
         <system-out><![CDATA[2022-07-12 23:38:35 - [TEST_CASE][PASSED] - Test Cases/24_Training Eligibility Step 1: Test Cases/24_Training Eligibility Step 1

2022-07-12 23:38:37 - [TEST_STEP][PASSED] - openBrowser(""): Browser is opened with url: ''

2022-07-12 23:38:37 - [MESSAGE][INFO] - Starting 'Chrome' driver

2022-07-12 23:38:37 - [MESSAGE][INFO] - Action delay is set to 0 milliseconds

2022-07-12 23:38:39 - [MESSAGE][PASSED] - Browser is opened with url: ''

2022-07-12 23:38:39 - [TEST_STEP][PASSED] - maximizeWindow(): Current window maximized

2022-07-12 23:38:39 - [MESSAGE][PASSED] - Current window maximized

2022-07-12 23:38:39 - [TEST_STEP][PASSED] - navigateToUrl("https://intra.stage.apps.labour.gov.on.ca/public-portal-qa/#/marketplace/course-search"): Navigate to 'https://intra.stage.apps.labour.gov.on.ca/public-portal-qa/#/marketplace/course-search' successfully

2022-07-12 23:38:42 - [MESSAGE][PASSED] - Navigate to 'https://intra.stage.apps.labour.gov.on.ca/public-portal-qa/#/marketplace/course-search' successfully

2022-07-12 23:38:42 - [TEST_STEP][PASSED] - verifyElementPresent(findTestObject("Object Repository/Page_PublicPortal/li_CPO Approved Courses"), 0): Object 'Object Repository/Page_PublicPortal/li_CPO Approved Courses' is present

2022-07-12 23:38:42 - [MESSAGE][WARNING] - Timeout '0' is invalid. Using default page load timeout: '30'

2022-07-12 23:38:43 - [MESSAGE][PASSED] - Object 'Object Repository/Page_PublicPortal/li_CPO Approved Courses' is present

2022-07-12 23:38:43 - [TEST_STEP][PASSED] - verifyElementClickable(findTestObject("Object Repository/Page_PublicPortal/li_CPO Approved Courses")): Object 'Object Repository/Page_PublicPortal/li_CPO Approved Courses' is clickable

2022-07-12 23:38:44 - [MESSAGE][PASSED] - Object 'Object Repository/Page_PublicPortal/li_CPO Approved Courses' is clickable

2022-07-12 23:38:44 - [TEST_STEP][PASSED] - click(findTestObject("Object Repository/Page_PublicPortal/li_Training Eligibility")): Object: 'Object Repository/Page_PublicPortal/li_Training Eligibility' is clicked on

2022-07-12 23:38:45 - [MESSAGE][PASSED] - Object: 'Object Repository/Page_PublicPortal/li_Training Eligibility' is clicked on

2022-07-12 23:38:45 - [TEST_STEP][PASSED] - click(findTestObject("Object Repository/Page_PublicPortal/li_CPO Approved Courses")): Object: 'Object Repository/Page_PublicPortal/li_CPO Approved Courses' is clicked on

2022-07-12 23:38:45 - [MESSAGE][PASSED] - Object: 'Object Repository/Page_PublicPortal/li_CPO Approved Courses' is clicked on

2022-07-12 23:38:45 - [TEST_STEP][PASSED] - verifyElementText(findTestObject("Object Repository/Page_PublicPortal/li_CPO Approved Courses"), "CPO Approved Courses"): Actual text and expected text of test object 'Object Repository/Page_PublicPortal/li_CPO Approved Courses' are matched.

2022-07-12 23:38:46 - [MESSAGE][PASSED] - Actual text and expected text of test object 'Object Repository/Page_PublicPortal/li_CPO Approved Courses' are matched.

2022-07-12 23:38:46 - [TEST_STEP][PASSED] - closeBrowser(): Browser is closed

2022-07-12 23:38:47 - [MESSAGE][PASSED] - Browser is closed]]></system-out>
         <system-err><![CDATA[]]></system-err>
      </testcase>
      <testcase name="Test Cases/23_Course Marketplace Page Header" time="11.163" classname="Test Cases/23_Course Marketplace Page Header" status="PASSED">
         <system-out><![CDATA[2022-07-12 23:38:47 - [TEST_CASE][PASSED] - Test Cases/23_Course Marketplace Page Header: Test Cases/23_Course Marketplace Page Header

2022-07-12 23:38:48 - [TEST_STEP][PASSED] - openBrowser(""): Browser is opened with url: ''

2022-07-12 23:38:48 - [MESSAGE][INFO] - Starting 'Chrome' driver

2022-07-12 23:38:48 - [MESSAGE][INFO] - Action delay is set to 0 milliseconds

2022-07-12 23:38:50 - [MESSAGE][PASSED] - Browser is opened with url: ''

2022-07-12 23:38:50 - [TEST_STEP][PASSED] - maximizeWindow(): Current window maximized

2022-07-12 23:38:50 - [MESSAGE][PASSED] - Current window maximized

2022-07-12 23:38:50 - [TEST_STEP][PASSED] - navigateToUrl("https://intra.stage.apps.labour.gov.on.ca/public-portal-qa/#/marketplace/course-search"): Navigate to 'https://intra.stage.apps.labour.gov.on.ca/public-portal-qa/#/marketplace/course-search' successfully

2022-07-12 23:38:53 - [MESSAGE][PASSED] - Navigate to 'https://intra.stage.apps.labour.gov.on.ca/public-portal-qa/#/marketplace/course-search' successfully

2022-07-12 23:38:53 - [TEST_STEP][PASSED] - verifyElementPresent(findTestObject("Object Repository/Page_PublicPortal/li_CPO Approved Courses"), 0): Object 'Object Repository/Page_PublicPortal/li_CPO Approved Courses' is present

2022-07-12 23:38:53 - [MESSAGE][WARNING] - Timeout '0' is invalid. Using default page load timeout: '30'

2022-07-12 23:38:54 - [MESSAGE][PASSED] - Object 'Object Repository/Page_PublicPortal/li_CPO Approved Courses' is present

2022-07-12 23:38:54 - [TEST_STEP][PASSED] - verifyElementClickable(findTestObject("Object Repository/Page_PublicPortal/li_CPO Approved Courses")): Object 'Object Repository/Page_PublicPortal/li_CPO Approved Courses' is clickable

2022-07-12 23:38:54 - [MESSAGE][PASSED] - Object 'Object Repository/Page_PublicPortal/li_CPO Approved Courses' is clickable

2022-07-12 23:38:54 - [TEST_STEP][PASSED] - click(findTestObject("Object Repository/Page_PublicPortal/li_Training Eligibility")): Object: 'Object Repository/Page_PublicPortal/li_Training Eligibility' is clicked on

2022-07-12 23:38:56 - [MESSAGE][PASSED] - Object: 'Object Repository/Page_PublicPortal/li_Training Eligibility' is clicked on

2022-07-12 23:38:56 - [TEST_STEP][PASSED] - click(findTestObject("Object Repository/Page_PublicPortal/li_CPO Approved Courses")): Object: 'Object Repository/Page_PublicPortal/li_CPO Approved Courses' is clicked on

2022-07-12 23:38:56 - [MESSAGE][PASSED] - Object: 'Object Repository/Page_PublicPortal/li_CPO Approved Courses' is clicked on

2022-07-12 23:38:56 - [TEST_STEP][PASSED] - verifyElementText(findTestObject("Object Repository/Page_PublicPortal/li_CPO Approved Courses"), "CPO Approved Courses"): Actual text and expected text of test object 'Object Repository/Page_PublicPortal/li_CPO Approved Courses' are matched.

2022-07-12 23:38:57 - [MESSAGE][PASSED] - Actual text and expected text of test object 'Object Repository/Page_PublicPortal/li_CPO Approved Courses' are matched.

2022-07-12 23:38:57 - [TEST_STEP][PASSED] - closeBrowser(): Browser is closed

2022-07-12 23:38:58 - [MESSAGE][PASSED] - Browser is closed]]></system-out>
         <system-err><![CDATA[]]></system-err>
      </testcase>
      <testcase name="Test Cases/25_Training Eligibility Step 2" time="11.632" classname="Test Cases/25_Training Eligibility Step 2" status="PASSED">
         <system-out><![CDATA[2022-07-12 23:38:58 - [TEST_CASE][PASSED] - Test Cases/25_Training Eligibility Step 2: Test Cases/25_Training Eligibility Step 2

2022-07-12 23:38:59 - [TEST_STEP][PASSED] - openBrowser(""): Browser is opened with url: ''

2022-07-12 23:38:59 - [MESSAGE][INFO] - Starting 'Chrome' driver

2022-07-12 23:38:59 - [MESSAGE][INFO] - Action delay is set to 0 milliseconds

2022-07-12 23:39:01 - [MESSAGE][PASSED] - Browser is opened with url: ''

2022-07-12 23:39:01 - [TEST_STEP][PASSED] - maximizeWindow(): Current window maximized

2022-07-12 23:39:01 - [MESSAGE][PASSED] - Current window maximized

2022-07-12 23:39:01 - [TEST_STEP][PASSED] - navigateToUrl("https://intra.stage.apps.labour.gov.on.ca/public-portal-qa/#/marketplace/course-search"): Navigate to 'https://intra.stage.apps.labour.gov.on.ca/public-portal-qa/#/marketplace/course-search' successfully

2022-07-12 23:39:03 - [MESSAGE][PASSED] - Navigate to 'https://intra.stage.apps.labour.gov.on.ca/public-portal-qa/#/marketplace/course-search' successfully

2022-07-12 23:39:03 - [TEST_STEP][PASSED] - verifyElementPresent(findTestObject("Object Repository/Page_PublicPortal/li_CPO Approved Courses"), 0): Object 'Object Repository/Page_PublicPortal/li_CPO Approved Courses' is present

2022-07-12 23:39:04 - [MESSAGE][WARNING] - Timeout '0' is invalid. Using default page load timeout: '30'

2022-07-12 23:39:05 - [MESSAGE][PASSED] - Object 'Object Repository/Page_PublicPortal/li_CPO Approved Courses' is present

2022-07-12 23:39:05 - [TEST_STEP][PASSED] - verifyElementClickable(findTestObject("Object Repository/Page_PublicPortal/li_CPO Approved Courses")): Object 'Object Repository/Page_PublicPortal/li_CPO Approved Courses' is clickable

2022-07-12 23:39:05 - [MESSAGE][PASSED] - Object 'Object Repository/Page_PublicPortal/li_CPO Approved Courses' is clickable

2022-07-12 23:39:05 - [TEST_STEP][PASSED] - click(findTestObject("Object Repository/Page_PublicPortal/li_Training Eligibility")): Object: 'Object Repository/Page_PublicPortal/li_Training Eligibility' is clicked on

2022-07-12 23:39:06 - [MESSAGE][PASSED] - Object: 'Object Repository/Page_PublicPortal/li_Training Eligibility' is clicked on

2022-07-12 23:39:06 - [TEST_STEP][PASSED] - click(findTestObject("Object Repository/Page_PublicPortal/li_CPO Approved Courses")): Object: 'Object Repository/Page_PublicPortal/li_CPO Approved Courses' is clicked on

2022-07-12 23:39:08 - [MESSAGE][PASSED] - Object: 'Object Repository/Page_PublicPortal/li_CPO Approved Courses' is clicked on

2022-07-12 23:39:08 - [TEST_STEP][PASSED] - verifyElementText(findTestObject("Object Repository/Page_PublicPortal/li_CPO Approved Courses"), "CPO Approved Courses"): Actual text and expected text of test object 'Object Repository/Page_PublicPortal/li_CPO Approved Courses' are matched.

2022-07-12 23:39:08 - [MESSAGE][PASSED] - Actual text and expected text of test object 'Object Repository/Page_PublicPortal/li_CPO Approved Courses' are matched.

2022-07-12 23:39:08 - [TEST_STEP][PASSED] - closeBrowser(): Browser is closed

2022-07-12 23:39:09 - [MESSAGE][PASSED] - Browser is closed]]></system-out>
         <system-err><![CDATA[]]></system-err>
      </testcase>
      <testcase name="Test Cases/26_Generic Page Header Component" time="12.185" classname="Test Cases/26_Generic Page Header Component" status="PASSED">
         <system-out><![CDATA[2022-07-12 23:39:09 - [TEST_CASE][PASSED] - Test Cases/26_Generic Page Header Component: Test Cases/26_Generic Page Header Component

2022-07-12 23:39:11 - [TEST_STEP][PASSED] - openBrowser(""): Browser is opened with url: ''

2022-07-12 23:39:11 - [MESSAGE][INFO] - Starting 'Chrome' driver

2022-07-12 23:39:11 - [MESSAGE][INFO] - Action delay is set to 0 milliseconds

2022-07-12 23:39:13 - [MESSAGE][PASSED] - Browser is opened with url: ''

2022-07-12 23:39:13 - [TEST_STEP][PASSED] - maximizeWindow(): Current window maximized

2022-07-12 23:39:13 - [MESSAGE][PASSED] - Current window maximized

2022-07-12 23:39:13 - [TEST_STEP][PASSED] - navigateToUrl("https://intra.stage.apps.labour.gov.on.ca/public-portal-qa/#/marketplace/course-search"): Navigate to 'https://intra.stage.apps.labour.gov.on.ca/public-portal-qa/#/marketplace/course-search' successfully

2022-07-12 23:39:17 - [MESSAGE][PASSED] - Navigate to 'https://intra.stage.apps.labour.gov.on.ca/public-portal-qa/#/marketplace/course-search' successfully

2022-07-12 23:39:17 - [TEST_STEP][PASSED] - verifyElementPresent(findTestObject("Object Repository/Page_PublicPortal/li_CPO Approved Courses"), 0): Object 'Object Repository/Page_PublicPortal/li_CPO Approved Courses' is present

2022-07-12 23:39:17 - [MESSAGE][WARNING] - Timeout '0' is invalid. Using default page load timeout: '30'

2022-07-12 23:39:18 - [MESSAGE][PASSED] - Object 'Object Repository/Page_PublicPortal/li_CPO Approved Courses' is present

2022-07-12 23:39:18 - [TEST_STEP][PASSED] - verifyElementClickable(findTestObject("Object Repository/Page_PublicPortal/li_CPO Approved Courses")): Object 'Object Repository/Page_PublicPortal/li_CPO Approved Courses' is clickable

2022-07-12 23:39:18 - [MESSAGE][PASSED] - Object 'Object Repository/Page_PublicPortal/li_CPO Approved Courses' is clickable

2022-07-12 23:39:18 - [TEST_STEP][PASSED] - click(findTestObject("Object Repository/Page_PublicPortal/li_Training Eligibility")): Object: 'Object Repository/Page_PublicPortal/li_Training Eligibility' is clicked on

2022-07-12 23:39:19 - [MESSAGE][PASSED] - Object: 'Object Repository/Page_PublicPortal/li_Training Eligibility' is clicked on

2022-07-12 23:39:19 - [TEST_STEP][PASSED] - click(findTestObject("Object Repository/Page_PublicPortal/li_CPO Approved Courses")): Object: 'Object Repository/Page_PublicPortal/li_CPO Approved Courses' is clicked on

2022-07-12 23:39:20 - [MESSAGE][PASSED] - Object: 'Object Repository/Page_PublicPortal/li_CPO Approved Courses' is clicked on

2022-07-12 23:39:20 - [TEST_STEP][PASSED] - verifyElementText(findTestObject("Object Repository/Page_PublicPortal/li_CPO Approved Courses"), "CPO Approved Courses"): Actual text and expected text of test object 'Object Repository/Page_PublicPortal/li_CPO Approved Courses' are matched.

2022-07-12 23:39:21 - [MESSAGE][PASSED] - Actual text and expected text of test object 'Object Repository/Page_PublicPortal/li_CPO Approved Courses' are matched.

2022-07-12 23:39:21 - [TEST_STEP][PASSED] - closeBrowser(): Browser is closed

2022-07-12 23:39:22 - [MESSAGE][PASSED] - Browser is closed]]></system-out>
         <system-err><![CDATA[]]></system-err>
      </testcase>
      <testcase name="Test Cases/27_Safety Prevention Landing Page Tab Control" time="11.212" classname="Test Cases/27_Safety Prevention Landing Page Tab Control" status="PASSED">
         <system-out><![CDATA[2022-07-12 23:39:22 - [TEST_CASE][PASSED] - Test Cases/27_Safety Prevention Landing Page Tab Control: Test Cases/27_Safety Prevention Landing Page Tab Control

2022-07-12 23:39:23 - [TEST_STEP][PASSED] - openBrowser(""): Browser is opened with url: ''

2022-07-12 23:39:23 - [MESSAGE][INFO] - Starting 'Chrome' driver

2022-07-12 23:39:23 - [MESSAGE][INFO] - Action delay is set to 0 milliseconds

2022-07-12 23:39:25 - [MESSAGE][PASSED] - Browser is opened with url: ''

2022-07-12 23:39:25 - [TEST_STEP][PASSED] - maximizeWindow(): Current window maximized

2022-07-12 23:39:25 - [MESSAGE][PASSED] - Current window maximized

2022-07-12 23:39:25 - [TEST_STEP][PASSED] - navigateToUrl("https://intra.stage.apps.labour.gov.on.ca/public-portal-qa/#/marketplace/course-search"): Navigate to 'https://intra.stage.apps.labour.gov.on.ca/public-portal-qa/#/marketplace/course-search' successfully

2022-07-12 23:39:28 - [MESSAGE][PASSED] - Navigate to 'https://intra.stage.apps.labour.gov.on.ca/public-portal-qa/#/marketplace/course-search' successfully

2022-07-12 23:39:28 - [TEST_STEP][PASSED] - verifyElementPresent(findTestObject("Object Repository/Page_PublicPortal/li_CPO Approved Courses"), 0): Object 'Object Repository/Page_PublicPortal/li_CPO Approved Courses' is present

2022-07-12 23:39:28 - [MESSAGE][WARNING] - Timeout '0' is invalid. Using default page load timeout: '30'

2022-07-12 23:39:29 - [MESSAGE][PASSED] - Object 'Object Repository/Page_PublicPortal/li_CPO Approved Courses' is present

2022-07-12 23:39:29 - [TEST_STEP][PASSED] - verifyElementClickable(findTestObject("Object Repository/Page_PublicPortal/li_CPO Approved Courses")): Object 'Object Repository/Page_PublicPortal/li_CPO Approved Courses' is clickable

2022-07-12 23:39:30 - [MESSAGE][PASSED] - Object 'Object Repository/Page_PublicPortal/li_CPO Approved Courses' is clickable

2022-07-12 23:39:30 - [TEST_STEP][PASSED] - click(findTestObject("Object Repository/Page_PublicPortal/li_Training Eligibility")): Object: 'Object Repository/Page_PublicPortal/li_Training Eligibility' is clicked on

2022-07-12 23:39:30 - [MESSAGE][PASSED] - Object: 'Object Repository/Page_PublicPortal/li_Training Eligibility' is clicked on

2022-07-12 23:39:30 - [TEST_STEP][PASSED] - click(findTestObject("Object Repository/Page_PublicPortal/li_CPO Approved Courses")): Object: 'Object Repository/Page_PublicPortal/li_CPO Approved Courses' is clicked on

2022-07-12 23:39:31 - [MESSAGE][PASSED] - Object: 'Object Repository/Page_PublicPortal/li_CPO Approved Courses' is clicked on

2022-07-12 23:39:31 - [TEST_STEP][PASSED] - verifyElementText(findTestObject("Object Repository/Page_PublicPortal/li_CPO Approved Courses"), "CPO Approved Courses"): Actual text and expected text of test object 'Object Repository/Page_PublicPortal/li_CPO Approved Courses' are matched.

2022-07-12 23:39:32 - [MESSAGE][PASSED] - Actual text and expected text of test object 'Object Repository/Page_PublicPortal/li_CPO Approved Courses' are matched.

2022-07-12 23:39:32 - [TEST_STEP][PASSED] - closeBrowser(): Browser is closed

2022-07-12 23:39:33 - [MESSAGE][PASSED] - Browser is closed]]></system-out>
         <system-err><![CDATA[]]></system-err>
      </testcase>
      <testcase name="Test Cases/36_Approved Courses Search by Total Seats" time="9.929" classname="Test Cases/36_Approved Courses Search by Total Seats" status="PASSED">
         <system-out><![CDATA[2022-07-12 23:39:33 - [TEST_CASE][PASSED] - Test Cases/36_Approved Courses Search by Total Seats: Test Cases/36_Approved Courses Search by Total Seats

2022-07-12 23:39:34 - [TEST_STEP][PASSED] - openBrowser(""): Browser is opened with url: ''

2022-07-12 23:39:34 - [MESSAGE][INFO] - Starting 'Chrome' driver

2022-07-12 23:39:34 - [MESSAGE][INFO] - Action delay is set to 0 milliseconds

2022-07-12 23:39:36 - [MESSAGE][PASSED] - Browser is opened with url: ''

2022-07-12 23:39:36 - [TEST_STEP][PASSED] - maximizeWindow(): Current window maximized

2022-07-12 23:39:36 - [MESSAGE][PASSED] - Current window maximized

2022-07-12 23:39:36 - [TEST_STEP][PASSED] - navigateToUrl("https://intra.stage.apps.labour.gov.on.ca/public-portal-qa/#/marketplace/course-search"): Navigate to 'https://intra.stage.apps.labour.gov.on.ca/public-portal-qa/#/marketplace/course-search' successfully

2022-07-12 23:39:39 - [MESSAGE][PASSED] - Navigate to 'https://intra.stage.apps.labour.gov.on.ca/public-portal-qa/#/marketplace/course-search' successfully

2022-07-12 23:39:39 - [TEST_STEP][PASSED] - verifyElementPresent(findTestObject("Object Repository/Page_PublicPortal/li_CPO Approved Courses"), 0): Object 'Object Repository/Page_PublicPortal/li_CPO Approved Courses' is present

2022-07-12 23:39:39 - [MESSAGE][WARNING] - Timeout '0' is invalid. Using default page load timeout: '30'

2022-07-12 23:39:40 - [MESSAGE][PASSED] - Object 'Object Repository/Page_PublicPortal/li_CPO Approved Courses' is present

2022-07-12 23:39:40 - [TEST_STEP][PASSED] - verifyElementClickable(findTestObject("Object Repository/Page_PublicPortal/li_CPO Approved Courses")): Object 'Object Repository/Page_PublicPortal/li_CPO Approved Courses' is clickable

2022-07-12 23:39:40 - [MESSAGE][PASSED] - Object 'Object Repository/Page_PublicPortal/li_CPO Approved Courses' is clickable

2022-07-12 23:39:40 - [TEST_STEP][PASSED] - click(findTestObject("Object Repository/Page_PublicPortal/li_Training Eligibility")): Object: 'Object Repository/Page_PublicPortal/li_Training Eligibility' is clicked on

2022-07-12 23:39:41 - [MESSAGE][PASSED] - Object: 'Object Repository/Page_PublicPortal/li_Training Eligibility' is clicked on

2022-07-12 23:39:41 - [TEST_STEP][PASSED] - click(findTestObject("Object Repository/Page_PublicPortal/li_CPO Approved Courses")): Object: 'Object Repository/Page_PublicPortal/li_CPO Approved Courses' is clicked on

2022-07-12 23:39:41 - [MESSAGE][PASSED] - Object: 'Object Repository/Page_PublicPortal/li_CPO Approved Courses' is clicked on

2022-07-12 23:39:41 - [TEST_STEP][PASSED] - verifyElementText(findTestObject("Object Repository/Page_PublicPortal/li_CPO Approved Courses"), "CPO Approved Courses"): Actual text and expected text of test object 'Object Repository/Page_PublicPortal/li_CPO Approved Courses' are matched.

2022-07-12 23:39:42 - [MESSAGE][PASSED] - Actual text and expected text of test object 'Object Repository/Page_PublicPortal/li_CPO Approved Courses' are matched.

2022-07-12 23:39:42 - [TEST_STEP][PASSED] - closeBrowser(): Browser is closed

2022-07-12 23:39:43 - [MESSAGE][PASSED] - Browser is closed]]></system-out>
         <system-err><![CDATA[]]></system-err>
      </testcase>
      <testcase name="Test Cases/35_Safety Prevention Landing Page Home Tab Sidebar" time="9.711" classname="Test Cases/35_Safety Prevention Landing Page Home Tab Sidebar" status="PASSED">
         <system-out><![CDATA[2022-07-12 23:39:43 - [TEST_CASE][PASSED] - Test Cases/35_Safety Prevention Landing Page Home Tab Sidebar: Test Cases/35_Safety Prevention Landing Page Home Tab Sidebar

2022-07-12 23:39:44 - [TEST_STEP][PASSED] - openBrowser(""): Browser is opened with url: ''

2022-07-12 23:39:44 - [MESSAGE][INFO] - Starting 'Chrome' driver

2022-07-12 23:39:44 - [MESSAGE][INFO] - Action delay is set to 0 milliseconds

2022-07-12 23:39:46 - [MESSAGE][PASSED] - Browser is opened with url: ''

2022-07-12 23:39:46 - [TEST_STEP][PASSED] - maximizeWindow(): Current window maximized

2022-07-12 23:39:46 - [MESSAGE][PASSED] - Current window maximized

2022-07-12 23:39:46 - [TEST_STEP][PASSED] - navigateToUrl("https://intra.stage.apps.labour.gov.on.ca/public-portal-qa/#/marketplace/course-search"): Navigate to 'https://intra.stage.apps.labour.gov.on.ca/public-portal-qa/#/marketplace/course-search' successfully

2022-07-12 23:39:48 - [MESSAGE][PASSED] - Navigate to 'https://intra.stage.apps.labour.gov.on.ca/public-portal-qa/#/marketplace/course-search' successfully

2022-07-12 23:39:48 - [TEST_STEP][PASSED] - verifyElementPresent(findTestObject("Object Repository/Page_PublicPortal/li_CPO Approved Courses"), 0): Object 'Object Repository/Page_PublicPortal/li_CPO Approved Courses' is present

2022-07-12 23:39:48 - [MESSAGE][WARNING] - Timeout '0' is invalid. Using default page load timeout: '30'

2022-07-12 23:39:49 - [MESSAGE][PASSED] - Object 'Object Repository/Page_PublicPortal/li_CPO Approved Courses' is present

2022-07-12 23:39:49 - [TEST_STEP][PASSED] - verifyElementClickable(findTestObject("Object Repository/Page_PublicPortal/li_CPO Approved Courses")): Object 'Object Repository/Page_PublicPortal/li_CPO Approved Courses' is clickable

2022-07-12 23:39:50 - [MESSAGE][PASSED] - Object 'Object Repository/Page_PublicPortal/li_CPO Approved Courses' is clickable

2022-07-12 23:39:50 - [TEST_STEP][PASSED] - click(findTestObject("Object Repository/Page_PublicPortal/li_Training Eligibility")): Object: 'Object Repository/Page_PublicPortal/li_Training Eligibility' is clicked on

2022-07-12 23:39:50 - [MESSAGE][PASSED] - Object: 'Object Repository/Page_PublicPortal/li_Training Eligibility' is clicked on

2022-07-12 23:39:50 - [TEST_STEP][PASSED] - click(findTestObject("Object Repository/Page_PublicPortal/li_CPO Approved Courses")): Object: 'Object Repository/Page_PublicPortal/li_CPO Approved Courses' is clicked on

2022-07-12 23:39:51 - [MESSAGE][PASSED] - Object: 'Object Repository/Page_PublicPortal/li_CPO Approved Courses' is clicked on

2022-07-12 23:39:51 - [TEST_STEP][PASSED] - verifyElementText(findTestObject("Object Repository/Page_PublicPortal/li_CPO Approved Courses"), "CPO Approved Courses"): Actual text and expected text of test object 'Object Repository/Page_PublicPortal/li_CPO Approved Courses' are matched.

2022-07-12 23:39:52 - [MESSAGE][PASSED] - Actual text and expected text of test object 'Object Repository/Page_PublicPortal/li_CPO Approved Courses' are matched.

2022-07-12 23:39:52 - [TEST_STEP][PASSED] - closeBrowser(): Browser is closed

2022-07-12 23:39:53 - [MESSAGE][PASSED] - Browser is closed]]></system-out>
         <system-err><![CDATA[]]></system-err>
      </testcase>
      <testcase name="Test Cases/34_Safety Prevention Landing Page Home Tab Find a Provider" time="9.298" classname="Test Cases/34_Safety Prevention Landing Page Home Tab Find a Provider" status="PASSED">
         <system-out><![CDATA[2022-07-12 23:39:53 - [TEST_CASE][PASSED] - Test Cases/34_Safety Prevention Landing Page Home Tab Find a Provider: Test Cases/34_Safety Prevention Landing Page Home Tab Find a Provider

2022-07-12 23:39:53 - [TEST_STEP][PASSED] - openBrowser(""): Browser is opened with url: ''

2022-07-12 23:39:53 - [MESSAGE][INFO] - Starting 'Chrome' driver

2022-07-12 23:39:53 - [MESSAGE][INFO] - Action delay is set to 0 milliseconds

2022-07-12 23:39:55 - [MESSAGE][PASSED] - Browser is opened with url: ''

2022-07-12 23:39:55 - [TEST_STEP][PASSED] - maximizeWindow(): Current window maximized

2022-07-12 23:39:55 - [MESSAGE][PASSED] - Current window maximized

2022-07-12 23:39:55 - [TEST_STEP][PASSED] - navigateToUrl("https://intra.stage.apps.labour.gov.on.ca/public-portal-qa/#/marketplace/course-search"): Navigate to 'https://intra.stage.apps.labour.gov.on.ca/public-portal-qa/#/marketplace/course-search' successfully

2022-07-12 23:39:57 - [MESSAGE][PASSED] - Navigate to 'https://intra.stage.apps.labour.gov.on.ca/public-portal-qa/#/marketplace/course-search' successfully

2022-07-12 23:39:57 - [TEST_STEP][PASSED] - verifyElementPresent(findTestObject("Object Repository/Page_PublicPortal/li_CPO Approved Courses"), 0): Object 'Object Repository/Page_PublicPortal/li_CPO Approved Courses' is present

2022-07-12 23:39:57 - [MESSAGE][WARNING] - Timeout '0' is invalid. Using default page load timeout: '30'

2022-07-12 23:39:58 - [MESSAGE][PASSED] - Object 'Object Repository/Page_PublicPortal/li_CPO Approved Courses' is present

2022-07-12 23:39:58 - [TEST_STEP][PASSED] - verifyElementClickable(findTestObject("Object Repository/Page_PublicPortal/li_CPO Approved Courses")): Object 'Object Repository/Page_PublicPortal/li_CPO Approved Courses' is clickable

2022-07-12 23:39:59 - [MESSAGE][PASSED] - Object 'Object Repository/Page_PublicPortal/li_CPO Approved Courses' is clickable

2022-07-12 23:39:59 - [TEST_STEP][PASSED] - click(findTestObject("Object Repository/Page_PublicPortal/li_Training Eligibility")): Object: 'Object Repository/Page_PublicPortal/li_Training Eligibility' is clicked on

2022-07-12 23:39:59 - [MESSAGE][PASSED] - Object: 'Object Repository/Page_PublicPortal/li_Training Eligibility' is clicked on

2022-07-12 23:39:59 - [TEST_STEP][PASSED] - click(findTestObject("Object Repository/Page_PublicPortal/li_CPO Approved Courses")): Object: 'Object Repository/Page_PublicPortal/li_CPO Approved Courses' is clicked on

2022-07-12 23:40:00 - [MESSAGE][PASSED] - Object: 'Object Repository/Page_PublicPortal/li_CPO Approved Courses' is clicked on

2022-07-12 23:40:00 - [TEST_STEP][PASSED] - verifyElementText(findTestObject("Object Repository/Page_PublicPortal/li_CPO Approved Courses"), "CPO Approved Courses"): Actual text and expected text of test object 'Object Repository/Page_PublicPortal/li_CPO Approved Courses' are matched.

2022-07-12 23:40:01 - [MESSAGE][PASSED] - Actual text and expected text of test object 'Object Repository/Page_PublicPortal/li_CPO Approved Courses' are matched.

2022-07-12 23:40:01 - [TEST_STEP][PASSED] - closeBrowser(): Browser is closed

2022-07-12 23:40:02 - [MESSAGE][PASSED] - Browser is closed]]></system-out>
         <system-err><![CDATA[]]></system-err>
      </testcase>
      <testcase name="Test Cases/33_Safety Prevention Landing Page Home Tab Tiles" time="9.62" classname="Test Cases/33_Safety Prevention Landing Page Home Tab Tiles" status="PASSED">
         <system-out><![CDATA[2022-07-12 23:40:02 - [TEST_CASE][PASSED] - Test Cases/33_Safety Prevention Landing Page Home Tab Tiles: Test Cases/33_Safety Prevention Landing Page Home Tab Tiles

2022-07-12 23:40:03 - [TEST_STEP][PASSED] - openBrowser(""): Browser is opened with url: ''

2022-07-12 23:40:03 - [MESSAGE][INFO] - Starting 'Chrome' driver

2022-07-12 23:40:03 - [MESSAGE][INFO] - Action delay is set to 0 milliseconds

2022-07-12 23:40:04 - [MESSAGE][PASSED] - Browser is opened with url: ''

2022-07-12 23:40:04 - [TEST_STEP][PASSED] - maximizeWindow(): Current window maximized

2022-07-12 23:40:05 - [MESSAGE][PASSED] - Current window maximized

2022-07-12 23:40:05 - [TEST_STEP][PASSED] - navigateToUrl("https://intra.stage.apps.labour.gov.on.ca/public-portal-qa/#/marketplace/course-search"): Navigate to 'https://intra.stage.apps.labour.gov.on.ca/public-portal-qa/#/marketplace/course-search' successfully

2022-07-12 23:40:07 - [MESSAGE][PASSED] - Navigate to 'https://intra.stage.apps.labour.gov.on.ca/public-portal-qa/#/marketplace/course-search' successfully

2022-07-12 23:40:07 - [TEST_STEP][PASSED] - verifyElementPresent(findTestObject("Object Repository/Page_PublicPortal/li_CPO Approved Courses"), 0): Object 'Object Repository/Page_PublicPortal/li_CPO Approved Courses' is present

2022-07-12 23:40:07 - [MESSAGE][WARNING] - Timeout '0' is invalid. Using default page load timeout: '30'

2022-07-12 23:40:08 - [MESSAGE][PASSED] - Object 'Object Repository/Page_PublicPortal/li_CPO Approved Courses' is present

2022-07-12 23:40:08 - [TEST_STEP][PASSED] - verifyElementClickable(findTestObject("Object Repository/Page_PublicPortal/li_CPO Approved Courses")): Object 'Object Repository/Page_PublicPortal/li_CPO Approved Courses' is clickable

2022-07-12 23:40:09 - [MESSAGE][PASSED] - Object 'Object Repository/Page_PublicPortal/li_CPO Approved Courses' is clickable

2022-07-12 23:40:09 - [TEST_STEP][PASSED] - click(findTestObject("Object Repository/Page_PublicPortal/li_Training Eligibility")): Object: 'Object Repository/Page_PublicPortal/li_Training Eligibility' is clicked on

2022-07-12 23:40:10 - [MESSAGE][PASSED] - Object: 'Object Repository/Page_PublicPortal/li_Training Eligibility' is clicked on

2022-07-12 23:40:10 - [TEST_STEP][PASSED] - click(findTestObject("Object Repository/Page_PublicPortal/li_CPO Approved Courses")): Object: 'Object Repository/Page_PublicPortal/li_CPO Approved Courses' is clicked on

2022-07-12 23:40:10 - [MESSAGE][PASSED] - Object: 'Object Repository/Page_PublicPortal/li_CPO Approved Courses' is clicked on

2022-07-12 23:40:10 - [TEST_STEP][PASSED] - verifyElementText(findTestObject("Object Repository/Page_PublicPortal/li_CPO Approved Courses"), "CPO Approved Courses"): Actual text and expected text of test object 'Object Repository/Page_PublicPortal/li_CPO Approved Courses' are matched.

2022-07-12 23:40:11 - [MESSAGE][PASSED] - Actual text and expected text of test object 'Object Repository/Page_PublicPortal/li_CPO Approved Courses' are matched.

2022-07-12 23:40:11 - [TEST_STEP][PASSED] - closeBrowser(): Browser is closed

2022-07-12 23:40:11 - [MESSAGE][PASSED] - Browser is closed]]></system-out>
         <system-err><![CDATA[]]></system-err>
      </testcase>
      <testcase name="Test Cases/32_Training Provider Tab Providers support to SOSE program Sidebar" time="10.326" classname="Test Cases/32_Training Provider Tab Providers support to SOSE program Sidebar" status="PASSED">
         <system-out><![CDATA[2022-07-12 23:40:11 - [TEST_CASE][PASSED] - Test Cases/32_Training Provider Tab Providers support to SOSE program Sidebar: Test Cases/32_Training Provider Tab Providers support to SOSE program Sidebar

2022-07-12 23:40:13 - [TEST_STEP][PASSED] - openBrowser(""): Browser is opened with url: ''

2022-07-12 23:40:13 - [MESSAGE][INFO] - Starting 'Chrome' driver

2022-07-12 23:40:13 - [MESSAGE][INFO] - Action delay is set to 0 milliseconds

2022-07-12 23:40:15 - [MESSAGE][PASSED] - Browser is opened with url: ''

2022-07-12 23:40:15 - [TEST_STEP][PASSED] - maximizeWindow(): Current window maximized

2022-07-12 23:40:15 - [MESSAGE][PASSED] - Current window maximized

2022-07-12 23:40:15 - [TEST_STEP][PASSED] - navigateToUrl("https://intra.stage.apps.labour.gov.on.ca/public-portal-qa/#/marketplace/course-search"): Navigate to 'https://intra.stage.apps.labour.gov.on.ca/public-portal-qa/#/marketplace/course-search' successfully

2022-07-12 23:40:17 - [MESSAGE][PASSED] - Navigate to 'https://intra.stage.apps.labour.gov.on.ca/public-portal-qa/#/marketplace/course-search' successfully

2022-07-12 23:40:17 - [TEST_STEP][PASSED] - verifyElementPresent(findTestObject("Object Repository/Page_PublicPortal/li_CPO Approved Courses"), 0): Object 'Object Repository/Page_PublicPortal/li_CPO Approved Courses' is present

2022-07-12 23:40:18 - [MESSAGE][WARNING] - Timeout '0' is invalid. Using default page load timeout: '30'

2022-07-12 23:40:19 - [MESSAGE][PASSED] - Object 'Object Repository/Page_PublicPortal/li_CPO Approved Courses' is present

2022-07-12 23:40:19 - [TEST_STEP][PASSED] - verifyElementClickable(findTestObject("Object Repository/Page_PublicPortal/li_CPO Approved Courses")): Object 'Object Repository/Page_PublicPortal/li_CPO Approved Courses' is clickable

2022-07-12 23:40:19 - [MESSAGE][PASSED] - Object 'Object Repository/Page_PublicPortal/li_CPO Approved Courses' is clickable

2022-07-12 23:40:19 - [TEST_STEP][PASSED] - click(findTestObject("Object Repository/Page_PublicPortal/li_Training Eligibility")): Object: 'Object Repository/Page_PublicPortal/li_Training Eligibility' is clicked on

2022-07-12 23:40:20 - [MESSAGE][PASSED] - Object: 'Object Repository/Page_PublicPortal/li_Training Eligibility' is clicked on

2022-07-12 23:40:20 - [TEST_STEP][PASSED] - click(findTestObject("Object Repository/Page_PublicPortal/li_CPO Approved Courses")): Object: 'Object Repository/Page_PublicPortal/li_CPO Approved Courses' is clicked on

2022-07-12 23:40:20 - [MESSAGE][PASSED] - Object: 'Object Repository/Page_PublicPortal/li_CPO Approved Courses' is clicked on

2022-07-12 23:40:20 - [TEST_STEP][PASSED] - verifyElementText(findTestObject("Object Repository/Page_PublicPortal/li_CPO Approved Courses"), "CPO Approved Courses"): Actual text and expected text of test object 'Object Repository/Page_PublicPortal/li_CPO Approved Courses' are matched.

2022-07-12 23:40:21 - [MESSAGE][PASSED] - Actual text and expected text of test object 'Object Repository/Page_PublicPortal/li_CPO Approved Courses' are matched.

2022-07-12 23:40:21 - [TEST_STEP][PASSED] - closeBrowser(): Browser is closed

2022-07-12 23:40:22 - [MESSAGE][PASSED] - Browser is closed]]></system-out>
         <system-err><![CDATA[]]></system-err>
      </testcase>
      <testcase name="Test Cases/31_Training Provider Tab Are you aware Sidebar" time="11.315" classname="Test Cases/31_Training Provider Tab Are you aware Sidebar" status="PASSED">
         <system-out><![CDATA[2022-07-12 23:40:22 - [TEST_CASE][PASSED] - Test Cases/31_Training Provider Tab Are you aware Sidebar: Test Cases/31_Training Provider Tab Are you aware Sidebar

2022-07-12 23:40:23 - [TEST_STEP][PASSED] - openBrowser(""): Browser is opened with url: ''

2022-07-12 23:40:23 - [MESSAGE][INFO] - Starting 'Chrome' driver

2022-07-12 23:40:23 - [MESSAGE][INFO] - Action delay is set to 0 milliseconds

2022-07-12 23:40:25 - [MESSAGE][PASSED] - Browser is opened with url: ''

2022-07-12 23:40:25 - [TEST_STEP][PASSED] - maximizeWindow(): Current window maximized

2022-07-12 23:40:25 - [MESSAGE][PASSED] - Current window maximized

2022-07-12 23:40:25 - [TEST_STEP][PASSED] - navigateToUrl("https://intra.stage.apps.labour.gov.on.ca/public-portal-qa/#/marketplace/course-search"): Navigate to 'https://intra.stage.apps.labour.gov.on.ca/public-portal-qa/#/marketplace/course-search' successfully

2022-07-12 23:40:27 - [MESSAGE][PASSED] - Navigate to 'https://intra.stage.apps.labour.gov.on.ca/public-portal-qa/#/marketplace/course-search' successfully

2022-07-12 23:40:27 - [TEST_STEP][PASSED] - verifyElementPresent(findTestObject("Object Repository/Page_PublicPortal/li_CPO Approved Courses"), 0): Object 'Object Repository/Page_PublicPortal/li_CPO Approved Courses' is present

2022-07-12 23:40:27 - [MESSAGE][WARNING] - Timeout '0' is invalid. Using default page load timeout: '30'

2022-07-12 23:40:29 - [MESSAGE][PASSED] - Object 'Object Repository/Page_PublicPortal/li_CPO Approved Courses' is present

2022-07-12 23:40:29 - [TEST_STEP][PASSED] - verifyElementClickable(findTestObject("Object Repository/Page_PublicPortal/li_CPO Approved Courses")): Object 'Object Repository/Page_PublicPortal/li_CPO Approved Courses' is clickable

2022-07-12 23:40:29 - [MESSAGE][PASSED] - Object 'Object Repository/Page_PublicPortal/li_CPO Approved Courses' is clickable

2022-07-12 23:40:29 - [TEST_STEP][PASSED] - click(findTestObject("Object Repository/Page_PublicPortal/li_Training Eligibility")): Object: 'Object Repository/Page_PublicPortal/li_Training Eligibility' is clicked on

2022-07-12 23:40:30 - [MESSAGE][PASSED] - Object: 'Object Repository/Page_PublicPortal/li_Training Eligibility' is clicked on

2022-07-12 23:40:30 - [TEST_STEP][PASSED] - click(findTestObject("Object Repository/Page_PublicPortal/li_CPO Approved Courses")): Object: 'Object Repository/Page_PublicPortal/li_CPO Approved Courses' is clicked on

2022-07-12 23:40:31 - [MESSAGE][PASSED] - Object: 'Object Repository/Page_PublicPortal/li_CPO Approved Courses' is clicked on

2022-07-12 23:40:31 - [TEST_STEP][PASSED] - verifyElementText(findTestObject("Object Repository/Page_PublicPortal/li_CPO Approved Courses"), "CPO Approved Courses"): Actual text and expected text of test object 'Object Repository/Page_PublicPortal/li_CPO Approved Courses' are matched.

2022-07-12 23:40:32 - [MESSAGE][PASSED] - Actual text and expected text of test object 'Object Repository/Page_PublicPortal/li_CPO Approved Courses' are matched.

2022-07-12 23:40:32 - [TEST_STEP][PASSED] - closeBrowser(): Browser is closed

2022-07-12 23:40:33 - [MESSAGE][PASSED] - Browser is closed]]></system-out>
         <system-err><![CDATA[]]></system-err>
      </testcase>
      <testcase name="Test Cases/29_Training Provider Tab Become an approved training provider Section" time="9.796" classname="Test Cases/29_Training Provider Tab Become an approved training provider Section" status="PASSED">
         <system-out><![CDATA[2022-07-12 23:40:33 - [TEST_CASE][PASSED] - Test Cases/29_Training Provider Tab Become an approved training provider Section: Test Cases/29_Training Provider Tab Become an approved training provider Section

2022-07-12 23:40:34 - [TEST_STEP][PASSED] - openBrowser(""): Browser is opened with url: ''

2022-07-12 23:40:34 - [MESSAGE][INFO] - Starting 'Chrome' driver

2022-07-12 23:40:34 - [MESSAGE][INFO] - Action delay is set to 0 milliseconds

2022-07-12 23:40:36 - [MESSAGE][PASSED] - Browser is opened with url: ''

2022-07-12 23:40:36 - [TEST_STEP][PASSED] - maximizeWindow(): Current window maximized

2022-07-12 23:40:36 - [MESSAGE][PASSED] - Current window maximized

2022-07-12 23:40:36 - [TEST_STEP][PASSED] - navigateToUrl("https://intra.stage.apps.labour.gov.on.ca/public-portal-qa/#/marketplace/course-search"): Navigate to 'https://intra.stage.apps.labour.gov.on.ca/public-portal-qa/#/marketplace/course-search' successfully

2022-07-12 23:40:39 - [MESSAGE][PASSED] - Navigate to 'https://intra.stage.apps.labour.gov.on.ca/public-portal-qa/#/marketplace/course-search' successfully

2022-07-12 23:40:39 - [TEST_STEP][PASSED] - verifyElementPresent(findTestObject("Object Repository/Page_PublicPortal/li_CPO Approved Courses"), 0): Object 'Object Repository/Page_PublicPortal/li_CPO Approved Courses' is present

2022-07-12 23:40:39 - [MESSAGE][WARNING] - Timeout '0' is invalid. Using default page load timeout: '30'

2022-07-12 23:40:40 - [MESSAGE][PASSED] - Object 'Object Repository/Page_PublicPortal/li_CPO Approved Courses' is present

2022-07-12 23:40:40 - [TEST_STEP][PASSED] - verifyElementClickable(findTestObject("Object Repository/Page_PublicPortal/li_CPO Approved Courses")): Object 'Object Repository/Page_PublicPortal/li_CPO Approved Courses' is clickable

2022-07-12 23:40:40 - [MESSAGE][PASSED] - Object 'Object Repository/Page_PublicPortal/li_CPO Approved Courses' is clickable

2022-07-12 23:40:40 - [TEST_STEP][PASSED] - click(findTestObject("Object Repository/Page_PublicPortal/li_Training Eligibility")): Object: 'Object Repository/Page_PublicPortal/li_Training Eligibility' is clicked on

2022-07-12 23:40:41 - [MESSAGE][PASSED] - Object: 'Object Repository/Page_PublicPortal/li_Training Eligibility' is clicked on

2022-07-12 23:40:41 - [TEST_STEP][PASSED] - click(findTestObject("Object Repository/Page_PublicPortal/li_CPO Approved Courses")): Object: 'Object Repository/Page_PublicPortal/li_CPO Approved Courses' is clicked on

2022-07-12 23:40:41 - [MESSAGE][PASSED] - Object: 'Object Repository/Page_PublicPortal/li_CPO Approved Courses' is clicked on

2022-07-12 23:40:41 - [TEST_STEP][PASSED] - verifyElementText(findTestObject("Object Repository/Page_PublicPortal/li_CPO Approved Courses"), "CPO Approved Courses"): Actual text and expected text of test object 'Object Repository/Page_PublicPortal/li_CPO Approved Courses' are matched.

2022-07-12 23:40:42 - [MESSAGE][PASSED] - Actual text and expected text of test object 'Object Repository/Page_PublicPortal/li_CPO Approved Courses' are matched.

2022-07-12 23:40:42 - [TEST_STEP][PASSED] - closeBrowser(): Browser is closed

2022-07-12 23:40:43 - [MESSAGE][PASSED] - Browser is closed]]></system-out>
         <system-err><![CDATA[]]></system-err>
      </testcase>
      <testcase name="Test Cases/30_Training Provider Tab Check worker eligibility Sidebar" time="9.075" classname="Test Cases/30_Training Provider Tab Check worker eligibility Sidebar" status="PASSED">
         <system-out><![CDATA[2022-07-12 23:40:43 - [TEST_CASE][PASSED] - Test Cases/30_Training Provider Tab Check worker eligibility Sidebar: Test Cases/30_Training Provider Tab Check worker eligibility Sidebar

2022-07-12 23:40:44 - [TEST_STEP][PASSED] - openBrowser(""): Browser is opened with url: ''

2022-07-12 23:40:44 - [MESSAGE][INFO] - Starting 'Chrome' driver

2022-07-12 23:40:44 - [MESSAGE][INFO] - Action delay is set to 0 milliseconds

2022-07-12 23:40:46 - [MESSAGE][PASSED] - Browser is opened with url: ''

2022-07-12 23:40:46 - [TEST_STEP][PASSED] - maximizeWindow(): Current window maximized

2022-07-12 23:40:46 - [MESSAGE][PASSED] - Current window maximized

2022-07-12 23:40:46 - [TEST_STEP][PASSED] - navigateToUrl("https://intra.stage.apps.labour.gov.on.ca/public-portal-qa/#/marketplace/course-search"): Navigate to 'https://intra.stage.apps.labour.gov.on.ca/public-portal-qa/#/marketplace/course-search' successfully

2022-07-12 23:40:48 - [MESSAGE][PASSED] - Navigate to 'https://intra.stage.apps.labour.gov.on.ca/public-portal-qa/#/marketplace/course-search' successfully

2022-07-12 23:40:48 - [TEST_STEP][PASSED] - verifyElementPresent(findTestObject("Object Repository/Page_PublicPortal/li_CPO Approved Courses"), 0): Object 'Object Repository/Page_PublicPortal/li_CPO Approved Courses' is present

2022-07-12 23:40:48 - [MESSAGE][WARNING] - Timeout '0' is invalid. Using default page load timeout: '30'

2022-07-12 23:40:48 - [MESSAGE][PASSED] - Object 'Object Repository/Page_PublicPortal/li_CPO Approved Courses' is present

2022-07-12 23:40:48 - [TEST_STEP][PASSED] - verifyElementClickable(findTestObject("Object Repository/Page_PublicPortal/li_CPO Approved Courses")): Object 'Object Repository/Page_PublicPortal/li_CPO Approved Courses' is clickable

2022-07-12 23:40:49 - [MESSAGE][PASSED] - Object 'Object Repository/Page_PublicPortal/li_CPO Approved Courses' is clickable

2022-07-12 23:40:49 - [TEST_STEP][PASSED] - click(findTestObject("Object Repository/Page_PublicPortal/li_Training Eligibility")): Object: 'Object Repository/Page_PublicPortal/li_Training Eligibility' is clicked on

2022-07-12 23:40:50 - [MESSAGE][PASSED] - Object: 'Object Repository/Page_PublicPortal/li_Training Eligibility' is clicked on

2022-07-12 23:40:50 - [TEST_STEP][PASSED] - click(findTestObject("Object Repository/Page_PublicPortal/li_CPO Approved Courses")): Object: 'Object Repository/Page_PublicPortal/li_CPO Approved Courses' is clicked on

2022-07-12 23:40:51 - [MESSAGE][PASSED] - Object: 'Object Repository/Page_PublicPortal/li_CPO Approved Courses' is clicked on

2022-07-12 23:40:51 - [TEST_STEP][PASSED] - verifyElementText(findTestObject("Object Repository/Page_PublicPortal/li_CPO Approved Courses"), "CPO Approved Courses"): Actual text and expected text of test object 'Object Repository/Page_PublicPortal/li_CPO Approved Courses' are matched.

2022-07-12 23:40:51 - [MESSAGE][PASSED] - Actual text and expected text of test object 'Object Repository/Page_PublicPortal/li_CPO Approved Courses' are matched.

2022-07-12 23:40:51 - [TEST_STEP][PASSED] - closeBrowser(): Browser is closed

2022-07-12 23:40:52 - [MESSAGE][PASSED] - Browser is closed]]></system-out>
         <system-err><![CDATA[]]></system-err>
      </testcase>
      <testcase name="Test Cases/28_Training Provider Tab" time="9.758" classname="Test Cases/28_Training Provider Tab" status="PASSED">
         <system-out><![CDATA[2022-07-12 23:40:52 - [TEST_CASE][PASSED] - Test Cases/28_Training Provider Tab: Test Cases/28_Training Provider Tab

2022-07-12 23:40:53 - [TEST_STEP][PASSED] - openBrowser(""): Browser is opened with url: ''

2022-07-12 23:40:53 - [MESSAGE][INFO] - Starting 'Chrome' driver

2022-07-12 23:40:53 - [MESSAGE][INFO] - Action delay is set to 0 milliseconds

2022-07-12 23:40:55 - [MESSAGE][PASSED] - Browser is opened with url: ''

2022-07-12 23:40:55 - [TEST_STEP][PASSED] - maximizeWindow(): Current window maximized

2022-07-12 23:40:55 - [MESSAGE][PASSED] - Current window maximized

2022-07-12 23:40:55 - [TEST_STEP][PASSED] - navigateToUrl("https://intra.stage.apps.labour.gov.on.ca/public-portal-qa/#/marketplace/course-search"): Navigate to 'https://intra.stage.apps.labour.gov.on.ca/public-portal-qa/#/marketplace/course-search' successfully

2022-07-12 23:40:57 - [MESSAGE][PASSED] - Navigate to 'https://intra.stage.apps.labour.gov.on.ca/public-portal-qa/#/marketplace/course-search' successfully

2022-07-12 23:40:57 - [TEST_STEP][PASSED] - verifyElementPresent(findTestObject("Object Repository/Page_PublicPortal/li_CPO Approved Courses"), 0): Object 'Object Repository/Page_PublicPortal/li_CPO Approved Courses' is present

2022-07-12 23:40:57 - [MESSAGE][WARNING] - Timeout '0' is invalid. Using default page load timeout: '30'

2022-07-12 23:40:59 - [MESSAGE][PASSED] - Object 'Object Repository/Page_PublicPortal/li_CPO Approved Courses' is present

2022-07-12 23:40:59 - [TEST_STEP][PASSED] - verifyElementClickable(findTestObject("Object Repository/Page_PublicPortal/li_CPO Approved Courses")): Object 'Object Repository/Page_PublicPortal/li_CPO Approved Courses' is clickable

2022-07-12 23:40:59 - [MESSAGE][PASSED] - Object 'Object Repository/Page_PublicPortal/li_CPO Approved Courses' is clickable

2022-07-12 23:40:59 - [TEST_STEP][PASSED] - click(findTestObject("Object Repository/Page_PublicPortal/li_Training Eligibility")): Object: 'Object Repository/Page_PublicPortal/li_Training Eligibility' is clicked on

2022-07-12 23:41:00 - [MESSAGE][PASSED] - Object: 'Object Repository/Page_PublicPortal/li_Training Eligibility' is clicked on

2022-07-12 23:41:00 - [TEST_STEP][PASSED] - click(findTestObject("Object Repository/Page_PublicPortal/li_CPO Approved Courses")): Object: 'Object Repository/Page_PublicPortal/li_CPO Approved Courses' is clicked on

2022-07-12 23:41:00 - [MESSAGE][PASSED] - Object: 'Object Repository/Page_PublicPortal/li_CPO Approved Courses' is clicked on

2022-07-12 23:41:00 - [TEST_STEP][PASSED] - verifyElementText(findTestObject("Object Repository/Page_PublicPortal/li_CPO Approved Courses"), "CPO Approved Courses"): Actual text and expected text of test object 'Object Repository/Page_PublicPortal/li_CPO Approved Courses' are matched.

2022-07-12 23:41:01 - [MESSAGE][PASSED] - Actual text and expected text of test object 'Object Repository/Page_PublicPortal/li_CPO Approved Courses' are matched.

2022-07-12 23:41:01 - [TEST_STEP][PASSED] - closeBrowser(): Browser is closed

2022-07-12 23:41:02 - [MESSAGE][PASSED] - Browser is closed]]></system-out>
         <system-err><![CDATA[]]></system-err>
      </testcase>
      <system-out><![CDATA[2022-07-12 23:36:35 - [TEST_SUITE][PASSED] - Beta_2: Test Cases/28_Training Provider Tab]]></system-out>
      <system-err><![CDATA[]]></system-err>
   </testsuite>
   <testsuite name="Beta_3" tests="23" failures="0" errors="0" time="258.428" skipped="0" timestamp="2022-07-12 23:36:39" hostname="DzhohaAl - ON34C03261455.cihs.ad.gov.on.ca" id="Test Suites/Beta_3">
      <properties>
         <property name="deviceName" value=""/>
         <property name="devicePlatform" value=""/>
         <property name="logFolder" value="C:\\Users\\DzhohaAl\\Katalon Studio\\CMS_automation\\Reports\\20220712_233553\\Beta_3\\20220712_233609"/>
         <property name="logFiles" value="C:\\Users\\DzhohaAl\\Katalon Studio\\CMS_automation\\Reports\\20220712_233553\\Beta_3\\20220712_233609\\execution0.log"/>
         <property name="attachments" value=""/>
         <property name="hostName" value="DzhohaAl - ON34C03261455.cihs.ad.gov.on.ca"/>
         <property name="os" value="Windows 10 64bit"/>
         <property name="katalonVersion" value="8.3.5.208"/>
         <property name="browser" value="Chrome 103.0.5060.114"/>
         <property name="hostAddress" value="192.168.0.18"/>
         <property name="sessionId" value="96dbe5bed0f2f558f0ecb791ee5ab39a"/>
         <property name="seleniumVersion" value="3.141.59"/>
         <property name="proxyInformation" value="ProxyInformation { proxyOption=NO_PROXY, proxyServerType=HTTP, username=, password=********, proxyServerAddress=, proxyServerPort=0, executionList=&quot;&quot;, isApplyToDesiredCapabilities=true }"/>
         <property name="platform" value="Windows 10"/>
      </properties>
      <testcase name="Test Cases/37_Training Eligibility Step 1" time="19.378" classname="Test Cases/37_Training Eligibility Step 1" status="PASSED">
         <system-out><![CDATA[2022-07-12 23:36:40 - [TEST_CASE][PASSED] - Test Cases/37_Training Eligibility Step 1: Test Cases/37_Training Eligibility Step 1

2022-07-12 23:36:42 - [TEST_STEP][PASSED] - openBrowser(""): Browser is opened with url: ''

2022-07-12 23:36:43 - [MESSAGE][INFO] - Starting 'Chrome' driver

2022-07-12 23:36:43 - [MESSAGE][INFO] - Action delay is set to 0 milliseconds

2022-07-12 23:36:50 - [MESSAGE][PASSED] - Browser is opened with url: ''

2022-07-12 23:36:50 - [TEST_STEP][PASSED] - maximizeWindow(): Current window maximized

2022-07-12 23:36:50 - [MESSAGE][PASSED] - Current window maximized

2022-07-12 23:36:50 - [TEST_STEP][PASSED] - navigateToUrl("https://intra.stage.apps.labour.gov.on.ca/public-portal-qa/#/marketplace/course-search"): Navigate to 'https://intra.stage.apps.labour.gov.on.ca/public-portal-qa/#/marketplace/course-search' successfully

2022-07-12 23:36:53 - [MESSAGE][PASSED] - Navigate to 'https://intra.stage.apps.labour.gov.on.ca/public-portal-qa/#/marketplace/course-search' successfully

2022-07-12 23:36:53 - [TEST_STEP][PASSED] - verifyElementPresent(findTestObject("Object Repository/Page_PublicPortal/li_CPO Approved Courses"), 0): Object 'Object Repository/Page_PublicPortal/li_CPO Approved Courses' is present

2022-07-12 23:36:53 - [MESSAGE][WARNING] - Timeout '0' is invalid. Using default page load timeout: '30'

2022-07-12 23:36:54 - [MESSAGE][PASSED] - Object 'Object Repository/Page_PublicPortal/li_CPO Approved Courses' is present

2022-07-12 23:36:54 - [TEST_STEP][PASSED] - verifyElementClickable(findTestObject("Object Repository/Page_PublicPortal/li_CPO Approved Courses")): Object 'Object Repository/Page_PublicPortal/li_CPO Approved Courses' is clickable

2022-07-12 23:36:55 - [MESSAGE][PASSED] - Object 'Object Repository/Page_PublicPortal/li_CPO Approved Courses' is clickable

2022-07-12 23:36:55 - [TEST_STEP][PASSED] - click(findTestObject("Object Repository/Page_PublicPortal/li_Training Eligibility")): Object: 'Object Repository/Page_PublicPortal/li_Training Eligibility' is clicked on

2022-07-12 23:36:56 - [MESSAGE][PASSED] - Object: 'Object Repository/Page_PublicPortal/li_Training Eligibility' is clicked on

2022-07-12 23:36:56 - [TEST_STEP][PASSED] - click(findTestObject("Object Repository/Page_PublicPortal/li_CPO Approved Courses")): Object: 'Object Repository/Page_PublicPortal/li_CPO Approved Courses' is clicked on

2022-07-12 23:36:57 - [MESSAGE][PASSED] - Object: 'Object Repository/Page_PublicPortal/li_CPO Approved Courses' is clicked on

2022-07-12 23:36:57 - [TEST_STEP][PASSED] - verifyElementText(findTestObject("Object Repository/Page_PublicPortal/li_CPO Approved Courses"), "CPO Approved Courses"): Actual text and expected text of test object 'Object Repository/Page_PublicPortal/li_CPO Approved Courses' are matched.

2022-07-12 23:36:59 - [MESSAGE][PASSED] - Actual text and expected text of test object 'Object Repository/Page_PublicPortal/li_CPO Approved Courses' are matched.

2022-07-12 23:36:59 - [TEST_STEP][PASSED] - closeBrowser(): Browser is closed

2022-07-12 23:37:00 - [MESSAGE][PASSED] - Browser is closed]]></system-out>
         <system-err><![CDATA[]]></system-err>
      </testcase>
      <testcase name="Test Cases/38_Training Eligibility Validate Inputs from Step 1" time="9.454" classname="Test Cases/38_Training Eligibility Validate Inputs from Step 1" status="PASSED">
         <system-out><![CDATA[2022-07-12 23:37:00 - [TEST_CASE][PASSED] - Test Cases/38_Training Eligibility Validate Inputs from Step 1: Test Cases/38_Training Eligibility Validate Inputs from Step 1

2022-07-12 23:37:00 - [TEST_STEP][PASSED] - openBrowser(""): Browser is opened with url: ''

2022-07-12 23:37:00 - [MESSAGE][INFO] - Starting 'Chrome' driver

2022-07-12 23:37:00 - [MESSAGE][INFO] - Action delay is set to 0 milliseconds

2022-07-12 23:37:02 - [MESSAGE][PASSED] - Browser is opened with url: ''

2022-07-12 23:37:02 - [TEST_STEP][PASSED] - maximizeWindow(): Current window maximized

2022-07-12 23:37:02 - [MESSAGE][PASSED] - Current window maximized

2022-07-12 23:37:02 - [TEST_STEP][PASSED] - navigateToUrl("https://intra.stage.apps.labour.gov.on.ca/public-portal-qa/#/marketplace/course-search"): Navigate to 'https://intra.stage.apps.labour.gov.on.ca/public-portal-qa/#/marketplace/course-search' successfully

2022-07-12 23:37:05 - [MESSAGE][PASSED] - Navigate to 'https://intra.stage.apps.labour.gov.on.ca/public-portal-qa/#/marketplace/course-search' successfully

2022-07-12 23:37:05 - [TEST_STEP][PASSED] - verifyElementPresent(findTestObject("Object Repository/Page_PublicPortal/li_CPO Approved Courses"), 0): Object 'Object Repository/Page_PublicPortal/li_CPO Approved Courses' is present

2022-07-12 23:37:05 - [MESSAGE][WARNING] - Timeout '0' is invalid. Using default page load timeout: '30'

2022-07-12 23:37:06 - [MESSAGE][PASSED] - Object 'Object Repository/Page_PublicPortal/li_CPO Approved Courses' is present

2022-07-12 23:37:06 - [TEST_STEP][PASSED] - verifyElementClickable(findTestObject("Object Repository/Page_PublicPortal/li_CPO Approved Courses")): Object 'Object Repository/Page_PublicPortal/li_CPO Approved Courses' is clickable

2022-07-12 23:37:06 - [MESSAGE][PASSED] - Object 'Object Repository/Page_PublicPortal/li_CPO Approved Courses' is clickable

2022-07-12 23:37:06 - [TEST_STEP][PASSED] - click(findTestObject("Object Repository/Page_PublicPortal/li_Training Eligibility")): Object: 'Object Repository/Page_PublicPortal/li_Training Eligibility' is clicked on

2022-07-12 23:37:07 - [MESSAGE][PASSED] - Object: 'Object Repository/Page_PublicPortal/li_Training Eligibility' is clicked on

2022-07-12 23:37:07 - [TEST_STEP][PASSED] - click(findTestObject("Object Repository/Page_PublicPortal/li_CPO Approved Courses")): Object: 'Object Repository/Page_PublicPortal/li_CPO Approved Courses' is clicked on

2022-07-12 23:37:08 - [MESSAGE][PASSED] - Object: 'Object Repository/Page_PublicPortal/li_CPO Approved Courses' is clicked on

2022-07-12 23:37:08 - [TEST_STEP][PASSED] - verifyElementText(findTestObject("Object Repository/Page_PublicPortal/li_CPO Approved Courses"), "CPO Approved Courses"): Actual text and expected text of test object 'Object Repository/Page_PublicPortal/li_CPO Approved Courses' are matched.

2022-07-12 23:37:08 - [MESSAGE][PASSED] - Actual text and expected text of test object 'Object Repository/Page_PublicPortal/li_CPO Approved Courses' are matched.

2022-07-12 23:37:08 - [TEST_STEP][PASSED] - closeBrowser(): Browser is closed

2022-07-12 23:37:09 - [MESSAGE][PASSED] - Browser is closed]]></system-out>
         <system-err><![CDATA[]]></system-err>
      </testcase>
      <testcase name="Test Cases/39_Training Eligibility Step 2" time="11.817" classname="Test Cases/39_Training Eligibility Step 2" status="PASSED">
         <system-out><![CDATA[2022-07-12 23:37:09 - [TEST_CASE][PASSED] - Test Cases/39_Training Eligibility Step 2: Test Cases/39_Training Eligibility Step 2

2022-07-12 23:37:11 - [TEST_STEP][PASSED] - openBrowser(""): Browser is opened with url: ''

2022-07-12 23:37:11 - [MESSAGE][INFO] - Starting 'Chrome' driver

2022-07-12 23:37:11 - [MESSAGE][INFO] - Action delay is set to 0 milliseconds

2022-07-12 23:37:13 - [MESSAGE][PASSED] - Browser is opened with url: ''

2022-07-12 23:37:13 - [TEST_STEP][PASSED] - maximizeWindow(): Current window maximized

2022-07-12 23:37:13 - [MESSAGE][PASSED] - Current window maximized

2022-07-12 23:37:13 - [TEST_STEP][PASSED] - navigateToUrl("https://intra.stage.apps.labour.gov.on.ca/public-portal-qa/#/marketplace/course-search"): Navigate to 'https://intra.stage.apps.labour.gov.on.ca/public-portal-qa/#/marketplace/course-search' successfully

2022-07-12 23:37:16 - [MESSAGE][PASSED] - Navigate to 'https://intra.stage.apps.labour.gov.on.ca/public-portal-qa/#/marketplace/course-search' successfully

2022-07-12 23:37:16 - [TEST_STEP][PASSED] - verifyElementPresent(findTestObject("Object Repository/Page_PublicPortal/li_CPO Approved Courses"), 0): Object 'Object Repository/Page_PublicPortal/li_CPO Approved Courses' is present

2022-07-12 23:37:16 - [MESSAGE][WARNING] - Timeout '0' is invalid. Using default page load timeout: '30'

2022-07-12 23:37:17 - [MESSAGE][PASSED] - Object 'Object Repository/Page_PublicPortal/li_CPO Approved Courses' is present

2022-07-12 23:37:17 - [TEST_STEP][PASSED] - verifyElementClickable(findTestObject("Object Repository/Page_PublicPortal/li_CPO Approved Courses")): Object 'Object Repository/Page_PublicPortal/li_CPO Approved Courses' is clickable

2022-07-12 23:37:18 - [MESSAGE][PASSED] - Object 'Object Repository/Page_PublicPortal/li_CPO Approved Courses' is clickable

2022-07-12 23:37:18 - [TEST_STEP][PASSED] - click(findTestObject("Object Repository/Page_PublicPortal/li_Training Eligibility")): Object: 'Object Repository/Page_PublicPortal/li_Training Eligibility' is clicked on

2022-07-12 23:37:18 - [MESSAGE][PASSED] - Object: 'Object Repository/Page_PublicPortal/li_Training Eligibility' is clicked on

2022-07-12 23:37:18 - [TEST_STEP][PASSED] - click(findTestObject("Object Repository/Page_PublicPortal/li_CPO Approved Courses")): Object: 'Object Repository/Page_PublicPortal/li_CPO Approved Courses' is clicked on

2022-07-12 23:37:19 - [MESSAGE][PASSED] - Object: 'Object Repository/Page_PublicPortal/li_CPO Approved Courses' is clicked on

2022-07-12 23:37:19 - [TEST_STEP][PASSED] - verifyElementText(findTestObject("Object Repository/Page_PublicPortal/li_CPO Approved Courses"), "CPO Approved Courses"): Actual text and expected text of test object 'Object Repository/Page_PublicPortal/li_CPO Approved Courses' are matched.

2022-07-12 23:37:20 - [MESSAGE][PASSED] - Actual text and expected text of test object 'Object Repository/Page_PublicPortal/li_CPO Approved Courses' are matched.

2022-07-12 23:37:20 - [TEST_STEP][PASSED] - closeBrowser(): Browser is closed

2022-07-12 23:37:21 - [MESSAGE][PASSED] - Browser is closed]]></system-out>
         <system-err><![CDATA[]]></system-err>
      </testcase>
      <testcase name="Test Cases/40_Training Eligibility JHSC - Part Two (Eligible)" time="12.335" classname="Test Cases/40_Training Eligibility JHSC - Part Two (Eligible)" status="PASSED">
         <system-out><![CDATA[2022-07-12 23:37:21 - [TEST_CASE][PASSED] - Test Cases/40_Training Eligibility JHSC - Part Two (Eligible): Test Cases/40_Training Eligibility JHSC - Part Two (Eligible)

2022-07-12 23:37:23 - [TEST_STEP][PASSED] - openBrowser(""): Browser is opened with url: ''

2022-07-12 23:37:23 - [MESSAGE][INFO] - Starting 'Chrome' driver

2022-07-12 23:37:23 - [MESSAGE][INFO] - Action delay is set to 0 milliseconds

2022-07-12 23:37:24 - [MESSAGE][PASSED] - Browser is opened with url: ''

2022-07-12 23:37:25 - [TEST_STEP][PASSED] - maximizeWindow(): Current window maximized

2022-07-12 23:37:25 - [MESSAGE][PASSED] - Current window maximized

2022-07-12 23:37:25 - [TEST_STEP][PASSED] - navigateToUrl("https://intra.stage.apps.labour.gov.on.ca/public-portal-qa/#/marketplace/course-search"): Navigate to 'https://intra.stage.apps.labour.gov.on.ca/public-portal-qa/#/marketplace/course-search' successfully

2022-07-12 23:37:28 - [MESSAGE][PASSED] - Navigate to 'https://intra.stage.apps.labour.gov.on.ca/public-portal-qa/#/marketplace/course-search' successfully

2022-07-12 23:37:28 - [TEST_STEP][PASSED] - verifyElementPresent(findTestObject("Object Repository/Page_PublicPortal/li_CPO Approved Courses"), 0): Object 'Object Repository/Page_PublicPortal/li_CPO Approved Courses' is present

2022-07-12 23:37:28 - [MESSAGE][WARNING] - Timeout '0' is invalid. Using default page load timeout: '30'

2022-07-12 23:37:29 - [MESSAGE][PASSED] - Object 'Object Repository/Page_PublicPortal/li_CPO Approved Courses' is present

2022-07-12 23:37:29 - [TEST_STEP][PASSED] - verifyElementClickable(findTestObject("Object Repository/Page_PublicPortal/li_CPO Approved Courses")): Object 'Object Repository/Page_PublicPortal/li_CPO Approved Courses' is clickable

2022-07-12 23:37:30 - [MESSAGE][PASSED] - Object 'Object Repository/Page_PublicPortal/li_CPO Approved Courses' is clickable

2022-07-12 23:37:30 - [TEST_STEP][PASSED] - click(findTestObject("Object Repository/Page_PublicPortal/li_Training Eligibility")): Object: 'Object Repository/Page_PublicPortal/li_Training Eligibility' is clicked on

2022-07-12 23:37:31 - [MESSAGE][PASSED] - Object: 'Object Repository/Page_PublicPortal/li_Training Eligibility' is clicked on

2022-07-12 23:37:31 - [TEST_STEP][PASSED] - click(findTestObject("Object Repository/Page_PublicPortal/li_CPO Approved Courses")): Object: 'Object Repository/Page_PublicPortal/li_CPO Approved Courses' is clicked on

2022-07-12 23:37:32 - [MESSAGE][PASSED] - Object: 'Object Repository/Page_PublicPortal/li_CPO Approved Courses' is clicked on

2022-07-12 23:37:32 - [TEST_STEP][PASSED] - verifyElementText(findTestObject("Object Repository/Page_PublicPortal/li_CPO Approved Courses"), "CPO Approved Courses"): Actual text and expected text of test object 'Object Repository/Page_PublicPortal/li_CPO Approved Courses' are matched.

2022-07-12 23:37:32 - [MESSAGE][PASSED] - Actual text and expected text of test object 'Object Repository/Page_PublicPortal/li_CPO Approved Courses' are matched.

2022-07-12 23:37:32 - [TEST_STEP][PASSED] - closeBrowser(): Browser is closed

2022-07-12 23:37:33 - [MESSAGE][PASSED] - Browser is closed]]></system-out>
         <system-err><![CDATA[]]></system-err>
      </testcase>
      <testcase name="Test Cases/41_Training Eligibility JHSC - Part Two (Not Eligible)" time="13.315" classname="Test Cases/41_Training Eligibility JHSC - Part Two (Not Eligible)" status="PASSED">
         <system-out><![CDATA[2022-07-12 23:37:33 - [TEST_CASE][PASSED] - Test Cases/41_Training Eligibility JHSC - Part Two (Not Eligible): Test Cases/41_Training Eligibility JHSC - Part Two (Not Eligible)

2022-07-12 23:37:34 - [TEST_STEP][PASSED] - openBrowser(""): Browser is opened with url: ''

2022-07-12 23:37:34 - [MESSAGE][INFO] - Starting 'Chrome' driver

2022-07-12 23:37:34 - [MESSAGE][INFO] - Action delay is set to 0 milliseconds

2022-07-12 23:37:37 - [MESSAGE][PASSED] - Browser is opened with url: ''

2022-07-12 23:37:37 - [TEST_STEP][PASSED] - maximizeWindow(): Current window maximized

2022-07-12 23:37:37 - [MESSAGE][PASSED] - Current window maximized

2022-07-12 23:37:37 - [TEST_STEP][PASSED] - navigateToUrl("https://intra.stage.apps.labour.gov.on.ca/public-portal-qa/#/marketplace/course-search"): Navigate to 'https://intra.stage.apps.labour.gov.on.ca/public-portal-qa/#/marketplace/course-search' successfully

2022-07-12 23:37:42 - [MESSAGE][PASSED] - Navigate to 'https://intra.stage.apps.labour.gov.on.ca/public-portal-qa/#/marketplace/course-search' successfully

2022-07-12 23:37:42 - [TEST_STEP][PASSED] - verifyElementPresent(findTestObject("Object Repository/Page_PublicPortal/li_CPO Approved Courses"), 0): Object 'Object Repository/Page_PublicPortal/li_CPO Approved Courses' is present

2022-07-12 23:37:42 - [MESSAGE][WARNING] - Timeout '0' is invalid. Using default page load timeout: '30'

2022-07-12 23:37:43 - [MESSAGE][PASSED] - Object 'Object Repository/Page_PublicPortal/li_CPO Approved Courses' is present

2022-07-12 23:37:43 - [TEST_STEP][PASSED] - verifyElementClickable(findTestObject("Object Repository/Page_PublicPortal/li_CPO Approved Courses")): Object 'Object Repository/Page_PublicPortal/li_CPO Approved Courses' is clickable

2022-07-12 23:37:43 - [MESSAGE][PASSED] - Object 'Object Repository/Page_PublicPortal/li_CPO Approved Courses' is clickable

2022-07-12 23:37:43 - [TEST_STEP][PASSED] - click(findTestObject("Object Repository/Page_PublicPortal/li_Training Eligibility")): Object: 'Object Repository/Page_PublicPortal/li_Training Eligibility' is clicked on

2022-07-12 23:37:44 - [MESSAGE][PASSED] - Object: 'Object Repository/Page_PublicPortal/li_Training Eligibility' is clicked on

2022-07-12 23:37:44 - [TEST_STEP][PASSED] - click(findTestObject("Object Repository/Page_PublicPortal/li_CPO Approved Courses")): Object: 'Object Repository/Page_PublicPortal/li_CPO Approved Courses' is clicked on

2022-07-12 23:37:45 - [MESSAGE][PASSED] - Object: 'Object Repository/Page_PublicPortal/li_CPO Approved Courses' is clicked on

2022-07-12 23:37:45 - [TEST_STEP][PASSED] - verifyElementText(findTestObject("Object Repository/Page_PublicPortal/li_CPO Approved Courses"), "CPO Approved Courses"): Actual text and expected text of test object 'Object Repository/Page_PublicPortal/li_CPO Approved Courses' are matched.

2022-07-12 23:37:46 - [MESSAGE][PASSED] - Actual text and expected text of test object 'Object Repository/Page_PublicPortal/li_CPO Approved Courses' are matched.

2022-07-12 23:37:46 - [TEST_STEP][PASSED] - closeBrowser(): Browser is closed

2022-07-12 23:37:47 - [MESSAGE][PASSED] - Browser is closed]]></system-out>
         <system-err><![CDATA[]]></system-err>
      </testcase>
      <testcase name="Test Cases/42_Training Eligibility JHSC - Refresher (Eligible)" time="12.564" classname="Test Cases/42_Training Eligibility JHSC - Refresher (Eligible)" status="PASSED">
         <system-out><![CDATA[2022-07-12 23:37:47 - [TEST_CASE][PASSED] - Test Cases/42_Training Eligibility JHSC - Refresher (Eligible): Test Cases/42_Training Eligibility JHSC - Refresher (Eligible)

2022-07-12 23:37:48 - [TEST_STEP][PASSED] - openBrowser(""): Browser is opened with url: ''

2022-07-12 23:37:48 - [MESSAGE][INFO] - Starting 'Chrome' driver

2022-07-12 23:37:48 - [MESSAGE][INFO] - Action delay is set to 0 milliseconds

2022-07-12 23:37:51 - [MESSAGE][PASSED] - Browser is opened with url: ''

2022-07-12 23:37:51 - [TEST_STEP][PASSED] - maximizeWindow(): Current window maximized

2022-07-12 23:37:51 - [MESSAGE][PASSED] - Current window maximized

2022-07-12 23:37:51 - [TEST_STEP][PASSED] - navigateToUrl("https://intra.stage.apps.labour.gov.on.ca/public-portal-qa/#/marketplace/course-search"): Navigate to 'https://intra.stage.apps.labour.gov.on.ca/public-portal-qa/#/marketplace/course-search' successfully

2022-07-12 23:37:55 - [MESSAGE][PASSED] - Navigate to 'https://intra.stage.apps.labour.gov.on.ca/public-portal-qa/#/marketplace/course-search' successfully

2022-07-12 23:37:55 - [TEST_STEP][PASSED] - verifyElementPresent(findTestObject("Object Repository/Page_PublicPortal/li_CPO Approved Courses"), 0): Object 'Object Repository/Page_PublicPortal/li_CPO Approved Courses' is present

2022-07-12 23:37:55 - [MESSAGE][WARNING] - Timeout '0' is invalid. Using default page load timeout: '30'

2022-07-12 23:37:56 - [MESSAGE][PASSED] - Object 'Object Repository/Page_PublicPortal/li_CPO Approved Courses' is present

2022-07-12 23:37:56 - [TEST_STEP][PASSED] - verifyElementClickable(findTestObject("Object Repository/Page_PublicPortal/li_CPO Approved Courses")): Object 'Object Repository/Page_PublicPortal/li_CPO Approved Courses' is clickable

2022-07-12 23:37:56 - [MESSAGE][PASSED] - Object 'Object Repository/Page_PublicPortal/li_CPO Approved Courses' is clickable

2022-07-12 23:37:56 - [TEST_STEP][PASSED] - click(findTestObject("Object Repository/Page_PublicPortal/li_Training Eligibility")): Object: 'Object Repository/Page_PublicPortal/li_Training Eligibility' is clicked on

2022-07-12 23:37:57 - [MESSAGE][PASSED] - Object: 'Object Repository/Page_PublicPortal/li_Training Eligibility' is clicked on

2022-07-12 23:37:57 - [TEST_STEP][PASSED] - click(findTestObject("Object Repository/Page_PublicPortal/li_CPO Approved Courses")): Object: 'Object Repository/Page_PublicPortal/li_CPO Approved Courses' is clicked on

2022-07-12 23:37:58 - [MESSAGE][PASSED] - Object: 'Object Repository/Page_PublicPortal/li_CPO Approved Courses' is clicked on

2022-07-12 23:37:58 - [TEST_STEP][PASSED] - verifyElementText(findTestObject("Object Repository/Page_PublicPortal/li_CPO Approved Courses"), "CPO Approved Courses"): Actual text and expected text of test object 'Object Repository/Page_PublicPortal/li_CPO Approved Courses' are matched.

2022-07-12 23:37:58 - [MESSAGE][PASSED] - Actual text and expected text of test object 'Object Repository/Page_PublicPortal/li_CPO Approved Courses' are matched.

2022-07-12 23:37:58 - [TEST_STEP][PASSED] - closeBrowser(): Browser is closed

2022-07-12 23:37:59 - [MESSAGE][PASSED] - Browser is closed]]></system-out>
         <system-err><![CDATA[]]></system-err>
      </testcase>
      <testcase name="Test Cases/43_Training Eligibility JHSC - Refresher (Not Eligible)" time="11.229" classname="Test Cases/43_Training Eligibility JHSC - Refresher (Not Eligible)" status="PASSED">
         <system-out><![CDATA[2022-07-12 23:37:59 - [TEST_CASE][PASSED] - Test Cases/43_Training Eligibility JHSC - Refresher (Not Eligible): Test Cases/43_Training Eligibility JHSC - Refresher (Not Eligible)

2022-07-12 23:38:00 - [TEST_STEP][PASSED] - openBrowser(""): Browser is opened with url: ''

2022-07-12 23:38:00 - [MESSAGE][INFO] - Starting 'Chrome' driver

2022-07-12 23:38:00 - [MESSAGE][INFO] - Action delay is set to 0 milliseconds

2022-07-12 23:38:03 - [MESSAGE][PASSED] - Browser is opened with url: ''

2022-07-12 23:38:03 - [TEST_STEP][PASSED] - maximizeWindow(): Current window maximized

2022-07-12 23:38:03 - [MESSAGE][PASSED] - Current window maximized

2022-07-12 23:38:03 - [TEST_STEP][PASSED] - navigateToUrl("https://intra.stage.apps.labour.gov.on.ca/public-portal-qa/#/marketplace/course-search"): Navigate to 'https://intra.stage.apps.labour.gov.on.ca/public-portal-qa/#/marketplace/course-search' successfully

2022-07-12 23:38:06 - [MESSAGE][PASSED] - Navigate to 'https://intra.stage.apps.labour.gov.on.ca/public-portal-qa/#/marketplace/course-search' successfully

2022-07-12 23:38:06 - [TEST_STEP][PASSED] - verifyElementPresent(findTestObject("Object Repository/Page_PublicPortal/li_CPO Approved Courses"), 0): Object 'Object Repository/Page_PublicPortal/li_CPO Approved Courses' is present

2022-07-12 23:38:06 - [MESSAGE][WARNING] - Timeout '0' is invalid. Using default page load timeout: '30'

2022-07-12 23:38:07 - [MESSAGE][PASSED] - Object 'Object Repository/Page_PublicPortal/li_CPO Approved Courses' is present

2022-07-12 23:38:07 - [TEST_STEP][PASSED] - verifyElementClickable(findTestObject("Object Repository/Page_PublicPortal/li_CPO Approved Courses")): Object 'Object Repository/Page_PublicPortal/li_CPO Approved Courses' is clickable

2022-07-12 23:38:08 - [MESSAGE][PASSED] - Object 'Object Repository/Page_PublicPortal/li_CPO Approved Courses' is clickable

2022-07-12 23:38:08 - [TEST_STEP][PASSED] - click(findTestObject("Object Repository/Page_PublicPortal/li_Training Eligibility")): Object: 'Object Repository/Page_PublicPortal/li_Training Eligibility' is clicked on

2022-07-12 23:38:09 - [MESSAGE][PASSED] - Object: 'Object Repository/Page_PublicPortal/li_Training Eligibility' is clicked on

2022-07-12 23:38:09 - [TEST_STEP][PASSED] - click(findTestObject("Object Repository/Page_PublicPortal/li_CPO Approved Courses")): Object: 'Object Repository/Page_PublicPortal/li_CPO Approved Courses' is clicked on

2022-07-12 23:38:09 - [MESSAGE][PASSED] - Object: 'Object Repository/Page_PublicPortal/li_CPO Approved Courses' is clicked on

2022-07-12 23:38:09 - [TEST_STEP][PASSED] - verifyElementText(findTestObject("Object Repository/Page_PublicPortal/li_CPO Approved Courses"), "CPO Approved Courses"): Actual text and expected text of test object 'Object Repository/Page_PublicPortal/li_CPO Approved Courses' are matched.

2022-07-12 23:38:10 - [MESSAGE][PASSED] - Actual text and expected text of test object 'Object Repository/Page_PublicPortal/li_CPO Approved Courses' are matched.

2022-07-12 23:38:10 - [TEST_STEP][PASSED] - closeBrowser(): Browser is closed

2022-07-12 23:38:10 - [MESSAGE][PASSED] - Browser is closed]]></system-out>
         <system-err><![CDATA[]]></system-err>
      </testcase>
      <testcase name="Test Cases/44_Training Eligibility Working at Heights - Refresher (Eligible)" time="11.248" classname="Test Cases/44_Training Eligibility Working at Heights - Refresher (Eligible)" status="PASSED">
         <system-out><![CDATA[2022-07-12 23:38:10 - [TEST_CASE][PASSED] - Test Cases/44_Training Eligibility Working at Heights - Refresher (Eligible): Test Cases/44_Training Eligibility Working at Heights - Refresher (Eligible)

2022-07-12 23:38:11 - [TEST_STEP][PASSED] - openBrowser(""): Browser is opened with url: ''

2022-07-12 23:38:11 - [MESSAGE][INFO] - Starting 'Chrome' driver

2022-07-12 23:38:11 - [MESSAGE][INFO] - Action delay is set to 0 milliseconds

2022-07-12 23:38:13 - [MESSAGE][PASSED] - Browser is opened with url: ''

2022-07-12 23:38:13 - [TEST_STEP][PASSED] - maximizeWindow(): Current window maximized

2022-07-12 23:38:13 - [MESSAGE][PASSED] - Current window maximized

2022-07-12 23:38:13 - [TEST_STEP][PASSED] - navigateToUrl("https://intra.stage.apps.labour.gov.on.ca/public-portal-qa/#/marketplace/course-search"): Navigate to 'https://intra.stage.apps.labour.gov.on.ca/public-portal-qa/#/marketplace/course-search' successfully

2022-07-12 23:38:16 - [MESSAGE][PASSED] - Navigate to 'https://intra.stage.apps.labour.gov.on.ca/public-portal-qa/#/marketplace/course-search' successfully

2022-07-12 23:38:16 - [TEST_STEP][PASSED] - verifyElementPresent(findTestObject("Object Repository/Page_PublicPortal/li_CPO Approved Courses"), 0): Object 'Object Repository/Page_PublicPortal/li_CPO Approved Courses' is present

2022-07-12 23:38:16 - [MESSAGE][WARNING] - Timeout '0' is invalid. Using default page load timeout: '30'

2022-07-12 23:38:17 - [MESSAGE][PASSED] - Object 'Object Repository/Page_PublicPortal/li_CPO Approved Courses' is present

2022-07-12 23:38:17 - [TEST_STEP][PASSED] - verifyElementClickable(findTestObject("Object Repository/Page_PublicPortal/li_CPO Approved Courses")): Object 'Object Repository/Page_PublicPortal/li_CPO Approved Courses' is clickable

2022-07-12 23:38:18 - [MESSAGE][PASSED] - Object 'Object Repository/Page_PublicPortal/li_CPO Approved Courses' is clickable

2022-07-12 23:38:18 - [TEST_STEP][PASSED] - click(findTestObject("Object Repository/Page_PublicPortal/li_Training Eligibility")): Object: 'Object Repository/Page_PublicPortal/li_Training Eligibility' is clicked on

2022-07-12 23:38:18 - [MESSAGE][PASSED] - Object: 'Object Repository/Page_PublicPortal/li_Training Eligibility' is clicked on

2022-07-12 23:38:18 - [TEST_STEP][PASSED] - click(findTestObject("Object Repository/Page_PublicPortal/li_CPO Approved Courses")): Object: 'Object Repository/Page_PublicPortal/li_CPO Approved Courses' is clicked on

2022-07-12 23:38:20 - [MESSAGE][PASSED] - Object: 'Object Repository/Page_PublicPortal/li_CPO Approved Courses' is clicked on

2022-07-12 23:38:20 - [TEST_STEP][PASSED] - verifyElementText(findTestObject("Object Repository/Page_PublicPortal/li_CPO Approved Courses"), "CPO Approved Courses"): Actual text and expected text of test object 'Object Repository/Page_PublicPortal/li_CPO Approved Courses' are matched.

2022-07-12 23:38:21 - [MESSAGE][PASSED] - Actual text and expected text of test object 'Object Repository/Page_PublicPortal/li_CPO Approved Courses' are matched.

2022-07-12 23:38:21 - [TEST_STEP][PASSED] - closeBrowser(): Browser is closed

2022-07-12 23:38:22 - [MESSAGE][PASSED] - Browser is closed]]></system-out>
         <system-err><![CDATA[]]></system-err>
      </testcase>
      <testcase name="Test Cases/45_Training Eligibility Working at Heights - Refresher (Not Eligible)" time="11.34" classname="Test Cases/45_Training Eligibility Working at Heights - Refresher (Not Eligible)" status="PASSED">
         <system-out><![CDATA[2022-07-12 23:38:22 - [TEST_CASE][PASSED] - Test Cases/45_Training Eligibility Working at Heights - Refresher (Not Eligible): Test Cases/45_Training Eligibility Working at Heights - Refresher (Not Eligible)

2022-07-12 23:38:23 - [TEST_STEP][PASSED] - openBrowser(""): Browser is opened with url: ''

2022-07-12 23:38:23 - [MESSAGE][INFO] - Starting 'Chrome' driver

2022-07-12 23:38:23 - [MESSAGE][INFO] - Action delay is set to 0 milliseconds

2022-07-12 23:38:24 - [MESSAGE][PASSED] - Browser is opened with url: ''

2022-07-12 23:38:24 - [TEST_STEP][PASSED] - maximizeWindow(): Current window maximized

2022-07-12 23:38:24 - [MESSAGE][PASSED] - Current window maximized

2022-07-12 23:38:24 - [TEST_STEP][PASSED] - navigateToUrl("https://intra.stage.apps.labour.gov.on.ca/public-portal-qa/#/marketplace/course-search"): Navigate to 'https://intra.stage.apps.labour.gov.on.ca/public-portal-qa/#/marketplace/course-search' successfully

2022-07-12 23:38:27 - [MESSAGE][PASSED] - Navigate to 'https://intra.stage.apps.labour.gov.on.ca/public-portal-qa/#/marketplace/course-search' successfully

2022-07-12 23:38:27 - [TEST_STEP][PASSED] - verifyElementPresent(findTestObject("Object Repository/Page_PublicPortal/li_CPO Approved Courses"), 0): Object 'Object Repository/Page_PublicPortal/li_CPO Approved Courses' is present

2022-07-12 23:38:27 - [MESSAGE][WARNING] - Timeout '0' is invalid. Using default page load timeout: '30'

2022-07-12 23:38:28 - [MESSAGE][PASSED] - Object 'Object Repository/Page_PublicPortal/li_CPO Approved Courses' is present

2022-07-12 23:38:28 - [TEST_STEP][PASSED] - verifyElementClickable(findTestObject("Object Repository/Page_PublicPortal/li_CPO Approved Courses")): Object 'Object Repository/Page_PublicPortal/li_CPO Approved Courses' is clickable

2022-07-12 23:38:29 - [MESSAGE][PASSED] - Object 'Object Repository/Page_PublicPortal/li_CPO Approved Courses' is clickable

2022-07-12 23:38:29 - [TEST_STEP][PASSED] - click(findTestObject("Object Repository/Page_PublicPortal/li_Training Eligibility")): Object: 'Object Repository/Page_PublicPortal/li_Training Eligibility' is clicked on

2022-07-12 23:38:29 - [MESSAGE][PASSED] - Object: 'Object Repository/Page_PublicPortal/li_Training Eligibility' is clicked on

2022-07-12 23:38:29 - [TEST_STEP][PASSED] - click(findTestObject("Object Repository/Page_PublicPortal/li_CPO Approved Courses")): Object: 'Object Repository/Page_PublicPortal/li_CPO Approved Courses' is clicked on

2022-07-12 23:38:30 - [MESSAGE][PASSED] - Object: 'Object Repository/Page_PublicPortal/li_CPO Approved Courses' is clicked on

2022-07-12 23:38:30 - [TEST_STEP][PASSED] - verifyElementText(findTestObject("Object Repository/Page_PublicPortal/li_CPO Approved Courses"), "CPO Approved Courses"): Actual text and expected text of test object 'Object Repository/Page_PublicPortal/li_CPO Approved Courses' are matched.

2022-07-12 23:38:32 - [MESSAGE][PASSED] - Actual text and expected text of test object 'Object Repository/Page_PublicPortal/li_CPO Approved Courses' are matched.

2022-07-12 23:38:32 - [TEST_STEP][PASSED] - closeBrowser(): Browser is closed

2022-07-12 23:38:33 - [MESSAGE][PASSED] - Browser is closed]]></system-out>
         <system-err><![CDATA[]]></system-err>
      </testcase>
      <testcase name="Test Cases/46_Training Eligibility Training Eligibility Sidebar" time="10.464" classname="Test Cases/46_Training Eligibility Training Eligibility Sidebar" status="PASSED">
         <system-out><![CDATA[2022-07-12 23:38:33 - [TEST_CASE][PASSED] - Test Cases/46_Training Eligibility Training Eligibility Sidebar: Test Cases/46_Training Eligibility Training Eligibility Sidebar

2022-07-12 23:38:34 - [TEST_STEP][PASSED] - openBrowser(""): Browser is opened with url: ''

2022-07-12 23:38:34 - [MESSAGE][INFO] - Starting 'Chrome' driver

2022-07-12 23:38:34 - [MESSAGE][INFO] - Action delay is set to 0 milliseconds

2022-07-12 23:38:36 - [MESSAGE][PASSED] - Browser is opened with url: ''

2022-07-12 23:38:36 - [TEST_STEP][PASSED] - maximizeWindow(): Current window maximized

2022-07-12 23:38:36 - [MESSAGE][PASSED] - Current window maximized

2022-07-12 23:38:36 - [TEST_STEP][PASSED] - navigateToUrl("https://intra.stage.apps.labour.gov.on.ca/public-portal-qa/#/marketplace/course-search"): Navigate to 'https://intra.stage.apps.labour.gov.on.ca/public-portal-qa/#/marketplace/course-search' successfully

2022-07-12 23:38:39 - [MESSAGE][PASSED] - Navigate to 'https://intra.stage.apps.labour.gov.on.ca/public-portal-qa/#/marketplace/course-search' successfully

2022-07-12 23:38:39 - [TEST_STEP][PASSED] - verifyElementPresent(findTestObject("Object Repository/Page_PublicPortal/li_CPO Approved Courses"), 0): Object 'Object Repository/Page_PublicPortal/li_CPO Approved Courses' is present

2022-07-12 23:38:39 - [MESSAGE][WARNING] - Timeout '0' is invalid. Using default page load timeout: '30'

2022-07-12 23:38:40 - [MESSAGE][PASSED] - Object 'Object Repository/Page_PublicPortal/li_CPO Approved Courses' is present

2022-07-12 23:38:40 - [TEST_STEP][PASSED] - verifyElementClickable(findTestObject("Object Repository/Page_PublicPortal/li_CPO Approved Courses")): Object 'Object Repository/Page_PublicPortal/li_CPO Approved Courses' is clickable

2022-07-12 23:38:40 - [MESSAGE][PASSED] - Object 'Object Repository/Page_PublicPortal/li_CPO Approved Courses' is clickable

2022-07-12 23:38:40 - [TEST_STEP][PASSED] - click(findTestObject("Object Repository/Page_PublicPortal/li_Training Eligibility")): Object: 'Object Repository/Page_PublicPortal/li_Training Eligibility' is clicked on

2022-07-12 23:38:41 - [MESSAGE][PASSED] - Object: 'Object Repository/Page_PublicPortal/li_Training Eligibility' is clicked on

2022-07-12 23:38:41 - [TEST_STEP][PASSED] - click(findTestObject("Object Repository/Page_PublicPortal/li_CPO Approved Courses")): Object: 'Object Repository/Page_PublicPortal/li_CPO Approved Courses' is clicked on

2022-07-12 23:38:42 - [MESSAGE][PASSED] - Object: 'Object Repository/Page_PublicPortal/li_CPO Approved Courses' is clicked on

2022-07-12 23:38:42 - [TEST_STEP][PASSED] - verifyElementText(findTestObject("Object Repository/Page_PublicPortal/li_CPO Approved Courses"), "CPO Approved Courses"): Actual text and expected text of test object 'Object Repository/Page_PublicPortal/li_CPO Approved Courses' are matched.

2022-07-12 23:38:42 - [MESSAGE][PASSED] - Actual text and expected text of test object 'Object Repository/Page_PublicPortal/li_CPO Approved Courses' are matched.

2022-07-12 23:38:42 - [TEST_STEP][PASSED] - closeBrowser(): Browser is closed

2022-07-12 23:38:43 - [MESSAGE][PASSED] - Browser is closed]]></system-out>
         <system-err><![CDATA[]]></system-err>
      </testcase>
      <testcase name="Test Cases/47_Safety Prevention Landing Page Header" time="10.982" classname="Test Cases/47_Safety Prevention Landing Page Header" status="PASSED">
         <system-out><![CDATA[2022-07-12 23:38:44 - [TEST_CASE][PASSED] - Test Cases/47_Safety Prevention Landing Page Header: Test Cases/47_Safety Prevention Landing Page Header

2022-07-12 23:38:45 - [TEST_STEP][PASSED] - openBrowser(""): Browser is opened with url: ''

2022-07-12 23:38:45 - [MESSAGE][INFO] - Starting 'Chrome' driver

2022-07-12 23:38:45 - [MESSAGE][INFO] - Action delay is set to 0 milliseconds

2022-07-12 23:38:47 - [MESSAGE][PASSED] - Browser is opened with url: ''

2022-07-12 23:38:47 - [TEST_STEP][PASSED] - maximizeWindow(): Current window maximized

2022-07-12 23:38:47 - [MESSAGE][PASSED] - Current window maximized

2022-07-12 23:38:47 - [TEST_STEP][PASSED] - navigateToUrl("https://intra.stage.apps.labour.gov.on.ca/public-portal-qa/#/marketplace/course-search"): Navigate to 'https://intra.stage.apps.labour.gov.on.ca/public-portal-qa/#/marketplace/course-search' successfully

2022-07-12 23:38:50 - [MESSAGE][PASSED] - Navigate to 'https://intra.stage.apps.labour.gov.on.ca/public-portal-qa/#/marketplace/course-search' successfully

2022-07-12 23:38:50 - [TEST_STEP][PASSED] - verifyElementPresent(findTestObject("Object Repository/Page_PublicPortal/li_CPO Approved Courses"), 0): Object 'Object Repository/Page_PublicPortal/li_CPO Approved Courses' is present

2022-07-12 23:38:50 - [MESSAGE][WARNING] - Timeout '0' is invalid. Using default page load timeout: '30'

2022-07-12 23:38:51 - [MESSAGE][PASSED] - Object 'Object Repository/Page_PublicPortal/li_CPO Approved Courses' is present

2022-07-12 23:38:51 - [TEST_STEP][PASSED] - verifyElementClickable(findTestObject("Object Repository/Page_PublicPortal/li_CPO Approved Courses")): Object 'Object Repository/Page_PublicPortal/li_CPO Approved Courses' is clickable

2022-07-12 23:38:52 - [MESSAGE][PASSED] - Object 'Object Repository/Page_PublicPortal/li_CPO Approved Courses' is clickable

2022-07-12 23:38:52 - [TEST_STEP][PASSED] - click(findTestObject("Object Repository/Page_PublicPortal/li_Training Eligibility")): Object: 'Object Repository/Page_PublicPortal/li_Training Eligibility' is clicked on

2022-07-12 23:38:52 - [MESSAGE][PASSED] - Object: 'Object Repository/Page_PublicPortal/li_Training Eligibility' is clicked on

2022-07-12 23:38:52 - [TEST_STEP][PASSED] - click(findTestObject("Object Repository/Page_PublicPortal/li_CPO Approved Courses")): Object: 'Object Repository/Page_PublicPortal/li_CPO Approved Courses' is clicked on

2022-07-12 23:38:53 - [MESSAGE][PASSED] - Object: 'Object Repository/Page_PublicPortal/li_CPO Approved Courses' is clicked on

2022-07-12 23:38:53 - [TEST_STEP][PASSED] - verifyElementText(findTestObject("Object Repository/Page_PublicPortal/li_CPO Approved Courses"), "CPO Approved Courses"): Actual text and expected text of test object 'Object Repository/Page_PublicPortal/li_CPO Approved Courses' are matched.

2022-07-12 23:38:54 - [MESSAGE][PASSED] - Actual text and expected text of test object 'Object Repository/Page_PublicPortal/li_CPO Approved Courses' are matched.

2022-07-12 23:38:54 - [TEST_STEP][PASSED] - closeBrowser(): Browser is closed

2022-07-12 23:38:54 - [MESSAGE][PASSED] - Browser is closed]]></system-out>
         <system-err><![CDATA[]]></system-err>
      </testcase>
      <testcase name="Test Cases/48_Safety Prevention Landing Page Tab Control" time="11.282" classname="Test Cases/48_Safety Prevention Landing Page Tab Control" status="PASSED">
         <system-out><![CDATA[2022-07-12 23:38:54 - [TEST_CASE][PASSED] - Test Cases/48_Safety Prevention Landing Page Tab Control: Test Cases/48_Safety Prevention Landing Page Tab Control

2022-07-12 23:38:56 - [TEST_STEP][PASSED] - openBrowser(""): Browser is opened with url: ''

2022-07-12 23:38:56 - [MESSAGE][INFO] - Starting 'Chrome' driver

2022-07-12 23:38:56 - [MESSAGE][INFO] - Action delay is set to 0 milliseconds

2022-07-12 23:38:58 - [MESSAGE][PASSED] - Browser is opened with url: ''

2022-07-12 23:38:58 - [TEST_STEP][PASSED] - maximizeWindow(): Current window maximized

2022-07-12 23:38:58 - [MESSAGE][PASSED] - Current window maximized

2022-07-12 23:38:58 - [TEST_STEP][PASSED] - navigateToUrl("https://intra.stage.apps.labour.gov.on.ca/public-portal-qa/#/marketplace/course-search"): Navigate to 'https://intra.stage.apps.labour.gov.on.ca/public-portal-qa/#/marketplace/course-search' successfully

2022-07-12 23:39:01 - [MESSAGE][PASSED] - Navigate to 'https://intra.stage.apps.labour.gov.on.ca/public-portal-qa/#/marketplace/course-search' successfully

2022-07-12 23:39:01 - [TEST_STEP][PASSED] - verifyElementPresent(findTestObject("Object Repository/Page_PublicPortal/li_CPO Approved Courses"), 0): Object 'Object Repository/Page_PublicPortal/li_CPO Approved Courses' is present

2022-07-12 23:39:01 - [MESSAGE][WARNING] - Timeout '0' is invalid. Using default page load timeout: '30'

2022-07-12 23:39:02 - [MESSAGE][PASSED] - Object 'Object Repository/Page_PublicPortal/li_CPO Approved Courses' is present

2022-07-12 23:39:02 - [TEST_STEP][PASSED] - verifyElementClickable(findTestObject("Object Repository/Page_PublicPortal/li_CPO Approved Courses")): Object 'Object Repository/Page_PublicPortal/li_CPO Approved Courses' is clickable

2022-07-12 23:39:03 - [MESSAGE][PASSED] - Object 'Object Repository/Page_PublicPortal/li_CPO Approved Courses' is clickable

2022-07-12 23:39:03 - [TEST_STEP][PASSED] - click(findTestObject("Object Repository/Page_PublicPortal/li_Training Eligibility")): Object: 'Object Repository/Page_PublicPortal/li_Training Eligibility' is clicked on

2022-07-12 23:39:04 - [MESSAGE][PASSED] - Object: 'Object Repository/Page_PublicPortal/li_Training Eligibility' is clicked on

2022-07-12 23:39:04 - [TEST_STEP][PASSED] - click(findTestObject("Object Repository/Page_PublicPortal/li_CPO Approved Courses")): Object: 'Object Repository/Page_PublicPortal/li_CPO Approved Courses' is clicked on

2022-07-12 23:39:04 - [MESSAGE][PASSED] - Object: 'Object Repository/Page_PublicPortal/li_CPO Approved Courses' is clicked on

2022-07-12 23:39:04 - [TEST_STEP][PASSED] - verifyElementText(findTestObject("Object Repository/Page_PublicPortal/li_CPO Approved Courses"), "CPO Approved Courses"): Actual text and expected text of test object 'Object Repository/Page_PublicPortal/li_CPO Approved Courses' are matched.

2022-07-12 23:39:05 - [MESSAGE][PASSED] - Actual text and expected text of test object 'Object Repository/Page_PublicPortal/li_CPO Approved Courses' are matched.

2022-07-12 23:39:05 - [TEST_STEP][PASSED] - closeBrowser(): Browser is closed

2022-07-12 23:39:06 - [MESSAGE][PASSED] - Browser is closed]]></system-out>
         <system-err><![CDATA[]]></system-err>
      </testcase>
      <testcase name="Test Cases/49_Training Provider Tab" time="13.145" classname="Test Cases/49_Training Provider Tab" status="PASSED">
         <system-out><![CDATA[2022-07-12 23:39:06 - [TEST_CASE][PASSED] - Test Cases/49_Training Provider Tab: Test Cases/49_Training Provider Tab

2022-07-12 23:39:08 - [TEST_STEP][PASSED] - openBrowser(""): Browser is opened with url: ''

2022-07-12 23:39:08 - [MESSAGE][INFO] - Starting 'Chrome' driver

2022-07-12 23:39:08 - [MESSAGE][INFO] - Action delay is set to 0 milliseconds

2022-07-12 23:39:10 - [MESSAGE][PASSED] - Browser is opened with url: ''

2022-07-12 23:39:10 - [TEST_STEP][PASSED] - maximizeWindow(): Current window maximized

2022-07-12 23:39:10 - [MESSAGE][PASSED] - Current window maximized

2022-07-12 23:39:10 - [TEST_STEP][PASSED] - navigateToUrl("https://intra.stage.apps.labour.gov.on.ca/public-portal-qa/#/marketplace/course-search"): Navigate to 'https://intra.stage.apps.labour.gov.on.ca/public-portal-qa/#/marketplace/course-search' successfully

2022-07-12 23:39:13 - [MESSAGE][PASSED] - Navigate to 'https://intra.stage.apps.labour.gov.on.ca/public-portal-qa/#/marketplace/course-search' successfully

2022-07-12 23:39:13 - [TEST_STEP][PASSED] - verifyElementPresent(findTestObject("Object Repository/Page_PublicPortal/li_CPO Approved Courses"), 0): Object 'Object Repository/Page_PublicPortal/li_CPO Approved Courses' is present

2022-07-12 23:39:13 - [MESSAGE][WARNING] - Timeout '0' is invalid. Using default page load timeout: '30'

2022-07-12 23:39:14 - [MESSAGE][PASSED] - Object 'Object Repository/Page_PublicPortal/li_CPO Approved Courses' is present

2022-07-12 23:39:14 - [TEST_STEP][PASSED] - verifyElementClickable(findTestObject("Object Repository/Page_PublicPortal/li_CPO Approved Courses")): Object 'Object Repository/Page_PublicPortal/li_CPO Approved Courses' is clickable

2022-07-12 23:39:15 - [MESSAGE][PASSED] - Object 'Object Repository/Page_PublicPortal/li_CPO Approved Courses' is clickable

2022-07-12 23:39:15 - [TEST_STEP][PASSED] - click(findTestObject("Object Repository/Page_PublicPortal/li_Training Eligibility")): Object: 'Object Repository/Page_PublicPortal/li_Training Eligibility' is clicked on

2022-07-12 23:39:16 - [MESSAGE][PASSED] - Object: 'Object Repository/Page_PublicPortal/li_Training Eligibility' is clicked on

2022-07-12 23:39:16 - [TEST_STEP][PASSED] - click(findTestObject("Object Repository/Page_PublicPortal/li_CPO Approved Courses")): Object: 'Object Repository/Page_PublicPortal/li_CPO Approved Courses' is clicked on

2022-07-12 23:39:17 - [MESSAGE][PASSED] - Object: 'Object Repository/Page_PublicPortal/li_CPO Approved Courses' is clicked on

2022-07-12 23:39:17 - [TEST_STEP][PASSED] - verifyElementText(findTestObject("Object Repository/Page_PublicPortal/li_CPO Approved Courses"), "CPO Approved Courses"): Actual text and expected text of test object 'Object Repository/Page_PublicPortal/li_CPO Approved Courses' are matched.

2022-07-12 23:39:18 - [MESSAGE][PASSED] - Actual text and expected text of test object 'Object Repository/Page_PublicPortal/li_CPO Approved Courses' are matched.

2022-07-12 23:39:18 - [TEST_STEP][PASSED] - closeBrowser(): Browser is closed

2022-07-12 23:39:19 - [MESSAGE][PASSED] - Browser is closed]]></system-out>
         <system-err><![CDATA[]]></system-err>
      </testcase>
      <testcase name="Test Cases/50_Training Provider Tab Become an approved training provider Section" time="10.599" classname="Test Cases/50_Training Provider Tab Become an approved training provider Section" status="PASSED">
         <system-out><![CDATA[2022-07-12 23:39:19 - [TEST_CASE][PASSED] - Test Cases/50_Training Provider Tab Become an approved training provider Section: Test Cases/50_Training Provider Tab Become an approved training provider Section

2022-07-12 23:39:21 - [TEST_STEP][PASSED] - openBrowser(""): Browser is opened with url: ''

2022-07-12 23:39:21 - [MESSAGE][INFO] - Starting 'Chrome' driver

2022-07-12 23:39:21 - [MESSAGE][INFO] - Action delay is set to 0 milliseconds

2022-07-12 23:39:22 - [MESSAGE][PASSED] - Browser is opened with url: ''

2022-07-12 23:39:22 - [TEST_STEP][PASSED] - maximizeWindow(): Current window maximized

2022-07-12 23:39:22 - [MESSAGE][PASSED] - Current window maximized

2022-07-12 23:39:22 - [TEST_STEP][PASSED] - navigateToUrl("https://intra.stage.apps.labour.gov.on.ca/public-portal-qa/#/marketplace/course-search"): Navigate to 'https://intra.stage.apps.labour.gov.on.ca/public-portal-qa/#/marketplace/course-search' successfully

2022-07-12 23:39:25 - [MESSAGE][PASSED] - Navigate to 'https://intra.stage.apps.labour.gov.on.ca/public-portal-qa/#/marketplace/course-search' successfully

2022-07-12 23:39:25 - [TEST_STEP][PASSED] - verifyElementPresent(findTestObject("Object Repository/Page_PublicPortal/li_CPO Approved Courses"), 0): Object 'Object Repository/Page_PublicPortal/li_CPO Approved Courses' is present

2022-07-12 23:39:26 - [MESSAGE][WARNING] - Timeout '0' is invalid. Using default page load timeout: '30'

2022-07-12 23:39:26 - [MESSAGE][PASSED] - Object 'Object Repository/Page_PublicPortal/li_CPO Approved Courses' is present

2022-07-12 23:39:26 - [TEST_STEP][PASSED] - verifyElementClickable(findTestObject("Object Repository/Page_PublicPortal/li_CPO Approved Courses")): Object 'Object Repository/Page_PublicPortal/li_CPO Approved Courses' is clickable

2022-07-12 23:39:27 - [MESSAGE][PASSED] - Object 'Object Repository/Page_PublicPortal/li_CPO Approved Courses' is clickable

2022-07-12 23:39:27 - [TEST_STEP][PASSED] - click(findTestObject("Object Repository/Page_PublicPortal/li_Training Eligibility")): Object: 'Object Repository/Page_PublicPortal/li_Training Eligibility' is clicked on

2022-07-12 23:39:28 - [MESSAGE][PASSED] - Object: 'Object Repository/Page_PublicPortal/li_Training Eligibility' is clicked on

2022-07-12 23:39:28 - [TEST_STEP][PASSED] - click(findTestObject("Object Repository/Page_PublicPortal/li_CPO Approved Courses")): Object: 'Object Repository/Page_PublicPortal/li_CPO Approved Courses' is clicked on

2022-07-12 23:39:28 - [MESSAGE][PASSED] - Object: 'Object Repository/Page_PublicPortal/li_CPO Approved Courses' is clicked on

2022-07-12 23:39:28 - [TEST_STEP][PASSED] - verifyElementText(findTestObject("Object Repository/Page_PublicPortal/li_CPO Approved Courses"), "CPO Approved Courses"): Actual text and expected text of test object 'Object Repository/Page_PublicPortal/li_CPO Approved Courses' are matched.

2022-07-12 23:39:29 - [MESSAGE][PASSED] - Actual text and expected text of test object 'Object Repository/Page_PublicPortal/li_CPO Approved Courses' are matched.

2022-07-12 23:39:29 - [TEST_STEP][PASSED] - closeBrowser(): Browser is closed

2022-07-12 23:39:30 - [MESSAGE][PASSED] - Browser is closed]]></system-out>
         <system-err><![CDATA[]]></system-err>
      </testcase>
      <testcase name="Test Cases/51_Training Provider Tab CPO-Approved Training Programs Section" time="9.809" classname="Test Cases/51_Training Provider Tab CPO-Approved Training Programs Section" status="PASSED">
         <system-out><![CDATA[2022-07-12 23:39:30 - [TEST_CASE][PASSED] - Test Cases/51_Training Provider Tab CPO-Approved Training Programs Section: Test Cases/51_Training Provider Tab CPO-Approved Training Programs Section

2022-07-12 23:39:31 - [TEST_STEP][PASSED] - openBrowser(""): Browser is opened with url: ''

2022-07-12 23:39:31 - [MESSAGE][INFO] - Starting 'Chrome' driver

2022-07-12 23:39:31 - [MESSAGE][INFO] - Action delay is set to 0 milliseconds

2022-07-12 23:39:32 - [MESSAGE][PASSED] - Browser is opened with url: ''

2022-07-12 23:39:32 - [TEST_STEP][PASSED] - maximizeWindow(): Current window maximized

2022-07-12 23:39:32 - [MESSAGE][PASSED] - Current window maximized

2022-07-12 23:39:32 - [TEST_STEP][PASSED] - navigateToUrl("https://intra.stage.apps.labour.gov.on.ca/public-portal-qa/#/marketplace/course-search"): Navigate to 'https://intra.stage.apps.labour.gov.on.ca/public-portal-qa/#/marketplace/course-search' successfully

2022-07-12 23:39:35 - [MESSAGE][PASSED] - Navigate to 'https://intra.stage.apps.labour.gov.on.ca/public-portal-qa/#/marketplace/course-search' successfully

2022-07-12 23:39:35 - [TEST_STEP][PASSED] - verifyElementPresent(findTestObject("Object Repository/Page_PublicPortal/li_CPO Approved Courses"), 0): Object 'Object Repository/Page_PublicPortal/li_CPO Approved Courses' is present

2022-07-12 23:39:35 - [MESSAGE][WARNING] - Timeout '0' is invalid. Using default page load timeout: '30'

2022-07-12 23:39:36 - [MESSAGE][PASSED] - Object 'Object Repository/Page_PublicPortal/li_CPO Approved Courses' is present

2022-07-12 23:39:36 - [TEST_STEP][PASSED] - verifyElementClickable(findTestObject("Object Repository/Page_PublicPortal/li_CPO Approved Courses")): Object 'Object Repository/Page_PublicPortal/li_CPO Approved Courses' is clickable

2022-07-12 23:39:37 - [MESSAGE][PASSED] - Object 'Object Repository/Page_PublicPortal/li_CPO Approved Courses' is clickable

2022-07-12 23:39:37 - [TEST_STEP][PASSED] - click(findTestObject("Object Repository/Page_PublicPortal/li_Training Eligibility")): Object: 'Object Repository/Page_PublicPortal/li_Training Eligibility' is clicked on

2022-07-12 23:39:37 - [MESSAGE][PASSED] - Object: 'Object Repository/Page_PublicPortal/li_Training Eligibility' is clicked on

2022-07-12 23:39:37 - [TEST_STEP][PASSED] - click(findTestObject("Object Repository/Page_PublicPortal/li_CPO Approved Courses")): Object: 'Object Repository/Page_PublicPortal/li_CPO Approved Courses' is clicked on

2022-07-12 23:39:38 - [MESSAGE][PASSED] - Object: 'Object Repository/Page_PublicPortal/li_CPO Approved Courses' is clicked on

2022-07-12 23:39:38 - [TEST_STEP][PASSED] - verifyElementText(findTestObject("Object Repository/Page_PublicPortal/li_CPO Approved Courses"), "CPO Approved Courses"): Actual text and expected text of test object 'Object Repository/Page_PublicPortal/li_CPO Approved Courses' are matched.

2022-07-12 23:39:39 - [MESSAGE][PASSED] - Actual text and expected text of test object 'Object Repository/Page_PublicPortal/li_CPO Approved Courses' are matched.

2022-07-12 23:39:39 - [TEST_STEP][PASSED] - closeBrowser(): Browser is closed

2022-07-12 23:39:39 - [MESSAGE][PASSED] - Browser is closed]]></system-out>
         <system-err><![CDATA[]]></system-err>
      </testcase>
      <testcase name="Test Cases/52_Training Provider Tab Check worker eligibility Sidebar" time="9.349" classname="Test Cases/52_Training Provider Tab Check worker eligibility Sidebar" status="PASSED">
         <system-out><![CDATA[2022-07-12 23:39:39 - [TEST_CASE][PASSED] - Test Cases/52_Training Provider Tab Check worker eligibility Sidebar: Test Cases/52_Training Provider Tab Check worker eligibility Sidebar

2022-07-12 23:39:41 - [TEST_STEP][PASSED] - openBrowser(""): Browser is opened with url: ''

2022-07-12 23:39:41 - [MESSAGE][INFO] - Starting 'Chrome' driver

2022-07-12 23:39:41 - [MESSAGE][INFO] - Action delay is set to 0 milliseconds

2022-07-12 23:39:42 - [MESSAGE][PASSED] - Browser is opened with url: ''

2022-07-12 23:39:42 - [TEST_STEP][PASSED] - maximizeWindow(): Current window maximized

2022-07-12 23:39:42 - [MESSAGE][PASSED] - Current window maximized

2022-07-12 23:39:42 - [TEST_STEP][PASSED] - navigateToUrl("https://intra.stage.apps.labour.gov.on.ca/public-portal-qa/#/marketplace/course-search"): Navigate to 'https://intra.stage.apps.labour.gov.on.ca/public-portal-qa/#/marketplace/course-search' successfully

2022-07-12 23:39:44 - [MESSAGE][PASSED] - Navigate to 'https://intra.stage.apps.labour.gov.on.ca/public-portal-qa/#/marketplace/course-search' successfully

2022-07-12 23:39:44 - [TEST_STEP][PASSED] - verifyElementPresent(findTestObject("Object Repository/Page_PublicPortal/li_CPO Approved Courses"), 0): Object 'Object Repository/Page_PublicPortal/li_CPO Approved Courses' is present

2022-07-12 23:39:44 - [MESSAGE][WARNING] - Timeout '0' is invalid. Using default page load timeout: '30'

2022-07-12 23:39:45 - [MESSAGE][PASSED] - Object 'Object Repository/Page_PublicPortal/li_CPO Approved Courses' is present

2022-07-12 23:39:45 - [TEST_STEP][PASSED] - verifyElementClickable(findTestObject("Object Repository/Page_PublicPortal/li_CPO Approved Courses")): Object 'Object Repository/Page_PublicPortal/li_CPO Approved Courses' is clickable

2022-07-12 23:39:46 - [MESSAGE][PASSED] - Object 'Object Repository/Page_PublicPortal/li_CPO Approved Courses' is clickable

2022-07-12 23:39:46 - [TEST_STEP][PASSED] - click(findTestObject("Object Repository/Page_PublicPortal/li_Training Eligibility")): Object: 'Object Repository/Page_PublicPortal/li_Training Eligibility' is clicked on

2022-07-12 23:39:47 - [MESSAGE][PASSED] - Object: 'Object Repository/Page_PublicPortal/li_Training Eligibility' is clicked on

2022-07-12 23:39:47 - [TEST_STEP][PASSED] - click(findTestObject("Object Repository/Page_PublicPortal/li_CPO Approved Courses")): Object: 'Object Repository/Page_PublicPortal/li_CPO Approved Courses' is clicked on

2022-07-12 23:39:47 - [MESSAGE][PASSED] - Object: 'Object Repository/Page_PublicPortal/li_CPO Approved Courses' is clicked on

2022-07-12 23:39:47 - [TEST_STEP][PASSED] - verifyElementText(findTestObject("Object Repository/Page_PublicPortal/li_CPO Approved Courses"), "CPO Approved Courses"): Actual text and expected text of test object 'Object Repository/Page_PublicPortal/li_CPO Approved Courses' are matched.

2022-07-12 23:39:48 - [MESSAGE][PASSED] - Actual text and expected text of test object 'Object Repository/Page_PublicPortal/li_CPO Approved Courses' are matched.

2022-07-12 23:39:48 - [TEST_STEP][PASSED] - closeBrowser(): Browser is closed

2022-07-12 23:39:49 - [MESSAGE][PASSED] - Browser is closed]]></system-out>
         <system-err><![CDATA[]]></system-err>
      </testcase>
      <testcase name="Test Cases/53_Training Provider Tab Training Delivery Formats Sidebar" time="10.306" classname="Test Cases/53_Training Provider Tab Training Delivery Formats Sidebar" status="PASSED">
         <system-out><![CDATA[2022-07-12 23:39:49 - [TEST_CASE][PASSED] - Test Cases/53_Training Provider Tab Training Delivery Formats Sidebar: Test Cases/53_Training Provider Tab Training Delivery Formats Sidebar

2022-07-12 23:39:50 - [TEST_STEP][PASSED] - openBrowser(""): Browser is opened with url: ''

2022-07-12 23:39:50 - [MESSAGE][INFO] - Starting 'Chrome' driver

2022-07-12 23:39:50 - [MESSAGE][INFO] - Action delay is set to 0 milliseconds

2022-07-12 23:39:52 - [MESSAGE][PASSED] - Browser is opened with url: ''

2022-07-12 23:39:52 - [TEST_STEP][PASSED] - maximizeWindow(): Current window maximized

2022-07-12 23:39:52 - [MESSAGE][PASSED] - Current window maximized

2022-07-12 23:39:52 - [TEST_STEP][PASSED] - navigateToUrl("https://intra.stage.apps.labour.gov.on.ca/public-portal-qa/#/marketplace/course-search"): Navigate to 'https://intra.stage.apps.labour.gov.on.ca/public-portal-qa/#/marketplace/course-search' successfully

2022-07-12 23:39:55 - [MESSAGE][PASSED] - Navigate to 'https://intra.stage.apps.labour.gov.on.ca/public-portal-qa/#/marketplace/course-search' successfully

2022-07-12 23:39:55 - [TEST_STEP][PASSED] - verifyElementPresent(findTestObject("Object Repository/Page_PublicPortal/li_CPO Approved Courses"), 0): Object 'Object Repository/Page_PublicPortal/li_CPO Approved Courses' is present

2022-07-12 23:39:55 - [MESSAGE][WARNING] - Timeout '0' is invalid. Using default page load timeout: '30'

2022-07-12 23:39:56 - [MESSAGE][PASSED] - Object 'Object Repository/Page_PublicPortal/li_CPO Approved Courses' is present

2022-07-12 23:39:56 - [TEST_STEP][PASSED] - verifyElementClickable(findTestObject("Object Repository/Page_PublicPortal/li_CPO Approved Courses")): Object 'Object Repository/Page_PublicPortal/li_CPO Approved Courses' is clickable

2022-07-12 23:39:56 - [MESSAGE][PASSED] - Object 'Object Repository/Page_PublicPortal/li_CPO Approved Courses' is clickable

2022-07-12 23:39:56 - [TEST_STEP][PASSED] - click(findTestObject("Object Repository/Page_PublicPortal/li_Training Eligibility")): Object: 'Object Repository/Page_PublicPortal/li_Training Eligibility' is clicked on

2022-07-12 23:39:57 - [MESSAGE][PASSED] - Object: 'Object Repository/Page_PublicPortal/li_Training Eligibility' is clicked on

2022-07-12 23:39:57 - [TEST_STEP][PASSED] - click(findTestObject("Object Repository/Page_PublicPortal/li_CPO Approved Courses")): Object: 'Object Repository/Page_PublicPortal/li_CPO Approved Courses' is clicked on

2022-07-12 23:39:58 - [MESSAGE][PASSED] - Object: 'Object Repository/Page_PublicPortal/li_CPO Approved Courses' is clicked on

2022-07-12 23:39:58 - [TEST_STEP][PASSED] - verifyElementText(findTestObject("Object Repository/Page_PublicPortal/li_CPO Approved Courses"), "CPO Approved Courses"): Actual text and expected text of test object 'Object Repository/Page_PublicPortal/li_CPO Approved Courses' are matched.

2022-07-12 23:39:58 - [MESSAGE][PASSED] - Actual text and expected text of test object 'Object Repository/Page_PublicPortal/li_CPO Approved Courses' are matched.

2022-07-12 23:39:58 - [TEST_STEP][PASSED] - closeBrowser(): Browser is closed

2022-07-12 23:39:59 - [MESSAGE][PASSED] - Browser is closed]]></system-out>
         <system-err><![CDATA[]]></system-err>
      </testcase>
      <testcase name="Test Cases/54_Training Provider Tab Are you aware Sidebar" time="9.753" classname="Test Cases/54_Training Provider Tab Are you aware Sidebar" status="PASSED">
         <system-out><![CDATA[2022-07-12 23:39:59 - [TEST_CASE][PASSED] - Test Cases/54_Training Provider Tab Are you aware Sidebar: Test Cases/54_Training Provider Tab Are you aware Sidebar

2022-07-12 23:40:00 - [TEST_STEP][PASSED] - openBrowser(""): Browser is opened with url: ''

2022-07-12 23:40:00 - [MESSAGE][INFO] - Starting 'Chrome' driver

2022-07-12 23:40:00 - [MESSAGE][INFO] - Action delay is set to 0 milliseconds

2022-07-12 23:40:02 - [MESSAGE][PASSED] - Browser is opened with url: ''

2022-07-12 23:40:02 - [TEST_STEP][PASSED] - maximizeWindow(): Current window maximized

2022-07-12 23:40:02 - [MESSAGE][PASSED] - Current window maximized

2022-07-12 23:40:02 - [TEST_STEP][PASSED] - navigateToUrl("https://intra.stage.apps.labour.gov.on.ca/public-portal-qa/#/marketplace/course-search"): Navigate to 'https://intra.stage.apps.labour.gov.on.ca/public-portal-qa/#/marketplace/course-search' successfully

2022-07-12 23:40:05 - [MESSAGE][PASSED] - Navigate to 'https://intra.stage.apps.labour.gov.on.ca/public-portal-qa/#/marketplace/course-search' successfully

2022-07-12 23:40:05 - [TEST_STEP][PASSED] - verifyElementPresent(findTestObject("Object Repository/Page_PublicPortal/li_CPO Approved Courses"), 0): Object 'Object Repository/Page_PublicPortal/li_CPO Approved Courses' is present

2022-07-12 23:40:05 - [MESSAGE][WARNING] - Timeout '0' is invalid. Using default page load timeout: '30'

2022-07-12 23:40:06 - [MESSAGE][PASSED] - Object 'Object Repository/Page_PublicPortal/li_CPO Approved Courses' is present

2022-07-12 23:40:06 - [TEST_STEP][PASSED] - verifyElementClickable(findTestObject("Object Repository/Page_PublicPortal/li_CPO Approved Courses")): Object 'Object Repository/Page_PublicPortal/li_CPO Approved Courses' is clickable

2022-07-12 23:40:06 - [MESSAGE][PASSED] - Object 'Object Repository/Page_PublicPortal/li_CPO Approved Courses' is clickable

2022-07-12 23:40:06 - [TEST_STEP][PASSED] - click(findTestObject("Object Repository/Page_PublicPortal/li_Training Eligibility")): Object: 'Object Repository/Page_PublicPortal/li_Training Eligibility' is clicked on

2022-07-12 23:40:07 - [MESSAGE][PASSED] - Object: 'Object Repository/Page_PublicPortal/li_Training Eligibility' is clicked on

2022-07-12 23:40:07 - [TEST_STEP][PASSED] - click(findTestObject("Object Repository/Page_PublicPortal/li_CPO Approved Courses")): Object: 'Object Repository/Page_PublicPortal/li_CPO Approved Courses' is clicked on

2022-07-12 23:40:07 - [MESSAGE][PASSED] - Object: 'Object Repository/Page_PublicPortal/li_CPO Approved Courses' is clicked on

2022-07-12 23:40:07 - [TEST_STEP][PASSED] - verifyElementText(findTestObject("Object Repository/Page_PublicPortal/li_CPO Approved Courses"), "CPO Approved Courses"): Actual text and expected text of test object 'Object Repository/Page_PublicPortal/li_CPO Approved Courses' are matched.

2022-07-12 23:40:08 - [MESSAGE][PASSED] - Actual text and expected text of test object 'Object Repository/Page_PublicPortal/li_CPO Approved Courses' are matched.

2022-07-12 23:40:08 - [TEST_STEP][PASSED] - closeBrowser(): Browser is closed

2022-07-12 23:40:09 - [MESSAGE][PASSED] - Browser is closed]]></system-out>
         <system-err><![CDATA[]]></system-err>
      </testcase>
      <testcase name="Test Cases/55_TP Onboarding Application to Create an Account Page" time="10.669" classname="Test Cases/55_TP Onboarding Application to Create an Account Page" status="PASSED">
         <system-out><![CDATA[2022-07-12 23:40:09 - [TEST_CASE][PASSED] - Test Cases/55_TP Onboarding Application to Create an Account Page: Test Cases/55_TP Onboarding Application to Create an Account Page

2022-07-12 23:40:10 - [TEST_STEP][PASSED] - openBrowser(""): Browser is opened with url: ''

2022-07-12 23:40:10 - [MESSAGE][INFO] - Starting 'Chrome' driver

2022-07-12 23:40:10 - [MESSAGE][INFO] - Action delay is set to 0 milliseconds

2022-07-12 23:40:12 - [MESSAGE][PASSED] - Browser is opened with url: ''

2022-07-12 23:40:12 - [TEST_STEP][PASSED] - maximizeWindow(): Current window maximized

2022-07-12 23:40:12 - [MESSAGE][PASSED] - Current window maximized

2022-07-12 23:40:12 - [TEST_STEP][PASSED] - navigateToUrl("https://intra.stage.apps.labour.gov.on.ca/public-portal-qa/#/marketplace/course-search"): Navigate to 'https://intra.stage.apps.labour.gov.on.ca/public-portal-qa/#/marketplace/course-search' successfully

2022-07-12 23:40:14 - [MESSAGE][PASSED] - Navigate to 'https://intra.stage.apps.labour.gov.on.ca/public-portal-qa/#/marketplace/course-search' successfully

2022-07-12 23:40:14 - [TEST_STEP][PASSED] - verifyElementPresent(findTestObject("Object Repository/Page_PublicPortal/li_CPO Approved Courses"), 0): Object 'Object Repository/Page_PublicPortal/li_CPO Approved Courses' is present

2022-07-12 23:40:15 - [MESSAGE][WARNING] - Timeout '0' is invalid. Using default page load timeout: '30'

2022-07-12 23:40:15 - [MESSAGE][PASSED] - Object 'Object Repository/Page_PublicPortal/li_CPO Approved Courses' is present

2022-07-12 23:40:15 - [TEST_STEP][PASSED] - verifyElementClickable(findTestObject("Object Repository/Page_PublicPortal/li_CPO Approved Courses")): Object 'Object Repository/Page_PublicPortal/li_CPO Approved Courses' is clickable

2022-07-12 23:40:16 - [MESSAGE][PASSED] - Object 'Object Repository/Page_PublicPortal/li_CPO Approved Courses' is clickable

2022-07-12 23:40:16 - [TEST_STEP][PASSED] - click(findTestObject("Object Repository/Page_PublicPortal/li_Training Eligibility")): Object: 'Object Repository/Page_PublicPortal/li_Training Eligibility' is clicked on

2022-07-12 23:40:17 - [MESSAGE][PASSED] - Object: 'Object Repository/Page_PublicPortal/li_Training Eligibility' is clicked on

2022-07-12 23:40:17 - [TEST_STEP][PASSED] - click(findTestObject("Object Repository/Page_PublicPortal/li_CPO Approved Courses")): Object: 'Object Repository/Page_PublicPortal/li_CPO Approved Courses' is clicked on

2022-07-12 23:40:18 - [MESSAGE][PASSED] - Object: 'Object Repository/Page_PublicPortal/li_CPO Approved Courses' is clicked on

2022-07-12 23:40:18 - [TEST_STEP][PASSED] - verifyElementText(findTestObject("Object Repository/Page_PublicPortal/li_CPO Approved Courses"), "CPO Approved Courses"): Actual text and expected text of test object 'Object Repository/Page_PublicPortal/li_CPO Approved Courses' are matched.

2022-07-12 23:40:19 - [MESSAGE][PASSED] - Actual text and expected text of test object 'Object Repository/Page_PublicPortal/li_CPO Approved Courses' are matched.

2022-07-12 23:40:19 - [TEST_STEP][PASSED] - closeBrowser(): Browser is closed

2022-07-12 23:40:19 - [MESSAGE][PASSED] - Browser is closed]]></system-out>
         <system-err><![CDATA[]]></system-err>
      </testcase>
      <testcase name="Test Cases/56_TP Onboarding Application to Create an Account Page Sidebar" time="10.367" classname="Test Cases/56_TP Onboarding Application to Create an Account Page Sidebar" status="PASSED">
         <system-out><![CDATA[2022-07-12 23:40:19 - [TEST_CASE][PASSED] - Test Cases/56_TP Onboarding Application to Create an Account Page Sidebar: Test Cases/56_TP Onboarding Application to Create an Account Page Sidebar

2022-07-12 23:40:21 - [TEST_STEP][PASSED] - openBrowser(""): Browser is opened with url: ''

2022-07-12 23:40:21 - [MESSAGE][INFO] - Starting 'Chrome' driver

2022-07-12 23:40:21 - [MESSAGE][INFO] - Action delay is set to 0 milliseconds

2022-07-12 23:40:22 - [MESSAGE][PASSED] - Browser is opened with url: ''

2022-07-12 23:40:22 - [TEST_STEP][PASSED] - maximizeWindow(): Current window maximized

2022-07-12 23:40:23 - [MESSAGE][PASSED] - Current window maximized

2022-07-12 23:40:23 - [TEST_STEP][PASSED] - navigateToUrl("https://intra.stage.apps.labour.gov.on.ca/public-portal-qa/#/marketplace/course-search"): Navigate to 'https://intra.stage.apps.labour.gov.on.ca/public-portal-qa/#/marketplace/course-search' successfully

2022-07-12 23:40:25 - [MESSAGE][PASSED] - Navigate to 'https://intra.stage.apps.labour.gov.on.ca/public-portal-qa/#/marketplace/course-search' successfully

2022-07-12 23:40:25 - [TEST_STEP][PASSED] - verifyElementPresent(findTestObject("Object Repository/Page_PublicPortal/li_CPO Approved Courses"), 0): Object 'Object Repository/Page_PublicPortal/li_CPO Approved Courses' is present

2022-07-12 23:40:25 - [MESSAGE][WARNING] - Timeout '0' is invalid. Using default page load timeout: '30'

2022-07-12 23:40:26 - [MESSAGE][PASSED] - Object 'Object Repository/Page_PublicPortal/li_CPO Approved Courses' is present

2022-07-12 23:40:26 - [TEST_STEP][PASSED] - verifyElementClickable(findTestObject("Object Repository/Page_PublicPortal/li_CPO Approved Courses")): Object 'Object Repository/Page_PublicPortal/li_CPO Approved Courses' is clickable

2022-07-12 23:40:27 - [MESSAGE][PASSED] - Object 'Object Repository/Page_PublicPortal/li_CPO Approved Courses' is clickable

2022-07-12 23:40:27 - [TEST_STEP][PASSED] - click(findTestObject("Object Repository/Page_PublicPortal/li_Training Eligibility")): Object: 'Object Repository/Page_PublicPortal/li_Training Eligibility' is clicked on

2022-07-12 23:40:27 - [MESSAGE][PASSED] - Object: 'Object Repository/Page_PublicPortal/li_Training Eligibility' is clicked on

2022-07-12 23:40:27 - [TEST_STEP][PASSED] - click(findTestObject("Object Repository/Page_PublicPortal/li_CPO Approved Courses")): Object: 'Object Repository/Page_PublicPortal/li_CPO Approved Courses' is clicked on

2022-07-12 23:40:28 - [MESSAGE][PASSED] - Object: 'Object Repository/Page_PublicPortal/li_CPO Approved Courses' is clicked on

2022-07-12 23:40:28 - [TEST_STEP][PASSED] - verifyElementText(findTestObject("Object Repository/Page_PublicPortal/li_CPO Approved Courses"), "CPO Approved Courses"): Actual text and expected text of test object 'Object Repository/Page_PublicPortal/li_CPO Approved Courses' are matched.

2022-07-12 23:40:29 - [MESSAGE][PASSED] - Actual text and expected text of test object 'Object Repository/Page_PublicPortal/li_CPO Approved Courses' are matched.

2022-07-12 23:40:29 - [TEST_STEP][PASSED] - closeBrowser(): Browser is closed

2022-07-12 23:40:30 - [MESSAGE][PASSED] - Browser is closed]]></system-out>
         <system-err><![CDATA[]]></system-err>
      </testcase>
      <testcase name="Test Cases/57_Safety Prevention Landing Page Home Tab Tiles" time="9.508" classname="Test Cases/57_Safety Prevention Landing Page Home Tab Tiles" status="PASSED">
         <system-out><![CDATA[2022-07-12 23:40:30 - [TEST_CASE][PASSED] - Test Cases/57_Safety Prevention Landing Page Home Tab Tiles: Test Cases/57_Safety Prevention Landing Page Home Tab Tiles

2022-07-12 23:40:31 - [TEST_STEP][PASSED] - openBrowser(""): Browser is opened with url: ''

2022-07-12 23:40:31 - [MESSAGE][INFO] - Starting 'Chrome' driver

2022-07-12 23:40:31 - [MESSAGE][INFO] - Action delay is set to 0 milliseconds

2022-07-12 23:40:32 - [MESSAGE][PASSED] - Browser is opened with url: ''

2022-07-12 23:40:32 - [TEST_STEP][PASSED] - maximizeWindow(): Current window maximized

2022-07-12 23:40:33 - [MESSAGE][PASSED] - Current window maximized

2022-07-12 23:40:33 - [TEST_STEP][PASSED] - navigateToUrl("https://intra.stage.apps.labour.gov.on.ca/public-portal-qa/#/marketplace/course-search"): Navigate to 'https://intra.stage.apps.labour.gov.on.ca/public-portal-qa/#/marketplace/course-search' successfully

2022-07-12 23:40:35 - [MESSAGE][PASSED] - Navigate to 'https://intra.stage.apps.labour.gov.on.ca/public-portal-qa/#/marketplace/course-search' successfully

2022-07-12 23:40:35 - [TEST_STEP][PASSED] - verifyElementPresent(findTestObject("Object Repository/Page_PublicPortal/li_CPO Approved Courses"), 0): Object 'Object Repository/Page_PublicPortal/li_CPO Approved Courses' is present

2022-07-12 23:40:35 - [MESSAGE][WARNING] - Timeout '0' is invalid. Using default page load timeout: '30'

2022-07-12 23:40:36 - [MESSAGE][PASSED] - Object 'Object Repository/Page_PublicPortal/li_CPO Approved Courses' is present

2022-07-12 23:40:36 - [TEST_STEP][PASSED] - verifyElementClickable(findTestObject("Object Repository/Page_PublicPortal/li_CPO Approved Courses")): Object 'Object Repository/Page_PublicPortal/li_CPO Approved Courses' is clickable

2022-07-12 23:40:37 - [MESSAGE][PASSED] - Object 'Object Repository/Page_PublicPortal/li_CPO Approved Courses' is clickable

2022-07-12 23:40:37 - [TEST_STEP][PASSED] - click(findTestObject("Object Repository/Page_PublicPortal/li_Training Eligibility")): Object: 'Object Repository/Page_PublicPortal/li_Training Eligibility' is clicked on

2022-07-12 23:40:37 - [MESSAGE][PASSED] - Object: 'Object Repository/Page_PublicPortal/li_Training Eligibility' is clicked on

2022-07-12 23:40:37 - [TEST_STEP][PASSED] - click(findTestObject("Object Repository/Page_PublicPortal/li_CPO Approved Courses")): Object: 'Object Repository/Page_PublicPortal/li_CPO Approved Courses' is clicked on

2022-07-12 23:40:38 - [MESSAGE][PASSED] - Object: 'Object Repository/Page_PublicPortal/li_CPO Approved Courses' is clicked on

2022-07-12 23:40:38 - [TEST_STEP][PASSED] - verifyElementText(findTestObject("Object Repository/Page_PublicPortal/li_CPO Approved Courses"), "CPO Approved Courses"): Actual text and expected text of test object 'Object Repository/Page_PublicPortal/li_CPO Approved Courses' are matched.

2022-07-12 23:40:39 - [MESSAGE][PASSED] - Actual text and expected text of test object 'Object Repository/Page_PublicPortal/li_CPO Approved Courses' are matched.

2022-07-12 23:40:39 - [TEST_STEP][PASSED] - closeBrowser(): Browser is closed

2022-07-12 23:40:39 - [MESSAGE][PASSED] - Browser is closed]]></system-out>
         <system-err><![CDATA[]]></system-err>
      </testcase>
      <testcase name="Test Cases/58_Safety Prevention Landing Page Home Tab Find a Provider" time="8.616" classname="Test Cases/58_Safety Prevention Landing Page Home Tab Find a Provider" status="PASSED">
         <system-out><![CDATA[2022-07-12 23:40:39 - [TEST_CASE][PASSED] - Test Cases/58_Safety Prevention Landing Page Home Tab Find a Provider: Test Cases/58_Safety Prevention Landing Page Home Tab Find a Provider

2022-07-12 23:40:40 - [TEST_STEP][PASSED] - openBrowser(""): Browser is opened with url: ''

2022-07-12 23:40:40 - [MESSAGE][INFO] - Starting 'Chrome' driver

2022-07-12 23:40:40 - [MESSAGE][INFO] - Action delay is set to 0 milliseconds

2022-07-12 23:40:42 - [MESSAGE][PASSED] - Browser is opened with url: ''

2022-07-12 23:40:42 - [TEST_STEP][PASSED] - maximizeWindow(): Current window maximized

2022-07-12 23:40:42 - [MESSAGE][PASSED] - Current window maximized

2022-07-12 23:40:42 - [TEST_STEP][PASSED] - navigateToUrl("https://intra.stage.apps.labour.gov.on.ca/public-portal-qa/#/marketplace/course-search"): Navigate to 'https://intra.stage.apps.labour.gov.on.ca/public-portal-qa/#/marketplace/course-search' successfully

2022-07-12 23:40:44 - [MESSAGE][PASSED] - Navigate to 'https://intra.stage.apps.labour.gov.on.ca/public-portal-qa/#/marketplace/course-search' successfully

2022-07-12 23:40:44 - [TEST_STEP][PASSED] - verifyElementPresent(findTestObject("Object Repository/Page_PublicPortal/li_CPO Approved Courses"), 0): Object 'Object Repository/Page_PublicPortal/li_CPO Approved Courses' is present

2022-07-12 23:40:44 - [MESSAGE][WARNING] - Timeout '0' is invalid. Using default page load timeout: '30'

2022-07-12 23:40:45 - [MESSAGE][PASSED] - Object 'Object Repository/Page_PublicPortal/li_CPO Approved Courses' is present

2022-07-12 23:40:45 - [TEST_STEP][PASSED] - verifyElementClickable(findTestObject("Object Repository/Page_PublicPortal/li_CPO Approved Courses")): Object 'Object Repository/Page_PublicPortal/li_CPO Approved Courses' is clickable

2022-07-12 23:40:45 - [MESSAGE][PASSED] - Object 'Object Repository/Page_PublicPortal/li_CPO Approved Courses' is clickable

2022-07-12 23:40:45 - [TEST_STEP][PASSED] - click(findTestObject("Object Repository/Page_PublicPortal/li_Training Eligibility")): Object: 'Object Repository/Page_PublicPortal/li_Training Eligibility' is clicked on

2022-07-12 23:40:46 - [MESSAGE][PASSED] - Object: 'Object Repository/Page_PublicPortal/li_Training Eligibility' is clicked on

2022-07-12 23:40:46 - [TEST_STEP][PASSED] - click(findTestObject("Object Repository/Page_PublicPortal/li_CPO Approved Courses")): Object: 'Object Repository/Page_PublicPortal/li_CPO Approved Courses' is clicked on

2022-07-12 23:40:47 - [MESSAGE][PASSED] - Object: 'Object Repository/Page_PublicPortal/li_CPO Approved Courses' is clicked on

2022-07-12 23:40:47 - [TEST_STEP][PASSED] - verifyElementText(findTestObject("Object Repository/Page_PublicPortal/li_CPO Approved Courses"), "CPO Approved Courses"): Actual text and expected text of test object 'Object Repository/Page_PublicPortal/li_CPO Approved Courses' are matched.

2022-07-12 23:40:47 - [MESSAGE][PASSED] - Actual text and expected text of test object 'Object Repository/Page_PublicPortal/li_CPO Approved Courses' are matched.

2022-07-12 23:40:47 - [TEST_STEP][PASSED] - closeBrowser(): Browser is closed

2022-07-12 23:40:48 - [MESSAGE][PASSED] - Browser is closed]]></system-out>
         <system-err><![CDATA[]]></system-err>
      </testcase>
      <testcase name="Test Cases/59_Safety Prevention Landing Page Home Tab Sidebar" time="9.89" classname="Test Cases/59_Safety Prevention Landing Page Home Tab Sidebar" status="PASSED">
         <system-out><![CDATA[2022-07-12 23:40:48 - [TEST_CASE][PASSED] - Test Cases/59_Safety Prevention Landing Page Home Tab Sidebar: Test Cases/59_Safety Prevention Landing Page Home Tab Sidebar

2022-07-12 23:40:49 - [TEST_STEP][PASSED] - openBrowser(""): Browser is opened with url: ''

2022-07-12 23:40:49 - [MESSAGE][INFO] - Starting 'Chrome' driver

2022-07-12 23:40:49 - [MESSAGE][INFO] - Action delay is set to 0 milliseconds

2022-07-12 23:40:51 - [MESSAGE][PASSED] - Browser is opened with url: ''

2022-07-12 23:40:51 - [TEST_STEP][PASSED] - maximizeWindow(): Current window maximized

2022-07-12 23:40:51 - [MESSAGE][PASSED] - Current window maximized

2022-07-12 23:40:51 - [TEST_STEP][PASSED] - navigateToUrl("https://intra.stage.apps.labour.gov.on.ca/public-portal-qa/#/marketplace/course-search"): Navigate to 'https://intra.stage.apps.labour.gov.on.ca/public-portal-qa/#/marketplace/course-search' successfully

2022-07-12 23:40:54 - [MESSAGE][PASSED] - Navigate to 'https://intra.stage.apps.labour.gov.on.ca/public-portal-qa/#/marketplace/course-search' successfully

2022-07-12 23:40:54 - [TEST_STEP][PASSED] - verifyElementPresent(findTestObject("Object Repository/Page_PublicPortal/li_CPO Approved Courses"), 0): Object 'Object Repository/Page_PublicPortal/li_CPO Approved Courses' is present

2022-07-12 23:40:54 - [MESSAGE][WARNING] - Timeout '0' is invalid. Using default page load timeout: '30'

2022-07-12 23:40:55 - [MESSAGE][PASSED] - Object 'Object Repository/Page_PublicPortal/li_CPO Approved Courses' is present

2022-07-12 23:40:55 - [TEST_STEP][PASSED] - verifyElementClickable(findTestObject("Object Repository/Page_PublicPortal/li_CPO Approved Courses")): Object 'Object Repository/Page_PublicPortal/li_CPO Approved Courses' is clickable

2022-07-12 23:40:55 - [MESSAGE][PASSED] - Object 'Object Repository/Page_PublicPortal/li_CPO Approved Courses' is clickable

2022-07-12 23:40:55 - [TEST_STEP][PASSED] - click(findTestObject("Object Repository/Page_PublicPortal/li_Training Eligibility")): Object: 'Object Repository/Page_PublicPortal/li_Training Eligibility' is clicked on

2022-07-12 23:40:56 - [MESSAGE][PASSED] - Object: 'Object Repository/Page_PublicPortal/li_Training Eligibility' is clicked on

2022-07-12 23:40:56 - [TEST_STEP][PASSED] - click(findTestObject("Object Repository/Page_PublicPortal/li_CPO Approved Courses")): Object: 'Object Repository/Page_PublicPortal/li_CPO Approved Courses' is clicked on

2022-07-12 23:40:57 - [MESSAGE][PASSED] - Object: 'Object Repository/Page_PublicPortal/li_CPO Approved Courses' is clicked on

2022-07-12 23:40:57 - [TEST_STEP][PASSED] - verifyElementText(findTestObject("Object Repository/Page_PublicPortal/li_CPO Approved Courses"), "CPO Approved Courses"): Actual text and expected text of test object 'Object Repository/Page_PublicPortal/li_CPO Approved Courses' are matched.

2022-07-12 23:40:57 - [MESSAGE][PASSED] - Actual text and expected text of test object 'Object Repository/Page_PublicPortal/li_CPO Approved Courses' are matched.

2022-07-12 23:40:57 - [TEST_STEP][PASSED] - closeBrowser(): Browser is closed

2022-07-12 23:40:58 - [MESSAGE][PASSED] - Browser is closed]]></system-out>
         <system-err><![CDATA[]]></system-err>
      </testcase>
      <system-out><![CDATA[2022-07-12 23:36:39 - [TEST_SUITE][PASSED] - Beta_3: Test Cases/59_Safety Prevention Landing Page Home Tab Sidebar]]></system-out>
      <system-err><![CDATA[]]></system-err>
   </testsuite>
   <testsuite name="Beta_4" tests="23" failures="0" errors="0" time="262.948" skipped="0" timestamp="2022-07-12 23:36:44" hostname="DzhohaAl - ON34C03261455.cihs.ad.gov.on.ca" id="Test Suites/Beta_4">
      <properties>
         <property name="deviceName" value=""/>
         <property name="devicePlatform" value=""/>
         <property name="logFolder" value="C:\\Users\\DzhohaAl\\Katalon Studio\\CMS_automation\\Reports\\20220712_233553\\Beta_4\\20220712_233615"/>
         <property name="logFiles" value="C:\\Users\\DzhohaAl\\Katalon Studio\\CMS_automation\\Reports\\20220712_233553\\Beta_4\\20220712_233615\\execution0.log"/>
         <property name="attachments" value=""/>
         <property name="hostName" value="DzhohaAl - ON34C03261455.cihs.ad.gov.on.ca"/>
         <property name="os" value="Windows 10 64bit"/>
         <property name="katalonVersion" value="8.3.5.208"/>
         <property name="browser" value="Chrome 103.0.5060.114"/>
         <property name="hostAddress" value="192.168.0.18"/>
         <property name="sessionId" value="0eb277cce3aff296d2dcc1e6efa8ccba"/>
         <property name="seleniumVersion" value="3.141.59"/>
         <property name="proxyInformation" value="ProxyInformation { proxyOption=NO_PROXY, proxyServerType=HTTP, username=, password=********, proxyServerAddress=, proxyServerPort=0, executionList=&quot;&quot;, isApplyToDesiredCapabilities=true }"/>
         <property name="platform" value="Windows 10"/>
      </properties>
      <testcase name="Test Cases/60_Approved Training Providers Tab" time="17.605" classname="Test Cases/60_Approved Training Providers Tab" status="PASSED">
         <system-out><![CDATA[2022-07-12 23:36:45 - [TEST_CASE][PASSED] - Test Cases/60_Approved Training Providers Tab: Test Cases/60_Approved Training Providers Tab

2022-07-12 23:36:46 - [TEST_STEP][PASSED] - openBrowser(""): Browser is opened with url: ''

2022-07-12 23:36:48 - [MESSAGE][INFO] - Starting 'Chrome' driver

2022-07-12 23:36:48 - [MESSAGE][INFO] - Action delay is set to 0 milliseconds

2022-07-12 23:36:54 - [MESSAGE][PASSED] - Browser is opened with url: ''

2022-07-12 23:36:54 - [TEST_STEP][PASSED] - maximizeWindow(): Current window maximized

2022-07-12 23:36:55 - [MESSAGE][PASSED] - Current window maximized

2022-07-12 23:36:55 - [TEST_STEP][PASSED] - navigateToUrl("https://intra.stage.apps.labour.gov.on.ca/public-portal-qa/#/marketplace/course-search"): Navigate to 'https://intra.stage.apps.labour.gov.on.ca/public-portal-qa/#/marketplace/course-search' successfully

2022-07-12 23:36:57 - [MESSAGE][PASSED] - Navigate to 'https://intra.stage.apps.labour.gov.on.ca/public-portal-qa/#/marketplace/course-search' successfully

2022-07-12 23:36:57 - [TEST_STEP][PASSED] - verifyElementPresent(findTestObject("Object Repository/Page_PublicPortal/li_CPO Approved Courses"), 0): Object 'Object Repository/Page_PublicPortal/li_CPO Approved Courses' is present

2022-07-12 23:36:58 - [MESSAGE][WARNING] - Timeout '0' is invalid. Using default page load timeout: '30'

2022-07-12 23:36:58 - [MESSAGE][PASSED] - Object 'Object Repository/Page_PublicPortal/li_CPO Approved Courses' is present

2022-07-12 23:36:58 - [TEST_STEP][PASSED] - verifyElementClickable(findTestObject("Object Repository/Page_PublicPortal/li_CPO Approved Courses")): Object 'Object Repository/Page_PublicPortal/li_CPO Approved Courses' is clickable

2022-07-12 23:36:59 - [MESSAGE][PASSED] - Object 'Object Repository/Page_PublicPortal/li_CPO Approved Courses' is clickable

2022-07-12 23:36:59 - [TEST_STEP][PASSED] - click(findTestObject("Object Repository/Page_PublicPortal/li_Training Eligibility")): Object: 'Object Repository/Page_PublicPortal/li_Training Eligibility' is clicked on

2022-07-12 23:37:00 - [MESSAGE][PASSED] - Object: 'Object Repository/Page_PublicPortal/li_Training Eligibility' is clicked on

2022-07-12 23:37:00 - [TEST_STEP][PASSED] - click(findTestObject("Object Repository/Page_PublicPortal/li_CPO Approved Courses")): Object: 'Object Repository/Page_PublicPortal/li_CPO Approved Courses' is clicked on

2022-07-12 23:37:01 - [MESSAGE][PASSED] - Object: 'Object Repository/Page_PublicPortal/li_CPO Approved Courses' is clicked on

2022-07-12 23:37:01 - [TEST_STEP][PASSED] - verifyElementText(findTestObject("Object Repository/Page_PublicPortal/li_CPO Approved Courses"), "CPO Approved Courses"): Actual text and expected text of test object 'Object Repository/Page_PublicPortal/li_CPO Approved Courses' are matched.

2022-07-12 23:37:01 - [MESSAGE][PASSED] - Actual text and expected text of test object 'Object Repository/Page_PublicPortal/li_CPO Approved Courses' are matched.

2022-07-12 23:37:01 - [TEST_STEP][PASSED] - closeBrowser(): Browser is closed

2022-07-12 23:37:02 - [MESSAGE][PASSED] - Browser is closed]]></system-out>
         <system-err><![CDATA[]]></system-err>
      </testcase>
      <testcase name="Test Cases/61_Approved Training Providers Search by Training Provider" time="11.6" classname="Test Cases/61_Approved Training Providers Search by Training Provider" status="PASSED">
         <system-out><![CDATA[2022-07-12 23:37:02 - [TEST_CASE][PASSED] - Test Cases/61_Approved Training Providers Search by Training Provider: Test Cases/61_Approved Training Providers Search by Training Provider

2022-07-12 23:37:04 - [TEST_STEP][PASSED] - openBrowser(""): Browser is opened with url: ''

2022-07-12 23:37:04 - [MESSAGE][INFO] - Starting 'Chrome' driver

2022-07-12 23:37:04 - [MESSAGE][INFO] - Action delay is set to 0 milliseconds

2022-07-12 23:37:06 - [MESSAGE][PASSED] - Browser is opened with url: ''

2022-07-12 23:37:06 - [TEST_STEP][PASSED] - maximizeWindow(): Current window maximized

2022-07-12 23:37:06 - [MESSAGE][PASSED] - Current window maximized

2022-07-12 23:37:06 - [TEST_STEP][PASSED] - navigateToUrl("https://intra.stage.apps.labour.gov.on.ca/public-portal-qa/#/marketplace/course-search"): Navigate to 'https://intra.stage.apps.labour.gov.on.ca/public-portal-qa/#/marketplace/course-search' successfully

2022-07-12 23:37:09 - [MESSAGE][PASSED] - Navigate to 'https://intra.stage.apps.labour.gov.on.ca/public-portal-qa/#/marketplace/course-search' successfully

2022-07-12 23:37:09 - [TEST_STEP][PASSED] - verifyElementPresent(findTestObject("Object Repository/Page_PublicPortal/li_CPO Approved Courses"), 0): Object 'Object Repository/Page_PublicPortal/li_CPO Approved Courses' is present

2022-07-12 23:37:09 - [MESSAGE][WARNING] - Timeout '0' is invalid. Using default page load timeout: '30'

2022-07-12 23:37:10 - [MESSAGE][PASSED] - Object 'Object Repository/Page_PublicPortal/li_CPO Approved Courses' is present

2022-07-12 23:37:10 - [TEST_STEP][PASSED] - verifyElementClickable(findTestObject("Object Repository/Page_PublicPortal/li_CPO Approved Courses")): Object 'Object Repository/Page_PublicPortal/li_CPO Approved Courses' is clickable

2022-07-12 23:37:11 - [MESSAGE][PASSED] - Object 'Object Repository/Page_PublicPortal/li_CPO Approved Courses' is clickable

2022-07-12 23:37:11 - [TEST_STEP][PASSED] - click(findTestObject("Object Repository/Page_PublicPortal/li_Training Eligibility")): Object: 'Object Repository/Page_PublicPortal/li_Training Eligibility' is clicked on

2022-07-12 23:37:11 - [MESSAGE][PASSED] - Object: 'Object Repository/Page_PublicPortal/li_Training Eligibility' is clicked on

2022-07-12 23:37:11 - [TEST_STEP][PASSED] - click(findTestObject("Object Repository/Page_PublicPortal/li_CPO Approved Courses")): Object: 'Object Repository/Page_PublicPortal/li_CPO Approved Courses' is clicked on

2022-07-12 23:37:12 - [MESSAGE][PASSED] - Object: 'Object Repository/Page_PublicPortal/li_CPO Approved Courses' is clicked on

2022-07-12 23:37:12 - [TEST_STEP][PASSED] - verifyElementText(findTestObject("Object Repository/Page_PublicPortal/li_CPO Approved Courses"), "CPO Approved Courses"): Actual text and expected text of test object 'Object Repository/Page_PublicPortal/li_CPO Approved Courses' are matched.

2022-07-12 23:37:13 - [MESSAGE][PASSED] - Actual text and expected text of test object 'Object Repository/Page_PublicPortal/li_CPO Approved Courses' are matched.

2022-07-12 23:37:13 - [TEST_STEP][PASSED] - closeBrowser(): Browser is closed

2022-07-12 23:37:14 - [MESSAGE][PASSED] - Browser is closed]]></system-out>
         <system-err><![CDATA[]]></system-err>
      </testcase>
      <testcase name="Test Cases/62_Approved Training Providers Search by Training Program" time="10.938" classname="Test Cases/62_Approved Training Providers Search by Training Program" status="PASSED">
         <system-out><![CDATA[2022-07-12 23:37:14 - [TEST_CASE][PASSED] - Test Cases/62_Approved Training Providers Search by Training Program: Test Cases/62_Approved Training Providers Search by Training Program

2022-07-12 23:37:15 - [TEST_STEP][PASSED] - openBrowser(""): Browser is opened with url: ''

2022-07-12 23:37:15 - [MESSAGE][INFO] - Starting 'Chrome' driver

2022-07-12 23:37:15 - [MESSAGE][INFO] - Action delay is set to 0 milliseconds

2022-07-12 23:37:17 - [MESSAGE][PASSED] - Browser is opened with url: ''

2022-07-12 23:37:17 - [TEST_STEP][PASSED] - maximizeWindow(): Current window maximized

2022-07-12 23:37:17 - [MESSAGE][PASSED] - Current window maximized

2022-07-12 23:37:17 - [TEST_STEP][PASSED] - navigateToUrl("https://intra.stage.apps.labour.gov.on.ca/public-portal-qa/#/marketplace/course-search"): Navigate to 'https://intra.stage.apps.labour.gov.on.ca/public-portal-qa/#/marketplace/course-search' successfully

2022-07-12 23:37:20 - [MESSAGE][PASSED] - Navigate to 'https://intra.stage.apps.labour.gov.on.ca/public-portal-qa/#/marketplace/course-search' successfully

2022-07-12 23:37:20 - [TEST_STEP][PASSED] - verifyElementPresent(findTestObject("Object Repository/Page_PublicPortal/li_CPO Approved Courses"), 0): Object 'Object Repository/Page_PublicPortal/li_CPO Approved Courses' is present

2022-07-12 23:37:20 - [MESSAGE][WARNING] - Timeout '0' is invalid. Using default page load timeout: '30'

2022-07-12 23:37:20 - [MESSAGE][PASSED] - Object 'Object Repository/Page_PublicPortal/li_CPO Approved Courses' is present

2022-07-12 23:37:20 - [TEST_STEP][PASSED] - verifyElementClickable(findTestObject("Object Repository/Page_PublicPortal/li_CPO Approved Courses")): Object 'Object Repository/Page_PublicPortal/li_CPO Approved Courses' is clickable

2022-07-12 23:37:21 - [MESSAGE][PASSED] - Object 'Object Repository/Page_PublicPortal/li_CPO Approved Courses' is clickable

2022-07-12 23:37:21 - [TEST_STEP][PASSED] - click(findTestObject("Object Repository/Page_PublicPortal/li_Training Eligibility")): Object: 'Object Repository/Page_PublicPortal/li_Training Eligibility' is clicked on

2022-07-12 23:37:23 - [MESSAGE][PASSED] - Object: 'Object Repository/Page_PublicPortal/li_Training Eligibility' is clicked on

2022-07-12 23:37:23 - [TEST_STEP][PASSED] - click(findTestObject("Object Repository/Page_PublicPortal/li_CPO Approved Courses")): Object: 'Object Repository/Page_PublicPortal/li_CPO Approved Courses' is clicked on

2022-07-12 23:37:23 - [MESSAGE][PASSED] - Object: 'Object Repository/Page_PublicPortal/li_CPO Approved Courses' is clicked on

2022-07-12 23:37:23 - [TEST_STEP][PASSED] - verifyElementText(findTestObject("Object Repository/Page_PublicPortal/li_CPO Approved Courses"), "CPO Approved Courses"): Actual text and expected text of test object 'Object Repository/Page_PublicPortal/li_CPO Approved Courses' are matched.

2022-07-12 23:37:24 - [MESSAGE][PASSED] - Actual text and expected text of test object 'Object Repository/Page_PublicPortal/li_CPO Approved Courses' are matched.

2022-07-12 23:37:24 - [TEST_STEP][PASSED] - closeBrowser(): Browser is closed

2022-07-12 23:37:25 - [MESSAGE][PASSED] - Browser is closed]]></system-out>
         <system-err><![CDATA[]]></system-err>
      </testcase>
      <testcase name="Test Cases/63_Approved Training Providers Search by Training Type" time="10.042" classname="Test Cases/63_Approved Training Providers Search by Training Type" status="PASSED">
         <system-out><![CDATA[2022-07-12 23:37:25 - [TEST_CASE][PASSED] - Test Cases/63_Approved Training Providers Search by Training Type: Test Cases/63_Approved Training Providers Search by Training Type

2022-07-12 23:37:26 - [TEST_STEP][PASSED] - openBrowser(""): Browser is opened with url: ''

2022-07-12 23:37:26 - [MESSAGE][INFO] - Starting 'Chrome' driver

2022-07-12 23:37:26 - [MESSAGE][INFO] - Action delay is set to 0 milliseconds

2022-07-12 23:37:27 - [MESSAGE][PASSED] - Browser is opened with url: ''

2022-07-12 23:37:27 - [TEST_STEP][PASSED] - maximizeWindow(): Current window maximized

2022-07-12 23:37:28 - [MESSAGE][PASSED] - Current window maximized

2022-07-12 23:37:28 - [TEST_STEP][PASSED] - navigateToUrl("https://intra.stage.apps.labour.gov.on.ca/public-portal-qa/#/marketplace/course-search"): Navigate to 'https://intra.stage.apps.labour.gov.on.ca/public-portal-qa/#/marketplace/course-search' successfully

2022-07-12 23:37:31 - [MESSAGE][PASSED] - Navigate to 'https://intra.stage.apps.labour.gov.on.ca/public-portal-qa/#/marketplace/course-search' successfully

2022-07-12 23:37:31 - [TEST_STEP][PASSED] - verifyElementPresent(findTestObject("Object Repository/Page_PublicPortal/li_CPO Approved Courses"), 0): Object 'Object Repository/Page_PublicPortal/li_CPO Approved Courses' is present

2022-07-12 23:37:31 - [MESSAGE][WARNING] - Timeout '0' is invalid. Using default page load timeout: '30'

2022-07-12 23:37:32 - [MESSAGE][PASSED] - Object 'Object Repository/Page_PublicPortal/li_CPO Approved Courses' is present

2022-07-12 23:37:32 - [TEST_STEP][PASSED] - verifyElementClickable(findTestObject("Object Repository/Page_PublicPortal/li_CPO Approved Courses")): Object 'Object Repository/Page_PublicPortal/li_CPO Approved Courses' is clickable

2022-07-12 23:37:32 - [MESSAGE][PASSED] - Object 'Object Repository/Page_PublicPortal/li_CPO Approved Courses' is clickable

2022-07-12 23:37:32 - [TEST_STEP][PASSED] - click(findTestObject("Object Repository/Page_PublicPortal/li_Training Eligibility")): Object: 'Object Repository/Page_PublicPortal/li_Training Eligibility' is clicked on

2022-07-12 23:37:33 - [MESSAGE][PASSED] - Object: 'Object Repository/Page_PublicPortal/li_Training Eligibility' is clicked on

2022-07-12 23:37:33 - [TEST_STEP][PASSED] - click(findTestObject("Object Repository/Page_PublicPortal/li_CPO Approved Courses")): Object: 'Object Repository/Page_PublicPortal/li_CPO Approved Courses' is clicked on

2022-07-12 23:37:34 - [MESSAGE][PASSED] - Object: 'Object Repository/Page_PublicPortal/li_CPO Approved Courses' is clicked on

2022-07-12 23:37:34 - [TEST_STEP][PASSED] - verifyElementText(findTestObject("Object Repository/Page_PublicPortal/li_CPO Approved Courses"), "CPO Approved Courses"): Actual text and expected text of test object 'Object Repository/Page_PublicPortal/li_CPO Approved Courses' are matched.

2022-07-12 23:37:34 - [MESSAGE][PASSED] - Actual text and expected text of test object 'Object Repository/Page_PublicPortal/li_CPO Approved Courses' are matched.

2022-07-12 23:37:34 - [TEST_STEP][PASSED] - closeBrowser(): Browser is closed

2022-07-12 23:37:35 - [MESSAGE][PASSED] - Browser is closed]]></system-out>
         <system-err><![CDATA[]]></system-err>
      </testcase>
      <testcase name="Test Cases/64_Approved Training Providers Search by Approval Status" time="11.669" classname="Test Cases/64_Approved Training Providers Search by Approval Status" status="PASSED">
         <system-out><![CDATA[2022-07-12 23:37:35 - [TEST_CASE][PASSED] - Test Cases/64_Approved Training Providers Search by Approval Status: Test Cases/64_Approved Training Providers Search by Approval Status

2022-07-12 23:37:37 - [TEST_STEP][PASSED] - openBrowser(""): Browser is opened with url: ''

2022-07-12 23:37:37 - [MESSAGE][INFO] - Starting 'Chrome' driver

2022-07-12 23:37:37 - [MESSAGE][INFO] - Action delay is set to 0 milliseconds

2022-07-12 23:37:39 - [MESSAGE][PASSED] - Browser is opened with url: ''

2022-07-12 23:37:39 - [TEST_STEP][PASSED] - maximizeWindow(): Current window maximized

2022-07-12 23:37:39 - [MESSAGE][PASSED] - Current window maximized

2022-07-12 23:37:39 - [TEST_STEP][PASSED] - navigateToUrl("https://intra.stage.apps.labour.gov.on.ca/public-portal-qa/#/marketplace/course-search"): Navigate to 'https://intra.stage.apps.labour.gov.on.ca/public-portal-qa/#/marketplace/course-search' successfully

2022-07-12 23:37:42 - [MESSAGE][PASSED] - Navigate to 'https://intra.stage.apps.labour.gov.on.ca/public-portal-qa/#/marketplace/course-search' successfully

2022-07-12 23:37:42 - [TEST_STEP][PASSED] - verifyElementPresent(findTestObject("Object Repository/Page_PublicPortal/li_CPO Approved Courses"), 0): Object 'Object Repository/Page_PublicPortal/li_CPO Approved Courses' is present

2022-07-12 23:37:42 - [MESSAGE][WARNING] - Timeout '0' is invalid. Using default page load timeout: '30'

2022-07-12 23:37:43 - [MESSAGE][PASSED] - Object 'Object Repository/Page_PublicPortal/li_CPO Approved Courses' is present

2022-07-12 23:37:43 - [TEST_STEP][PASSED] - verifyElementClickable(findTestObject("Object Repository/Page_PublicPortal/li_CPO Approved Courses")): Object 'Object Repository/Page_PublicPortal/li_CPO Approved Courses' is clickable

2022-07-12 23:37:44 - [MESSAGE][PASSED] - Object 'Object Repository/Page_PublicPortal/li_CPO Approved Courses' is clickable

2022-07-12 23:37:44 - [TEST_STEP][PASSED] - click(findTestObject("Object Repository/Page_PublicPortal/li_Training Eligibility")): Object: 'Object Repository/Page_PublicPortal/li_Training Eligibility' is clicked on

2022-07-12 23:37:44 - [MESSAGE][PASSED] - Object: 'Object Repository/Page_PublicPortal/li_Training Eligibility' is clicked on

2022-07-12 23:37:44 - [TEST_STEP][PASSED] - click(findTestObject("Object Repository/Page_PublicPortal/li_CPO Approved Courses")): Object: 'Object Repository/Page_PublicPortal/li_CPO Approved Courses' is clicked on

2022-07-12 23:37:45 - [MESSAGE][PASSED] - Object: 'Object Repository/Page_PublicPortal/li_CPO Approved Courses' is clicked on

2022-07-12 23:37:45 - [TEST_STEP][PASSED] - verifyElementText(findTestObject("Object Repository/Page_PublicPortal/li_CPO Approved Courses"), "CPO Approved Courses"): Actual text and expected text of test object 'Object Repository/Page_PublicPortal/li_CPO Approved Courses' are matched.

2022-07-12 23:37:46 - [MESSAGE][PASSED] - Actual text and expected text of test object 'Object Repository/Page_PublicPortal/li_CPO Approved Courses' are matched.

2022-07-12 23:37:46 - [TEST_STEP][PASSED] - closeBrowser(): Browser is closed

2022-07-12 23:37:47 - [MESSAGE][PASSED] - Browser is closed]]></system-out>
         <system-err><![CDATA[]]></system-err>
      </testcase>
      <testcase name="Test Cases/65_Approved Training Providers Reset Search Filters" time="13.5" classname="Test Cases/65_Approved Training Providers Reset Search Filters" status="PASSED">
         <system-out><![CDATA[2022-07-12 23:37:47 - [TEST_CASE][PASSED] - Test Cases/65_Approved Training Providers Reset Search Filters: Test Cases/65_Approved Training Providers Reset Search Filters

2022-07-12 23:37:48 - [TEST_STEP][PASSED] - openBrowser(""): Browser is opened with url: ''

2022-07-12 23:37:48 - [MESSAGE][INFO] - Starting 'Chrome' driver

2022-07-12 23:37:48 - [MESSAGE][INFO] - Action delay is set to 0 milliseconds

2022-07-12 23:37:51 - [MESSAGE][PASSED] - Browser is opened with url: ''

2022-07-12 23:37:51 - [TEST_STEP][PASSED] - maximizeWindow(): Current window maximized

2022-07-12 23:37:51 - [MESSAGE][PASSED] - Current window maximized

2022-07-12 23:37:51 - [TEST_STEP][PASSED] - navigateToUrl("https://intra.stage.apps.labour.gov.on.ca/public-portal-qa/#/marketplace/course-search"): Navigate to 'https://intra.stage.apps.labour.gov.on.ca/public-portal-qa/#/marketplace/course-search' successfully

2022-07-12 23:37:55 - [MESSAGE][PASSED] - Navigate to 'https://intra.stage.apps.labour.gov.on.ca/public-portal-qa/#/marketplace/course-search' successfully

2022-07-12 23:37:55 - [TEST_STEP][PASSED] - verifyElementPresent(findTestObject("Object Repository/Page_PublicPortal/li_CPO Approved Courses"), 0): Object 'Object Repository/Page_PublicPortal/li_CPO Approved Courses' is present

2022-07-12 23:37:56 - [MESSAGE][WARNING] - Timeout '0' is invalid. Using default page load timeout: '30'

2022-07-12 23:37:57 - [MESSAGE][PASSED] - Object 'Object Repository/Page_PublicPortal/li_CPO Approved Courses' is present

2022-07-12 23:37:57 - [TEST_STEP][PASSED] - verifyElementClickable(findTestObject("Object Repository/Page_PublicPortal/li_CPO Approved Courses")): Object 'Object Repository/Page_PublicPortal/li_CPO Approved Courses' is clickable

2022-07-12 23:37:57 - [MESSAGE][PASSED] - Object 'Object Repository/Page_PublicPortal/li_CPO Approved Courses' is clickable

2022-07-12 23:37:57 - [TEST_STEP][PASSED] - click(findTestObject("Object Repository/Page_PublicPortal/li_Training Eligibility")): Object: 'Object Repository/Page_PublicPortal/li_Training Eligibility' is clicked on

2022-07-12 23:37:58 - [MESSAGE][PASSED] - Object: 'Object Repository/Page_PublicPortal/li_Training Eligibility' is clicked on

2022-07-12 23:37:58 - [TEST_STEP][PASSED] - click(findTestObject("Object Repository/Page_PublicPortal/li_CPO Approved Courses")): Object: 'Object Repository/Page_PublicPortal/li_CPO Approved Courses' is clicked on

2022-07-12 23:37:59 - [MESSAGE][PASSED] - Object: 'Object Repository/Page_PublicPortal/li_CPO Approved Courses' is clicked on

2022-07-12 23:37:59 - [TEST_STEP][PASSED] - verifyElementText(findTestObject("Object Repository/Page_PublicPortal/li_CPO Approved Courses"), "CPO Approved Courses"): Actual text and expected text of test object 'Object Repository/Page_PublicPortal/li_CPO Approved Courses' are matched.

2022-07-12 23:37:59 - [MESSAGE][PASSED] - Actual text and expected text of test object 'Object Repository/Page_PublicPortal/li_CPO Approved Courses' are matched.

2022-07-12 23:37:59 - [TEST_STEP][PASSED] - closeBrowser(): Browser is closed

2022-07-12 23:38:00 - [MESSAGE][PASSED] - Browser is closed]]></system-out>
         <system-err><![CDATA[]]></system-err>
      </testcase>
      <testcase name="Test Cases/66_Approved Training Providers Basic Search Result" time="11.039" classname="Test Cases/66_Approved Training Providers Basic Search Result" status="PASSED">
         <system-out><![CDATA[2022-07-12 23:38:00 - [TEST_CASE][PASSED] - Test Cases/66_Approved Training Providers Basic Search Result: Test Cases/66_Approved Training Providers Basic Search Result

2022-07-12 23:38:01 - [TEST_STEP][PASSED] - openBrowser(""): Browser is opened with url: ''

2022-07-12 23:38:01 - [MESSAGE][INFO] - Starting 'Chrome' driver

2022-07-12 23:38:01 - [MESSAGE][INFO] - Action delay is set to 0 milliseconds

2022-07-12 23:38:04 - [MESSAGE][PASSED] - Browser is opened with url: ''

2022-07-12 23:38:04 - [TEST_STEP][PASSED] - maximizeWindow(): Current window maximized

2022-07-12 23:38:04 - [MESSAGE][PASSED] - Current window maximized

2022-07-12 23:38:04 - [TEST_STEP][PASSED] - navigateToUrl("https://intra.stage.apps.labour.gov.on.ca/public-portal-qa/#/marketplace/course-search"): Navigate to 'https://intra.stage.apps.labour.gov.on.ca/public-portal-qa/#/marketplace/course-search' successfully

2022-07-12 23:38:07 - [MESSAGE][PASSED] - Navigate to 'https://intra.stage.apps.labour.gov.on.ca/public-portal-qa/#/marketplace/course-search' successfully

2022-07-12 23:38:07 - [TEST_STEP][PASSED] - verifyElementPresent(findTestObject("Object Repository/Page_PublicPortal/li_CPO Approved Courses"), 0): Object 'Object Repository/Page_PublicPortal/li_CPO Approved Courses' is present

2022-07-12 23:38:07 - [MESSAGE][WARNING] - Timeout '0' is invalid. Using default page load timeout: '30'

2022-07-12 23:38:08 - [MESSAGE][PASSED] - Object 'Object Repository/Page_PublicPortal/li_CPO Approved Courses' is present

2022-07-12 23:38:08 - [TEST_STEP][PASSED] - verifyElementClickable(findTestObject("Object Repository/Page_PublicPortal/li_CPO Approved Courses")): Object 'Object Repository/Page_PublicPortal/li_CPO Approved Courses' is clickable

2022-07-12 23:38:09 - [MESSAGE][PASSED] - Object 'Object Repository/Page_PublicPortal/li_CPO Approved Courses' is clickable

2022-07-12 23:38:09 - [TEST_STEP][PASSED] - click(findTestObject("Object Repository/Page_PublicPortal/li_Training Eligibility")): Object: 'Object Repository/Page_PublicPortal/li_Training Eligibility' is clicked on

2022-07-12 23:38:09 - [MESSAGE][PASSED] - Object: 'Object Repository/Page_PublicPortal/li_Training Eligibility' is clicked on

2022-07-12 23:38:09 - [TEST_STEP][PASSED] - click(findTestObject("Object Repository/Page_PublicPortal/li_CPO Approved Courses")): Object: 'Object Repository/Page_PublicPortal/li_CPO Approved Courses' is clicked on

2022-07-12 23:38:10 - [MESSAGE][PASSED] - Object: 'Object Repository/Page_PublicPortal/li_CPO Approved Courses' is clicked on

2022-07-12 23:38:10 - [TEST_STEP][PASSED] - verifyElementText(findTestObject("Object Repository/Page_PublicPortal/li_CPO Approved Courses"), "CPO Approved Courses"): Actual text and expected text of test object 'Object Repository/Page_PublicPortal/li_CPO Approved Courses' are matched.

2022-07-12 23:38:11 - [MESSAGE][PASSED] - Actual text and expected text of test object 'Object Repository/Page_PublicPortal/li_CPO Approved Courses' are matched.

2022-07-12 23:38:11 - [TEST_STEP][PASSED] - closeBrowser(): Browser is closed

2022-07-12 23:38:11 - [MESSAGE][PASSED] - Browser is closed]]></system-out>
         <system-err><![CDATA[]]></system-err>
      </testcase>
      <testcase name="Test Cases/67_Approved Training Providers View Storefront" time="12.277" classname="Test Cases/67_Approved Training Providers View Storefront" status="PASSED">
         <system-out><![CDATA[2022-07-12 23:38:11 - [TEST_CASE][PASSED] - Test Cases/67_Approved Training Providers View Storefront: Test Cases/67_Approved Training Providers View Storefront

2022-07-12 23:38:12 - [TEST_STEP][PASSED] - openBrowser(""): Browser is opened with url: ''

2022-07-12 23:38:12 - [MESSAGE][INFO] - Starting 'Chrome' driver

2022-07-12 23:38:12 - [MESSAGE][INFO] - Action delay is set to 0 milliseconds

2022-07-12 23:38:15 - [MESSAGE][PASSED] - Browser is opened with url: ''

2022-07-12 23:38:15 - [TEST_STEP][PASSED] - maximizeWindow(): Current window maximized

2022-07-12 23:38:15 - [MESSAGE][PASSED] - Current window maximized

2022-07-12 23:38:15 - [TEST_STEP][PASSED] - navigateToUrl("https://intra.stage.apps.labour.gov.on.ca/public-portal-qa/#/marketplace/course-search"): Navigate to 'https://intra.stage.apps.labour.gov.on.ca/public-portal-qa/#/marketplace/course-search' successfully

2022-07-12 23:38:19 - [MESSAGE][PASSED] - Navigate to 'https://intra.stage.apps.labour.gov.on.ca/public-portal-qa/#/marketplace/course-search' successfully

2022-07-12 23:38:19 - [TEST_STEP][PASSED] - verifyElementPresent(findTestObject("Object Repository/Page_PublicPortal/li_CPO Approved Courses"), 0): Object 'Object Repository/Page_PublicPortal/li_CPO Approved Courses' is present

2022-07-12 23:38:19 - [MESSAGE][WARNING] - Timeout '0' is invalid. Using default page load timeout: '30'

2022-07-12 23:38:20 - [MESSAGE][PASSED] - Object 'Object Repository/Page_PublicPortal/li_CPO Approved Courses' is present

2022-07-12 23:38:20 - [TEST_STEP][PASSED] - verifyElementClickable(findTestObject("Object Repository/Page_PublicPortal/li_CPO Approved Courses")): Object 'Object Repository/Page_PublicPortal/li_CPO Approved Courses' is clickable

2022-07-12 23:38:21 - [MESSAGE][PASSED] - Object 'Object Repository/Page_PublicPortal/li_CPO Approved Courses' is clickable

2022-07-12 23:38:21 - [TEST_STEP][PASSED] - click(findTestObject("Object Repository/Page_PublicPortal/li_Training Eligibility")): Object: 'Object Repository/Page_PublicPortal/li_Training Eligibility' is clicked on

2022-07-12 23:38:22 - [MESSAGE][PASSED] - Object: 'Object Repository/Page_PublicPortal/li_Training Eligibility' is clicked on

2022-07-12 23:38:22 - [TEST_STEP][PASSED] - click(findTestObject("Object Repository/Page_PublicPortal/li_CPO Approved Courses")): Object: 'Object Repository/Page_PublicPortal/li_CPO Approved Courses' is clicked on

2022-07-12 23:38:22 - [MESSAGE][PASSED] - Object: 'Object Repository/Page_PublicPortal/li_CPO Approved Courses' is clicked on

2022-07-12 23:38:22 - [TEST_STEP][PASSED] - verifyElementText(findTestObject("Object Repository/Page_PublicPortal/li_CPO Approved Courses"), "CPO Approved Courses"): Actual text and expected text of test object 'Object Repository/Page_PublicPortal/li_CPO Approved Courses' are matched.

2022-07-12 23:38:23 - [MESSAGE][PASSED] - Actual text and expected text of test object 'Object Repository/Page_PublicPortal/li_CPO Approved Courses' are matched.

2022-07-12 23:38:23 - [TEST_STEP][PASSED] - closeBrowser(): Browser is closed

2022-07-12 23:38:24 - [MESSAGE][PASSED] - Browser is closed]]></system-out>
         <system-err><![CDATA[]]></system-err>
      </testcase>
      <testcase name="Test Cases/68_Approved Training Providers Expandable Search Result" time="11.305" classname="Test Cases/68_Approved Training Providers Expandable Search Result" status="PASSED">
         <system-out><![CDATA[2022-07-12 23:38:24 - [TEST_CASE][PASSED] - Test Cases/68_Approved Training Providers Expandable Search Result: Test Cases/68_Approved Training Providers Expandable Search Result

2022-07-12 23:38:25 - [TEST_STEP][PASSED] - openBrowser(""): Browser is opened with url: ''

2022-07-12 23:38:25 - [MESSAGE][INFO] - Starting 'Chrome' driver

2022-07-12 23:38:25 - [MESSAGE][INFO] - Action delay is set to 0 milliseconds

2022-07-12 23:38:27 - [MESSAGE][PASSED] - Browser is opened with url: ''

2022-07-12 23:38:27 - [TEST_STEP][PASSED] - maximizeWindow(): Current window maximized

2022-07-12 23:38:27 - [MESSAGE][PASSED] - Current window maximized

2022-07-12 23:38:27 - [TEST_STEP][PASSED] - navigateToUrl("https://intra.stage.apps.labour.gov.on.ca/public-portal-qa/#/marketplace/course-search"): Navigate to 'https://intra.stage.apps.labour.gov.on.ca/public-portal-qa/#/marketplace/course-search' successfully

2022-07-12 23:38:30 - [MESSAGE][PASSED] - Navigate to 'https://intra.stage.apps.labour.gov.on.ca/public-portal-qa/#/marketplace/course-search' successfully

2022-07-12 23:38:30 - [TEST_STEP][PASSED] - verifyElementPresent(findTestObject("Object Repository/Page_PublicPortal/li_CPO Approved Courses"), 0): Object 'Object Repository/Page_PublicPortal/li_CPO Approved Courses' is present

2022-07-12 23:38:30 - [MESSAGE][WARNING] - Timeout '0' is invalid. Using default page load timeout: '30'

2022-07-12 23:38:32 - [MESSAGE][PASSED] - Object 'Object Repository/Page_PublicPortal/li_CPO Approved Courses' is present

2022-07-12 23:38:32 - [TEST_STEP][PASSED] - verifyElementClickable(findTestObject("Object Repository/Page_PublicPortal/li_CPO Approved Courses")): Object 'Object Repository/Page_PublicPortal/li_CPO Approved Courses' is clickable

2022-07-12 23:38:32 - [MESSAGE][PASSED] - Object 'Object Repository/Page_PublicPortal/li_CPO Approved Courses' is clickable

2022-07-12 23:38:32 - [TEST_STEP][PASSED] - click(findTestObject("Object Repository/Page_PublicPortal/li_Training Eligibility")): Object: 'Object Repository/Page_PublicPortal/li_Training Eligibility' is clicked on

2022-07-12 23:38:33 - [MESSAGE][PASSED] - Object: 'Object Repository/Page_PublicPortal/li_Training Eligibility' is clicked on

2022-07-12 23:38:33 - [TEST_STEP][PASSED] - click(findTestObject("Object Repository/Page_PublicPortal/li_CPO Approved Courses")): Object: 'Object Repository/Page_PublicPortal/li_CPO Approved Courses' is clicked on

2022-07-12 23:38:34 - [MESSAGE][PASSED] - Object: 'Object Repository/Page_PublicPortal/li_CPO Approved Courses' is clicked on

2022-07-12 23:38:34 - [TEST_STEP][PASSED] - verifyElementText(findTestObject("Object Repository/Page_PublicPortal/li_CPO Approved Courses"), "CPO Approved Courses"): Actual text and expected text of test object 'Object Repository/Page_PublicPortal/li_CPO Approved Courses' are matched.

2022-07-12 23:38:34 - [MESSAGE][PASSED] - Actual text and expected text of test object 'Object Repository/Page_PublicPortal/li_CPO Approved Courses' are matched.

2022-07-12 23:38:34 - [TEST_STEP][PASSED] - closeBrowser(): Browser is closed

2022-07-12 23:38:35 - [MESSAGE][PASSED] - Browser is closed]]></system-out>
         <system-err><![CDATA[]]></system-err>
      </testcase>
      <testcase name="Test Cases/69_Training Provider Tab Check worker eligibility Sidebar" time="12.539" classname="Test Cases/69_Training Provider Tab Check worker eligibility Sidebar" status="PASSED">
         <system-out><![CDATA[2022-07-12 23:38:35 - [TEST_CASE][PASSED] - Test Cases/69_Training Provider Tab Check worker eligibility Sidebar: Test Cases/69_Training Provider Tab Check worker eligibility Sidebar

2022-07-12 23:38:37 - [TEST_STEP][PASSED] - openBrowser(""): Browser is opened with url: ''

2022-07-12 23:38:37 - [MESSAGE][INFO] - Starting 'Chrome' driver

2022-07-12 23:38:37 - [MESSAGE][INFO] - Action delay is set to 0 milliseconds

2022-07-12 23:38:38 - [MESSAGE][PASSED] - Browser is opened with url: ''

2022-07-12 23:38:38 - [TEST_STEP][PASSED] - maximizeWindow(): Current window maximized

2022-07-12 23:38:39 - [MESSAGE][PASSED] - Current window maximized

2022-07-12 23:38:39 - [TEST_STEP][PASSED] - navigateToUrl("https://intra.stage.apps.labour.gov.on.ca/public-portal-qa/#/marketplace/course-search"): Navigate to 'https://intra.stage.apps.labour.gov.on.ca/public-portal-qa/#/marketplace/course-search' successfully

2022-07-12 23:38:42 - [MESSAGE][PASSED] - Navigate to 'https://intra.stage.apps.labour.gov.on.ca/public-portal-qa/#/marketplace/course-search' successfully

2022-07-12 23:38:42 - [TEST_STEP][PASSED] - verifyElementPresent(findTestObject("Object Repository/Page_PublicPortal/li_CPO Approved Courses"), 0): Object 'Object Repository/Page_PublicPortal/li_CPO Approved Courses' is present

2022-07-12 23:38:42 - [MESSAGE][WARNING] - Timeout '0' is invalid. Using default page load timeout: '30'

2022-07-12 23:38:44 - [MESSAGE][PASSED] - Object 'Object Repository/Page_PublicPortal/li_CPO Approved Courses' is present

2022-07-12 23:38:44 - [TEST_STEP][PASSED] - verifyElementClickable(findTestObject("Object Repository/Page_PublicPortal/li_CPO Approved Courses")): Object 'Object Repository/Page_PublicPortal/li_CPO Approved Courses' is clickable

2022-07-12 23:38:44 - [MESSAGE][PASSED] - Object 'Object Repository/Page_PublicPortal/li_CPO Approved Courses' is clickable

2022-07-12 23:38:44 - [TEST_STEP][PASSED] - click(findTestObject("Object Repository/Page_PublicPortal/li_Training Eligibility")): Object: 'Object Repository/Page_PublicPortal/li_Training Eligibility' is clicked on

2022-07-12 23:38:45 - [MESSAGE][PASSED] - Object: 'Object Repository/Page_PublicPortal/li_Training Eligibility' is clicked on

2022-07-12 23:38:45 - [TEST_STEP][PASSED] - click(findTestObject("Object Repository/Page_PublicPortal/li_CPO Approved Courses")): Object: 'Object Repository/Page_PublicPortal/li_CPO Approved Courses' is clicked on

2022-07-12 23:38:46 - [MESSAGE][PASSED] - Object: 'Object Repository/Page_PublicPortal/li_CPO Approved Courses' is clicked on

2022-07-12 23:38:46 - [TEST_STEP][PASSED] - verifyElementText(findTestObject("Object Repository/Page_PublicPortal/li_CPO Approved Courses"), "CPO Approved Courses"): Actual text and expected text of test object 'Object Repository/Page_PublicPortal/li_CPO Approved Courses' are matched.

2022-07-12 23:38:47 - [MESSAGE][PASSED] - Actual text and expected text of test object 'Object Repository/Page_PublicPortal/li_CPO Approved Courses' are matched.

2022-07-12 23:38:47 - [TEST_STEP][PASSED] - closeBrowser(): Browser is closed

2022-07-12 23:38:47 - [MESSAGE][PASSED] - Browser is closed]]></system-out>
         <system-err><![CDATA[]]></system-err>
      </testcase>
      <testcase name="Test Cases/70_Training Provider Tab Training Delivery Formats Sidebar" time="11.847" classname="Test Cases/70_Training Provider Tab Training Delivery Formats Sidebar" status="PASSED">
         <system-out><![CDATA[2022-07-12 23:38:47 - [TEST_CASE][PASSED] - Test Cases/70_Training Provider Tab Training Delivery Formats Sidebar: Test Cases/70_Training Provider Tab Training Delivery Formats Sidebar

2022-07-12 23:38:49 - [TEST_STEP][PASSED] - openBrowser(""): Browser is opened with url: ''

2022-07-12 23:38:49 - [MESSAGE][INFO] - Starting 'Chrome' driver

2022-07-12 23:38:49 - [MESSAGE][INFO] - Action delay is set to 0 milliseconds

2022-07-12 23:38:51 - [MESSAGE][PASSED] - Browser is opened with url: ''

2022-07-12 23:38:51 - [TEST_STEP][PASSED] - maximizeWindow(): Current window maximized

2022-07-12 23:38:51 - [MESSAGE][PASSED] - Current window maximized

2022-07-12 23:38:51 - [TEST_STEP][PASSED] - navigateToUrl("https://intra.stage.apps.labour.gov.on.ca/public-portal-qa/#/marketplace/course-search"): Navigate to 'https://intra.stage.apps.labour.gov.on.ca/public-portal-qa/#/marketplace/course-search' successfully

2022-07-12 23:38:54 - [MESSAGE][PASSED] - Navigate to 'https://intra.stage.apps.labour.gov.on.ca/public-portal-qa/#/marketplace/course-search' successfully

2022-07-12 23:38:54 - [TEST_STEP][PASSED] - verifyElementPresent(findTestObject("Object Repository/Page_PublicPortal/li_CPO Approved Courses"), 0): Object 'Object Repository/Page_PublicPortal/li_CPO Approved Courses' is present

2022-07-12 23:38:54 - [MESSAGE][WARNING] - Timeout '0' is invalid. Using default page load timeout: '30'

2022-07-12 23:38:55 - [MESSAGE][PASSED] - Object 'Object Repository/Page_PublicPortal/li_CPO Approved Courses' is present

2022-07-12 23:38:55 - [TEST_STEP][PASSED] - verifyElementClickable(findTestObject("Object Repository/Page_PublicPortal/li_CPO Approved Courses")): Object 'Object Repository/Page_PublicPortal/li_CPO Approved Courses' is clickable

2022-07-12 23:38:56 - [MESSAGE][PASSED] - Object 'Object Repository/Page_PublicPortal/li_CPO Approved Courses' is clickable

2022-07-12 23:38:56 - [TEST_STEP][PASSED] - click(findTestObject("Object Repository/Page_PublicPortal/li_Training Eligibility")): Object: 'Object Repository/Page_PublicPortal/li_Training Eligibility' is clicked on

2022-07-12 23:38:57 - [MESSAGE][PASSED] - Object: 'Object Repository/Page_PublicPortal/li_Training Eligibility' is clicked on

2022-07-12 23:38:57 - [TEST_STEP][PASSED] - click(findTestObject("Object Repository/Page_PublicPortal/li_CPO Approved Courses")): Object: 'Object Repository/Page_PublicPortal/li_CPO Approved Courses' is clicked on

2022-07-12 23:38:58 - [MESSAGE][PASSED] - Object: 'Object Repository/Page_PublicPortal/li_CPO Approved Courses' is clicked on

2022-07-12 23:38:58 - [TEST_STEP][PASSED] - verifyElementText(findTestObject("Object Repository/Page_PublicPortal/li_CPO Approved Courses"), "CPO Approved Courses"): Actual text and expected text of test object 'Object Repository/Page_PublicPortal/li_CPO Approved Courses' are matched.

2022-07-12 23:38:58 - [MESSAGE][PASSED] - Actual text and expected text of test object 'Object Repository/Page_PublicPortal/li_CPO Approved Courses' are matched.

2022-07-12 23:38:58 - [TEST_STEP][PASSED] - closeBrowser(): Browser is closed

2022-07-12 23:38:59 - [MESSAGE][PASSED] - Browser is closed]]></system-out>
         <system-err><![CDATA[]]></system-err>
      </testcase>
      <testcase name="Test Cases/71_Training Provider Tab Providers support to SOSE program Sidebar" time="12.814" classname="Test Cases/71_Training Provider Tab Providers support to SOSE program Sidebar" status="PASSED">
         <system-out><![CDATA[2022-07-12 23:38:59 - [TEST_CASE][PASSED] - Test Cases/71_Training Provider Tab Providers support to SOSE program Sidebar: Test Cases/71_Training Provider Tab Providers support to SOSE program Sidebar

2022-07-12 23:39:00 - [TEST_STEP][PASSED] - openBrowser(""): Browser is opened with url: ''

2022-07-12 23:39:00 - [MESSAGE][INFO] - Starting 'Chrome' driver

2022-07-12 23:39:00 - [MESSAGE][INFO] - Action delay is set to 0 milliseconds

2022-07-12 23:39:03 - [MESSAGE][PASSED] - Browser is opened with url: ''

2022-07-12 23:39:03 - [TEST_STEP][PASSED] - maximizeWindow(): Current window maximized

2022-07-12 23:39:03 - [MESSAGE][PASSED] - Current window maximized

2022-07-12 23:39:03 - [TEST_STEP][PASSED] - navigateToUrl("https://intra.stage.apps.labour.gov.on.ca/public-portal-qa/#/marketplace/course-search"): Navigate to 'https://intra.stage.apps.labour.gov.on.ca/public-portal-qa/#/marketplace/course-search' successfully

2022-07-12 23:39:05 - [MESSAGE][PASSED] - Navigate to 'https://intra.stage.apps.labour.gov.on.ca/public-portal-qa/#/marketplace/course-search' successfully

2022-07-12 23:39:05 - [TEST_STEP][PASSED] - verifyElementPresent(findTestObject("Object Repository/Page_PublicPortal/li_CPO Approved Courses"), 0): Object 'Object Repository/Page_PublicPortal/li_CPO Approved Courses' is present

2022-07-12 23:39:06 - [MESSAGE][WARNING] - Timeout '0' is invalid. Using default page load timeout: '30'

2022-07-12 23:39:07 - [MESSAGE][PASSED] - Object 'Object Repository/Page_PublicPortal/li_CPO Approved Courses' is present

2022-07-12 23:39:07 - [TEST_STEP][PASSED] - verifyElementClickable(findTestObject("Object Repository/Page_PublicPortal/li_CPO Approved Courses")): Object 'Object Repository/Page_PublicPortal/li_CPO Approved Courses' is clickable

2022-07-12 23:39:08 - [MESSAGE][PASSED] - Object 'Object Repository/Page_PublicPortal/li_CPO Approved Courses' is clickable

2022-07-12 23:39:08 - [TEST_STEP][PASSED] - click(findTestObject("Object Repository/Page_PublicPortal/li_Training Eligibility")): Object: 'Object Repository/Page_PublicPortal/li_Training Eligibility' is clicked on

2022-07-12 23:39:09 - [MESSAGE][PASSED] - Object: 'Object Repository/Page_PublicPortal/li_Training Eligibility' is clicked on

2022-07-12 23:39:09 - [TEST_STEP][PASSED] - click(findTestObject("Object Repository/Page_PublicPortal/li_CPO Approved Courses")): Object: 'Object Repository/Page_PublicPortal/li_CPO Approved Courses' is clicked on

2022-07-12 23:39:10 - [MESSAGE][PASSED] - Object: 'Object Repository/Page_PublicPortal/li_CPO Approved Courses' is clicked on

2022-07-12 23:39:10 - [TEST_STEP][PASSED] - verifyElementText(findTestObject("Object Repository/Page_PublicPortal/li_CPO Approved Courses"), "CPO Approved Courses"): Actual text and expected text of test object 'Object Repository/Page_PublicPortal/li_CPO Approved Courses' are matched.

2022-07-12 23:39:11 - [MESSAGE][PASSED] - Actual text and expected text of test object 'Object Repository/Page_PublicPortal/li_CPO Approved Courses' are matched.

2022-07-12 23:39:11 - [TEST_STEP][PASSED] - closeBrowser(): Browser is closed

2022-07-12 23:39:12 - [MESSAGE][PASSED] - Browser is closed]]></system-out>
         <system-err><![CDATA[]]></system-err>
      </testcase>
      <testcase name="Test Cases/72_TP Onboarding Application to Create an Account Page Step 1 Icon" time="12.081" classname="Test Cases/72_TP Onboarding Application to Create an Account Page Step 1 Icon" status="PASSED">
         <system-out><![CDATA[2022-07-12 23:39:12 - [TEST_CASE][PASSED] - Test Cases/72_TP Onboarding Application to Create an Account Page Step 1 Icon: Test Cases/72_TP Onboarding Application to Create an Account Page Step 1 Icon

2022-07-12 23:39:14 - [TEST_STEP][PASSED] - openBrowser(""): Browser is opened with url: ''

2022-07-12 23:39:14 - [MESSAGE][INFO] - Starting 'Chrome' driver

2022-07-12 23:39:14 - [MESSAGE][INFO] - Action delay is set to 0 milliseconds

2022-07-12 23:39:16 - [MESSAGE][PASSED] - Browser is opened with url: ''

2022-07-12 23:39:16 - [TEST_STEP][PASSED] - maximizeWindow(): Current window maximized

2022-07-12 23:39:17 - [MESSAGE][PASSED] - Current window maximized

2022-07-12 23:39:17 - [TEST_STEP][PASSED] - navigateToUrl("https://intra.stage.apps.labour.gov.on.ca/public-portal-qa/#/marketplace/course-search"): Navigate to 'https://intra.stage.apps.labour.gov.on.ca/public-portal-qa/#/marketplace/course-search' successfully

2022-07-12 23:39:20 - [MESSAGE][PASSED] - Navigate to 'https://intra.stage.apps.labour.gov.on.ca/public-portal-qa/#/marketplace/course-search' successfully

2022-07-12 23:39:20 - [TEST_STEP][PASSED] - verifyElementPresent(findTestObject("Object Repository/Page_PublicPortal/li_CPO Approved Courses"), 0): Object 'Object Repository/Page_PublicPortal/li_CPO Approved Courses' is present

2022-07-12 23:39:20 - [MESSAGE][WARNING] - Timeout '0' is invalid. Using default page load timeout: '30'

2022-07-12 23:39:21 - [MESSAGE][PASSED] - Object 'Object Repository/Page_PublicPortal/li_CPO Approved Courses' is present

2022-07-12 23:39:21 - [TEST_STEP][PASSED] - verifyElementClickable(findTestObject("Object Repository/Page_PublicPortal/li_CPO Approved Courses")): Object 'Object Repository/Page_PublicPortal/li_CPO Approved Courses' is clickable

2022-07-12 23:39:21 - [MESSAGE][PASSED] - Object 'Object Repository/Page_PublicPortal/li_CPO Approved Courses' is clickable

2022-07-12 23:39:21 - [TEST_STEP][PASSED] - click(findTestObject("Object Repository/Page_PublicPortal/li_Training Eligibility")): Object: 'Object Repository/Page_PublicPortal/li_Training Eligibility' is clicked on

2022-07-12 23:39:22 - [MESSAGE][PASSED] - Object: 'Object Repository/Page_PublicPortal/li_Training Eligibility' is clicked on

2022-07-12 23:39:22 - [TEST_STEP][PASSED] - click(findTestObject("Object Repository/Page_PublicPortal/li_CPO Approved Courses")): Object: 'Object Repository/Page_PublicPortal/li_CPO Approved Courses' is clicked on

2022-07-12 23:39:23 - [MESSAGE][PASSED] - Object: 'Object Repository/Page_PublicPortal/li_CPO Approved Courses' is clicked on

2022-07-12 23:39:23 - [TEST_STEP][PASSED] - verifyElementText(findTestObject("Object Repository/Page_PublicPortal/li_CPO Approved Courses"), "CPO Approved Courses"): Actual text and expected text of test object 'Object Repository/Page_PublicPortal/li_CPO Approved Courses' are matched.

2022-07-12 23:39:23 - [MESSAGE][PASSED] - Actual text and expected text of test object 'Object Repository/Page_PublicPortal/li_CPO Approved Courses' are matched.

2022-07-12 23:39:23 - [TEST_STEP][PASSED] - closeBrowser(): Browser is closed

2022-07-12 23:39:24 - [MESSAGE][PASSED] - Browser is closed]]></system-out>
         <system-err><![CDATA[]]></system-err>
      </testcase>
      <testcase name="Test Cases/74_TP Onboarding Applicant Contact Information Section" time="9.864" classname="Test Cases/74_TP Onboarding Applicant Contact Information Section" status="PASSED">
         <system-out><![CDATA[2022-07-12 23:39:24 - [TEST_CASE][PASSED] - Test Cases/74_TP Onboarding Applicant Contact Information Section: Test Cases/74_TP Onboarding Applicant Contact Information Section

2022-07-12 23:39:26 - [TEST_STEP][PASSED] - openBrowser(""): Browser is opened with url: ''

2022-07-12 23:39:26 - [MESSAGE][INFO] - Starting 'Chrome' driver

2022-07-12 23:39:26 - [MESSAGE][INFO] - Action delay is set to 0 milliseconds

2022-07-12 23:39:27 - [MESSAGE][PASSED] - Browser is opened with url: ''

2022-07-12 23:39:27 - [TEST_STEP][PASSED] - maximizeWindow(): Current window maximized

2022-07-12 23:39:27 - [MESSAGE][PASSED] - Current window maximized

2022-07-12 23:39:27 - [TEST_STEP][PASSED] - navigateToUrl("https://intra.stage.apps.labour.gov.on.ca/public-portal-qa/#/marketplace/course-search"): Navigate to 'https://intra.stage.apps.labour.gov.on.ca/public-portal-qa/#/marketplace/course-search' successfully

2022-07-12 23:39:30 - [MESSAGE][PASSED] - Navigate to 'https://intra.stage.apps.labour.gov.on.ca/public-portal-qa/#/marketplace/course-search' successfully

2022-07-12 23:39:30 - [TEST_STEP][PASSED] - verifyElementPresent(findTestObject("Object Repository/Page_PublicPortal/li_CPO Approved Courses"), 0): Object 'Object Repository/Page_PublicPortal/li_CPO Approved Courses' is present

2022-07-12 23:39:30 - [MESSAGE][WARNING] - Timeout '0' is invalid. Using default page load timeout: '30'

2022-07-12 23:39:31 - [MESSAGE][PASSED] - Object 'Object Repository/Page_PublicPortal/li_CPO Approved Courses' is present

2022-07-12 23:39:31 - [TEST_STEP][PASSED] - verifyElementClickable(findTestObject("Object Repository/Page_PublicPortal/li_CPO Approved Courses")): Object 'Object Repository/Page_PublicPortal/li_CPO Approved Courses' is clickable

2022-07-12 23:39:31 - [MESSAGE][PASSED] - Object 'Object Repository/Page_PublicPortal/li_CPO Approved Courses' is clickable

2022-07-12 23:39:31 - [TEST_STEP][PASSED] - click(findTestObject("Object Repository/Page_PublicPortal/li_Training Eligibility")): Object: 'Object Repository/Page_PublicPortal/li_Training Eligibility' is clicked on

2022-07-12 23:39:32 - [MESSAGE][PASSED] - Object: 'Object Repository/Page_PublicPortal/li_Training Eligibility' is clicked on

2022-07-12 23:39:32 - [TEST_STEP][PASSED] - click(findTestObject("Object Repository/Page_PublicPortal/li_CPO Approved Courses")): Object: 'Object Repository/Page_PublicPortal/li_CPO Approved Courses' is clicked on

2022-07-12 23:39:33 - [MESSAGE][PASSED] - Object: 'Object Repository/Page_PublicPortal/li_CPO Approved Courses' is clicked on

2022-07-12 23:39:33 - [TEST_STEP][PASSED] - verifyElementText(findTestObject("Object Repository/Page_PublicPortal/li_CPO Approved Courses"), "CPO Approved Courses"): Actual text and expected text of test object 'Object Repository/Page_PublicPortal/li_CPO Approved Courses' are matched.

2022-07-12 23:39:33 - [MESSAGE][PASSED] - Actual text and expected text of test object 'Object Repository/Page_PublicPortal/li_CPO Approved Courses' are matched.

2022-07-12 23:39:33 - [TEST_STEP][PASSED] - closeBrowser(): Browser is closed

2022-07-12 23:39:34 - [MESSAGE][PASSED] - Browser is closed]]></system-out>
         <system-err><![CDATA[]]></system-err>
      </testcase>
      <testcase name="Test Cases/73_TP Onboarding Designated Signing Authority Question" time="10.247" classname="Test Cases/73_TP Onboarding Designated Signing Authority Question" status="PASSED">
         <system-out><![CDATA[2022-07-12 23:39:34 - [TEST_CASE][PASSED] - Test Cases/73_TP Onboarding Designated Signing Authority Question: Test Cases/73_TP Onboarding Designated Signing Authority Question

2022-07-12 23:39:35 - [TEST_STEP][PASSED] - openBrowser(""): Browser is opened with url: ''

2022-07-12 23:39:35 - [MESSAGE][INFO] - Starting 'Chrome' driver

2022-07-12 23:39:35 - [MESSAGE][INFO] - Action delay is set to 0 milliseconds

2022-07-12 23:39:37 - [MESSAGE][PASSED] - Browser is opened with url: ''

2022-07-12 23:39:37 - [TEST_STEP][PASSED] - maximizeWindow(): Current window maximized

2022-07-12 23:39:37 - [MESSAGE][PASSED] - Current window maximized

2022-07-12 23:39:37 - [TEST_STEP][PASSED] - navigateToUrl("https://intra.stage.apps.labour.gov.on.ca/public-portal-qa/#/marketplace/course-search"): Navigate to 'https://intra.stage.apps.labour.gov.on.ca/public-portal-qa/#/marketplace/course-search' successfully

2022-07-12 23:39:40 - [MESSAGE][PASSED] - Navigate to 'https://intra.stage.apps.labour.gov.on.ca/public-portal-qa/#/marketplace/course-search' successfully

2022-07-12 23:39:40 - [TEST_STEP][PASSED] - verifyElementPresent(findTestObject("Object Repository/Page_PublicPortal/li_CPO Approved Courses"), 0): Object 'Object Repository/Page_PublicPortal/li_CPO Approved Courses' is present

2022-07-12 23:39:40 - [MESSAGE][WARNING] - Timeout '0' is invalid. Using default page load timeout: '30'

2022-07-12 23:39:41 - [MESSAGE][PASSED] - Object 'Object Repository/Page_PublicPortal/li_CPO Approved Courses' is present

2022-07-12 23:39:41 - [TEST_STEP][PASSED] - verifyElementClickable(findTestObject("Object Repository/Page_PublicPortal/li_CPO Approved Courses")): Object 'Object Repository/Page_PublicPortal/li_CPO Approved Courses' is clickable

2022-07-12 23:39:41 - [MESSAGE][PASSED] - Object 'Object Repository/Page_PublicPortal/li_CPO Approved Courses' is clickable

2022-07-12 23:39:41 - [TEST_STEP][PASSED] - click(findTestObject("Object Repository/Page_PublicPortal/li_Training Eligibility")): Object: 'Object Repository/Page_PublicPortal/li_Training Eligibility' is clicked on

2022-07-12 23:39:42 - [MESSAGE][PASSED] - Object: 'Object Repository/Page_PublicPortal/li_Training Eligibility' is clicked on

2022-07-12 23:39:42 - [TEST_STEP][PASSED] - click(findTestObject("Object Repository/Page_PublicPortal/li_CPO Approved Courses")): Object: 'Object Repository/Page_PublicPortal/li_CPO Approved Courses' is clicked on

2022-07-12 23:39:43 - [MESSAGE][PASSED] - Object: 'Object Repository/Page_PublicPortal/li_CPO Approved Courses' is clicked on

2022-07-12 23:39:43 - [TEST_STEP][PASSED] - verifyElementText(findTestObject("Object Repository/Page_PublicPortal/li_CPO Approved Courses"), "CPO Approved Courses"): Actual text and expected text of test object 'Object Repository/Page_PublicPortal/li_CPO Approved Courses' are matched.

2022-07-12 23:39:44 - [MESSAGE][PASSED] - Actual text and expected text of test object 'Object Repository/Page_PublicPortal/li_CPO Approved Courses' are matched.

2022-07-12 23:39:44 - [TEST_STEP][PASSED] - closeBrowser(): Browser is closed

2022-07-12 23:39:44 - [MESSAGE][PASSED] - Browser is closed]]></system-out>
         <system-err><![CDATA[]]></system-err>
      </testcase>
      <testcase name="Test Cases/75_TP Onboarding Add Alternate Signing Authority" time="9.666" classname="Test Cases/75_TP Onboarding Add Alternate Signing Authority" status="PASSED">
         <system-out><![CDATA[2022-07-12 23:39:44 - [TEST_CASE][PASSED] - Test Cases/75_TP Onboarding Add Alternate Signing Authority: Test Cases/75_TP Onboarding Add Alternate Signing Authority

2022-07-12 23:39:46 - [TEST_STEP][PASSED] - openBrowser(""): Browser is opened with url: ''

2022-07-12 23:39:46 - [MESSAGE][INFO] - Starting 'Chrome' driver

2022-07-12 23:39:46 - [MESSAGE][INFO] - Action delay is set to 0 milliseconds

2022-07-12 23:39:47 - [MESSAGE][PASSED] - Browser is opened with url: ''

2022-07-12 23:39:47 - [TEST_STEP][PASSED] - maximizeWindow(): Current window maximized

2022-07-12 23:39:47 - [MESSAGE][PASSED] - Current window maximized

2022-07-12 23:39:47 - [TEST_STEP][PASSED] - navigateToUrl("https://intra.stage.apps.labour.gov.on.ca/public-portal-qa/#/marketplace/course-search"): Navigate to 'https://intra.stage.apps.labour.gov.on.ca/public-portal-qa/#/marketplace/course-search' successfully

2022-07-12 23:39:50 - [MESSAGE][PASSED] - Navigate to 'https://intra.stage.apps.labour.gov.on.ca/public-portal-qa/#/marketplace/course-search' successfully

2022-07-12 23:39:50 - [TEST_STEP][PASSED] - verifyElementPresent(findTestObject("Object Repository/Page_PublicPortal/li_CPO Approved Courses"), 0): Object 'Object Repository/Page_PublicPortal/li_CPO Approved Courses' is present

2022-07-12 23:39:50 - [MESSAGE][WARNING] - Timeout '0' is invalid. Using default page load timeout: '30'

2022-07-12 23:39:51 - [MESSAGE][PASSED] - Object 'Object Repository/Page_PublicPortal/li_CPO Approved Courses' is present

2022-07-12 23:39:51 - [TEST_STEP][PASSED] - verifyElementClickable(findTestObject("Object Repository/Page_PublicPortal/li_CPO Approved Courses")): Object 'Object Repository/Page_PublicPortal/li_CPO Approved Courses' is clickable

2022-07-12 23:39:51 - [MESSAGE][PASSED] - Object 'Object Repository/Page_PublicPortal/li_CPO Approved Courses' is clickable

2022-07-12 23:39:51 - [TEST_STEP][PASSED] - click(findTestObject("Object Repository/Page_PublicPortal/li_Training Eligibility")): Object: 'Object Repository/Page_PublicPortal/li_Training Eligibility' is clicked on

2022-07-12 23:39:52 - [MESSAGE][PASSED] - Object: 'Object Repository/Page_PublicPortal/li_Training Eligibility' is clicked on

2022-07-12 23:39:52 - [TEST_STEP][PASSED] - click(findTestObject("Object Repository/Page_PublicPortal/li_CPO Approved Courses")): Object: 'Object Repository/Page_PublicPortal/li_CPO Approved Courses' is clicked on

2022-07-12 23:39:53 - [MESSAGE][PASSED] - Object: 'Object Repository/Page_PublicPortal/li_CPO Approved Courses' is clicked on

2022-07-12 23:39:53 - [TEST_STEP][PASSED] - verifyElementText(findTestObject("Object Repository/Page_PublicPortal/li_CPO Approved Courses"), "CPO Approved Courses"): Actual text and expected text of test object 'Object Repository/Page_PublicPortal/li_CPO Approved Courses' are matched.

2022-07-12 23:39:53 - [MESSAGE][PASSED] - Actual text and expected text of test object 'Object Repository/Page_PublicPortal/li_CPO Approved Courses' are matched.

2022-07-12 23:39:53 - [TEST_STEP][PASSED] - closeBrowser(): Browser is closed

2022-07-12 23:39:54 - [MESSAGE][PASSED] - Browser is closed]]></system-out>
         <system-err><![CDATA[]]></system-err>
      </testcase>
      <testcase name="Test Cases/76_TP Onboarding Add Designated Signing Authority Information" time="9.589" classname="Test Cases/76_TP Onboarding Add Designated Signing Authority Information" status="PASSED">
         <system-out><![CDATA[2022-07-12 23:39:54 - [TEST_CASE][PASSED] - Test Cases/76_TP Onboarding Add Designated Signing Authority Information: Test Cases/76_TP Onboarding Add Designated Signing Authority Information

2022-07-12 23:39:56 - [TEST_STEP][PASSED] - openBrowser(""): Browser is opened with url: ''

2022-07-12 23:39:56 - [MESSAGE][INFO] - Starting 'Chrome' driver

2022-07-12 23:39:56 - [MESSAGE][INFO] - Action delay is set to 0 milliseconds

2022-07-12 23:39:57 - [MESSAGE][PASSED] - Browser is opened with url: ''

2022-07-12 23:39:57 - [TEST_STEP][PASSED] - maximizeWindow(): Current window maximized

2022-07-12 23:39:57 - [MESSAGE][PASSED] - Current window maximized

2022-07-12 23:39:57 - [TEST_STEP][PASSED] - navigateToUrl("https://intra.stage.apps.labour.gov.on.ca/public-portal-qa/#/marketplace/course-search"): Navigate to 'https://intra.stage.apps.labour.gov.on.ca/public-portal-qa/#/marketplace/course-search' successfully

2022-07-12 23:40:00 - [MESSAGE][PASSED] - Navigate to 'https://intra.stage.apps.labour.gov.on.ca/public-portal-qa/#/marketplace/course-search' successfully

2022-07-12 23:40:00 - [TEST_STEP][PASSED] - verifyElementPresent(findTestObject("Object Repository/Page_PublicPortal/li_CPO Approved Courses"), 0): Object 'Object Repository/Page_PublicPortal/li_CPO Approved Courses' is present

2022-07-12 23:40:00 - [MESSAGE][WARNING] - Timeout '0' is invalid. Using default page load timeout: '30'

2022-07-12 23:40:01 - [MESSAGE][PASSED] - Object 'Object Repository/Page_PublicPortal/li_CPO Approved Courses' is present

2022-07-12 23:40:01 - [TEST_STEP][PASSED] - verifyElementClickable(findTestObject("Object Repository/Page_PublicPortal/li_CPO Approved Courses")): Object 'Object Repository/Page_PublicPortal/li_CPO Approved Courses' is clickable

2022-07-12 23:40:01 - [MESSAGE][PASSED] - Object 'Object Repository/Page_PublicPortal/li_CPO Approved Courses' is clickable

2022-07-12 23:40:01 - [TEST_STEP][PASSED] - click(findTestObject("Object Repository/Page_PublicPortal/li_Training Eligibility")): Object: 'Object Repository/Page_PublicPortal/li_Training Eligibility' is clicked on

2022-07-12 23:40:02 - [MESSAGE][PASSED] - Object: 'Object Repository/Page_PublicPortal/li_Training Eligibility' is clicked on

2022-07-12 23:40:02 - [TEST_STEP][PASSED] - click(findTestObject("Object Repository/Page_PublicPortal/li_CPO Approved Courses")): Object: 'Object Repository/Page_PublicPortal/li_CPO Approved Courses' is clicked on

2022-07-12 23:40:02 - [MESSAGE][PASSED] - Object: 'Object Repository/Page_PublicPortal/li_CPO Approved Courses' is clicked on

2022-07-12 23:40:02 - [TEST_STEP][PASSED] - verifyElementText(findTestObject("Object Repository/Page_PublicPortal/li_CPO Approved Courses"), "CPO Approved Courses"): Actual text and expected text of test object 'Object Repository/Page_PublicPortal/li_CPO Approved Courses' are matched.

2022-07-12 23:40:03 - [MESSAGE][PASSED] - Actual text and expected text of test object 'Object Repository/Page_PublicPortal/li_CPO Approved Courses' are matched.

2022-07-12 23:40:03 - [TEST_STEP][PASSED] - closeBrowser(): Browser is closed

2022-07-12 23:40:04 - [MESSAGE][PASSED] - Browser is closed]]></system-out>
         <system-err><![CDATA[]]></system-err>
      </testcase>
      <testcase name="Test Cases/77_TP Onboarding Applicant Business Information Section" time="9.847" classname="Test Cases/77_TP Onboarding Applicant Business Information Section" status="PASSED">
         <system-out><![CDATA[2022-07-12 23:40:04 - [TEST_CASE][PASSED] - Test Cases/77_TP Onboarding Applicant Business Information Section: Test Cases/77_TP Onboarding Applicant Business Information Section

2022-07-12 23:40:05 - [TEST_STEP][PASSED] - openBrowser(""): Browser is opened with url: ''

2022-07-12 23:40:05 - [MESSAGE][INFO] - Starting 'Chrome' driver

2022-07-12 23:40:05 - [MESSAGE][INFO] - Action delay is set to 0 milliseconds

2022-07-12 23:40:06 - [MESSAGE][PASSED] - Browser is opened with url: ''

2022-07-12 23:40:06 - [TEST_STEP][PASSED] - maximizeWindow(): Current window maximized

2022-07-12 23:40:07 - [MESSAGE][PASSED] - Current window maximized

2022-07-12 23:40:07 - [TEST_STEP][PASSED] - navigateToUrl("https://intra.stage.apps.labour.gov.on.ca/public-portal-qa/#/marketplace/course-search"): Navigate to 'https://intra.stage.apps.labour.gov.on.ca/public-portal-qa/#/marketplace/course-search' successfully

2022-07-12 23:40:09 - [MESSAGE][PASSED] - Navigate to 'https://intra.stage.apps.labour.gov.on.ca/public-portal-qa/#/marketplace/course-search' successfully

2022-07-12 23:40:09 - [TEST_STEP][PASSED] - verifyElementPresent(findTestObject("Object Repository/Page_PublicPortal/li_CPO Approved Courses"), 0): Object 'Object Repository/Page_PublicPortal/li_CPO Approved Courses' is present

2022-07-12 23:40:09 - [MESSAGE][WARNING] - Timeout '0' is invalid. Using default page load timeout: '30'

2022-07-12 23:40:10 - [MESSAGE][PASSED] - Object 'Object Repository/Page_PublicPortal/li_CPO Approved Courses' is present

2022-07-12 23:40:10 - [TEST_STEP][PASSED] - verifyElementClickable(findTestObject("Object Repository/Page_PublicPortal/li_CPO Approved Courses")): Object 'Object Repository/Page_PublicPortal/li_CPO Approved Courses' is clickable

2022-07-12 23:40:10 - [MESSAGE][PASSED] - Object 'Object Repository/Page_PublicPortal/li_CPO Approved Courses' is clickable

2022-07-12 23:40:10 - [TEST_STEP][PASSED] - click(findTestObject("Object Repository/Page_PublicPortal/li_Training Eligibility")): Object: 'Object Repository/Page_PublicPortal/li_Training Eligibility' is clicked on

2022-07-12 23:40:11 - [MESSAGE][PASSED] - Object: 'Object Repository/Page_PublicPortal/li_Training Eligibility' is clicked on

2022-07-12 23:40:11 - [TEST_STEP][PASSED] - click(findTestObject("Object Repository/Page_PublicPortal/li_CPO Approved Courses")): Object: 'Object Repository/Page_PublicPortal/li_CPO Approved Courses' is clicked on

2022-07-12 23:40:12 - [MESSAGE][PASSED] - Object: 'Object Repository/Page_PublicPortal/li_CPO Approved Courses' is clicked on

2022-07-12 23:40:12 - [TEST_STEP][PASSED] - verifyElementText(findTestObject("Object Repository/Page_PublicPortal/li_CPO Approved Courses"), "CPO Approved Courses"): Actual text and expected text of test object 'Object Repository/Page_PublicPortal/li_CPO Approved Courses' are matched.

2022-07-12 23:40:13 - [MESSAGE][PASSED] - Actual text and expected text of test object 'Object Repository/Page_PublicPortal/li_CPO Approved Courses' are matched.

2022-07-12 23:40:13 - [TEST_STEP][PASSED] - closeBrowser(): Browser is closed

2022-07-12 23:40:14 - [MESSAGE][PASSED] - Browser is closed]]></system-out>
         <system-err><![CDATA[]]></system-err>
      </testcase>
      <testcase name="Test Cases/78_TP Onboarding Training Delivery Information Section" time="9.971" classname="Test Cases/78_TP Onboarding Training Delivery Information Section" status="PASSED">
         <system-out><![CDATA[2022-07-12 23:40:14 - [TEST_CASE][PASSED] - Test Cases/78_TP Onboarding Training Delivery Information Section: Test Cases/78_TP Onboarding Training Delivery Information Section

2022-07-12 23:40:15 - [TEST_STEP][PASSED] - openBrowser(""): Browser is opened with url: ''

2022-07-12 23:40:15 - [MESSAGE][INFO] - Starting 'Chrome' driver

2022-07-12 23:40:15 - [MESSAGE][INFO] - Action delay is set to 0 milliseconds

2022-07-12 23:40:17 - [MESSAGE][PASSED] - Browser is opened with url: ''

2022-07-12 23:40:17 - [TEST_STEP][PASSED] - maximizeWindow(): Current window maximized

2022-07-12 23:40:17 - [MESSAGE][PASSED] - Current window maximized

2022-07-12 23:40:17 - [TEST_STEP][PASSED] - navigateToUrl("https://intra.stage.apps.labour.gov.on.ca/public-portal-qa/#/marketplace/course-search"): Navigate to 'https://intra.stage.apps.labour.gov.on.ca/public-portal-qa/#/marketplace/course-search' successfully

2022-07-12 23:40:19 - [MESSAGE][PASSED] - Navigate to 'https://intra.stage.apps.labour.gov.on.ca/public-portal-qa/#/marketplace/course-search' successfully

2022-07-12 23:40:19 - [TEST_STEP][PASSED] - verifyElementPresent(findTestObject("Object Repository/Page_PublicPortal/li_CPO Approved Courses"), 0): Object 'Object Repository/Page_PublicPortal/li_CPO Approved Courses' is present

2022-07-12 23:40:19 - [MESSAGE][WARNING] - Timeout '0' is invalid. Using default page load timeout: '30'

2022-07-12 23:40:20 - [MESSAGE][PASSED] - Object 'Object Repository/Page_PublicPortal/li_CPO Approved Courses' is present

2022-07-12 23:40:20 - [TEST_STEP][PASSED] - verifyElementClickable(findTestObject("Object Repository/Page_PublicPortal/li_CPO Approved Courses")): Object 'Object Repository/Page_PublicPortal/li_CPO Approved Courses' is clickable

2022-07-12 23:40:20 - [MESSAGE][PASSED] - Object 'Object Repository/Page_PublicPortal/li_CPO Approved Courses' is clickable

2022-07-12 23:40:20 - [TEST_STEP][PASSED] - click(findTestObject("Object Repository/Page_PublicPortal/li_Training Eligibility")): Object: 'Object Repository/Page_PublicPortal/li_Training Eligibility' is clicked on

2022-07-12 23:40:21 - [MESSAGE][PASSED] - Object: 'Object Repository/Page_PublicPortal/li_Training Eligibility' is clicked on

2022-07-12 23:40:21 - [TEST_STEP][PASSED] - click(findTestObject("Object Repository/Page_PublicPortal/li_CPO Approved Courses")): Object: 'Object Repository/Page_PublicPortal/li_CPO Approved Courses' is clicked on

2022-07-12 23:40:22 - [MESSAGE][PASSED] - Object: 'Object Repository/Page_PublicPortal/li_CPO Approved Courses' is clicked on

2022-07-12 23:40:22 - [TEST_STEP][PASSED] - verifyElementText(findTestObject("Object Repository/Page_PublicPortal/li_CPO Approved Courses"), "CPO Approved Courses"): Actual text and expected text of test object 'Object Repository/Page_PublicPortal/li_CPO Approved Courses' are matched.

2022-07-12 23:40:23 - [MESSAGE][PASSED] - Actual text and expected text of test object 'Object Repository/Page_PublicPortal/li_CPO Approved Courses' are matched.

2022-07-12 23:40:23 - [TEST_STEP][PASSED] - closeBrowser(): Browser is closed

2022-07-12 23:40:24 - [MESSAGE][PASSED] - Browser is closed]]></system-out>
         <system-err><![CDATA[]]></system-err>
      </testcase>
      <testcase name="Test Cases/79_TP Onboarding Other MLTSD Programs Section" time="9.822" classname="Test Cases/79_TP Onboarding Other MLTSD Programs Section" status="PASSED">
         <system-out><![CDATA[2022-07-12 23:40:24 - [TEST_CASE][PASSED] - Test Cases/79_TP Onboarding Other MLTSD Programs Section: Test Cases/79_TP Onboarding Other MLTSD Programs Section

2022-07-12 23:40:25 - [TEST_STEP][PASSED] - openBrowser(""): Browser is opened with url: ''

2022-07-12 23:40:25 - [MESSAGE][INFO] - Starting 'Chrome' driver

2022-07-12 23:40:25 - [MESSAGE][INFO] - Action delay is set to 0 milliseconds

2022-07-12 23:40:27 - [MESSAGE][PASSED] - Browser is opened with url: ''

2022-07-12 23:40:27 - [TEST_STEP][PASSED] - maximizeWindow(): Current window maximized

2022-07-12 23:40:27 - [MESSAGE][PASSED] - Current window maximized

2022-07-12 23:40:27 - [TEST_STEP][PASSED] - navigateToUrl("https://intra.stage.apps.labour.gov.on.ca/public-portal-qa/#/marketplace/course-search"): Navigate to 'https://intra.stage.apps.labour.gov.on.ca/public-portal-qa/#/marketplace/course-search' successfully

2022-07-12 23:40:29 - [MESSAGE][PASSED] - Navigate to 'https://intra.stage.apps.labour.gov.on.ca/public-portal-qa/#/marketplace/course-search' successfully

2022-07-12 23:40:29 - [TEST_STEP][PASSED] - verifyElementPresent(findTestObject("Object Repository/Page_PublicPortal/li_CPO Approved Courses"), 0): Object 'Object Repository/Page_PublicPortal/li_CPO Approved Courses' is present

2022-07-12 23:40:29 - [MESSAGE][WARNING] - Timeout '0' is invalid. Using default page load timeout: '30'

2022-07-12 23:40:30 - [MESSAGE][PASSED] - Object 'Object Repository/Page_PublicPortal/li_CPO Approved Courses' is present

2022-07-12 23:40:30 - [TEST_STEP][PASSED] - verifyElementClickable(findTestObject("Object Repository/Page_PublicPortal/li_CPO Approved Courses")): Object 'Object Repository/Page_PublicPortal/li_CPO Approved Courses' is clickable

2022-07-12 23:40:30 - [MESSAGE][PASSED] - Object 'Object Repository/Page_PublicPortal/li_CPO Approved Courses' is clickable

2022-07-12 23:40:30 - [TEST_STEP][PASSED] - click(findTestObject("Object Repository/Page_PublicPortal/li_Training Eligibility")): Object: 'Object Repository/Page_PublicPortal/li_Training Eligibility' is clicked on

2022-07-12 23:40:31 - [MESSAGE][PASSED] - Object: 'Object Repository/Page_PublicPortal/li_Training Eligibility' is clicked on

2022-07-12 23:40:31 - [TEST_STEP][PASSED] - click(findTestObject("Object Repository/Page_PublicPortal/li_CPO Approved Courses")): Object: 'Object Repository/Page_PublicPortal/li_CPO Approved Courses' is clicked on

2022-07-12 23:40:32 - [MESSAGE][PASSED] - Object: 'Object Repository/Page_PublicPortal/li_CPO Approved Courses' is clicked on

2022-07-12 23:40:32 - [TEST_STEP][PASSED] - verifyElementText(findTestObject("Object Repository/Page_PublicPortal/li_CPO Approved Courses"), "CPO Approved Courses"): Actual text and expected text of test object 'Object Repository/Page_PublicPortal/li_CPO Approved Courses' are matched.

2022-07-12 23:40:33 - [MESSAGE][PASSED] - Actual text and expected text of test object 'Object Repository/Page_PublicPortal/li_CPO Approved Courses' are matched.

2022-07-12 23:40:33 - [TEST_STEP][PASSED] - closeBrowser(): Browser is closed

2022-07-12 23:40:33 - [MESSAGE][PASSED] - Browser is closed]]></system-out>
         <system-err><![CDATA[]]></system-err>
      </testcase>
      <testcase name="Test Cases/80_TP Onboarding Add a Team Member Section" time="11.175" classname="Test Cases/80_TP Onboarding Add a Team Member Section" status="PASSED">
         <system-out><![CDATA[2022-07-12 23:40:33 - [TEST_CASE][PASSED] - Test Cases/80_TP Onboarding Add a Team Member Section: Test Cases/80_TP Onboarding Add a Team Member Section

2022-07-12 23:40:34 - [TEST_STEP][PASSED] - openBrowser(""): Browser is opened with url: ''

2022-07-12 23:40:34 - [MESSAGE][INFO] - Starting 'Chrome' driver

2022-07-12 23:40:34 - [MESSAGE][INFO] - Action delay is set to 0 milliseconds

2022-07-12 23:40:36 - [MESSAGE][PASSED] - Browser is opened with url: ''

2022-07-12 23:40:36 - [TEST_STEP][PASSED] - maximizeWindow(): Current window maximized

2022-07-12 23:40:37 - [MESSAGE][PASSED] - Current window maximized

2022-07-12 23:40:37 - [TEST_STEP][PASSED] - navigateToUrl("https://intra.stage.apps.labour.gov.on.ca/public-portal-qa/#/marketplace/course-search"): Navigate to 'https://intra.stage.apps.labour.gov.on.ca/public-portal-qa/#/marketplace/course-search' successfully

2022-07-12 23:40:40 - [MESSAGE][PASSED] - Navigate to 'https://intra.stage.apps.labour.gov.on.ca/public-portal-qa/#/marketplace/course-search' successfully

2022-07-12 23:40:40 - [TEST_STEP][PASSED] - verifyElementPresent(findTestObject("Object Repository/Page_PublicPortal/li_CPO Approved Courses"), 0): Object 'Object Repository/Page_PublicPortal/li_CPO Approved Courses' is present

2022-07-12 23:40:41 - [MESSAGE][WARNING] - Timeout '0' is invalid. Using default page load timeout: '30'

2022-07-12 23:40:41 - [MESSAGE][PASSED] - Object 'Object Repository/Page_PublicPortal/li_CPO Approved Courses' is present

2022-07-12 23:40:41 - [TEST_STEP][PASSED] - verifyElementClickable(findTestObject("Object Repository/Page_PublicPortal/li_CPO Approved Courses")): Object 'Object Repository/Page_PublicPortal/li_CPO Approved Courses' is clickable

2022-07-12 23:40:42 - [MESSAGE][PASSED] - Object 'Object Repository/Page_PublicPortal/li_CPO Approved Courses' is clickable

2022-07-12 23:40:42 - [TEST_STEP][PASSED] - click(findTestObject("Object Repository/Page_PublicPortal/li_Training Eligibility")): Object: 'Object Repository/Page_PublicPortal/li_Training Eligibility' is clicked on

2022-07-12 23:40:43 - [MESSAGE][PASSED] - Object: 'Object Repository/Page_PublicPortal/li_Training Eligibility' is clicked on

2022-07-12 23:40:43 - [TEST_STEP][PASSED] - click(findTestObject("Object Repository/Page_PublicPortal/li_CPO Approved Courses")): Object: 'Object Repository/Page_PublicPortal/li_CPO Approved Courses' is clicked on

2022-07-12 23:40:43 - [MESSAGE][PASSED] - Object: 'Object Repository/Page_PublicPortal/li_CPO Approved Courses' is clicked on

2022-07-12 23:40:43 - [TEST_STEP][PASSED] - verifyElementText(findTestObject("Object Repository/Page_PublicPortal/li_CPO Approved Courses"), "CPO Approved Courses"): Actual text and expected text of test object 'Object Repository/Page_PublicPortal/li_CPO Approved Courses' are matched.

2022-07-12 23:40:44 - [MESSAGE][PASSED] - Actual text and expected text of test object 'Object Repository/Page_PublicPortal/li_CPO Approved Courses' are matched.

2022-07-12 23:40:44 - [TEST_STEP][PASSED] - closeBrowser(): Browser is closed

2022-07-12 23:40:45 - [MESSAGE][PASSED] - Browser is closed]]></system-out>
         <system-err><![CDATA[]]></system-err>
      </testcase>
      <testcase name="Test Cases/81_TP Onboarding Preview" time="11.037" classname="Test Cases/81_TP Onboarding Preview" status="PASSED">
         <system-out><![CDATA[2022-07-12 23:40:45 - [TEST_CASE][PASSED] - Test Cases/81_TP Onboarding Preview: Test Cases/81_TP Onboarding Preview

2022-07-12 23:40:46 - [TEST_STEP][PASSED] - openBrowser(""): Browser is opened with url: ''

2022-07-12 23:40:46 - [MESSAGE][INFO] - Starting 'Chrome' driver

2022-07-12 23:40:46 - [MESSAGE][INFO] - Action delay is set to 0 milliseconds

2022-07-12 23:40:47 - [MESSAGE][PASSED] - Browser is opened with url: ''

2022-07-12 23:40:47 - [TEST_STEP][PASSED] - maximizeWindow(): Current window maximized

2022-07-12 23:40:47 - [MESSAGE][PASSED] - Current window maximized

2022-07-12 23:40:47 - [TEST_STEP][PASSED] - navigateToUrl("https://intra.stage.apps.labour.gov.on.ca/public-portal-qa/#/marketplace/course-search"): Navigate to 'https://intra.stage.apps.labour.gov.on.ca/public-portal-qa/#/marketplace/course-search' successfully

2022-07-12 23:40:51 - [MESSAGE][PASSED] - Navigate to 'https://intra.stage.apps.labour.gov.on.ca/public-portal-qa/#/marketplace/course-search' successfully

2022-07-12 23:40:51 - [TEST_STEP][PASSED] - verifyElementPresent(findTestObject("Object Repository/Page_PublicPortal/li_CPO Approved Courses"), 0): Object 'Object Repository/Page_PublicPortal/li_CPO Approved Courses' is present

2022-07-12 23:40:51 - [MESSAGE][WARNING] - Timeout '0' is invalid. Using default page load timeout: '30'

2022-07-12 23:40:52 - [MESSAGE][PASSED] - Object 'Object Repository/Page_PublicPortal/li_CPO Approved Courses' is present

2022-07-12 23:40:52 - [TEST_STEP][PASSED] - verifyElementClickable(findTestObject("Object Repository/Page_PublicPortal/li_CPO Approved Courses")): Object 'Object Repository/Page_PublicPortal/li_CPO Approved Courses' is clickable

2022-07-12 23:40:53 - [MESSAGE][PASSED] - Object 'Object Repository/Page_PublicPortal/li_CPO Approved Courses' is clickable

2022-07-12 23:40:53 - [TEST_STEP][PASSED] - click(findTestObject("Object Repository/Page_PublicPortal/li_Training Eligibility")): Object: 'Object Repository/Page_PublicPortal/li_Training Eligibility' is clicked on

2022-07-12 23:40:53 - [MESSAGE][PASSED] - Object: 'Object Repository/Page_PublicPortal/li_Training Eligibility' is clicked on

2022-07-12 23:40:53 - [TEST_STEP][PASSED] - click(findTestObject("Object Repository/Page_PublicPortal/li_CPO Approved Courses")): Object: 'Object Repository/Page_PublicPortal/li_CPO Approved Courses' is clicked on

2022-07-12 23:40:54 - [MESSAGE][PASSED] - Object: 'Object Repository/Page_PublicPortal/li_CPO Approved Courses' is clicked on

2022-07-12 23:40:54 - [TEST_STEP][PASSED] - verifyElementText(findTestObject("Object Repository/Page_PublicPortal/li_CPO Approved Courses"), "CPO Approved Courses"): Actual text and expected text of test object 'Object Repository/Page_PublicPortal/li_CPO Approved Courses' are matched.

2022-07-12 23:40:55 - [MESSAGE][PASSED] - Actual text and expected text of test object 'Object Repository/Page_PublicPortal/li_CPO Approved Courses' are matched.

2022-07-12 23:40:55 - [TEST_STEP][PASSED] - closeBrowser(): Browser is closed

2022-07-12 23:40:56 - [MESSAGE][PASSED] - Browser is closed]]></system-out>
         <system-err><![CDATA[]]></system-err>
      </testcase>
      <testcase name="Test Cases/82_Safety Prevention Landing Page Home Tab Find a Provider" time="11.133" classname="Test Cases/82_Safety Prevention Landing Page Home Tab Find a Provider" status="PASSED">
         <system-out><![CDATA[2022-07-12 23:40:56 - [TEST_CASE][PASSED] - Test Cases/82_Safety Prevention Landing Page Home Tab Find a Provider: Test Cases/82_Safety Prevention Landing Page Home Tab Find a Provider

2022-07-12 23:40:57 - [TEST_STEP][PASSED] - openBrowser(""): Browser is opened with url: ''

2022-07-12 23:40:57 - [MESSAGE][INFO] - Starting 'Chrome' driver

2022-07-12 23:40:57 - [MESSAGE][INFO] - Action delay is set to 0 milliseconds

2022-07-12 23:40:59 - [MESSAGE][PASSED] - Browser is opened with url: ''

2022-07-12 23:40:59 - [TEST_STEP][PASSED] - maximizeWindow(): Current window maximized

2022-07-12 23:40:59 - [MESSAGE][PASSED] - Current window maximized

2022-07-12 23:40:59 - [TEST_STEP][PASSED] - navigateToUrl("https://intra.stage.apps.labour.gov.on.ca/public-portal-qa/#/marketplace/course-search"): Navigate to 'https://intra.stage.apps.labour.gov.on.ca/public-portal-qa/#/marketplace/course-search' successfully

2022-07-12 23:41:03 - [MESSAGE][PASSED] - Navigate to 'https://intra.stage.apps.labour.gov.on.ca/public-portal-qa/#/marketplace/course-search' successfully

2022-07-12 23:41:03 - [TEST_STEP][PASSED] - verifyElementPresent(findTestObject("Object Repository/Page_PublicPortal/li_CPO Approved Courses"), 0): Object 'Object Repository/Page_PublicPortal/li_CPO Approved Courses' is present

2022-07-12 23:41:03 - [MESSAGE][WARNING] - Timeout '0' is invalid. Using default page load timeout: '30'

2022-07-12 23:41:04 - [MESSAGE][PASSED] - Object 'Object Repository/Page_PublicPortal/li_CPO Approved Courses' is present

2022-07-12 23:41:04 - [TEST_STEP][PASSED] - verifyElementClickable(findTestObject("Object Repository/Page_PublicPortal/li_CPO Approved Courses")): Object 'Object Repository/Page_PublicPortal/li_CPO Approved Courses' is clickable

2022-07-12 23:41:04 - [MESSAGE][PASSED] - Object 'Object Repository/Page_PublicPortal/li_CPO Approved Courses' is clickable

2022-07-12 23:41:04 - [TEST_STEP][PASSED] - click(findTestObject("Object Repository/Page_PublicPortal/li_Training Eligibility")): Object: 'Object Repository/Page_PublicPortal/li_Training Eligibility' is clicked on

2022-07-12 23:41:05 - [MESSAGE][PASSED] - Object: 'Object Repository/Page_PublicPortal/li_Training Eligibility' is clicked on

2022-07-12 23:41:05 - [TEST_STEP][PASSED] - click(findTestObject("Object Repository/Page_PublicPortal/li_CPO Approved Courses")): Object: 'Object Repository/Page_PublicPortal/li_CPO Approved Courses' is clicked on

2022-07-12 23:41:05 - [MESSAGE][PASSED] - Object: 'Object Repository/Page_PublicPortal/li_CPO Approved Courses' is clicked on

2022-07-12 23:41:05 - [TEST_STEP][PASSED] - verifyElementText(findTestObject("Object Repository/Page_PublicPortal/li_CPO Approved Courses"), "CPO Approved Courses"): Actual text and expected text of test object 'Object Repository/Page_PublicPortal/li_CPO Approved Courses' are matched.

2022-07-12 23:41:06 - [MESSAGE][PASSED] - Actual text and expected text of test object 'Object Repository/Page_PublicPortal/li_CPO Approved Courses' are matched.

2022-07-12 23:41:06 - [TEST_STEP][PASSED] - closeBrowser(): Browser is closed

2022-07-12 23:41:07 - [MESSAGE][PASSED] - Browser is closed]]></system-out>
         <system-err><![CDATA[]]></system-err>
      </testcase>
      <system-out><![CDATA[2022-07-12 23:36:44 - [TEST_SUITE][PASSED] - Beta_4: Test Cases/82_Safety Prevention Landing Page Home Tab Find a Provider]]></system-out>
      <system-err><![CDATA[]]></system-err>
   </testsuite>
   <testsuite name="Beta_5" tests="30" failures="0" errors="0" time="307.958" skipped="0" timestamp="2022-07-12 23:36:46" hostname="DzhohaAl - ON34C03261455.cihs.ad.gov.on.ca" id="Test Suites/Beta_5">
      <properties>
         <property name="deviceName" value=""/>
         <property name="devicePlatform" value=""/>
         <property name="logFolder" value="C:\\Users\\DzhohaAl\\Katalon Studio\\CMS_automation\\Reports\\20220712_233553\\Beta_5\\20220712_233621"/>
         <property name="logFiles" value="C:\\Users\\DzhohaAl\\Katalon Studio\\CMS_automation\\Reports\\20220712_233553\\Beta_5\\20220712_233621\\execution0.log"/>
         <property name="attachments" value=""/>
         <property name="hostName" value="DzhohaAl - ON34C03261455.cihs.ad.gov.on.ca"/>
         <property name="os" value="Windows 10 64bit"/>
         <property name="katalonVersion" value="8.3.5.208"/>
         <property name="browser" value="Chrome 103.0.5060.114"/>
         <property name="hostAddress" value="192.168.0.18"/>
         <property name="sessionId" value="b8a2fc5bc0f7bc098906ab2b66391d10"/>
         <property name="seleniumVersion" value="3.141.59"/>
         <property name="proxyInformation" value="ProxyInformation { proxyOption=NO_PROXY, proxyServerType=HTTP, username=, password=********, proxyServerAddress=, proxyServerPort=0, executionList=&quot;&quot;, isApplyToDesiredCapabilities=true }"/>
         <property name="platform" value="Windows 10"/>
      </properties>
      <testcase name="Test Cases/83_Google Analytics" time="19.444" classname="Test Cases/83_Google Analytics" status="PASSED">
         <system-out><![CDATA[2022-07-12 23:36:47 - [TEST_CASE][PASSED] - Test Cases/83_Google Analytics: Test Cases/83_Google Analytics

2022-07-12 23:36:49 - [TEST_STEP][PASSED] - openBrowser(""): Browser is opened with url: ''

2022-07-12 23:36:51 - [MESSAGE][INFO] - Starting 'Chrome' driver

2022-07-12 23:36:51 - [MESSAGE][INFO] - Action delay is set to 0 milliseconds

2022-07-12 23:36:57 - [MESSAGE][PASSED] - Browser is opened with url: ''

2022-07-12 23:36:57 - [TEST_STEP][PASSED] - maximizeWindow(): Current window maximized

2022-07-12 23:36:57 - [MESSAGE][PASSED] - Current window maximized

2022-07-12 23:36:57 - [TEST_STEP][PASSED] - navigateToUrl("https://intra.stage.apps.labour.gov.on.ca/public-portal-qa/#/marketplace/course-search"): Navigate to 'https://intra.stage.apps.labour.gov.on.ca/public-portal-qa/#/marketplace/course-search' successfully

2022-07-12 23:37:00 - [MESSAGE][PASSED] - Navigate to 'https://intra.stage.apps.labour.gov.on.ca/public-portal-qa/#/marketplace/course-search' successfully

2022-07-12 23:37:00 - [TEST_STEP][PASSED] - verifyElementPresent(findTestObject("Object Repository/Page_PublicPortal/li_CPO Approved Courses"), 0): Object 'Object Repository/Page_PublicPortal/li_CPO Approved Courses' is present

2022-07-12 23:37:01 - [MESSAGE][WARNING] - Timeout '0' is invalid. Using default page load timeout: '30'

2022-07-12 23:37:02 - [MESSAGE][PASSED] - Object 'Object Repository/Page_PublicPortal/li_CPO Approved Courses' is present

2022-07-12 23:37:02 - [TEST_STEP][PASSED] - verifyElementClickable(findTestObject("Object Repository/Page_PublicPortal/li_CPO Approved Courses")): Object 'Object Repository/Page_PublicPortal/li_CPO Approved Courses' is clickable

2022-07-12 23:37:03 - [MESSAGE][PASSED] - Object 'Object Repository/Page_PublicPortal/li_CPO Approved Courses' is clickable

2022-07-12 23:37:03 - [TEST_STEP][PASSED] - click(findTestObject("Object Repository/Page_PublicPortal/li_Training Eligibility")): Object: 'Object Repository/Page_PublicPortal/li_Training Eligibility' is clicked on

2022-07-12 23:37:03 - [MESSAGE][PASSED] - Object: 'Object Repository/Page_PublicPortal/li_Training Eligibility' is clicked on

2022-07-12 23:37:03 - [TEST_STEP][PASSED] - click(findTestObject("Object Repository/Page_PublicPortal/li_CPO Approved Courses")): Object: 'Object Repository/Page_PublicPortal/li_CPO Approved Courses' is clicked on

2022-07-12 23:37:04 - [MESSAGE][PASSED] - Object: 'Object Repository/Page_PublicPortal/li_CPO Approved Courses' is clicked on

2022-07-12 23:37:04 - [TEST_STEP][PASSED] - verifyElementText(findTestObject("Object Repository/Page_PublicPortal/li_CPO Approved Courses"), "CPO Approved Courses"): Actual text and expected text of test object 'Object Repository/Page_PublicPortal/li_CPO Approved Courses' are matched.

2022-07-12 23:37:05 - [MESSAGE][PASSED] - Actual text and expected text of test object 'Object Repository/Page_PublicPortal/li_CPO Approved Courses' are matched.

2022-07-12 23:37:05 - [TEST_STEP][PASSED] - closeBrowser(): Browser is closed

2022-07-12 23:37:07 - [MESSAGE][PASSED] - Browser is closed]]></system-out>
         <system-err><![CDATA[]]></system-err>
      </testcase>
      <testcase name="Test Cases/84_TP Onboarding Preview" time="11.835" classname="Test Cases/84_TP Onboarding Preview" status="PASSED">
         <system-out><![CDATA[2022-07-12 23:37:07 - [TEST_CASE][PASSED] - Test Cases/84_TP Onboarding Preview: Test Cases/84_TP Onboarding Preview

2022-07-12 23:37:08 - [TEST_STEP][PASSED] - openBrowser(""): Browser is opened with url: ''

2022-07-12 23:37:08 - [MESSAGE][INFO] - Starting 'Chrome' driver

2022-07-12 23:37:08 - [MESSAGE][INFO] - Action delay is set to 0 milliseconds

2022-07-12 23:37:10 - [MESSAGE][PASSED] - Browser is opened with url: ''

2022-07-12 23:37:10 - [TEST_STEP][PASSED] - maximizeWindow(): Current window maximized

2022-07-12 23:37:10 - [MESSAGE][PASSED] - Current window maximized

2022-07-12 23:37:10 - [TEST_STEP][PASSED] - navigateToUrl("https://intra.stage.apps.labour.gov.on.ca/public-portal-qa/#/marketplace/course-search"): Navigate to 'https://intra.stage.apps.labour.gov.on.ca/public-portal-qa/#/marketplace/course-search' successfully

2022-07-12 23:37:13 - [MESSAGE][PASSED] - Navigate to 'https://intra.stage.apps.labour.gov.on.ca/public-portal-qa/#/marketplace/course-search' successfully

2022-07-12 23:37:13 - [TEST_STEP][PASSED] - verifyElementPresent(findTestObject("Object Repository/Page_PublicPortal/li_CPO Approved Courses"), 0): Object 'Object Repository/Page_PublicPortal/li_CPO Approved Courses' is present

2022-07-12 23:37:13 - [MESSAGE][WARNING] - Timeout '0' is invalid. Using default page load timeout: '30'

2022-07-12 23:37:14 - [MESSAGE][PASSED] - Object 'Object Repository/Page_PublicPortal/li_CPO Approved Courses' is present

2022-07-12 23:37:14 - [TEST_STEP][PASSED] - verifyElementClickable(findTestObject("Object Repository/Page_PublicPortal/li_CPO Approved Courses")): Object 'Object Repository/Page_PublicPortal/li_CPO Approved Courses' is clickable

2022-07-12 23:37:15 - [MESSAGE][PASSED] - Object 'Object Repository/Page_PublicPortal/li_CPO Approved Courses' is clickable

2022-07-12 23:37:15 - [TEST_STEP][PASSED] - click(findTestObject("Object Repository/Page_PublicPortal/li_Training Eligibility")): Object: 'Object Repository/Page_PublicPortal/li_Training Eligibility' is clicked on

2022-07-12 23:37:15 - [MESSAGE][PASSED] - Object: 'Object Repository/Page_PublicPortal/li_Training Eligibility' is clicked on

2022-07-12 23:37:15 - [TEST_STEP][PASSED] - click(findTestObject("Object Repository/Page_PublicPortal/li_CPO Approved Courses")): Object: 'Object Repository/Page_PublicPortal/li_CPO Approved Courses' is clicked on

2022-07-12 23:37:17 - [MESSAGE][PASSED] - Object: 'Object Repository/Page_PublicPortal/li_CPO Approved Courses' is clicked on

2022-07-12 23:37:17 - [TEST_STEP][PASSED] - verifyElementText(findTestObject("Object Repository/Page_PublicPortal/li_CPO Approved Courses"), "CPO Approved Courses"): Actual text and expected text of test object 'Object Repository/Page_PublicPortal/li_CPO Approved Courses' are matched.

2022-07-12 23:37:18 - [MESSAGE][PASSED] - Actual text and expected text of test object 'Object Repository/Page_PublicPortal/li_CPO Approved Courses' are matched.

2022-07-12 23:37:18 - [TEST_STEP][PASSED] - closeBrowser(): Browser is closed

2022-07-12 23:37:19 - [MESSAGE][PASSED] - Browser is closed]]></system-out>
         <system-err><![CDATA[]]></system-err>
      </testcase>
      <testcase name="Test Cases/86_TP Onboarding Submit and Login" time="13.672" classname="Test Cases/86_TP Onboarding Submit and Login" status="PASSED">
         <system-out><![CDATA[2022-07-12 23:37:19 - [TEST_CASE][PASSED] - Test Cases/86_TP Onboarding Submit and Login: Test Cases/86_TP Onboarding Submit and Login

2022-07-12 23:37:20 - [TEST_STEP][PASSED] - openBrowser(""): Browser is opened with url: ''

2022-07-12 23:37:20 - [MESSAGE][INFO] - Starting 'Chrome' driver

2022-07-12 23:37:20 - [MESSAGE][INFO] - Action delay is set to 0 milliseconds

2022-07-12 23:37:22 - [MESSAGE][PASSED] - Browser is opened with url: ''

2022-07-12 23:37:22 - [TEST_STEP][PASSED] - maximizeWindow(): Current window maximized

2022-07-12 23:37:23 - [MESSAGE][PASSED] - Current window maximized

2022-07-12 23:37:23 - [TEST_STEP][PASSED] - navigateToUrl("https://intra.stage.apps.labour.gov.on.ca/public-portal-qa/#/marketplace/course-search"): Navigate to 'https://intra.stage.apps.labour.gov.on.ca/public-portal-qa/#/marketplace/course-search' successfully

2022-07-12 23:37:26 - [MESSAGE][PASSED] - Navigate to 'https://intra.stage.apps.labour.gov.on.ca/public-portal-qa/#/marketplace/course-search' successfully

2022-07-12 23:37:26 - [TEST_STEP][PASSED] - verifyElementPresent(findTestObject("Object Repository/Page_PublicPortal/li_CPO Approved Courses"), 0): Object 'Object Repository/Page_PublicPortal/li_CPO Approved Courses' is present

2022-07-12 23:37:26 - [MESSAGE][WARNING] - Timeout '0' is invalid. Using default page load timeout: '30'

2022-07-12 23:37:27 - [MESSAGE][PASSED] - Object 'Object Repository/Page_PublicPortal/li_CPO Approved Courses' is present

2022-07-12 23:37:27 - [TEST_STEP][PASSED] - verifyElementClickable(findTestObject("Object Repository/Page_PublicPortal/li_CPO Approved Courses")): Object 'Object Repository/Page_PublicPortal/li_CPO Approved Courses' is clickable

2022-07-12 23:37:28 - [MESSAGE][PASSED] - Object 'Object Repository/Page_PublicPortal/li_CPO Approved Courses' is clickable

2022-07-12 23:37:28 - [TEST_STEP][PASSED] - click(findTestObject("Object Repository/Page_PublicPortal/li_Training Eligibility")): Object: 'Object Repository/Page_PublicPortal/li_Training Eligibility' is clicked on

2022-07-12 23:37:29 - [MESSAGE][PASSED] - Object: 'Object Repository/Page_PublicPortal/li_Training Eligibility' is clicked on

2022-07-12 23:37:29 - [TEST_STEP][PASSED] - click(findTestObject("Object Repository/Page_PublicPortal/li_CPO Approved Courses")): Object: 'Object Repository/Page_PublicPortal/li_CPO Approved Courses' is clicked on

2022-07-12 23:37:30 - [MESSAGE][PASSED] - Object: 'Object Repository/Page_PublicPortal/li_CPO Approved Courses' is clicked on

2022-07-12 23:37:30 - [TEST_STEP][PASSED] - verifyElementText(findTestObject("Object Repository/Page_PublicPortal/li_CPO Approved Courses"), "CPO Approved Courses"): Actual text and expected text of test object 'Object Repository/Page_PublicPortal/li_CPO Approved Courses' are matched.

2022-07-12 23:37:31 - [MESSAGE][PASSED] - Actual text and expected text of test object 'Object Repository/Page_PublicPortal/li_CPO Approved Courses' are matched.

2022-07-12 23:37:31 - [TEST_STEP][PASSED] - closeBrowser(): Browser is closed

2022-07-12 23:37:32 - [MESSAGE][PASSED] - Browser is closed]]></system-out>
         <system-err><![CDATA[]]></system-err>
      </testcase>
      <testcase name="Test Cases/85_TP Onboarding Preview Next Step Banner" time="10.535" classname="Test Cases/85_TP Onboarding Preview Next Step Banner" status="PASSED">
         <system-out><![CDATA[2022-07-12 23:37:32 - [TEST_CASE][PASSED] - Test Cases/85_TP Onboarding Preview Next Step Banner: Test Cases/85_TP Onboarding Preview Next Step Banner

2022-07-12 23:37:33 - [TEST_STEP][PASSED] - openBrowser(""): Browser is opened with url: ''

2022-07-12 23:37:33 - [MESSAGE][INFO] - Starting 'Chrome' driver

2022-07-12 23:37:33 - [MESSAGE][INFO] - Action delay is set to 0 milliseconds

2022-07-12 23:37:35 - [MESSAGE][PASSED] - Browser is opened with url: ''

2022-07-12 23:37:35 - [TEST_STEP][PASSED] - maximizeWindow(): Current window maximized

2022-07-12 23:37:35 - [MESSAGE][PASSED] - Current window maximized

2022-07-12 23:37:35 - [TEST_STEP][PASSED] - navigateToUrl("https://intra.stage.apps.labour.gov.on.ca/public-portal-qa/#/marketplace/course-search"): Navigate to 'https://intra.stage.apps.labour.gov.on.ca/public-portal-qa/#/marketplace/course-search' successfully

2022-07-12 23:37:38 - [MESSAGE][PASSED] - Navigate to 'https://intra.stage.apps.labour.gov.on.ca/public-portal-qa/#/marketplace/course-search' successfully

2022-07-12 23:37:38 - [TEST_STEP][PASSED] - verifyElementPresent(findTestObject("Object Repository/Page_PublicPortal/li_CPO Approved Courses"), 0): Object 'Object Repository/Page_PublicPortal/li_CPO Approved Courses' is present

2022-07-12 23:37:38 - [MESSAGE][WARNING] - Timeout '0' is invalid. Using default page load timeout: '30'

2022-07-12 23:37:39 - [MESSAGE][PASSED] - Object 'Object Repository/Page_PublicPortal/li_CPO Approved Courses' is present

2022-07-12 23:37:39 - [TEST_STEP][PASSED] - verifyElementClickable(findTestObject("Object Repository/Page_PublicPortal/li_CPO Approved Courses")): Object 'Object Repository/Page_PublicPortal/li_CPO Approved Courses' is clickable

2022-07-12 23:37:40 - [MESSAGE][PASSED] - Object 'Object Repository/Page_PublicPortal/li_CPO Approved Courses' is clickable

2022-07-12 23:37:40 - [TEST_STEP][PASSED] - click(findTestObject("Object Repository/Page_PublicPortal/li_Training Eligibility")): Object: 'Object Repository/Page_PublicPortal/li_Training Eligibility' is clicked on

2022-07-12 23:37:40 - [MESSAGE][PASSED] - Object: 'Object Repository/Page_PublicPortal/li_Training Eligibility' is clicked on

2022-07-12 23:37:40 - [TEST_STEP][PASSED] - click(findTestObject("Object Repository/Page_PublicPortal/li_CPO Approved Courses")): Object: 'Object Repository/Page_PublicPortal/li_CPO Approved Courses' is clicked on

2022-07-12 23:37:41 - [MESSAGE][PASSED] - Object: 'Object Repository/Page_PublicPortal/li_CPO Approved Courses' is clicked on

2022-07-12 23:37:41 - [TEST_STEP][PASSED] - verifyElementText(findTestObject("Object Repository/Page_PublicPortal/li_CPO Approved Courses"), "CPO Approved Courses"): Actual text and expected text of test object 'Object Repository/Page_PublicPortal/li_CPO Approved Courses' are matched.

2022-07-12 23:37:42 - [MESSAGE][PASSED] - Actual text and expected text of test object 'Object Repository/Page_PublicPortal/li_CPO Approved Courses' are matched.

2022-07-12 23:37:42 - [TEST_STEP][PASSED] - closeBrowser(): Browser is closed

2022-07-12 23:37:43 - [MESSAGE][PASSED] - Browser is closed]]></system-out>
         <system-err><![CDATA[]]></system-err>
      </testcase>
      <testcase name="Test Cases/87_TP Onboarding Login Page" time="11.535" classname="Test Cases/87_TP Onboarding Login Page" status="PASSED">
         <system-out><![CDATA[2022-07-12 23:37:43 - [TEST_CASE][PASSED] - Test Cases/87_TP Onboarding Login Page: Test Cases/87_TP Onboarding Login Page

2022-07-12 23:37:44 - [TEST_STEP][PASSED] - openBrowser(""): Browser is opened with url: ''

2022-07-12 23:37:44 - [MESSAGE][INFO] - Starting 'Chrome' driver

2022-07-12 23:37:44 - [MESSAGE][INFO] - Action delay is set to 0 milliseconds

2022-07-12 23:37:46 - [MESSAGE][PASSED] - Browser is opened with url: ''

2022-07-12 23:37:46 - [TEST_STEP][PASSED] - maximizeWindow(): Current window maximized

2022-07-12 23:37:46 - [MESSAGE][PASSED] - Current window maximized

2022-07-12 23:37:46 - [TEST_STEP][PASSED] - navigateToUrl("https://intra.stage.apps.labour.gov.on.ca/public-portal-qa/#/marketplace/course-search"): Navigate to 'https://intra.stage.apps.labour.gov.on.ca/public-portal-qa/#/marketplace/course-search' successfully

2022-07-12 23:37:48 - [MESSAGE][PASSED] - Navigate to 'https://intra.stage.apps.labour.gov.on.ca/public-portal-qa/#/marketplace/course-search' successfully

2022-07-12 23:37:48 - [TEST_STEP][PASSED] - verifyElementPresent(findTestObject("Object Repository/Page_PublicPortal/li_CPO Approved Courses"), 0): Object 'Object Repository/Page_PublicPortal/li_CPO Approved Courses' is present

2022-07-12 23:37:48 - [MESSAGE][WARNING] - Timeout '0' is invalid. Using default page load timeout: '30'

2022-07-12 23:37:50 - [MESSAGE][PASSED] - Object 'Object Repository/Page_PublicPortal/li_CPO Approved Courses' is present

2022-07-12 23:37:50 - [TEST_STEP][PASSED] - verifyElementClickable(findTestObject("Object Repository/Page_PublicPortal/li_CPO Approved Courses")): Object 'Object Repository/Page_PublicPortal/li_CPO Approved Courses' is clickable

2022-07-12 23:37:51 - [MESSAGE][PASSED] - Object 'Object Repository/Page_PublicPortal/li_CPO Approved Courses' is clickable

2022-07-12 23:37:51 - [TEST_STEP][PASSED] - click(findTestObject("Object Repository/Page_PublicPortal/li_Training Eligibility")): Object: 'Object Repository/Page_PublicPortal/li_Training Eligibility' is clicked on

2022-07-12 23:37:52 - [MESSAGE][PASSED] - Object: 'Object Repository/Page_PublicPortal/li_Training Eligibility' is clicked on

2022-07-12 23:37:52 - [TEST_STEP][PASSED] - click(findTestObject("Object Repository/Page_PublicPortal/li_CPO Approved Courses")): Object: 'Object Repository/Page_PublicPortal/li_CPO Approved Courses' is clicked on

2022-07-12 23:37:53 - [MESSAGE][PASSED] - Object: 'Object Repository/Page_PublicPortal/li_CPO Approved Courses' is clicked on

2022-07-12 23:37:53 - [TEST_STEP][PASSED] - verifyElementText(findTestObject("Object Repository/Page_PublicPortal/li_CPO Approved Courses"), "CPO Approved Courses"): Actual text and expected text of test object 'Object Repository/Page_PublicPortal/li_CPO Approved Courses' are matched.

2022-07-12 23:37:53 - [MESSAGE][PASSED] - Actual text and expected text of test object 'Object Repository/Page_PublicPortal/li_CPO Approved Courses' are matched.

2022-07-12 23:37:53 - [TEST_STEP][PASSED] - closeBrowser(): Browser is closed

2022-07-12 23:37:54 - [MESSAGE][PASSED] - Browser is closed]]></system-out>
         <system-err><![CDATA[]]></system-err>
      </testcase>
      <testcase name="Test Cases/88_TP Onboarding Login Page Contact Us Sidebar" time="10.421" classname="Test Cases/88_TP Onboarding Login Page Contact Us Sidebar" status="PASSED">
         <system-out><![CDATA[2022-07-12 23:37:54 - [TEST_CASE][PASSED] - Test Cases/88_TP Onboarding Login Page Contact Us Sidebar: Test Cases/88_TP Onboarding Login Page Contact Us Sidebar

2022-07-12 23:37:55 - [TEST_STEP][PASSED] - openBrowser(""): Browser is opened with url: ''

2022-07-12 23:37:55 - [MESSAGE][INFO] - Starting 'Chrome' driver

2022-07-12 23:37:55 - [MESSAGE][INFO] - Action delay is set to 0 milliseconds

2022-07-12 23:37:57 - [MESSAGE][PASSED] - Browser is opened with url: ''

2022-07-12 23:37:57 - [TEST_STEP][PASSED] - maximizeWindow(): Current window maximized

2022-07-12 23:37:57 - [MESSAGE][PASSED] - Current window maximized

2022-07-12 23:37:57 - [TEST_STEP][PASSED] - navigateToUrl("https://intra.stage.apps.labour.gov.on.ca/public-portal-qa/#/marketplace/course-search"): Navigate to 'https://intra.stage.apps.labour.gov.on.ca/public-portal-qa/#/marketplace/course-search' successfully

2022-07-12 23:37:59 - [MESSAGE][PASSED] - Navigate to 'https://intra.stage.apps.labour.gov.on.ca/public-portal-qa/#/marketplace/course-search' successfully

2022-07-12 23:37:59 - [TEST_STEP][PASSED] - verifyElementPresent(findTestObject("Object Repository/Page_PublicPortal/li_CPO Approved Courses"), 0): Object 'Object Repository/Page_PublicPortal/li_CPO Approved Courses' is present

2022-07-12 23:37:59 - [MESSAGE][WARNING] - Timeout '0' is invalid. Using default page load timeout: '30'

2022-07-12 23:38:00 - [MESSAGE][PASSED] - Object 'Object Repository/Page_PublicPortal/li_CPO Approved Courses' is present

2022-07-12 23:38:00 - [TEST_STEP][PASSED] - verifyElementClickable(findTestObject("Object Repository/Page_PublicPortal/li_CPO Approved Courses")): Object 'Object Repository/Page_PublicPortal/li_CPO Approved Courses' is clickable

2022-07-12 23:38:01 - [MESSAGE][PASSED] - Object 'Object Repository/Page_PublicPortal/li_CPO Approved Courses' is clickable

2022-07-12 23:38:01 - [TEST_STEP][PASSED] - click(findTestObject("Object Repository/Page_PublicPortal/li_Training Eligibility")): Object: 'Object Repository/Page_PublicPortal/li_Training Eligibility' is clicked on

2022-07-12 23:38:02 - [MESSAGE][PASSED] - Object: 'Object Repository/Page_PublicPortal/li_Training Eligibility' is clicked on

2022-07-12 23:38:02 - [TEST_STEP][PASSED] - click(findTestObject("Object Repository/Page_PublicPortal/li_CPO Approved Courses")): Object: 'Object Repository/Page_PublicPortal/li_CPO Approved Courses' is clicked on

2022-07-12 23:38:03 - [MESSAGE][PASSED] - Object: 'Object Repository/Page_PublicPortal/li_CPO Approved Courses' is clicked on

2022-07-12 23:38:03 - [TEST_STEP][PASSED] - verifyElementText(findTestObject("Object Repository/Page_PublicPortal/li_CPO Approved Courses"), "CPO Approved Courses"): Actual text and expected text of test object 'Object Repository/Page_PublicPortal/li_CPO Approved Courses' are matched.

2022-07-12 23:38:04 - [MESSAGE][PASSED] - Actual text and expected text of test object 'Object Repository/Page_PublicPortal/li_CPO Approved Courses' are matched.

2022-07-12 23:38:04 - [TEST_STEP][PASSED] - closeBrowser(): Browser is closed

2022-07-12 23:38:05 - [MESSAGE][PASSED] - Browser is closed]]></system-out>
         <system-err><![CDATA[]]></system-err>
      </testcase>
      <testcase name="Test Cases/89_New Training Program Wizard Step 1 - Page Setup" time="11.535" classname="Test Cases/89_New Training Program Wizard Step 1 - Page Setup" status="PASSED">
         <system-out><![CDATA[2022-07-12 23:38:05 - [TEST_CASE][PASSED] - Test Cases/89_New Training Program Wizard Step 1 - Page Setup: Test Cases/89_New Training Program Wizard Step 1 - Page Setup

2022-07-12 23:38:06 - [TEST_STEP][PASSED] - openBrowser(""): Browser is opened with url: ''

2022-07-12 23:38:06 - [MESSAGE][INFO] - Starting 'Chrome' driver

2022-07-12 23:38:06 - [MESSAGE][INFO] - Action delay is set to 0 milliseconds

2022-07-12 23:38:08 - [MESSAGE][PASSED] - Browser is opened with url: ''

2022-07-12 23:38:08 - [TEST_STEP][PASSED] - maximizeWindow(): Current window maximized

2022-07-12 23:38:08 - [MESSAGE][PASSED] - Current window maximized

2022-07-12 23:38:08 - [TEST_STEP][PASSED] - navigateToUrl("https://intra.stage.apps.labour.gov.on.ca/public-portal-qa/#/marketplace/course-search"): Navigate to 'https://intra.stage.apps.labour.gov.on.ca/public-portal-qa/#/marketplace/course-search' successfully

2022-07-12 23:38:11 - [MESSAGE][PASSED] - Navigate to 'https://intra.stage.apps.labour.gov.on.ca/public-portal-qa/#/marketplace/course-search' successfully

2022-07-12 23:38:11 - [TEST_STEP][PASSED] - verifyElementPresent(findTestObject("Object Repository/Page_PublicPortal/li_CPO Approved Courses"), 0): Object 'Object Repository/Page_PublicPortal/li_CPO Approved Courses' is present

2022-07-12 23:38:11 - [MESSAGE][WARNING] - Timeout '0' is invalid. Using default page load timeout: '30'

2022-07-12 23:38:12 - [MESSAGE][PASSED] - Object 'Object Repository/Page_PublicPortal/li_CPO Approved Courses' is present

2022-07-12 23:38:12 - [TEST_STEP][PASSED] - verifyElementClickable(findTestObject("Object Repository/Page_PublicPortal/li_CPO Approved Courses")): Object 'Object Repository/Page_PublicPortal/li_CPO Approved Courses' is clickable

2022-07-12 23:38:12 - [MESSAGE][PASSED] - Object 'Object Repository/Page_PublicPortal/li_CPO Approved Courses' is clickable

2022-07-12 23:38:12 - [TEST_STEP][PASSED] - click(findTestObject("Object Repository/Page_PublicPortal/li_Training Eligibility")): Object: 'Object Repository/Page_PublicPortal/li_Training Eligibility' is clicked on

2022-07-12 23:38:13 - [MESSAGE][PASSED] - Object: 'Object Repository/Page_PublicPortal/li_Training Eligibility' is clicked on

2022-07-12 23:38:13 - [TEST_STEP][PASSED] - click(findTestObject("Object Repository/Page_PublicPortal/li_CPO Approved Courses")): Object: 'Object Repository/Page_PublicPortal/li_CPO Approved Courses' is clicked on

2022-07-12 23:38:14 - [MESSAGE][PASSED] - Object: 'Object Repository/Page_PublicPortal/li_CPO Approved Courses' is clicked on

2022-07-12 23:38:14 - [TEST_STEP][PASSED] - verifyElementText(findTestObject("Object Repository/Page_PublicPortal/li_CPO Approved Courses"), "CPO Approved Courses"): Actual text and expected text of test object 'Object Repository/Page_PublicPortal/li_CPO Approved Courses' are matched.

2022-07-12 23:38:15 - [MESSAGE][PASSED] - Actual text and expected text of test object 'Object Repository/Page_PublicPortal/li_CPO Approved Courses' are matched.

2022-07-12 23:38:15 - [TEST_STEP][PASSED] - closeBrowser(): Browser is closed

2022-07-12 23:38:16 - [MESSAGE][PASSED] - Browser is closed]]></system-out>
         <system-err><![CDATA[]]></system-err>
      </testcase>
      <testcase name="Test Cases/90_New Training Program Wizard Fixed Footer" time="12.489" classname="Test Cases/90_New Training Program Wizard Fixed Footer" status="PASSED">
         <system-out><![CDATA[2022-07-12 23:38:16 - [TEST_CASE][PASSED] - Test Cases/90_New Training Program Wizard Fixed Footer: Test Cases/90_New Training Program Wizard Fixed Footer

2022-07-12 23:38:17 - [TEST_STEP][PASSED] - openBrowser(""): Browser is opened with url: ''

2022-07-12 23:38:17 - [MESSAGE][INFO] - Starting 'Chrome' driver

2022-07-12 23:38:17 - [MESSAGE][INFO] - Action delay is set to 0 milliseconds

2022-07-12 23:38:20 - [MESSAGE][PASSED] - Browser is opened with url: ''

2022-07-12 23:38:20 - [TEST_STEP][PASSED] - maximizeWindow(): Current window maximized

2022-07-12 23:38:20 - [MESSAGE][PASSED] - Current window maximized

2022-07-12 23:38:20 - [TEST_STEP][PASSED] - navigateToUrl("https://intra.stage.apps.labour.gov.on.ca/public-portal-qa/#/marketplace/course-search"): Navigate to 'https://intra.stage.apps.labour.gov.on.ca/public-portal-qa/#/marketplace/course-search' successfully

2022-07-12 23:38:23 - [MESSAGE][PASSED] - Navigate to 'https://intra.stage.apps.labour.gov.on.ca/public-portal-qa/#/marketplace/course-search' successfully

2022-07-12 23:38:23 - [TEST_STEP][PASSED] - verifyElementPresent(findTestObject("Object Repository/Page_PublicPortal/li_CPO Approved Courses"), 0): Object 'Object Repository/Page_PublicPortal/li_CPO Approved Courses' is present

2022-07-12 23:38:23 - [MESSAGE][WARNING] - Timeout '0' is invalid. Using default page load timeout: '30'

2022-07-12 23:38:24 - [MESSAGE][PASSED] - Object 'Object Repository/Page_PublicPortal/li_CPO Approved Courses' is present

2022-07-12 23:38:24 - [TEST_STEP][PASSED] - verifyElementClickable(findTestObject("Object Repository/Page_PublicPortal/li_CPO Approved Courses")): Object 'Object Repository/Page_PublicPortal/li_CPO Approved Courses' is clickable

2022-07-12 23:38:25 - [MESSAGE][PASSED] - Object 'Object Repository/Page_PublicPortal/li_CPO Approved Courses' is clickable

2022-07-12 23:38:25 - [TEST_STEP][PASSED] - click(findTestObject("Object Repository/Page_PublicPortal/li_Training Eligibility")): Object: 'Object Repository/Page_PublicPortal/li_Training Eligibility' is clicked on

2022-07-12 23:38:25 - [MESSAGE][PASSED] - Object: 'Object Repository/Page_PublicPortal/li_Training Eligibility' is clicked on

2022-07-12 23:38:25 - [TEST_STEP][PASSED] - click(findTestObject("Object Repository/Page_PublicPortal/li_CPO Approved Courses")): Object: 'Object Repository/Page_PublicPortal/li_CPO Approved Courses' is clicked on

2022-07-12 23:38:27 - [MESSAGE][PASSED] - Object: 'Object Repository/Page_PublicPortal/li_CPO Approved Courses' is clicked on

2022-07-12 23:38:27 - [TEST_STEP][PASSED] - verifyElementText(findTestObject("Object Repository/Page_PublicPortal/li_CPO Approved Courses"), "CPO Approved Courses"): Actual text and expected text of test object 'Object Repository/Page_PublicPortal/li_CPO Approved Courses' are matched.

2022-07-12 23:38:28 - [MESSAGE][PASSED] - Actual text and expected text of test object 'Object Repository/Page_PublicPortal/li_CPO Approved Courses' are matched.

2022-07-12 23:38:28 - [TEST_STEP][PASSED] - closeBrowser(): Browser is closed

2022-07-12 23:38:29 - [MESSAGE][PASSED] - Browser is closed]]></system-out>
         <system-err><![CDATA[]]></system-err>
      </testcase>
      <testcase name="Test Cases/91_New Training Program Header" time="12.023" classname="Test Cases/91_New Training Program Header" status="PASSED">
         <system-out><![CDATA[2022-07-12 23:38:29 - [TEST_CASE][PASSED] - Test Cases/91_New Training Program Header: Test Cases/91_New Training Program Header

2022-07-12 23:38:30 - [TEST_STEP][PASSED] - openBrowser(""): Browser is opened with url: ''

2022-07-12 23:38:30 - [MESSAGE][INFO] - Starting 'Chrome' driver

2022-07-12 23:38:30 - [MESSAGE][INFO] - Action delay is set to 0 milliseconds

2022-07-12 23:38:32 - [MESSAGE][PASSED] - Browser is opened with url: ''

2022-07-12 23:38:32 - [TEST_STEP][PASSED] - maximizeWindow(): Current window maximized

2022-07-12 23:38:32 - [MESSAGE][PASSED] - Current window maximized

2022-07-12 23:38:32 - [TEST_STEP][PASSED] - navigateToUrl("https://intra.stage.apps.labour.gov.on.ca/public-portal-qa/#/marketplace/course-search"): Navigate to 'https://intra.stage.apps.labour.gov.on.ca/public-portal-qa/#/marketplace/course-search' successfully

2022-07-12 23:38:36 - [MESSAGE][PASSED] - Navigate to 'https://intra.stage.apps.labour.gov.on.ca/public-portal-qa/#/marketplace/course-search' successfully

2022-07-12 23:38:36 - [TEST_STEP][PASSED] - verifyElementPresent(findTestObject("Object Repository/Page_PublicPortal/li_CPO Approved Courses"), 0): Object 'Object Repository/Page_PublicPortal/li_CPO Approved Courses' is present

2022-07-12 23:38:36 - [MESSAGE][WARNING] - Timeout '0' is invalid. Using default page load timeout: '30'

2022-07-12 23:38:37 - [MESSAGE][PASSED] - Object 'Object Repository/Page_PublicPortal/li_CPO Approved Courses' is present

2022-07-12 23:38:37 - [TEST_STEP][PASSED] - verifyElementClickable(findTestObject("Object Repository/Page_PublicPortal/li_CPO Approved Courses")): Object 'Object Repository/Page_PublicPortal/li_CPO Approved Courses' is clickable

2022-07-12 23:38:37 - [MESSAGE][PASSED] - Object 'Object Repository/Page_PublicPortal/li_CPO Approved Courses' is clickable

2022-07-12 23:38:37 - [TEST_STEP][PASSED] - click(findTestObject("Object Repository/Page_PublicPortal/li_Training Eligibility")): Object: 'Object Repository/Page_PublicPortal/li_Training Eligibility' is clicked on

2022-07-12 23:38:38 - [MESSAGE][PASSED] - Object: 'Object Repository/Page_PublicPortal/li_Training Eligibility' is clicked on

2022-07-12 23:38:38 - [TEST_STEP][PASSED] - click(findTestObject("Object Repository/Page_PublicPortal/li_CPO Approved Courses")): Object: 'Object Repository/Page_PublicPortal/li_CPO Approved Courses' is clicked on

2022-07-12 23:38:39 - [MESSAGE][PASSED] - Object: 'Object Repository/Page_PublicPortal/li_CPO Approved Courses' is clicked on

2022-07-12 23:38:39 - [TEST_STEP][PASSED] - verifyElementText(findTestObject("Object Repository/Page_PublicPortal/li_CPO Approved Courses"), "CPO Approved Courses"): Actual text and expected text of test object 'Object Repository/Page_PublicPortal/li_CPO Approved Courses' are matched.

2022-07-12 23:38:40 - [MESSAGE][PASSED] - Actual text and expected text of test object 'Object Repository/Page_PublicPortal/li_CPO Approved Courses' are matched.

2022-07-12 23:38:40 - [TEST_STEP][PASSED] - closeBrowser(): Browser is closed

2022-07-12 23:38:41 - [MESSAGE][PASSED] - Browser is closed]]></system-out>
         <system-err><![CDATA[]]></system-err>
      </testcase>
      <testcase name="Test Cases/92_New Training Program Fixed Footer" time="11.665" classname="Test Cases/92_New Training Program Fixed Footer" status="PASSED">
         <system-out><![CDATA[2022-07-12 23:38:41 - [TEST_CASE][PASSED] - Test Cases/92_New Training Program Fixed Footer: Test Cases/92_New Training Program Fixed Footer

2022-07-12 23:38:42 - [TEST_STEP][PASSED] - openBrowser(""): Browser is opened with url: ''

2022-07-12 23:38:42 - [MESSAGE][INFO] - Starting 'Chrome' driver

2022-07-12 23:38:42 - [MESSAGE][INFO] - Action delay is set to 0 milliseconds

2022-07-12 23:38:44 - [MESSAGE][PASSED] - Browser is opened with url: ''

2022-07-12 23:38:44 - [TEST_STEP][PASSED] - maximizeWindow(): Current window maximized

2022-07-12 23:38:44 - [MESSAGE][PASSED] - Current window maximized

2022-07-12 23:38:44 - [TEST_STEP][PASSED] - navigateToUrl("https://intra.stage.apps.labour.gov.on.ca/public-portal-qa/#/marketplace/course-search"): Navigate to 'https://intra.stage.apps.labour.gov.on.ca/public-portal-qa/#/marketplace/course-search' successfully

2022-07-12 23:38:47 - [MESSAGE][PASSED] - Navigate to 'https://intra.stage.apps.labour.gov.on.ca/public-portal-qa/#/marketplace/course-search' successfully

2022-07-12 23:38:47 - [TEST_STEP][PASSED] - verifyElementPresent(findTestObject("Object Repository/Page_PublicPortal/li_CPO Approved Courses"), 0): Object 'Object Repository/Page_PublicPortal/li_CPO Approved Courses' is present

2022-07-12 23:38:48 - [MESSAGE][WARNING] - Timeout '0' is invalid. Using default page load timeout: '30'

2022-07-12 23:38:48 - [MESSAGE][PASSED] - Object 'Object Repository/Page_PublicPortal/li_CPO Approved Courses' is present

2022-07-12 23:38:48 - [TEST_STEP][PASSED] - verifyElementClickable(findTestObject("Object Repository/Page_PublicPortal/li_CPO Approved Courses")): Object 'Object Repository/Page_PublicPortal/li_CPO Approved Courses' is clickable

2022-07-12 23:38:49 - [MESSAGE][PASSED] - Object 'Object Repository/Page_PublicPortal/li_CPO Approved Courses' is clickable

2022-07-12 23:38:49 - [TEST_STEP][PASSED] - click(findTestObject("Object Repository/Page_PublicPortal/li_Training Eligibility")): Object: 'Object Repository/Page_PublicPortal/li_Training Eligibility' is clicked on

2022-07-12 23:38:50 - [MESSAGE][PASSED] - Object: 'Object Repository/Page_PublicPortal/li_Training Eligibility' is clicked on

2022-07-12 23:38:50 - [TEST_STEP][PASSED] - click(findTestObject("Object Repository/Page_PublicPortal/li_CPO Approved Courses")): Object: 'Object Repository/Page_PublicPortal/li_CPO Approved Courses' is clicked on

2022-07-12 23:38:51 - [MESSAGE][PASSED] - Object: 'Object Repository/Page_PublicPortal/li_CPO Approved Courses' is clicked on

2022-07-12 23:38:51 - [TEST_STEP][PASSED] - verifyElementText(findTestObject("Object Repository/Page_PublicPortal/li_CPO Approved Courses"), "CPO Approved Courses"): Actual text and expected text of test object 'Object Repository/Page_PublicPortal/li_CPO Approved Courses' are matched.

2022-07-12 23:38:52 - [MESSAGE][PASSED] - Actual text and expected text of test object 'Object Repository/Page_PublicPortal/li_CPO Approved Courses' are matched.

2022-07-12 23:38:52 - [TEST_STEP][PASSED] - closeBrowser(): Browser is closed

2022-07-12 23:38:52 - [MESSAGE][PASSED] - Browser is closed]]></system-out>
         <system-err><![CDATA[]]></system-err>
      </testcase>
      <testcase name="Test Cases/93_New Training Program Introduction Page" time="10.989" classname="Test Cases/93_New Training Program Introduction Page" status="PASSED">
         <system-out><![CDATA[2022-07-12 23:38:52 - [TEST_CASE][PASSED] - Test Cases/93_New Training Program Introduction Page: Test Cases/93_New Training Program Introduction Page

2022-07-12 23:38:53 - [TEST_STEP][PASSED] - openBrowser(""): Browser is opened with url: ''

2022-07-12 23:38:53 - [MESSAGE][INFO] - Starting 'Chrome' driver

2022-07-12 23:38:53 - [MESSAGE][INFO] - Action delay is set to 0 milliseconds

2022-07-12 23:38:56 - [MESSAGE][PASSED] - Browser is opened with url: ''

2022-07-12 23:38:56 - [TEST_STEP][PASSED] - maximizeWindow(): Current window maximized

2022-07-12 23:38:56 - [MESSAGE][PASSED] - Current window maximized

2022-07-12 23:38:56 - [TEST_STEP][PASSED] - navigateToUrl("https://intra.stage.apps.labour.gov.on.ca/public-portal-qa/#/marketplace/course-search"): Navigate to 'https://intra.stage.apps.labour.gov.on.ca/public-portal-qa/#/marketplace/course-search' successfully

2022-07-12 23:38:59 - [MESSAGE][PASSED] - Navigate to 'https://intra.stage.apps.labour.gov.on.ca/public-portal-qa/#/marketplace/course-search' successfully

2022-07-12 23:38:59 - [TEST_STEP][PASSED] - verifyElementPresent(findTestObject("Object Repository/Page_PublicPortal/li_CPO Approved Courses"), 0): Object 'Object Repository/Page_PublicPortal/li_CPO Approved Courses' is present

2022-07-12 23:38:59 - [MESSAGE][WARNING] - Timeout '0' is invalid. Using default page load timeout: '30'

2022-07-12 23:38:59 - [MESSAGE][PASSED] - Object 'Object Repository/Page_PublicPortal/li_CPO Approved Courses' is present

2022-07-12 23:38:59 - [TEST_STEP][PASSED] - verifyElementClickable(findTestObject("Object Repository/Page_PublicPortal/li_CPO Approved Courses")): Object 'Object Repository/Page_PublicPortal/li_CPO Approved Courses' is clickable

2022-07-12 23:39:00 - [MESSAGE][PASSED] - Object 'Object Repository/Page_PublicPortal/li_CPO Approved Courses' is clickable

2022-07-12 23:39:00 - [TEST_STEP][PASSED] - click(findTestObject("Object Repository/Page_PublicPortal/li_Training Eligibility")): Object: 'Object Repository/Page_PublicPortal/li_Training Eligibility' is clicked on

2022-07-12 23:39:01 - [MESSAGE][PASSED] - Object: 'Object Repository/Page_PublicPortal/li_Training Eligibility' is clicked on

2022-07-12 23:39:01 - [TEST_STEP][PASSED] - click(findTestObject("Object Repository/Page_PublicPortal/li_CPO Approved Courses")): Object: 'Object Repository/Page_PublicPortal/li_CPO Approved Courses' is clicked on

2022-07-12 23:39:02 - [MESSAGE][PASSED] - Object: 'Object Repository/Page_PublicPortal/li_CPO Approved Courses' is clicked on

2022-07-12 23:39:02 - [TEST_STEP][PASSED] - verifyElementText(findTestObject("Object Repository/Page_PublicPortal/li_CPO Approved Courses"), "CPO Approved Courses"): Actual text and expected text of test object 'Object Repository/Page_PublicPortal/li_CPO Approved Courses' are matched.

2022-07-12 23:39:03 - [MESSAGE][PASSED] - Actual text and expected text of test object 'Object Repository/Page_PublicPortal/li_CPO Approved Courses' are matched.

2022-07-12 23:39:03 - [TEST_STEP][PASSED] - closeBrowser(): Browser is closed

2022-07-12 23:39:03 - [MESSAGE][PASSED] - Browser is closed]]></system-out>
         <system-err><![CDATA[]]></system-err>
      </testcase>
      <testcase name="Test Cases/94_New Training Program Information Page" time="12.28" classname="Test Cases/94_New Training Program Information Page" status="PASSED">
         <system-out><![CDATA[2022-07-12 23:39:03 - [TEST_CASE][PASSED] - Test Cases/94_New Training Program Information Page: Test Cases/94_New Training Program Information Page

2022-07-12 23:39:05 - [TEST_STEP][PASSED] - openBrowser(""): Browser is opened with url: ''

2022-07-12 23:39:05 - [MESSAGE][INFO] - Starting 'Chrome' driver

2022-07-12 23:39:05 - [MESSAGE][INFO] - Action delay is set to 0 milliseconds

2022-07-12 23:39:06 - [MESSAGE][PASSED] - Browser is opened with url: ''

2022-07-12 23:39:06 - [TEST_STEP][PASSED] - maximizeWindow(): Current window maximized

2022-07-12 23:39:07 - [MESSAGE][PASSED] - Current window maximized

2022-07-12 23:39:07 - [TEST_STEP][PASSED] - navigateToUrl("https://intra.stage.apps.labour.gov.on.ca/public-portal-qa/#/marketplace/course-search"): Navigate to 'https://intra.stage.apps.labour.gov.on.ca/public-portal-qa/#/marketplace/course-search' successfully

2022-07-12 23:39:10 - [MESSAGE][PASSED] - Navigate to 'https://intra.stage.apps.labour.gov.on.ca/public-portal-qa/#/marketplace/course-search' successfully

2022-07-12 23:39:10 - [TEST_STEP][PASSED] - verifyElementPresent(findTestObject("Object Repository/Page_PublicPortal/li_CPO Approved Courses"), 0): Object 'Object Repository/Page_PublicPortal/li_CPO Approved Courses' is present

2022-07-12 23:39:10 - [MESSAGE][WARNING] - Timeout '0' is invalid. Using default page load timeout: '30'

2022-07-12 23:39:11 - [MESSAGE][PASSED] - Object 'Object Repository/Page_PublicPortal/li_CPO Approved Courses' is present

2022-07-12 23:39:11 - [TEST_STEP][PASSED] - verifyElementClickable(findTestObject("Object Repository/Page_PublicPortal/li_CPO Approved Courses")): Object 'Object Repository/Page_PublicPortal/li_CPO Approved Courses' is clickable

2022-07-12 23:39:12 - [MESSAGE][PASSED] - Object 'Object Repository/Page_PublicPortal/li_CPO Approved Courses' is clickable

2022-07-12 23:39:12 - [TEST_STEP][PASSED] - click(findTestObject("Object Repository/Page_PublicPortal/li_Training Eligibility")): Object: 'Object Repository/Page_PublicPortal/li_Training Eligibility' is clicked on

2022-07-12 23:39:13 - [MESSAGE][PASSED] - Object: 'Object Repository/Page_PublicPortal/li_Training Eligibility' is clicked on

2022-07-12 23:39:13 - [TEST_STEP][PASSED] - click(findTestObject("Object Repository/Page_PublicPortal/li_CPO Approved Courses")): Object: 'Object Repository/Page_PublicPortal/li_CPO Approved Courses' is clicked on

2022-07-12 23:39:14 - [MESSAGE][PASSED] - Object: 'Object Repository/Page_PublicPortal/li_CPO Approved Courses' is clicked on

2022-07-12 23:39:14 - [TEST_STEP][PASSED] - verifyElementText(findTestObject("Object Repository/Page_PublicPortal/li_CPO Approved Courses"), "CPO Approved Courses"): Actual text and expected text of test object 'Object Repository/Page_PublicPortal/li_CPO Approved Courses' are matched.

2022-07-12 23:39:14 - [MESSAGE][PASSED] - Actual text and expected text of test object 'Object Repository/Page_PublicPortal/li_CPO Approved Courses' are matched.

2022-07-12 23:39:14 - [TEST_STEP][PASSED] - closeBrowser(): Browser is closed

2022-07-12 23:39:16 - [MESSAGE][PASSED] - Browser is closed]]></system-out>
         <system-err><![CDATA[]]></system-err>
      </testcase>
      <testcase name="Test Cases/95_New Training Program Scope section" time="11.194" classname="Test Cases/95_New Training Program Scope section" status="PASSED">
         <system-out><![CDATA[2022-07-12 23:39:16 - [TEST_CASE][PASSED] - Test Cases/95_New Training Program Scope section: Test Cases/95_New Training Program Scope section

2022-07-12 23:39:18 - [TEST_STEP][PASSED] - openBrowser(""): Browser is opened with url: ''

2022-07-12 23:39:18 - [MESSAGE][INFO] - Starting 'Chrome' driver

2022-07-12 23:39:18 - [MESSAGE][INFO] - Action delay is set to 0 milliseconds

2022-07-12 23:39:20 - [MESSAGE][PASSED] - Browser is opened with url: ''

2022-07-12 23:39:20 - [TEST_STEP][PASSED] - maximizeWindow(): Current window maximized

2022-07-12 23:39:20 - [MESSAGE][PASSED] - Current window maximized

2022-07-12 23:39:20 - [TEST_STEP][PASSED] - navigateToUrl("https://intra.stage.apps.labour.gov.on.ca/public-portal-qa/#/marketplace/course-search"): Navigate to 'https://intra.stage.apps.labour.gov.on.ca/public-portal-qa/#/marketplace/course-search' successfully

2022-07-12 23:39:23 - [MESSAGE][PASSED] - Navigate to 'https://intra.stage.apps.labour.gov.on.ca/public-portal-qa/#/marketplace/course-search' successfully

2022-07-12 23:39:23 - [TEST_STEP][PASSED] - verifyElementPresent(findTestObject("Object Repository/Page_PublicPortal/li_CPO Approved Courses"), 0): Object 'Object Repository/Page_PublicPortal/li_CPO Approved Courses' is present

2022-07-12 23:39:23 - [MESSAGE][WARNING] - Timeout '0' is invalid. Using default page load timeout: '30'

2022-07-12 23:39:24 - [MESSAGE][PASSED] - Object 'Object Repository/Page_PublicPortal/li_CPO Approved Courses' is present

2022-07-12 23:39:24 - [TEST_STEP][PASSED] - verifyElementClickable(findTestObject("Object Repository/Page_PublicPortal/li_CPO Approved Courses")): Object 'Object Repository/Page_PublicPortal/li_CPO Approved Courses' is clickable

2022-07-12 23:39:24 - [MESSAGE][PASSED] - Object 'Object Repository/Page_PublicPortal/li_CPO Approved Courses' is clickable

2022-07-12 23:39:24 - [TEST_STEP][PASSED] - click(findTestObject("Object Repository/Page_PublicPortal/li_Training Eligibility")): Object: 'Object Repository/Page_PublicPortal/li_Training Eligibility' is clicked on

2022-07-12 23:39:25 - [MESSAGE][PASSED] - Object: 'Object Repository/Page_PublicPortal/li_Training Eligibility' is clicked on

2022-07-12 23:39:25 - [TEST_STEP][PASSED] - click(findTestObject("Object Repository/Page_PublicPortal/li_CPO Approved Courses")): Object: 'Object Repository/Page_PublicPortal/li_CPO Approved Courses' is clicked on

2022-07-12 23:39:26 - [MESSAGE][PASSED] - Object: 'Object Repository/Page_PublicPortal/li_CPO Approved Courses' is clicked on

2022-07-12 23:39:26 - [TEST_STEP][PASSED] - verifyElementText(findTestObject("Object Repository/Page_PublicPortal/li_CPO Approved Courses"), "CPO Approved Courses"): Actual text and expected text of test object 'Object Repository/Page_PublicPortal/li_CPO Approved Courses' are matched.

2022-07-12 23:39:26 - [MESSAGE][PASSED] - Actual text and expected text of test object 'Object Repository/Page_PublicPortal/li_CPO Approved Courses' are matched.

2022-07-12 23:39:26 - [TEST_STEP][PASSED] - closeBrowser(): Browser is closed

2022-07-12 23:39:27 - [MESSAGE][PASSED] - Browser is closed]]></system-out>
         <system-err><![CDATA[]]></system-err>
      </testcase>
      <testcase name="Test Cases/96_New Training Program Preparing your Application section" time="10.306" classname="Test Cases/96_New Training Program Preparing your Application section" status="PASSED">
         <system-out><![CDATA[2022-07-12 23:39:27 - [TEST_CASE][PASSED] - Test Cases/96_New Training Program Preparing your Application section: Test Cases/96_New Training Program Preparing your Application section

2022-07-12 23:39:28 - [TEST_STEP][PASSED] - openBrowser(""): Browser is opened with url: ''

2022-07-12 23:39:28 - [MESSAGE][INFO] - Starting 'Chrome' driver

2022-07-12 23:39:28 - [MESSAGE][INFO] - Action delay is set to 0 milliseconds

2022-07-12 23:39:30 - [MESSAGE][PASSED] - Browser is opened with url: ''

2022-07-12 23:39:30 - [TEST_STEP][PASSED] - maximizeWindow(): Current window maximized

2022-07-12 23:39:30 - [MESSAGE][PASSED] - Current window maximized

2022-07-12 23:39:30 - [TEST_STEP][PASSED] - navigateToUrl("https://intra.stage.apps.labour.gov.on.ca/public-portal-qa/#/marketplace/course-search"): Navigate to 'https://intra.stage.apps.labour.gov.on.ca/public-portal-qa/#/marketplace/course-search' successfully

2022-07-12 23:39:32 - [MESSAGE][PASSED] - Navigate to 'https://intra.stage.apps.labour.gov.on.ca/public-portal-qa/#/marketplace/course-search' successfully

2022-07-12 23:39:32 - [TEST_STEP][PASSED] - verifyElementPresent(findTestObject("Object Repository/Page_PublicPortal/li_CPO Approved Courses"), 0): Object 'Object Repository/Page_PublicPortal/li_CPO Approved Courses' is present

2022-07-12 23:39:33 - [MESSAGE][WARNING] - Timeout '0' is invalid. Using default page load timeout: '30'

2022-07-12 23:39:33 - [MESSAGE][PASSED] - Object 'Object Repository/Page_PublicPortal/li_CPO Approved Courses' is present

2022-07-12 23:39:33 - [TEST_STEP][PASSED] - verifyElementClickable(findTestObject("Object Repository/Page_PublicPortal/li_CPO Approved Courses")): Object 'Object Repository/Page_PublicPortal/li_CPO Approved Courses' is clickable

2022-07-12 23:39:34 - [MESSAGE][PASSED] - Object 'Object Repository/Page_PublicPortal/li_CPO Approved Courses' is clickable

2022-07-12 23:39:34 - [TEST_STEP][PASSED] - click(findTestObject("Object Repository/Page_PublicPortal/li_Training Eligibility")): Object: 'Object Repository/Page_PublicPortal/li_Training Eligibility' is clicked on

2022-07-12 23:39:35 - [MESSAGE][PASSED] - Object: 'Object Repository/Page_PublicPortal/li_Training Eligibility' is clicked on

2022-07-12 23:39:35 - [TEST_STEP][PASSED] - click(findTestObject("Object Repository/Page_PublicPortal/li_CPO Approved Courses")): Object: 'Object Repository/Page_PublicPortal/li_CPO Approved Courses' is clicked on

2022-07-12 23:39:35 - [MESSAGE][PASSED] - Object: 'Object Repository/Page_PublicPortal/li_CPO Approved Courses' is clicked on

2022-07-12 23:39:35 - [TEST_STEP][PASSED] - verifyElementText(findTestObject("Object Repository/Page_PublicPortal/li_CPO Approved Courses"), "CPO Approved Courses"): Actual text and expected text of test object 'Object Repository/Page_PublicPortal/li_CPO Approved Courses' are matched.

2022-07-12 23:39:36 - [MESSAGE][PASSED] - Actual text and expected text of test object 'Object Repository/Page_PublicPortal/li_CPO Approved Courses' are matched.

2022-07-12 23:39:36 - [TEST_STEP][PASSED] - closeBrowser(): Browser is closed

2022-07-12 23:39:37 - [MESSAGE][PASSED] - Browser is closed]]></system-out>
         <system-err><![CDATA[]]></system-err>
      </testcase>
      <testcase name="Test Cases/97_New Training Program Steps to Approve your Application section" time="9.212" classname="Test Cases/97_New Training Program Steps to Approve your Application section" status="PASSED">
         <system-out><![CDATA[2022-07-12 23:39:37 - [TEST_CASE][PASSED] - Test Cases/97_New Training Program Steps to Approve your Application section: Test Cases/97_New Training Program Steps to Approve your Application section

2022-07-12 23:39:38 - [TEST_STEP][PASSED] - openBrowser(""): Browser is opened with url: ''

2022-07-12 23:39:38 - [MESSAGE][INFO] - Starting 'Chrome' driver

2022-07-12 23:39:38 - [MESSAGE][INFO] - Action delay is set to 0 milliseconds

2022-07-12 23:39:40 - [MESSAGE][PASSED] - Browser is opened with url: ''

2022-07-12 23:39:40 - [TEST_STEP][PASSED] - maximizeWindow(): Current window maximized

2022-07-12 23:39:40 - [MESSAGE][PASSED] - Current window maximized

2022-07-12 23:39:40 - [TEST_STEP][PASSED] - navigateToUrl("https://intra.stage.apps.labour.gov.on.ca/public-portal-qa/#/marketplace/course-search"): Navigate to 'https://intra.stage.apps.labour.gov.on.ca/public-portal-qa/#/marketplace/course-search' successfully

2022-07-12 23:39:42 - [MESSAGE][PASSED] - Navigate to 'https://intra.stage.apps.labour.gov.on.ca/public-portal-qa/#/marketplace/course-search' successfully

2022-07-12 23:39:42 - [TEST_STEP][PASSED] - verifyElementPresent(findTestObject("Object Repository/Page_PublicPortal/li_CPO Approved Courses"), 0): Object 'Object Repository/Page_PublicPortal/li_CPO Approved Courses' is present

2022-07-12 23:39:43 - [MESSAGE][WARNING] - Timeout '0' is invalid. Using default page load timeout: '30'

2022-07-12 23:39:43 - [MESSAGE][PASSED] - Object 'Object Repository/Page_PublicPortal/li_CPO Approved Courses' is present

2022-07-12 23:39:43 - [TEST_STEP][PASSED] - verifyElementClickable(findTestObject("Object Repository/Page_PublicPortal/li_CPO Approved Courses")): Object 'Object Repository/Page_PublicPortal/li_CPO Approved Courses' is clickable

2022-07-12 23:39:44 - [MESSAGE][PASSED] - Object 'Object Repository/Page_PublicPortal/li_CPO Approved Courses' is clickable

2022-07-12 23:39:44 - [TEST_STEP][PASSED] - click(findTestObject("Object Repository/Page_PublicPortal/li_Training Eligibility")): Object: 'Object Repository/Page_PublicPortal/li_Training Eligibility' is clicked on

2022-07-12 23:39:44 - [MESSAGE][PASSED] - Object: 'Object Repository/Page_PublicPortal/li_Training Eligibility' is clicked on

2022-07-12 23:39:44 - [TEST_STEP][PASSED] - click(findTestObject("Object Repository/Page_PublicPortal/li_CPO Approved Courses")): Object: 'Object Repository/Page_PublicPortal/li_CPO Approved Courses' is clicked on

2022-07-12 23:39:45 - [MESSAGE][PASSED] - Object: 'Object Repository/Page_PublicPortal/li_CPO Approved Courses' is clicked on

2022-07-12 23:39:45 - [TEST_STEP][PASSED] - verifyElementText(findTestObject("Object Repository/Page_PublicPortal/li_CPO Approved Courses"), "CPO Approved Courses"): Actual text and expected text of test object 'Object Repository/Page_PublicPortal/li_CPO Approved Courses' are matched.

2022-07-12 23:39:46 - [MESSAGE][PASSED] - Actual text and expected text of test object 'Object Repository/Page_PublicPortal/li_CPO Approved Courses' are matched.

2022-07-12 23:39:46 - [TEST_STEP][PASSED] - closeBrowser(): Browser is closed

2022-07-12 23:39:47 - [MESSAGE][PASSED] - Browser is closed]]></system-out>
         <system-err><![CDATA[]]></system-err>
      </testcase>
      <testcase name="Test Cases/98_New Training Program Additional Information Sidebar" time="9.798" classname="Test Cases/98_New Training Program Additional Information Sidebar" status="PASSED">
         <system-out><![CDATA[2022-07-12 23:39:47 - [TEST_CASE][PASSED] - Test Cases/98_New Training Program Additional Information Sidebar: Test Cases/98_New Training Program Additional Information Sidebar

2022-07-12 23:39:48 - [TEST_STEP][PASSED] - openBrowser(""): Browser is opened with url: ''

2022-07-12 23:39:48 - [MESSAGE][INFO] - Starting 'Chrome' driver

2022-07-12 23:39:48 - [MESSAGE][INFO] - Action delay is set to 0 milliseconds

2022-07-12 23:39:49 - [MESSAGE][PASSED] - Browser is opened with url: ''

2022-07-12 23:39:49 - [TEST_STEP][PASSED] - maximizeWindow(): Current window maximized

2022-07-12 23:39:49 - [MESSAGE][PASSED] - Current window maximized

2022-07-12 23:39:49 - [TEST_STEP][PASSED] - navigateToUrl("https://intra.stage.apps.labour.gov.on.ca/public-portal-qa/#/marketplace/course-search"): Navigate to 'https://intra.stage.apps.labour.gov.on.ca/public-portal-qa/#/marketplace/course-search' successfully

2022-07-12 23:39:52 - [MESSAGE][PASSED] - Navigate to 'https://intra.stage.apps.labour.gov.on.ca/public-portal-qa/#/marketplace/course-search' successfully

2022-07-12 23:39:52 - [TEST_STEP][PASSED] - verifyElementPresent(findTestObject("Object Repository/Page_PublicPortal/li_CPO Approved Courses"), 0): Object 'Object Repository/Page_PublicPortal/li_CPO Approved Courses' is present

2022-07-12 23:39:52 - [MESSAGE][WARNING] - Timeout '0' is invalid. Using default page load timeout: '30'

2022-07-12 23:39:53 - [MESSAGE][PASSED] - Object 'Object Repository/Page_PublicPortal/li_CPO Approved Courses' is present

2022-07-12 23:39:53 - [TEST_STEP][PASSED] - verifyElementClickable(findTestObject("Object Repository/Page_PublicPortal/li_CPO Approved Courses")): Object 'Object Repository/Page_PublicPortal/li_CPO Approved Courses' is clickable

2022-07-12 23:39:53 - [MESSAGE][PASSED] - Object 'Object Repository/Page_PublicPortal/li_CPO Approved Courses' is clickable

2022-07-12 23:39:53 - [TEST_STEP][PASSED] - click(findTestObject("Object Repository/Page_PublicPortal/li_Training Eligibility")): Object: 'Object Repository/Page_PublicPortal/li_Training Eligibility' is clicked on

2022-07-12 23:39:54 - [MESSAGE][PASSED] - Object: 'Object Repository/Page_PublicPortal/li_Training Eligibility' is clicked on

2022-07-12 23:39:54 - [TEST_STEP][PASSED] - click(findTestObject("Object Repository/Page_PublicPortal/li_CPO Approved Courses")): Object: 'Object Repository/Page_PublicPortal/li_CPO Approved Courses' is clicked on

2022-07-12 23:39:55 - [MESSAGE][PASSED] - Object: 'Object Repository/Page_PublicPortal/li_CPO Approved Courses' is clicked on

2022-07-12 23:39:55 - [TEST_STEP][PASSED] - verifyElementText(findTestObject("Object Repository/Page_PublicPortal/li_CPO Approved Courses"), "CPO Approved Courses"): Actual text and expected text of test object 'Object Repository/Page_PublicPortal/li_CPO Approved Courses' are matched.

2022-07-12 23:39:56 - [MESSAGE][PASSED] - Actual text and expected text of test object 'Object Repository/Page_PublicPortal/li_CPO Approved Courses' are matched.

2022-07-12 23:39:56 - [TEST_STEP][PASSED] - closeBrowser(): Browser is closed

2022-07-12 23:39:56 - [MESSAGE][PASSED] - Browser is closed]]></system-out>
         <system-err><![CDATA[]]></system-err>
      </testcase>
      <testcase name="Test Cases/99_New Training Program Important Notice Notice of Authority sections" time="9.553" classname="Test Cases/99_New Training Program Important Notice Notice of Authority sections" status="PASSED">
         <system-out><![CDATA[2022-07-12 23:39:56 - [TEST_CASE][PASSED] - Test Cases/99_New Training Program Important Notice Notice of Authority sections: Test Cases/99_New Training Program Important Notice Notice of Authority sections

2022-07-12 23:39:58 - [TEST_STEP][PASSED] - openBrowser(""): Browser is opened with url: ''

2022-07-12 23:39:58 - [MESSAGE][INFO] - Starting 'Chrome' driver

2022-07-12 23:39:58 - [MESSAGE][INFO] - Action delay is set to 0 milliseconds

2022-07-12 23:39:59 - [MESSAGE][PASSED] - Browser is opened with url: ''

2022-07-12 23:39:59 - [TEST_STEP][PASSED] - maximizeWindow(): Current window maximized

2022-07-12 23:40:00 - [MESSAGE][PASSED] - Current window maximized

2022-07-12 23:40:00 - [TEST_STEP][PASSED] - navigateToUrl("https://intra.stage.apps.labour.gov.on.ca/public-portal-qa/#/marketplace/course-search"): Navigate to 'https://intra.stage.apps.labour.gov.on.ca/public-portal-qa/#/marketplace/course-search' successfully

2022-07-12 23:40:02 - [MESSAGE][PASSED] - Navigate to 'https://intra.stage.apps.labour.gov.on.ca/public-portal-qa/#/marketplace/course-search' successfully

2022-07-12 23:40:02 - [TEST_STEP][PASSED] - verifyElementPresent(findTestObject("Object Repository/Page_PublicPortal/li_CPO Approved Courses"), 0): Object 'Object Repository/Page_PublicPortal/li_CPO Approved Courses' is present

2022-07-12 23:40:02 - [MESSAGE][WARNING] - Timeout '0' is invalid. Using default page load timeout: '30'

2022-07-12 23:40:03 - [MESSAGE][PASSED] - Object 'Object Repository/Page_PublicPortal/li_CPO Approved Courses' is present

2022-07-12 23:40:03 - [TEST_STEP][PASSED] - verifyElementClickable(findTestObject("Object Repository/Page_PublicPortal/li_CPO Approved Courses")): Object 'Object Repository/Page_PublicPortal/li_CPO Approved Courses' is clickable

2022-07-12 23:40:03 - [MESSAGE][PASSED] - Object 'Object Repository/Page_PublicPortal/li_CPO Approved Courses' is clickable

2022-07-12 23:40:03 - [TEST_STEP][PASSED] - click(findTestObject("Object Repository/Page_PublicPortal/li_Training Eligibility")): Object: 'Object Repository/Page_PublicPortal/li_Training Eligibility' is clicked on

2022-07-12 23:40:04 - [MESSAGE][PASSED] - Object: 'Object Repository/Page_PublicPortal/li_Training Eligibility' is clicked on

2022-07-12 23:40:04 - [TEST_STEP][PASSED] - click(findTestObject("Object Repository/Page_PublicPortal/li_CPO Approved Courses")): Object: 'Object Repository/Page_PublicPortal/li_CPO Approved Courses' is clicked on

2022-07-12 23:40:05 - [MESSAGE][PASSED] - Object: 'Object Repository/Page_PublicPortal/li_CPO Approved Courses' is clicked on

2022-07-12 23:40:05 - [TEST_STEP][PASSED] - verifyElementText(findTestObject("Object Repository/Page_PublicPortal/li_CPO Approved Courses"), "CPO Approved Courses"): Actual text and expected text of test object 'Object Repository/Page_PublicPortal/li_CPO Approved Courses' are matched.

2022-07-12 23:40:05 - [MESSAGE][PASSED] - Actual text and expected text of test object 'Object Repository/Page_PublicPortal/li_CPO Approved Courses' are matched.

2022-07-12 23:40:05 - [TEST_STEP][PASSED] - closeBrowser(): Browser is closed

2022-07-12 23:40:06 - [MESSAGE][PASSED] - Browser is closed]]></system-out>
         <system-err><![CDATA[]]></system-err>
      </testcase>
      <testcase name="Test Cases/100_Step 2 Training Provider Attestation Section" time="10.034" classname="Test Cases/100_Step 2 Training Provider Attestation Section" status="PASSED">
         <system-out><![CDATA[2022-07-12 23:40:06 - [TEST_CASE][PASSED] - Test Cases/100_Step 2 Training Provider Attestation Section: Test Cases/100_Step 2 Training Provider Attestation Section

2022-07-12 23:40:07 - [TEST_STEP][PASSED] - openBrowser(""): Browser is opened with url: ''

2022-07-12 23:40:07 - [MESSAGE][INFO] - Starting 'Chrome' driver

2022-07-12 23:40:07 - [MESSAGE][INFO] - Action delay is set to 0 milliseconds

2022-07-12 23:40:09 - [MESSAGE][PASSED] - Browser is opened with url: ''

2022-07-12 23:40:09 - [TEST_STEP][PASSED] - maximizeWindow(): Current window maximized

2022-07-12 23:40:09 - [MESSAGE][PASSED] - Current window maximized

2022-07-12 23:40:09 - [TEST_STEP][PASSED] - navigateToUrl("https://intra.stage.apps.labour.gov.on.ca/public-portal-qa/#/marketplace/course-search"): Navigate to 'https://intra.stage.apps.labour.gov.on.ca/public-portal-qa/#/marketplace/course-search' successfully

2022-07-12 23:40:11 - [MESSAGE][PASSED] - Navigate to 'https://intra.stage.apps.labour.gov.on.ca/public-portal-qa/#/marketplace/course-search' successfully

2022-07-12 23:40:11 - [TEST_STEP][PASSED] - verifyElementPresent(findTestObject("Object Repository/Page_PublicPortal/li_CPO Approved Courses"), 0): Object 'Object Repository/Page_PublicPortal/li_CPO Approved Courses' is present

2022-07-12 23:40:12 - [MESSAGE][WARNING] - Timeout '0' is invalid. Using default page load timeout: '30'

2022-07-12 23:40:12 - [MESSAGE][PASSED] - Object 'Object Repository/Page_PublicPortal/li_CPO Approved Courses' is present

2022-07-12 23:40:12 - [TEST_STEP][PASSED] - verifyElementClickable(findTestObject("Object Repository/Page_PublicPortal/li_CPO Approved Courses")): Object 'Object Repository/Page_PublicPortal/li_CPO Approved Courses' is clickable

2022-07-12 23:40:13 - [MESSAGE][PASSED] - Object 'Object Repository/Page_PublicPortal/li_CPO Approved Courses' is clickable

2022-07-12 23:40:13 - [TEST_STEP][PASSED] - click(findTestObject("Object Repository/Page_PublicPortal/li_Training Eligibility")): Object: 'Object Repository/Page_PublicPortal/li_Training Eligibility' is clicked on

2022-07-12 23:40:13 - [MESSAGE][PASSED] - Object: 'Object Repository/Page_PublicPortal/li_Training Eligibility' is clicked on

2022-07-12 23:40:13 - [TEST_STEP][PASSED] - click(findTestObject("Object Repository/Page_PublicPortal/li_CPO Approved Courses")): Object: 'Object Repository/Page_PublicPortal/li_CPO Approved Courses' is clicked on

2022-07-12 23:40:14 - [MESSAGE][PASSED] - Object: 'Object Repository/Page_PublicPortal/li_CPO Approved Courses' is clicked on

2022-07-12 23:40:14 - [TEST_STEP][PASSED] - verifyElementText(findTestObject("Object Repository/Page_PublicPortal/li_CPO Approved Courses"), "CPO Approved Courses"): Actual text and expected text of test object 'Object Repository/Page_PublicPortal/li_CPO Approved Courses' are matched.

2022-07-12 23:40:15 - [MESSAGE][PASSED] - Actual text and expected text of test object 'Object Repository/Page_PublicPortal/li_CPO Approved Courses' are matched.

2022-07-12 23:40:15 - [TEST_STEP][PASSED] - closeBrowser(): Browser is closed

2022-07-12 23:40:16 - [MESSAGE][PASSED] - Browser is closed]]></system-out>
         <system-err><![CDATA[]]></system-err>
      </testcase>
      <testcase name="Test Cases/101_Step 2 Training Provider Attestation - Provider Tab" time="10.345" classname="Test Cases/101_Step 2 Training Provider Attestation - Provider Tab" status="PASSED">
         <system-out><![CDATA[2022-07-12 23:40:16 - [TEST_CASE][PASSED] - Test Cases/101_Step 2 Training Provider Attestation - Provider Tab: Test Cases/101_Step 2 Training Provider Attestation - Provider Tab

2022-07-12 23:40:17 - [TEST_STEP][PASSED] - openBrowser(""): Browser is opened with url: ''

2022-07-12 23:40:17 - [MESSAGE][INFO] - Starting 'Chrome' driver

2022-07-12 23:40:17 - [MESSAGE][INFO] - Action delay is set to 0 milliseconds

2022-07-12 23:40:19 - [MESSAGE][PASSED] - Browser is opened with url: ''

2022-07-12 23:40:19 - [TEST_STEP][PASSED] - maximizeWindow(): Current window maximized

2022-07-12 23:40:19 - [MESSAGE][PASSED] - Current window maximized

2022-07-12 23:40:19 - [TEST_STEP][PASSED] - navigateToUrl("https://intra.stage.apps.labour.gov.on.ca/public-portal-qa/#/marketplace/course-search"): Navigate to 'https://intra.stage.apps.labour.gov.on.ca/public-portal-qa/#/marketplace/course-search' successfully

2022-07-12 23:40:22 - [MESSAGE][PASSED] - Navigate to 'https://intra.stage.apps.labour.gov.on.ca/public-portal-qa/#/marketplace/course-search' successfully

2022-07-12 23:40:22 - [TEST_STEP][PASSED] - verifyElementPresent(findTestObject("Object Repository/Page_PublicPortal/li_CPO Approved Courses"), 0): Object 'Object Repository/Page_PublicPortal/li_CPO Approved Courses' is present

2022-07-12 23:40:22 - [MESSAGE][WARNING] - Timeout '0' is invalid. Using default page load timeout: '30'

2022-07-12 23:40:23 - [MESSAGE][PASSED] - Object 'Object Repository/Page_PublicPortal/li_CPO Approved Courses' is present

2022-07-12 23:40:23 - [TEST_STEP][PASSED] - verifyElementClickable(findTestObject("Object Repository/Page_PublicPortal/li_CPO Approved Courses")): Object 'Object Repository/Page_PublicPortal/li_CPO Approved Courses' is clickable

2022-07-12 23:40:23 - [MESSAGE][PASSED] - Object 'Object Repository/Page_PublicPortal/li_CPO Approved Courses' is clickable

2022-07-12 23:40:23 - [TEST_STEP][PASSED] - click(findTestObject("Object Repository/Page_PublicPortal/li_Training Eligibility")): Object: 'Object Repository/Page_PublicPortal/li_Training Eligibility' is clicked on

2022-07-12 23:40:24 - [MESSAGE][PASSED] - Object: 'Object Repository/Page_PublicPortal/li_Training Eligibility' is clicked on

2022-07-12 23:40:24 - [TEST_STEP][PASSED] - click(findTestObject("Object Repository/Page_PublicPortal/li_CPO Approved Courses")): Object: 'Object Repository/Page_PublicPortal/li_CPO Approved Courses' is clicked on

2022-07-12 23:40:25 - [MESSAGE][PASSED] - Object: 'Object Repository/Page_PublicPortal/li_CPO Approved Courses' is clicked on

2022-07-12 23:40:25 - [TEST_STEP][PASSED] - verifyElementText(findTestObject("Object Repository/Page_PublicPortal/li_CPO Approved Courses"), "CPO Approved Courses"): Actual text and expected text of test object 'Object Repository/Page_PublicPortal/li_CPO Approved Courses' are matched.

2022-07-12 23:40:25 - [MESSAGE][PASSED] - Actual text and expected text of test object 'Object Repository/Page_PublicPortal/li_CPO Approved Courses' are matched.

2022-07-12 23:40:25 - [TEST_STEP][PASSED] - closeBrowser(): Browser is closed

2022-07-12 23:40:26 - [MESSAGE][PASSED] - Browser is closed]]></system-out>
         <system-err><![CDATA[]]></system-err>
      </testcase>
      <testcase name="Test Cases/102_Step 2 Training Provider Attestation - Provider Tab Sidebar" time="9.269" classname="Test Cases/102_Step 2 Training Provider Attestation - Provider Tab Sidebar" status="PASSED">
         <system-out><![CDATA[2022-07-12 23:40:26 - [TEST_CASE][PASSED] - Test Cases/102_Step 2 Training Provider Attestation - Provider Tab Sidebar: Test Cases/102_Step 2 Training Provider Attestation - Provider Tab Sidebar

2022-07-12 23:40:27 - [TEST_STEP][PASSED] - openBrowser(""): Browser is opened with url: ''

2022-07-12 23:40:27 - [MESSAGE][INFO] - Starting 'Chrome' driver

2022-07-12 23:40:27 - [MESSAGE][INFO] - Action delay is set to 0 milliseconds

2022-07-12 23:40:29 - [MESSAGE][PASSED] - Browser is opened with url: ''

2022-07-12 23:40:29 - [TEST_STEP][PASSED] - maximizeWindow(): Current window maximized

2022-07-12 23:40:29 - [MESSAGE][PASSED] - Current window maximized

2022-07-12 23:40:29 - [TEST_STEP][PASSED] - navigateToUrl("https://intra.stage.apps.labour.gov.on.ca/public-portal-qa/#/marketplace/course-search"): Navigate to 'https://intra.stage.apps.labour.gov.on.ca/public-portal-qa/#/marketplace/course-search' successfully

2022-07-12 23:40:31 - [MESSAGE][PASSED] - Navigate to 'https://intra.stage.apps.labour.gov.on.ca/public-portal-qa/#/marketplace/course-search' successfully

2022-07-12 23:40:31 - [TEST_STEP][PASSED] - verifyElementPresent(findTestObject("Object Repository/Page_PublicPortal/li_CPO Approved Courses"), 0): Object 'Object Repository/Page_PublicPortal/li_CPO Approved Courses' is present

2022-07-12 23:40:32 - [MESSAGE][WARNING] - Timeout '0' is invalid. Using default page load timeout: '30'

2022-07-12 23:40:33 - [MESSAGE][PASSED] - Object 'Object Repository/Page_PublicPortal/li_CPO Approved Courses' is present

2022-07-12 23:40:33 - [TEST_STEP][PASSED] - verifyElementClickable(findTestObject("Object Repository/Page_PublicPortal/li_CPO Approved Courses")): Object 'Object Repository/Page_PublicPortal/li_CPO Approved Courses' is clickable

2022-07-12 23:40:33 - [MESSAGE][PASSED] - Object 'Object Repository/Page_PublicPortal/li_CPO Approved Courses' is clickable

2022-07-12 23:40:33 - [TEST_STEP][PASSED] - click(findTestObject("Object Repository/Page_PublicPortal/li_Training Eligibility")): Object: 'Object Repository/Page_PublicPortal/li_Training Eligibility' is clicked on

2022-07-12 23:40:34 - [MESSAGE][PASSED] - Object: 'Object Repository/Page_PublicPortal/li_Training Eligibility' is clicked on

2022-07-12 23:40:34 - [TEST_STEP][PASSED] - click(findTestObject("Object Repository/Page_PublicPortal/li_CPO Approved Courses")): Object: 'Object Repository/Page_PublicPortal/li_CPO Approved Courses' is clicked on

2022-07-12 23:40:34 - [MESSAGE][PASSED] - Object: 'Object Repository/Page_PublicPortal/li_CPO Approved Courses' is clicked on

2022-07-12 23:40:34 - [TEST_STEP][PASSED] - verifyElementText(findTestObject("Object Repository/Page_PublicPortal/li_CPO Approved Courses"), "CPO Approved Courses"): Actual text and expected text of test object 'Object Repository/Page_PublicPortal/li_CPO Approved Courses' are matched.

2022-07-12 23:40:35 - [MESSAGE][PASSED] - Actual text and expected text of test object 'Object Repository/Page_PublicPortal/li_CPO Approved Courses' are matched.

2022-07-12 23:40:35 - [TEST_STEP][PASSED] - closeBrowser(): Browser is closed

2022-07-12 23:40:36 - [MESSAGE][PASSED] - Browser is closed]]></system-out>
         <system-err><![CDATA[]]></system-err>
      </testcase>
      <testcase name="Test Cases/103_Step 2 Training Provider Attestation - Program Tab" time="9.958" classname="Test Cases/103_Step 2 Training Provider Attestation - Program Tab" status="PASSED">
         <system-out><![CDATA[2022-07-12 23:40:36 - [TEST_CASE][PASSED] - Test Cases/103_Step 2 Training Provider Attestation - Program Tab: Test Cases/103_Step 2 Training Provider Attestation - Program Tab

2022-07-12 23:40:37 - [TEST_STEP][PASSED] - openBrowser(""): Browser is opened with url: ''

2022-07-12 23:40:37 - [MESSAGE][INFO] - Starting 'Chrome' driver

2022-07-12 23:40:37 - [MESSAGE][INFO] - Action delay is set to 0 milliseconds

2022-07-12 23:40:39 - [MESSAGE][PASSED] - Browser is opened with url: ''

2022-07-12 23:40:39 - [TEST_STEP][PASSED] - maximizeWindow(): Current window maximized

2022-07-12 23:40:39 - [MESSAGE][PASSED] - Current window maximized

2022-07-12 23:40:39 - [TEST_STEP][PASSED] - navigateToUrl("https://intra.stage.apps.labour.gov.on.ca/public-portal-qa/#/marketplace/course-search"): Navigate to 'https://intra.stage.apps.labour.gov.on.ca/public-portal-qa/#/marketplace/course-search' successfully

2022-07-12 23:40:42 - [MESSAGE][PASSED] - Navigate to 'https://intra.stage.apps.labour.gov.on.ca/public-portal-qa/#/marketplace/course-search' successfully

2022-07-12 23:40:42 - [TEST_STEP][PASSED] - verifyElementPresent(findTestObject("Object Repository/Page_PublicPortal/li_CPO Approved Courses"), 0): Object 'Object Repository/Page_PublicPortal/li_CPO Approved Courses' is present

2022-07-12 23:40:42 - [MESSAGE][WARNING] - Timeout '0' is invalid. Using default page load timeout: '30'

2022-07-12 23:40:43 - [MESSAGE][PASSED] - Object 'Object Repository/Page_PublicPortal/li_CPO Approved Courses' is present

2022-07-12 23:40:43 - [TEST_STEP][PASSED] - verifyElementClickable(findTestObject("Object Repository/Page_PublicPortal/li_CPO Approved Courses")): Object 'Object Repository/Page_PublicPortal/li_CPO Approved Courses' is clickable

2022-07-12 23:40:43 - [MESSAGE][PASSED] - Object 'Object Repository/Page_PublicPortal/li_CPO Approved Courses' is clickable

2022-07-12 23:40:43 - [TEST_STEP][PASSED] - click(findTestObject("Object Repository/Page_PublicPortal/li_Training Eligibility")): Object: 'Object Repository/Page_PublicPortal/li_Training Eligibility' is clicked on

2022-07-12 23:40:44 - [MESSAGE][PASSED] - Object: 'Object Repository/Page_PublicPortal/li_Training Eligibility' is clicked on

2022-07-12 23:40:44 - [TEST_STEP][PASSED] - click(findTestObject("Object Repository/Page_PublicPortal/li_CPO Approved Courses")): Object: 'Object Repository/Page_PublicPortal/li_CPO Approved Courses' is clicked on

2022-07-12 23:40:44 - [MESSAGE][PASSED] - Object: 'Object Repository/Page_PublicPortal/li_CPO Approved Courses' is clicked on

2022-07-12 23:40:44 - [TEST_STEP][PASSED] - verifyElementText(findTestObject("Object Repository/Page_PublicPortal/li_CPO Approved Courses"), "CPO Approved Courses"): Actual text and expected text of test object 'Object Repository/Page_PublicPortal/li_CPO Approved Courses' are matched.

2022-07-12 23:40:45 - [MESSAGE][PASSED] - Actual text and expected text of test object 'Object Repository/Page_PublicPortal/li_CPO Approved Courses' are matched.

2022-07-12 23:40:45 - [TEST_STEP][PASSED] - closeBrowser(): Browser is closed

2022-07-12 23:40:46 - [MESSAGE][PASSED] - Browser is closed]]></system-out>
         <system-err><![CDATA[]]></system-err>
      </testcase>
      <testcase name="Test Cases/104_Step 2 Training Provider Attestation - Program Tab Sidebar" time="0.998" classname="Test Cases/104_Step 2 Training Provider Attestation - Program Tab Sidebar" status="PASSED">
         <system-out><![CDATA[2022-07-12 23:40:46 - [TEST_CASE][PASSED] - Test Cases/104_Step 2 Training Provider Attestation - Program Tab Sidebar: Test Cases/104_Step 2 Training Provider Attestation - Program Tab Sidebar

2022-07-12 23:40:47 - [TEST_STEP][PASSED] - return null: null]]></system-out>
         <system-err><![CDATA[]]></system-err>
      </testcase>
      <testcase name="Test Cases/105_Step 3 Training Program Materials Section" time="9.246" classname="Test Cases/105_Step 3 Training Program Materials Section" status="PASSED">
         <system-out><![CDATA[2022-07-12 23:40:47 - [TEST_CASE][PASSED] - Test Cases/105_Step 3 Training Program Materials Section: Test Cases/105_Step 3 Training Program Materials Section

2022-07-12 23:40:48 - [TEST_STEP][PASSED] - openBrowser(""): Browser is opened with url: ''

2022-07-12 23:40:48 - [MESSAGE][INFO] - Starting 'Chrome' driver

2022-07-12 23:40:48 - [MESSAGE][INFO] - Action delay is set to 0 milliseconds

2022-07-12 23:40:49 - [MESSAGE][PASSED] - Browser is opened with url: ''

2022-07-12 23:40:49 - [TEST_STEP][PASSED] - maximizeWindow(): Current window maximized

2022-07-12 23:40:49 - [MESSAGE][PASSED] - Current window maximized

2022-07-12 23:40:49 - [TEST_STEP][PASSED] - navigateToUrl("https://intra.stage.apps.labour.gov.on.ca/public-portal-qa/#/marketplace/course-search"): Navigate to 'https://intra.stage.apps.labour.gov.on.ca/public-portal-qa/#/marketplace/course-search' successfully

2022-07-12 23:40:52 - [MESSAGE][PASSED] - Navigate to 'https://intra.stage.apps.labour.gov.on.ca/public-portal-qa/#/marketplace/course-search' successfully

2022-07-12 23:40:52 - [TEST_STEP][PASSED] - verifyElementPresent(findTestObject("Object Repository/Page_PublicPortal/li_CPO Approved Courses"), 0): Object 'Object Repository/Page_PublicPortal/li_CPO Approved Courses' is present

2022-07-12 23:40:52 - [MESSAGE][WARNING] - Timeout '0' is invalid. Using default page load timeout: '30'

2022-07-12 23:40:52 - [MESSAGE][PASSED] - Object 'Object Repository/Page_PublicPortal/li_CPO Approved Courses' is present

2022-07-12 23:40:52 - [TEST_STEP][PASSED] - verifyElementClickable(findTestObject("Object Repository/Page_PublicPortal/li_CPO Approved Courses")): Object 'Object Repository/Page_PublicPortal/li_CPO Approved Courses' is clickable

2022-07-12 23:40:53 - [MESSAGE][PASSED] - Object 'Object Repository/Page_PublicPortal/li_CPO Approved Courses' is clickable

2022-07-12 23:40:53 - [TEST_STEP][PASSED] - click(findTestObject("Object Repository/Page_PublicPortal/li_Training Eligibility")): Object: 'Object Repository/Page_PublicPortal/li_Training Eligibility' is clicked on

2022-07-12 23:40:54 - [MESSAGE][PASSED] - Object: 'Object Repository/Page_PublicPortal/li_Training Eligibility' is clicked on

2022-07-12 23:40:54 - [TEST_STEP][PASSED] - click(findTestObject("Object Repository/Page_PublicPortal/li_CPO Approved Courses")): Object: 'Object Repository/Page_PublicPortal/li_CPO Approved Courses' is clicked on

2022-07-12 23:40:54 - [MESSAGE][PASSED] - Object: 'Object Repository/Page_PublicPortal/li_CPO Approved Courses' is clicked on

2022-07-12 23:40:54 - [TEST_STEP][PASSED] - verifyElementText(findTestObject("Object Repository/Page_PublicPortal/li_CPO Approved Courses"), "CPO Approved Courses"): Actual text and expected text of test object 'Object Repository/Page_PublicPortal/li_CPO Approved Courses' are matched.

2022-07-12 23:40:55 - [MESSAGE][PASSED] - Actual text and expected text of test object 'Object Repository/Page_PublicPortal/li_CPO Approved Courses' are matched.

2022-07-12 23:40:55 - [TEST_STEP][PASSED] - closeBrowser(): Browser is closed

2022-07-12 23:40:56 - [MESSAGE][PASSED] - Browser is closed]]></system-out>
         <system-err><![CDATA[]]></system-err>
      </testcase>
      <testcase name="Test Cases/106_TP Dashboard Main Page" time="10.048" classname="Test Cases/106_TP Dashboard Main Page" status="PASSED">
         <system-out><![CDATA[2022-07-12 23:40:56 - [TEST_CASE][PASSED] - Test Cases/106_TP Dashboard Main Page: Test Cases/106_TP Dashboard Main Page

2022-07-12 23:40:57 - [TEST_STEP][PASSED] - openBrowser(""): Browser is opened with url: ''

2022-07-12 23:40:57 - [MESSAGE][INFO] - Starting 'Chrome' driver

2022-07-12 23:40:57 - [MESSAGE][INFO] - Action delay is set to 0 milliseconds

2022-07-12 23:40:59 - [MESSAGE][PASSED] - Browser is opened with url: ''

2022-07-12 23:40:59 - [TEST_STEP][PASSED] - maximizeWindow(): Current window maximized

2022-07-12 23:40:59 - [MESSAGE][PASSED] - Current window maximized

2022-07-12 23:40:59 - [TEST_STEP][PASSED] - navigateToUrl("https://intra.stage.apps.labour.gov.on.ca/public-portal-qa/#/marketplace/course-search"): Navigate to 'https://intra.stage.apps.labour.gov.on.ca/public-portal-qa/#/marketplace/course-search' successfully

2022-07-12 23:41:02 - [MESSAGE][PASSED] - Navigate to 'https://intra.stage.apps.labour.gov.on.ca/public-portal-qa/#/marketplace/course-search' successfully

2022-07-12 23:41:02 - [TEST_STEP][PASSED] - verifyElementPresent(findTestObject("Object Repository/Page_PublicPortal/li_CPO Approved Courses"), 0): Object 'Object Repository/Page_PublicPortal/li_CPO Approved Courses' is present

2022-07-12 23:41:02 - [MESSAGE][WARNING] - Timeout '0' is invalid. Using default page load timeout: '30'

2022-07-12 23:41:03 - [MESSAGE][PASSED] - Object 'Object Repository/Page_PublicPortal/li_CPO Approved Courses' is present

2022-07-12 23:41:03 - [TEST_STEP][PASSED] - verifyElementClickable(findTestObject("Object Repository/Page_PublicPortal/li_CPO Approved Courses")): Object 'Object Repository/Page_PublicPortal/li_CPO Approved Courses' is clickable

2022-07-12 23:41:03 - [MESSAGE][PASSED] - Object 'Object Repository/Page_PublicPortal/li_CPO Approved Courses' is clickable

2022-07-12 23:41:03 - [TEST_STEP][PASSED] - click(findTestObject("Object Repository/Page_PublicPortal/li_Training Eligibility")): Object: 'Object Repository/Page_PublicPortal/li_Training Eligibility' is clicked on

2022-07-12 23:41:04 - [MESSAGE][PASSED] - Object: 'Object Repository/Page_PublicPortal/li_Training Eligibility' is clicked on

2022-07-12 23:41:04 - [TEST_STEP][PASSED] - click(findTestObject("Object Repository/Page_PublicPortal/li_CPO Approved Courses")): Object: 'Object Repository/Page_PublicPortal/li_CPO Approved Courses' is clicked on

2022-07-12 23:41:05 - [MESSAGE][PASSED] - Object: 'Object Repository/Page_PublicPortal/li_CPO Approved Courses' is clicked on

2022-07-12 23:41:05 - [TEST_STEP][PASSED] - verifyElementText(findTestObject("Object Repository/Page_PublicPortal/li_CPO Approved Courses"), "CPO Approved Courses"): Actual text and expected text of test object 'Object Repository/Page_PublicPortal/li_CPO Approved Courses' are matched.

2022-07-12 23:41:05 - [MESSAGE][PASSED] - Actual text and expected text of test object 'Object Repository/Page_PublicPortal/li_CPO Approved Courses' are matched.

2022-07-12 23:41:05 - [TEST_STEP][PASSED] - closeBrowser(): Browser is closed

2022-07-12 23:41:06 - [MESSAGE][PASSED] - Browser is closed]]></system-out>
         <system-err><![CDATA[]]></system-err>
      </testcase>
      <testcase name="Test Cases/107_TP Dashboard Main Page - CPO Approved Programs Sidebar" time="8.343" classname="Test Cases/107_TP Dashboard Main Page - CPO Approved Programs Sidebar" status="PASSED">
         <system-out><![CDATA[2022-07-12 23:41:06 - [TEST_CASE][PASSED] - Test Cases/107_TP Dashboard Main Page - CPO Approved Programs Sidebar: Test Cases/107_TP Dashboard Main Page - CPO Approved Programs Sidebar

2022-07-12 23:41:07 - [TEST_STEP][PASSED] - openBrowser(""): Browser is opened with url: ''

2022-07-12 23:41:07 - [MESSAGE][INFO] - Starting 'Chrome' driver

2022-07-12 23:41:07 - [MESSAGE][INFO] - Action delay is set to 0 milliseconds

2022-07-12 23:41:08 - [MESSAGE][PASSED] - Browser is opened with url: ''

2022-07-12 23:41:08 - [TEST_STEP][PASSED] - maximizeWindow(): Current window maximized

2022-07-12 23:41:08 - [MESSAGE][PASSED] - Current window maximized

2022-07-12 23:41:08 - [TEST_STEP][PASSED] - navigateToUrl("https://intra.stage.apps.labour.gov.on.ca/public-portal-qa/#/marketplace/course-search"): Navigate to 'https://intra.stage.apps.labour.gov.on.ca/public-portal-qa/#/marketplace/course-search' successfully

2022-07-12 23:41:10 - [MESSAGE][PASSED] - Navigate to 'https://intra.stage.apps.labour.gov.on.ca/public-portal-qa/#/marketplace/course-search' successfully

2022-07-12 23:41:10 - [TEST_STEP][PASSED] - verifyElementPresent(findTestObject("Object Repository/Page_PublicPortal/li_CPO Approved Courses"), 0): Object 'Object Repository/Page_PublicPortal/li_CPO Approved Courses' is present

2022-07-12 23:41:10 - [MESSAGE][WARNING] - Timeout '0' is invalid. Using default page load timeout: '30'

2022-07-12 23:41:11 - [MESSAGE][PASSED] - Object 'Object Repository/Page_PublicPortal/li_CPO Approved Courses' is present

2022-07-12 23:41:11 - [TEST_STEP][PASSED] - verifyElementClickable(findTestObject("Object Repository/Page_PublicPortal/li_CPO Approved Courses")): Object 'Object Repository/Page_PublicPortal/li_CPO Approved Courses' is clickable

2022-07-12 23:41:12 - [MESSAGE][PASSED] - Object 'Object Repository/Page_PublicPortal/li_CPO Approved Courses' is clickable

2022-07-12 23:41:12 - [TEST_STEP][PASSED] - click(findTestObject("Object Repository/Page_PublicPortal/li_Training Eligibility")): Object: 'Object Repository/Page_PublicPortal/li_Training Eligibility' is clicked on

2022-07-12 23:41:12 - [MESSAGE][PASSED] - Object: 'Object Repository/Page_PublicPortal/li_Training Eligibility' is clicked on

2022-07-12 23:41:12 - [TEST_STEP][PASSED] - click(findTestObject("Object Repository/Page_PublicPortal/li_CPO Approved Courses")): Object: 'Object Repository/Page_PublicPortal/li_CPO Approved Courses' is clicked on

2022-07-12 23:41:13 - [MESSAGE][PASSED] - Object: 'Object Repository/Page_PublicPortal/li_CPO Approved Courses' is clicked on

2022-07-12 23:41:13 - [TEST_STEP][PASSED] - verifyElementText(findTestObject("Object Repository/Page_PublicPortal/li_CPO Approved Courses"), "CPO Approved Courses"): Actual text and expected text of test object 'Object Repository/Page_PublicPortal/li_CPO Approved Courses' are matched.

2022-07-12 23:41:13 - [MESSAGE][PASSED] - Actual text and expected text of test object 'Object Repository/Page_PublicPortal/li_CPO Approved Courses' are matched.

2022-07-12 23:41:13 - [TEST_STEP][PASSED] - closeBrowser(): Browser is closed

2022-07-12 23:41:14 - [MESSAGE][PASSED] - Browser is closed]]></system-out>
         <system-err><![CDATA[]]></system-err>
      </testcase>
      <testcase name="Test Cases/108_TP Dashboard Main Page - Training Programs Table" time="7.791" classname="Test Cases/108_TP Dashboard Main Page - Training Programs Table" status="PASSED">
         <system-out><![CDATA[2022-07-12 23:41:14 - [TEST_CASE][PASSED] - Test Cases/108_TP Dashboard Main Page - Training Programs Table: Test Cases/108_TP Dashboard Main Page - Training Programs Table

2022-07-12 23:41:15 - [TEST_STEP][PASSED] - openBrowser(""): Browser is opened with url: ''

2022-07-12 23:41:15 - [MESSAGE][INFO] - Starting 'Chrome' driver

2022-07-12 23:41:15 - [MESSAGE][INFO] - Action delay is set to 0 milliseconds

2022-07-12 23:41:16 - [MESSAGE][PASSED] - Browser is opened with url: ''

2022-07-12 23:41:16 - [TEST_STEP][PASSED] - maximizeWindow(): Current window maximized

2022-07-12 23:41:17 - [MESSAGE][PASSED] - Current window maximized

2022-07-12 23:41:17 - [TEST_STEP][PASSED] - navigateToUrl("https://intra.stage.apps.labour.gov.on.ca/public-portal-qa/#/marketplace/course-search"): Navigate to 'https://intra.stage.apps.labour.gov.on.ca/public-portal-qa/#/marketplace/course-search' successfully

2022-07-12 23:41:18 - [MESSAGE][PASSED] - Navigate to 'https://intra.stage.apps.labour.gov.on.ca/public-portal-qa/#/marketplace/course-search' successfully

2022-07-12 23:41:18 - [TEST_STEP][PASSED] - verifyElementPresent(findTestObject("Object Repository/Page_PublicPortal/li_CPO Approved Courses"), 0): Object 'Object Repository/Page_PublicPortal/li_CPO Approved Courses' is present

2022-07-12 23:41:18 - [MESSAGE][WARNING] - Timeout '0' is invalid. Using default page load timeout: '30'

2022-07-12 23:41:19 - [MESSAGE][PASSED] - Object 'Object Repository/Page_PublicPortal/li_CPO Approved Courses' is present

2022-07-12 23:41:19 - [TEST_STEP][PASSED] - verifyElementClickable(findTestObject("Object Repository/Page_PublicPortal/li_CPO Approved Courses")): Object 'Object Repository/Page_PublicPortal/li_CPO Approved Courses' is clickable

2022-07-12 23:41:20 - [MESSAGE][PASSED] - Object 'Object Repository/Page_PublicPortal/li_CPO Approved Courses' is clickable

2022-07-12 23:41:20 - [TEST_STEP][PASSED] - click(findTestObject("Object Repository/Page_PublicPortal/li_Training Eligibility")): Object: 'Object Repository/Page_PublicPortal/li_Training Eligibility' is clicked on

2022-07-12 23:41:20 - [MESSAGE][PASSED] - Object: 'Object Repository/Page_PublicPortal/li_Training Eligibility' is clicked on

2022-07-12 23:41:20 - [TEST_STEP][PASSED] - click(findTestObject("Object Repository/Page_PublicPortal/li_CPO Approved Courses")): Object: 'Object Repository/Page_PublicPortal/li_CPO Approved Courses' is clicked on

2022-07-12 23:41:21 - [MESSAGE][PASSED] - Object: 'Object Repository/Page_PublicPortal/li_CPO Approved Courses' is clicked on

2022-07-12 23:41:21 - [TEST_STEP][PASSED] - verifyElementText(findTestObject("Object Repository/Page_PublicPortal/li_CPO Approved Courses"), "CPO Approved Courses"): Actual text and expected text of test object 'Object Repository/Page_PublicPortal/li_CPO Approved Courses' are matched.

2022-07-12 23:41:21 - [MESSAGE][PASSED] - Actual text and expected text of test object 'Object Repository/Page_PublicPortal/li_CPO Approved Courses' are matched.

2022-07-12 23:41:21 - [TEST_STEP][PASSED] - closeBrowser(): Browser is closed

2022-07-12 23:41:22 - [MESSAGE][PASSED] - Browser is closed]]></system-out>
         <system-err><![CDATA[]]></system-err>
      </testcase>
      <testcase name="Test Cases/109_Step 1 Enter Application Information Section" time="7.765" classname="Test Cases/109_Step 1 Enter Application Information Section" status="PASSED">
         <system-out><![CDATA[2022-07-12 23:41:22 - [TEST_CASE][PASSED] - Test Cases/109_Step 1 Enter Application Information Section: Test Cases/109_Step 1 Enter Application Information Section

2022-07-12 23:41:23 - [TEST_STEP][PASSED] - openBrowser(""): Browser is opened with url: ''

2022-07-12 23:41:23 - [MESSAGE][INFO] - Starting 'Chrome' driver

2022-07-12 23:41:23 - [MESSAGE][INFO] - Action delay is set to 0 milliseconds

2022-07-12 23:41:24 - [MESSAGE][PASSED] - Browser is opened with url: ''

2022-07-12 23:41:24 - [TEST_STEP][PASSED] - maximizeWindow(): Current window maximized

2022-07-12 23:41:25 - [MESSAGE][PASSED] - Current window maximized

2022-07-12 23:41:25 - [TEST_STEP][PASSED] - navigateToUrl("https://intra.stage.apps.labour.gov.on.ca/public-portal-qa/#/marketplace/course-search"): Navigate to 'https://intra.stage.apps.labour.gov.on.ca/public-portal-qa/#/marketplace/course-search' successfully

2022-07-12 23:41:26 - [MESSAGE][PASSED] - Navigate to 'https://intra.stage.apps.labour.gov.on.ca/public-portal-qa/#/marketplace/course-search' successfully

2022-07-12 23:41:26 - [TEST_STEP][PASSED] - verifyElementPresent(findTestObject("Object Repository/Page_PublicPortal/li_CPO Approved Courses"), 0): Object 'Object Repository/Page_PublicPortal/li_CPO Approved Courses' is present

2022-07-12 23:41:26 - [MESSAGE][WARNING] - Timeout '0' is invalid. Using default page load timeout: '30'

2022-07-12 23:41:27 - [MESSAGE][PASSED] - Object 'Object Repository/Page_PublicPortal/li_CPO Approved Courses' is present

2022-07-12 23:41:27 - [TEST_STEP][PASSED] - verifyElementClickable(findTestObject("Object Repository/Page_PublicPortal/li_CPO Approved Courses")): Object 'Object Repository/Page_PublicPortal/li_CPO Approved Courses' is clickable

2022-07-12 23:41:27 - [MESSAGE][PASSED] - Object 'Object Repository/Page_PublicPortal/li_CPO Approved Courses' is clickable

2022-07-12 23:41:27 - [TEST_STEP][PASSED] - click(findTestObject("Object Repository/Page_PublicPortal/li_Training Eligibility")): Object: 'Object Repository/Page_PublicPortal/li_Training Eligibility' is clicked on

2022-07-12 23:41:28 - [MESSAGE][PASSED] - Object: 'Object Repository/Page_PublicPortal/li_Training Eligibility' is clicked on

2022-07-12 23:41:28 - [TEST_STEP][PASSED] - click(findTestObject("Object Repository/Page_PublicPortal/li_CPO Approved Courses")): Object: 'Object Repository/Page_PublicPortal/li_CPO Approved Courses' is clicked on

2022-07-12 23:41:29 - [MESSAGE][PASSED] - Object: 'Object Repository/Page_PublicPortal/li_CPO Approved Courses' is clicked on

2022-07-12 23:41:29 - [TEST_STEP][PASSED] - verifyElementText(findTestObject("Object Repository/Page_PublicPortal/li_CPO Approved Courses"), "CPO Approved Courses"): Actual text and expected text of test object 'Object Repository/Page_PublicPortal/li_CPO Approved Courses' are matched.

2022-07-12 23:41:29 - [MESSAGE][PASSED] - Actual text and expected text of test object 'Object Repository/Page_PublicPortal/li_CPO Approved Courses' are matched.

2022-07-12 23:41:29 - [TEST_STEP][PASSED] - closeBrowser(): Browser is closed

2022-07-12 23:41:30 - [MESSAGE][PASSED] - Browser is closed]]></system-out>
         <system-err><![CDATA[]]></system-err>
      </testcase>
      <testcase name="Test Cases/110_Step 1 Applicant Business Information Section" time="7.883" classname="Test Cases/110_Step 1 Applicant Business Information Section" status="PASSED">
         <system-out><![CDATA[2022-07-12 23:41:30 - [TEST_CASE][PASSED] - Test Cases/110_Step 1 Applicant Business Information Section: Test Cases/110_Step 1 Applicant Business Information Section

2022-07-12 23:41:31 - [TEST_STEP][PASSED] - openBrowser(""): Browser is opened with url: ''

2022-07-12 23:41:31 - [MESSAGE][INFO] - Starting 'Chrome' driver

2022-07-12 23:41:31 - [MESSAGE][INFO] - Action delay is set to 0 milliseconds

2022-07-12 23:41:32 - [MESSAGE][PASSED] - Browser is opened with url: ''

2022-07-12 23:41:32 - [TEST_STEP][PASSED] - maximizeWindow(): Current window maximized

2022-07-12 23:41:32 - [MESSAGE][PASSED] - Current window maximized

2022-07-12 23:41:32 - [TEST_STEP][PASSED] - navigateToUrl("https://intra.stage.apps.labour.gov.on.ca/public-portal-qa/#/marketplace/course-search"): Navigate to 'https://intra.stage.apps.labour.gov.on.ca/public-portal-qa/#/marketplace/course-search' successfully

2022-07-12 23:41:34 - [MESSAGE][PASSED] - Navigate to 'https://intra.stage.apps.labour.gov.on.ca/public-portal-qa/#/marketplace/course-search' successfully

2022-07-12 23:41:34 - [TEST_STEP][PASSED] - verifyElementPresent(findTestObject("Object Repository/Page_PublicPortal/li_CPO Approved Courses"), 0): Object 'Object Repository/Page_PublicPortal/li_CPO Approved Courses' is present

2022-07-12 23:41:34 - [MESSAGE][WARNING] - Timeout '0' is invalid. Using default page load timeout: '30'

2022-07-12 23:41:35 - [MESSAGE][PASSED] - Object 'Object Repository/Page_PublicPortal/li_CPO Approved Courses' is present

2022-07-12 23:41:35 - [TEST_STEP][PASSED] - verifyElementClickable(findTestObject("Object Repository/Page_PublicPortal/li_CPO Approved Courses")): Object 'Object Repository/Page_PublicPortal/li_CPO Approved Courses' is clickable

2022-07-12 23:41:35 - [MESSAGE][PASSED] - Object 'Object Repository/Page_PublicPortal/li_CPO Approved Courses' is clickable

2022-07-12 23:41:35 - [TEST_STEP][PASSED] - click(findTestObject("Object Repository/Page_PublicPortal/li_Training Eligibility")): Object: 'Object Repository/Page_PublicPortal/li_Training Eligibility' is clicked on

2022-07-12 23:41:36 - [MESSAGE][PASSED] - Object: 'Object Repository/Page_PublicPortal/li_Training Eligibility' is clicked on

2022-07-12 23:41:36 - [TEST_STEP][PASSED] - click(findTestObject("Object Repository/Page_PublicPortal/li_CPO Approved Courses")): Object: 'Object Repository/Page_PublicPortal/li_CPO Approved Courses' is clicked on

2022-07-12 23:41:36 - [MESSAGE][PASSED] - Object: 'Object Repository/Page_PublicPortal/li_CPO Approved Courses' is clicked on

2022-07-12 23:41:36 - [TEST_STEP][PASSED] - verifyElementText(findTestObject("Object Repository/Page_PublicPortal/li_CPO Approved Courses"), "CPO Approved Courses"): Actual text and expected text of test object 'Object Repository/Page_PublicPortal/li_CPO Approved Courses' are matched.

2022-07-12 23:41:37 - [MESSAGE][PASSED] - Actual text and expected text of test object 'Object Repository/Page_PublicPortal/li_CPO Approved Courses' are matched.

2022-07-12 23:41:37 - [TEST_STEP][PASSED] - closeBrowser(): Browser is closed

2022-07-12 23:41:38 - [MESSAGE][PASSED] - Browser is closed]]></system-out>
         <system-err><![CDATA[]]></system-err>
      </testcase>
      <testcase name="Test Cases/111_Step 1 Business Address" time="7.841" classname="Test Cases/111_Step 1 Business Address" status="PASSED">
         <system-out><![CDATA[2022-07-12 23:41:38 - [TEST_CASE][PASSED] - Test Cases/111_Step 1 Business Address: Test Cases/111_Step 1 Business Address

2022-07-12 23:41:39 - [TEST_STEP][PASSED] - openBrowser(""): Browser is opened with url: ''

2022-07-12 23:41:39 - [MESSAGE][INFO] - Starting 'Chrome' driver

2022-07-12 23:41:39 - [MESSAGE][INFO] - Action delay is set to 0 milliseconds

2022-07-12 23:41:40 - [MESSAGE][PASSED] - Browser is opened with url: ''

2022-07-12 23:41:40 - [TEST_STEP][PASSED] - maximizeWindow(): Current window maximized

2022-07-12 23:41:40 - [MESSAGE][PASSED] - Current window maximized

2022-07-12 23:41:40 - [TEST_STEP][PASSED] - navigateToUrl("https://intra.stage.apps.labour.gov.on.ca/public-portal-qa/#/marketplace/course-search"): Navigate to 'https://intra.stage.apps.labour.gov.on.ca/public-portal-qa/#/marketplace/course-search' successfully

2022-07-12 23:41:42 - [MESSAGE][PASSED] - Navigate to 'https://intra.stage.apps.labour.gov.on.ca/public-portal-qa/#/marketplace/course-search' successfully

2022-07-12 23:41:42 - [TEST_STEP][PASSED] - verifyElementPresent(findTestObject("Object Repository/Page_PublicPortal/li_CPO Approved Courses"), 0): Object 'Object Repository/Page_PublicPortal/li_CPO Approved Courses' is present

2022-07-12 23:41:42 - [MESSAGE][WARNING] - Timeout '0' is invalid. Using default page load timeout: '30'

2022-07-12 23:41:43 - [MESSAGE][PASSED] - Object 'Object Repository/Page_PublicPortal/li_CPO Approved Courses' is present

2022-07-12 23:41:43 - [TEST_STEP][PASSED] - verifyElementClickable(findTestObject("Object Repository/Page_PublicPortal/li_CPO Approved Courses")): Object 'Object Repository/Page_PublicPortal/li_CPO Approved Courses' is clickable

2022-07-12 23:41:43 - [MESSAGE][PASSED] - Object 'Object Repository/Page_PublicPortal/li_CPO Approved Courses' is clickable

2022-07-12 23:41:43 - [TEST_STEP][PASSED] - click(findTestObject("Object Repository/Page_PublicPortal/li_Training Eligibility")): Object: 'Object Repository/Page_PublicPortal/li_Training Eligibility' is clicked on

2022-07-12 23:41:44 - [MESSAGE][PASSED] - Object: 'Object Repository/Page_PublicPortal/li_Training Eligibility' is clicked on

2022-07-12 23:41:44 - [TEST_STEP][PASSED] - click(findTestObject("Object Repository/Page_PublicPortal/li_CPO Approved Courses")): Object: 'Object Repository/Page_PublicPortal/li_CPO Approved Courses' is clicked on

2022-07-12 23:41:44 - [MESSAGE][PASSED] - Object: 'Object Repository/Page_PublicPortal/li_CPO Approved Courses' is clicked on

2022-07-12 23:41:44 - [TEST_STEP][PASSED] - verifyElementText(findTestObject("Object Repository/Page_PublicPortal/li_CPO Approved Courses"), "CPO Approved Courses"): Actual text and expected text of test object 'Object Repository/Page_PublicPortal/li_CPO Approved Courses' are matched.

2022-07-12 23:41:45 - [MESSAGE][PASSED] - Actual text and expected text of test object 'Object Repository/Page_PublicPortal/li_CPO Approved Courses' are matched.

2022-07-12 23:41:45 - [TEST_STEP][PASSED] - closeBrowser(): Browser is closed

2022-07-12 23:41:46 - [MESSAGE][PASSED] - Browser is closed]]></system-out>
         <system-err><![CDATA[]]></system-err>
      </testcase>
      <testcase name="Test Cases/112_Step 1 Designated Signing Authority Section" time="8.134" classname="Test Cases/112_Step 1 Designated Signing Authority Section" status="PASSED">
         <system-out><![CDATA[2022-07-12 23:41:46 - [TEST_CASE][PASSED] - Test Cases/112_Step 1 Designated Signing Authority Section: Test Cases/112_Step 1 Designated Signing Authority Section

2022-07-12 23:41:47 - [TEST_STEP][PASSED] - openBrowser(""): Browser is opened with url: ''

2022-07-12 23:41:47 - [MESSAGE][INFO] - Starting 'Chrome' driver

2022-07-12 23:41:47 - [MESSAGE][INFO] - Action delay is set to 0 milliseconds

2022-07-12 23:41:48 - [MESSAGE][PASSED] - Browser is opened with url: ''

2022-07-12 23:41:48 - [TEST_STEP][PASSED] - maximizeWindow(): Current window maximized

2022-07-12 23:41:48 - [MESSAGE][PASSED] - Current window maximized

2022-07-12 23:41:48 - [TEST_STEP][PASSED] - navigateToUrl("https://intra.stage.apps.labour.gov.on.ca/public-portal-qa/#/marketplace/course-search"): Navigate to 'https://intra.stage.apps.labour.gov.on.ca/public-portal-qa/#/marketplace/course-search' successfully

2022-07-12 23:41:50 - [MESSAGE][PASSED] - Navigate to 'https://intra.stage.apps.labour.gov.on.ca/public-portal-qa/#/marketplace/course-search' successfully

2022-07-12 23:41:50 - [TEST_STEP][PASSED] - verifyElementPresent(findTestObject("Object Repository/Page_PublicPortal/li_CPO Approved Courses"), 0): Object 'Object Repository/Page_PublicPortal/li_CPO Approved Courses' is present

2022-07-12 23:41:50 - [MESSAGE][WARNING] - Timeout '0' is invalid. Using default page load timeout: '30'

2022-07-12 23:41:51 - [MESSAGE][PASSED] - Object 'Object Repository/Page_PublicPortal/li_CPO Approved Courses' is present

2022-07-12 23:41:51 - [TEST_STEP][PASSED] - verifyElementClickable(findTestObject("Object Repository/Page_PublicPortal/li_CPO Approved Courses")): Object 'Object Repository/Page_PublicPortal/li_CPO Approved Courses' is clickable

2022-07-12 23:41:51 - [MESSAGE][PASSED] - Object 'Object Repository/Page_PublicPortal/li_CPO Approved Courses' is clickable

2022-07-12 23:41:51 - [TEST_STEP][PASSED] - click(findTestObject("Object Repository/Page_PublicPortal/li_Training Eligibility")): Object: 'Object Repository/Page_PublicPortal/li_Training Eligibility' is clicked on

2022-07-12 23:41:52 - [MESSAGE][PASSED] - Object: 'Object Repository/Page_PublicPortal/li_Training Eligibility' is clicked on

2022-07-12 23:41:52 - [TEST_STEP][PASSED] - click(findTestObject("Object Repository/Page_PublicPortal/li_CPO Approved Courses")): Object: 'Object Repository/Page_PublicPortal/li_CPO Approved Courses' is clicked on

2022-07-12 23:41:52 - [MESSAGE][PASSED] - Object: 'Object Repository/Page_PublicPortal/li_CPO Approved Courses' is clicked on

2022-07-12 23:41:52 - [TEST_STEP][PASSED] - verifyElementText(findTestObject("Object Repository/Page_PublicPortal/li_CPO Approved Courses"), "CPO Approved Courses"): Actual text and expected text of test object 'Object Repository/Page_PublicPortal/li_CPO Approved Courses' are matched.

2022-07-12 23:41:53 - [MESSAGE][PASSED] - Actual text and expected text of test object 'Object Repository/Page_PublicPortal/li_CPO Approved Courses' are matched.

2022-07-12 23:41:53 - [TEST_STEP][PASSED] - closeBrowser(): Browser is closed

2022-07-12 23:41:54 - [MESSAGE][PASSED] - Browser is closed]]></system-out>
         <system-err><![CDATA[]]></system-err>
      </testcase>
      <system-out><![CDATA[2022-07-12 23:36:46 - [TEST_SUITE][PASSED] - Beta_5: Test Cases/112_Step 1 Designated Signing Authority Section]]></system-out>
      <system-err><![CDATA[]]></system-err>
   </testsuite>
</testsuites>
